###
### Using 'gcc' toolset.
###
rm -rf bootstrap
mkdir bootstrap
gcc -o bootstrap/jam0 command.c compile.c debug.c expand.c glob.c hash.c hdrmacro.c headers.c jam.c jambase.c jamgram.c lists.c make.c make1.c newstr.c option.c output.c parse.c pathunix.c pathvms.c regexp.c rules.c scan.c search.c subst.c timestamp.c variable.c modules.c strings.c filesys.c builtins.c pwd.c class.c native.c md5.c w32_getreg.c modules/set.c modules/path.c modules/regex.c modules/property-set.c modules/sequence.c modules/order.c execunix.c fileunix.c
expand.c: In function ‘var_expand’:
expand.c:85: warning: field precision should have type ‘int’, but argument 2 has type ‘long int’
./bootstrap/jam0 -f build.jam --toolset=gcc --toolset-root= clean
...found 1 target...
...updating 1 target...
[DELETE] clean
...updated 1 target...
./bootstrap/jam0 -f build.jam --toolset=gcc --toolset-root=
...found 48 targets...
...updating 1 target...
[COMPILE] bin.linuxx86_64/bjam
expand.c: In function ‘var_expand’:
expand.c:85: warning: field precision should have type ‘int’, but argument 2 has type ‘long int’
...updated 1 target...
