src/cairo-analysis-surface.c \
src/cairo-arc.c \
src/cairo-array.c \
src/cairo-atomic.c \
src/cairo-base64-stream.c \
src/cairo-base85-stream.c \
src/cairo-bentley-ottmann.c \
src/cairo-bentley-ottmann-rectangular.c \
src/cairo-bentley-ottmann-rectilinear.c \
src/cairo-botor-scan-converter.c \
src/cairo-boxes.c \
src/cairo-cache.c \
src/cairo-cff-subset.c \
src/cairo-clip.c \
src/cairo-color.c \
src/cairo-composite-rectangles.c \
src/cairo-debug.c \
src/cairo-deflate-stream.c \
src/cairo-device.c \
src/cairo-fixed.c \
src/cairo-font-face.c \
src/cairo-font-face-twin-data.c \
src/cairo-font-face-twin.c \
src/cairo-font-options.c \
src/cairo-freed-pool.c \
src/cairo-freelist.c \
src/cairo-ft-font.c \
src/cairo-gstate.c \
src/cairo-hash.c \
src/cairo-hull.c \
src/cairo-image-info.c \
src/cairo-image-surface.c \
src/cairo-lzw.c \
src/cairo-matrix.c \
src/cairo-misc.c \
src/cairo-mutex.c \
src/cairo.c \
src/cairo-observer.c \
src/cairo-output-stream.c \
src/cairo-paginated-surface.c \
src/cairo-path-bounds.c \
src/cairo-path-fill.c \
src/cairo-path-fixed.c \
src/cairo-path-in-fill.c \
src/cairo-path.c \
src/cairo-path-stroke.c \
src/cairo-pattern.c \
src/cairo-pdf-operators.c \
src/cairo-pdf-surface.c \
src/cairo-pen.c \
src/cairo-png.c \
src/cairo-polygon.c \
src/cairo-ps-surface.c \
src/cairo-recording-surface.c \
src/cairo-rectangle.c \
src/cairo-rectangular-scan-converter.c \
src/cairo-region.c \
src/cairo-rtree.c \
src/cairo-scaled-font.c \
src/cairo-scaled-font-subsets.c \
src/cairo-slope.c \
src/cairo-spans.c \
src/cairo-spline.c \
src/cairo-stroke-style.c \
src/cairo-surface-clipper.c \
src/cairo-surface-fallback.c \
src/cairo-surface.c \
src/cairo-surface-offset.c \
src/cairo-surface-snapshot.c \
src/cairo-surface-subsurface.c \
src/cairo-surface-wrapper.c \
src/cairo-svg-surface.c \
src/cairo-system.c \
src/cairo-tor-scan-converter.c \
src/cairo-toy-font-face.c \
src/cairo-traps.c \
src/cairo-truetype-subset.c \
src/cairo-type1-fallback.c \
src/cairo-type1-subset.c \
src/cairo-type3-glyph-surface.c \
src/cairo-unicode.c \
src/cairo-user-font.c \
src/cairo-version.c \
src/cairo-wideint.c \
