This file contains any messages produced by compilers while
running configure, to aid debugging if configure makes a mistake.

It was created by configure, which was
generated by GNU Autoconf 2.65.  Invocation command line was

  $ ./configure --host=arm-linux-androideabi --build=i686-linux-gnu --prefix=/home/chris/android-9/ --disable-threads

## --------- ##
## Platform. ##
## --------- ##

hostname = ubuntu
uname -m = x86_64
uname -r = 2.6.35-25-generic
uname -s = Linux
uname -v = #44-Ubuntu SMP Fri Jan 21 17:40:44 UTC 2011

/usr/bin/uname -p = unknown
/bin/uname -X     = unknown

/bin/arch              = unknown
/usr/bin/arch -k       = unknown
/usr/convex/getsysinfo = unknown
/usr/bin/hostinfo      = unknown
/bin/machine           = unknown
/usr/bin/oslevel       = unknown
/bin/universe          = unknown

PATH: /home/chris/android-9/bin
PATH: /home/chris/android-9/bin
PATH: /usr/local/sbin
PATH: /usr/local/bin
PATH: /usr/sbin
PATH: /usr/bin
PATH: /sbin
PATH: /bin
PATH: /usr/games
PATH: /usr/local/android-sdk-linux_x86/tools/
PATH: /home/chris/android-9/bin/


## ----------- ##
## Core tests. ##
## ----------- ##

configure:1894: checking for a BSD-compatible install
configure:1962: result: /usr/bin/install -c
configure:1973: checking whether build environment is sane
configure:2023: result: yes
configure:2072: checking for arm-linux-androideabi-strip
configure:2099: result: arm-linux-androideabi-strip
configure:2164: checking for a thread-safe mkdir -p
configure:2203: result: /bin/mkdir -p
configure:2216: checking for gawk
configure:2232: found /usr/bin/gawk
configure:2243: result: gawk
configure:2254: checking whether make sets $(MAKE)
configure:2276: result: yes
configure:2395: checking build system type
configure:2409: result: i686-pc-linux-gnu
configure:2429: checking host system type
configure:2442: result: arm-unknown-linux-androideabi
configure:3017: creating ./config.status

## ---------------------- ##
## Running config.status. ##
## ---------------------- ##

This file was extended by gettext config.status, which was
generated by GNU Autoconf 2.65.  Invocation command line was

  CONFIG_FILES    = 
  CONFIG_HEADERS  = 
  CONFIG_LINKS    = 
  CONFIG_COMMANDS = 
  $ ./config.status 

on ubuntu

config.status:772: creating Makefile
config.status:772: creating gnulib-local/Makefile
configure:4097: === configuring in gettext-runtime (/home/chris/lib-src/gettext-0.18/gettext-runtime)
configure:4160: running /bin/bash ./configure --disable-option-checking '--prefix=/home/chris/android-9'  '--host=arm-linux-androideabi' '--build=i686-linux-gnu' '--disable-threads' 'build_alias=i686-linux-gnu' 'host_alias=arm-linux-androideabi' 'CC=arm-linux-androideabi-gcc' 'CFLAGS= 	-D__ARM_ARCH_5__ 	-D__ARM_ARCH_5T__ 	-D__ARM_ARCH_5E__ 	-D__ARM_ARCH_5TE__ 	-DANDROID 	  	-I/home/chris/android-9/include 	-I/home/chris/android-9/sysroot/usr/include 	  	-fno-strict-aliasing 	-Os 	  	-fomit-frame-pointer 	  	-Wall 	-Wno-unused 	-Wno-multichar 	  	  	-mthumb 	  ' 'LDFLAGS= 	-L/home/chris/android-9/lib 	-L/home/chris/android-9/sysroot/usr/lib 	 -lc  	/home/chris/android-9/bin/../lib/gcc/arm-linux-androideabi/4.4.3/thumb/libgcc.a 	/home/chris/android-9/bin/../lib/gcc/arm-linux-androideabi/4.4.3/../../../../arm-linux-androideabi/lib/thumb/libstdc++.a 	/home/chris/android-9/bin/../lib/gcc/arm-linux-androideabi/4.4.3/../../../../arm-linux-androideabi/lib/thumb/libsupc++.a 	  -lc -lm ' 'LIBS= -lc -lm   	 ' 'CPPFLAGS= 	-D__ARM_ARCH_5__ 	-D__ARM_ARCH_5T__ 	-D__ARM_ARCH_5E__ 	-D__ARM_ARCH_5TE__ 	-DANDROID 	  	-I/home/chris/android-9/include 	-I/home/chris/android-9/sysroot/usr/include 	  	-fno-strict-aliasing 	-Os 	  	-fomit-frame-pointer 	  	-Wall 	-Wno-unused 	-Wno-multichar 	  	  	-mthumb 	 ' 'CXX=arm-linux-androideabi-g++' 'CXXFLAGS= 	-D__ARM_ARCH_5__ 	-D__ARM_ARCH_5T__ 	-D__ARM_ARCH_5E__ 	-D__ARM_ARCH_5TE__ 	-DANDROID 	  	-I/home/chris/android-9/include 	-I/home/chris/android-9/sysroot/usr/include 	  	-fno-strict-aliasing 	-Os 	  	-fomit-frame-pointer 	  	-Wall 	-Wno-unused 	-Wno-multichar 	  	  	-mthumb 	 ' --cache-file=/dev/null --srcdir=.
configure:4097: === configuring in gettext-tools (/home/chris/lib-src/gettext-0.18/gettext-tools)
configure:4160: running /bin/bash ./configure --disable-option-checking '--prefix=/home/chris/android-9'  '--host=arm-linux-androideabi' '--build=i686-linux-gnu' '--disable-threads' 'build_alias=i686-linux-gnu' 'host_alias=arm-linux-androideabi' 'CC=arm-linux-androideabi-gcc' 'CFLAGS= 	-D__ARM_ARCH_5__ 	-D__ARM_ARCH_5T__ 	-D__ARM_ARCH_5E__ 	-D__ARM_ARCH_5TE__ 	-DANDROID 	  	-I/home/chris/android-9/include 	-I/home/chris/android-9/sysroot/usr/include 	  	-fno-strict-aliasing 	-Os 	  	-fomit-frame-pointer 	  	-Wall 	-Wno-unused 	-Wno-multichar 	  	  	-mthumb 	  ' 'LDFLAGS= 	-L/home/chris/android-9/lib 	-L/home/chris/android-9/sysroot/usr/lib 	 -lc  	/home/chris/android-9/bin/../lib/gcc/arm-linux-androideabi/4.4.3/thumb/libgcc.a 	/home/chris/android-9/bin/../lib/gcc/arm-linux-androideabi/4.4.3/../../../../arm-linux-androideabi/lib/thumb/libstdc++.a 	/home/chris/android-9/bin/../lib/gcc/arm-linux-androideabi/4.4.3/../../../../arm-linux-androideabi/lib/thumb/libsupc++.a 	  -lc -lm ' 'LIBS= -lc -lm   	 ' 'CPPFLAGS= 	-D__ARM_ARCH_5__ 	-D__ARM_ARCH_5T__ 	-D__ARM_ARCH_5E__ 	-D__ARM_ARCH_5TE__ 	-DANDROID 	  	-I/home/chris/android-9/include 	-I/home/chris/android-9/sysroot/usr/include 	  	-fno-strict-aliasing 	-Os 	  	-fomit-frame-pointer 	  	-Wall 	-Wno-unused 	-Wno-multichar 	  	  	-mthumb 	 ' 'CXX=arm-linux-androideabi-g++' 'CXXFLAGS= 	-D__ARM_ARCH_5__ 	-D__ARM_ARCH_5T__ 	-D__ARM_ARCH_5E__ 	-D__ARM_ARCH_5TE__ 	-DANDROID 	  	-I/home/chris/android-9/include 	-I/home/chris/android-9/sysroot/usr/include 	  	-fno-strict-aliasing 	-Os 	  	-fomit-frame-pointer 	  	-Wall 	-Wno-unused 	-Wno-multichar 	  	  	-mthumb 	 ' --cache-file=/dev/null --srcdir=.

## ---------------- ##
## Cache variables. ##
## ---------------- ##

ac_cv_build=i686-pc-linux-gnu
ac_cv_env_CC_set=set
ac_cv_env_CC_value=arm-linux-androideabi-gcc
ac_cv_env_CFLAGS_set=set
ac_cv_env_CFLAGS_value=' 	-D__ARM_ARCH_5__ 	-D__ARM_ARCH_5T__ 	-D__ARM_ARCH_5E__ 	-D__ARM_ARCH_5TE__ 	-DANDROID 	  	-I/home/chris/android-9/include 	-I/home/chris/android-9/sysroot/usr/include 	  	-fno-strict-aliasing 	-Os 	  	-fomit-frame-pointer 	  	-Wall 	-Wno-unused 	-Wno-multichar 	  	  	-mthumb 	  '
ac_cv_env_CPPFLAGS_set=set
ac_cv_env_CPPFLAGS_value=' 	-D__ARM_ARCH_5__ 	-D__ARM_ARCH_5T__ 	-D__ARM_ARCH_5E__ 	-D__ARM_ARCH_5TE__ 	-DANDROID 	  	-I/home/chris/android-9/include 	-I/home/chris/android-9/sysroot/usr/include 	  	-fno-strict-aliasing 	-Os 	  	-fomit-frame-pointer 	  	-Wall 	-Wno-unused 	-Wno-multichar 	  	  	-mthumb 	 '
ac_cv_env_CPP_set=
ac_cv_env_CPP_value=
ac_cv_env_CXXCPP_set=
ac_cv_env_CXXCPP_value=
ac_cv_env_CXXFLAGS_set=set
ac_cv_env_CXXFLAGS_value=' 	-D__ARM_ARCH_5__ 	-D__ARM_ARCH_5T__ 	-D__ARM_ARCH_5E__ 	-D__ARM_ARCH_5TE__ 	-DANDROID 	  	-I/home/chris/android-9/include 	-I/home/chris/android-9/sysroot/usr/include 	  	-fno-strict-aliasing 	-Os 	  	-fomit-frame-pointer 	  	-Wall 	-Wno-unused 	-Wno-multichar 	  	  	-mthumb 	 '
ac_cv_env_CXX_set=set
ac_cv_env_CXX_value=arm-linux-androideabi-g++
ac_cv_env_EMACSLOADPATH_set=
ac_cv_env_EMACSLOADPATH_value=
ac_cv_env_EMACS_set=
ac_cv_env_EMACS_value=
ac_cv_env_GCJFLAGS_set=
ac_cv_env_GCJFLAGS_value=
ac_cv_env_GCJ_set=
ac_cv_env_GCJ_value=
ac_cv_env_LDFLAGS_set=set
ac_cv_env_LDFLAGS_value=' 	-L/home/chris/android-9/lib 	-L/home/chris/android-9/sysroot/usr/lib 	 -lc  	/home/chris/android-9/bin/../lib/gcc/arm-linux-androideabi/4.4.3/thumb/libgcc.a 	/home/chris/android-9/bin/../lib/gcc/arm-linux-androideabi/4.4.3/../../../../arm-linux-androideabi/lib/thumb/libstdc++.a 	/home/chris/android-9/bin/../lib/gcc/arm-linux-androideabi/4.4.3/../../../../arm-linux-androideabi/lib/thumb/libsupc++.a 	  -lc -lm '
ac_cv_env_LIBS_set=set
ac_cv_env_LIBS_value=' -lc -lm   	 '
ac_cv_env_YACC_set=
ac_cv_env_YACC_value=
ac_cv_env_YFLAGS_set=
ac_cv_env_YFLAGS_value=
ac_cv_env_build_alias_set=set
ac_cv_env_build_alias_value=i686-linux-gnu
ac_cv_env_host_alias_set=set
ac_cv_env_host_alias_value=arm-linux-androideabi
ac_cv_env_target_alias_set=
ac_cv_env_target_alias_value=
ac_cv_host=arm-unknown-linux-androideabi
ac_cv_path_install='/usr/bin/install -c'
ac_cv_path_mkdir=/bin/mkdir
ac_cv_prog_AWK=gawk
ac_cv_prog_STRIP=arm-linux-androideabi-strip
ac_cv_prog_make_make_set=yes

## ----------------- ##
## Output variables. ##
## ----------------- ##

ACLOCAL='${SHELL} /home/chris/lib-src/gettext-0.18/build-aux/missing --run aclocal-1.11'
AMTAR='${SHELL} /home/chris/lib-src/gettext-0.18/build-aux/missing --run tar'
AM_BACKSLASH='\'
AM_DEFAULT_VERBOSITY='1'
AUTOCONF='${SHELL} /home/chris/lib-src/gettext-0.18/build-aux/missing --run autoconf'
AUTOHEADER='${SHELL} /home/chris/lib-src/gettext-0.18/build-aux/missing --run autoheader'
AUTOMAKE='${SHELL} /home/chris/lib-src/gettext-0.18/build-aux/missing --run automake-1.11'
AWK='gawk'
CC='arm-linux-androideabi-gcc'
CFLAGS=' 	-D__ARM_ARCH_5__ 	-D__ARM_ARCH_5T__ 	-D__ARM_ARCH_5E__ 	-D__ARM_ARCH_5TE__ 	-DANDROID 	  	-I/home/chris/android-9/include 	-I/home/chris/android-9/sysroot/usr/include 	  	-fno-strict-aliasing 	-Os 	  	-fomit-frame-pointer 	  	-Wall 	-Wno-unused 	-Wno-multichar 	  	  	-mthumb 	  '
CPP=''
CPPFLAGS=' 	-D__ARM_ARCH_5__ 	-D__ARM_ARCH_5T__ 	-D__ARM_ARCH_5E__ 	-D__ARM_ARCH_5TE__ 	-DANDROID 	  	-I/home/chris/android-9/include 	-I/home/chris/android-9/sysroot/usr/include 	  	-fno-strict-aliasing 	-Os 	  	-fomit-frame-pointer 	  	-Wall 	-Wno-unused 	-Wno-multichar 	  	  	-mthumb 	 '
CXX='arm-linux-androideabi-g++'
CXXCPP=''
CXXFLAGS=' 	-D__ARM_ARCH_5__ 	-D__ARM_ARCH_5T__ 	-D__ARM_ARCH_5E__ 	-D__ARM_ARCH_5TE__ 	-DANDROID 	  	-I/home/chris/android-9/include 	-I/home/chris/android-9/sysroot/usr/include 	  	-fno-strict-aliasing 	-Os 	  	-fomit-frame-pointer 	  	-Wall 	-Wno-unused 	-Wno-multichar 	  	  	-mthumb 	 '
CYGPATH_W='echo'
DEFS='-DPACKAGE_NAME=\"\" -DPACKAGE_TARNAME=\"\" -DPACKAGE_VERSION=\"\" -DPACKAGE_STRING=\"\" -DPACKAGE_BUGREPORT=\"\" -DPACKAGE_URL=\"\" -DPACKAGE=\"gettext\" -DVERSION=\"0.18\"'
ECHO_C=''
ECHO_N='-n'
ECHO_T=''
EMACS=''
EMACSLOADPATH=''
GCJ=''
GCJFLAGS=''
INSTALL_DATA='${INSTALL} -m 644'
INSTALL_PROGRAM='${INSTALL}'
INSTALL_SCRIPT='${INSTALL}'
INSTALL_STRIP_PROGRAM='$(install_sh) -c -s'
LDFLAGS=' 	-L/home/chris/android-9/lib 	-L/home/chris/android-9/sysroot/usr/lib 	 -lc  	/home/chris/android-9/bin/../lib/gcc/arm-linux-androideabi/4.4.3/thumb/libgcc.a 	/home/chris/android-9/bin/../lib/gcc/arm-linux-androideabi/4.4.3/../../../../arm-linux-androideabi/lib/thumb/libstdc++.a 	/home/chris/android-9/bin/../lib/gcc/arm-linux-androideabi/4.4.3/../../../../arm-linux-androideabi/lib/thumb/libsupc++.a 	  -lc -lm '
LIBOBJS=''
LIBS=' -lc -lm   	 '
LTLIBOBJS=''
MAKEINFO='${SHELL} /home/chris/lib-src/gettext-0.18/build-aux/missing --run makeinfo'
MKDIR_P='/bin/mkdir -p'
PACKAGE='gettext'
PACKAGE_BUGREPORT=''
PACKAGE_NAME=''
PACKAGE_STRING=''
PACKAGE_TARNAME=''
PACKAGE_URL=''
PACKAGE_VERSION=''
PATH_SEPARATOR=':'
SET_MAKE=''
SHELL='/bin/bash'
STRIP='arm-linux-androideabi-strip'
VERSION='0.18'
YACC=''
YFLAGS=''
am__isrc=''
am__leading_dot='.'
am__tar='${AMTAR} chof - --owner=root --group=root "$$tardir"'
am__untar='${AMTAR} xf -'
bindir='${exec_prefix}/bin'
build='i686-pc-linux-gnu'
build_alias='i686-linux-gnu'
build_cpu='i686'
build_os='linux-gnu'
build_vendor='pc'
datadir='${datarootdir}'
datarootdir='${prefix}/share'
docdir='${datarootdir}/doc/${PACKAGE}'
dvidir='${docdir}'
exec_prefix='${prefix}'
host='arm-unknown-linux-androideabi'
host_alias='arm-linux-androideabi'
host_cpu='arm'
host_os='linux-androideabi'
host_vendor='unknown'
htmldir='${docdir}'
includedir='${prefix}/include'
infodir='${datarootdir}/info'
install_sh='${SHELL} /home/chris/lib-src/gettext-0.18/build-aux/install-sh'
libdir='${exec_prefix}/lib'
libexecdir='${exec_prefix}/libexec'
localedir='${datarootdir}/locale'
localstatedir='${prefix}/var'
mandir='${datarootdir}/man'
mkdir_p='/bin/mkdir -p'
oldincludedir='/usr/include'
pdfdir='${docdir}'
prefix='/home/chris/android-9'
program_transform_name='s,x,x,'
psdir='${docdir}'
sbindir='${exec_prefix}/sbin'
sharedstatedir='${prefix}/com'
subdirs=' gettext-runtime gettext-tools'
sysconfdir='${prefix}/etc'
target_alias=''

## ----------- ##
## confdefs.h. ##
## ----------- ##

/* confdefs.h */
#define PACKAGE_NAME ""
#define PACKAGE_TARNAME ""
#define PACKAGE_VERSION ""
#define PACKAGE_STRING ""
#define PACKAGE_BUGREPORT ""
#define PACKAGE_URL ""
#define PACKAGE "gettext"
#define VERSION "0.18"

configure: exit 0
