This file contains any messages produced by compilers while
running configure, to aid debugging if configure makes a mistake.

It was created by libjpeg configure 8.0.2, which was
generated by GNU Autoconf 2.65.  Invocation command line was

  $ ./configure --host=arm-linux-androideabi --build=i686-linux-gnu --prefix=/home/chris/android-9/

## --------- ##
## Platform. ##
## --------- ##

hostname = ubuntu
uname -m = x86_64
uname -r = 2.6.35-25-generic
uname -s = Linux
uname -v = #44-Ubuntu SMP Fri Jan 21 17:40:44 UTC 2011

/usr/bin/uname -p = unknown
/bin/uname -X     = unknown

/bin/arch              = unknown
/usr/bin/arch -k       = unknown
/usr/convex/getsysinfo = unknown
/usr/bin/hostinfo      = unknown
/bin/machine           = unknown
/usr/bin/oslevel       = unknown
/bin/universe          = unknown

PATH: /home/chris/android-9/bin
PATH: /home/chris/android-9/bin
PATH: /usr/local/sbin
PATH: /usr/local/bin
PATH: /usr/sbin
PATH: /usr/bin
PATH: /sbin
PATH: /bin
PATH: /usr/games
PATH: /usr/local/android-sdk-linux_x86/tools/
PATH: /home/chris/android-9/bin/


## ----------- ##
## Core tests. ##
## ----------- ##

configure:2361: checking build system type
configure:2375: result: i686-pc-linux-gnu
configure:2395: checking host system type
configure:2408: result: arm-unknown-linux-androideabi
configure:2428: checking target system type
configure:2441: result: arm-unknown-linux-androideabi
configure:2486: checking for a BSD-compatible install
configure:2554: result: /usr/bin/install -c
configure:2565: checking whether build environment is sane
configure:2615: result: yes
configure:2664: checking for arm-linux-androideabi-strip
configure:2691: result: arm-linux-androideabi-strip
configure:2756: checking for a thread-safe mkdir -p
configure:2795: result: /bin/mkdir -p
configure:2808: checking for gawk
configure:2824: found /usr/bin/gawk
configure:2835: result: gawk
configure:2846: checking whether make sets $(MAKE)
configure:2868: result: yes
configure:2978: checking for style of include used by make
configure:3006: result: GNU
configure:3036: checking for arm-linux-androideabi-gcc
configure:3063: result: arm-linux-androideabi-gcc
configure:3332: checking for C compiler version
configure:3341: arm-linux-androideabi-gcc --version >&5
arm-linux-androideabi-gcc (GCC) 4.4.3
Copyright (C) 2009 Free Software Foundation, Inc.
This is free software; see the source for copying conditions.  There is NO
warranty; not even for MERCHANTABILITY or FITNESS FOR A PARTICULAR PURPOSE.

configure:3352: $? = 0
configure:3341: arm-linux-androideabi-gcc -v >&5
Using built-in specs.
Target: arm-linux-androideabi
Configured with: /tmp/ndk/src/build/../gcc/gcc-4.4.3/configure --prefix=/tmp/ndk-toolchain/ndk-prebuilt-10973/toolchains/arm-linux-androideabi-4.4.3/prebuilt/linux-x86 --target=arm-linux-androideabi --host=x86_64-linux-gnu --build=x86_64-linux-gnu --with-gnu-as --with-gnu-ld --enable-languages=c,c++ --with-gmp=/tmp/ndk-toolchain/build-JIHF5j/toolchain-arm-linux-androideabi-4.4.3/temp-install --with-mpfr=/tmp/ndk-toolchain/build-JIHF5j/toolchain-arm-linux-androideabi-4.4.3/temp-install --disable-libssp --enable-threads --disable-nls --disable-libmudflap --disable-libgomp --disable-libstdc__-v3 --disable-sjlj-exceptions --disable-shared --disable-tls --with-float=soft --with-fpu=vfp --with-arch=armv5te --enable-target-optspace --disable-nls --prefix=/tmp/ndk-toolchain/ndk-prebuilt-10973/toolchains/arm-linux-androideabi-4.4.3/prebuilt/linux-x86 --with-sysroot=/tmp/ndk-toolchain/ndk-prebuilt-10973/toolchains/arm-linux-androideabi-4.4.3/prebuilt/linux-x86/sysroot --with-binutils-version=2.19 --with-gcc-version=4.4.3 --with-gdb-version=6.6 --with-gmp-version=4.2.4 --with-mpfr-version=2.4.1 --with-arch=armv5te --enable-libstdc__-v3 --program-transform-name='s&^&arm-linux-androideabi-&'
Thread model: posix
gcc version 4.4.3 (GCC) 
configure:3352: $? = 0
configure:3341: arm-linux-androideabi-gcc -V >&5
arm-linux-androideabi-gcc: '-V' option must have argument
configure:3352: $? = 1
configure:3341: arm-linux-androideabi-gcc -qversion >&5
arm-linux-androideabi-gcc: unrecognized option '-qversion'
arm-linux-androideabi-gcc: no input files
configure:3352: $? = 1
configure:3372: checking whether the C compiler works
configure:3394: arm-linux-androideabi-gcc  	-D__ARM_ARCH_5__ 	-D__ARM_ARCH_5T__ 	-D__ARM_ARCH_5E__ 	-D__ARM_ARCH_5TE__ 	-DANDROID 	  	-I/home/chris/android-9/include 	-I/home/chris/android-9/sysroot/usr/include 	  	-fno-strict-aliasing 	-Os 	  	-fomit-frame-pointer 	  	-Wall 	-Wno-unused 	-Wno-multichar 	  	  	-mthumb 	    	-D__ARM_ARCH_5__ 	-D__ARM_ARCH_5T__ 	-D__ARM_ARCH_5E__ 	-D__ARM_ARCH_5TE__ 	-DANDROID 	  	-I/home/chris/android-9/include 	-I/home/chris/android-9/sysroot/usr/include 	  	-fno-strict-aliasing 	-Os 	  	-fomit-frame-pointer 	  	-Wall 	-Wno-unused 	-Wno-multichar 	  	  	-mthumb 	   	-L/home/chris/android-9/lib 	-L/home/chris/android-9/sysroot/usr/lib 	   	/home/chris/android-9/bin/../lib/gcc/arm-linux-androideabi/4.4.3/thumb/libgcc.a 	/home/chris/android-9/bin/../lib/gcc/arm-linux-androideabi/4.4.3/../../../../arm-linux-androideabi/lib/thumb/libstdc++.a 	/home/chris/android-9/bin/../lib/gcc/arm-linux-androideabi/4.4.3/../../../../arm-linux-androideabi/lib/thumb/libsupc++.a 	  -lc -lm  conftest.c  -lc -lm   	  >&5
configure:3398: $? = 0
configure:3447: result: yes
configure:3450: checking for C compiler default output file name
configure:3452: result: a.out
configure:3458: checking for suffix of executables
configure:3465: arm-linux-androideabi-gcc -o conftest  	-D__ARM_ARCH_5__ 	-D__ARM_ARCH_5T__ 	-D__ARM_ARCH_5E__ 	-D__ARM_ARCH_5TE__ 	-DANDROID 	  	-I/home/chris/android-9/include 	-I/home/chris/android-9/sysroot/usr/include 	  	-fno-strict-aliasing 	-Os 	  	-fomit-frame-pointer 	  	-Wall 	-Wno-unused 	-Wno-multichar 	  	  	-mthumb 	    	-D__ARM_ARCH_5__ 	-D__ARM_ARCH_5T__ 	-D__ARM_ARCH_5E__ 	-D__ARM_ARCH_5TE__ 	-DANDROID 	  	-I/home/chris/android-9/include 	-I/home/chris/android-9/sysroot/usr/include 	  	-fno-strict-aliasing 	-Os 	  	-fomit-frame-pointer 	  	-Wall 	-Wno-unused 	-Wno-multichar 	  	  	-mthumb 	   	-L/home/chris/android-9/lib 	-L/home/chris/android-9/sysroot/usr/lib 	   	/home/chris/android-9/bin/../lib/gcc/arm-linux-androideabi/4.4.3/thumb/libgcc.a 	/home/chris/android-9/bin/../lib/gcc/arm-linux-androideabi/4.4.3/../../../../arm-linux-androideabi/lib/thumb/libstdc++.a 	/home/chris/android-9/bin/../lib/gcc/arm-linux-androideabi/4.4.3/../../../../arm-linux-androideabi/lib/thumb/libsupc++.a 	  -lc -lm  conftest.c  -lc -lm   	  >&5
configure:3469: $? = 0
configure:3491: result: 
configure:3513: checking whether we are cross compiling
configure:3551: result: yes
configure:3556: checking for suffix of object files
configure:3578: arm-linux-androideabi-gcc -c  	-D__ARM_ARCH_5__ 	-D__ARM_ARCH_5T__ 	-D__ARM_ARCH_5E__ 	-D__ARM_ARCH_5TE__ 	-DANDROID 	  	-I/home/chris/android-9/include 	-I/home/chris/android-9/sysroot/usr/include 	  	-fno-strict-aliasing 	-Os 	  	-fomit-frame-pointer 	  	-Wall 	-Wno-unused 	-Wno-multichar 	  	  	-mthumb 	    	-D__ARM_ARCH_5__ 	-D__ARM_ARCH_5T__ 	-D__ARM_ARCH_5E__ 	-D__ARM_ARCH_5TE__ 	-DANDROID 	  	-I/home/chris/android-9/include 	-I/home/chris/android-9/sysroot/usr/include 	  	-fno-strict-aliasing 	-Os 	  	-fomit-frame-pointer 	  	-Wall 	-Wno-unused 	-Wno-multichar 	  	  	-mthumb 	  conftest.c >&5
configure:3582: $? = 0
configure:3603: result: o
configure:3607: checking whether we are using the GNU C compiler
configure:3626: arm-linux-androideabi-gcc -c  	-D__ARM_ARCH_5__ 	-D__ARM_ARCH_5T__ 	-D__ARM_ARCH_5E__ 	-D__ARM_ARCH_5TE__ 	-DANDROID 	  	-I/home/chris/android-9/include 	-I/home/chris/android-9/sysroot/usr/include 	  	-fno-strict-aliasing 	-Os 	  	-fomit-frame-pointer 	  	-Wall 	-Wno-unused 	-Wno-multichar 	  	  	-mthumb 	    	-D__ARM_ARCH_5__ 	-D__ARM_ARCH_5T__ 	-D__ARM_ARCH_5E__ 	-D__ARM_ARCH_5TE__ 	-DANDROID 	  	-I/home/chris/android-9/include 	-I/home/chris/android-9/sysroot/usr/include 	  	-fno-strict-aliasing 	-Os 	  	-fomit-frame-pointer 	  	-Wall 	-Wno-unused 	-Wno-multichar 	  	  	-mthumb 	  conftest.c >&5
configure:3626: $? = 0
configure:3635: result: yes
configure:3644: checking whether arm-linux-androideabi-gcc accepts -g
configure:3664: arm-linux-androideabi-gcc -c -g  	-D__ARM_ARCH_5__ 	-D__ARM_ARCH_5T__ 	-D__ARM_ARCH_5E__ 	-D__ARM_ARCH_5TE__ 	-DANDROID 	  	-I/home/chris/android-9/include 	-I/home/chris/android-9/sysroot/usr/include 	  	-fno-strict-aliasing 	-Os 	  	-fomit-frame-pointer 	  	-Wall 	-Wno-unused 	-Wno-multichar 	  	  	-mthumb 	  conftest.c >&5
configure:3664: $? = 0
configure:3705: result: yes
configure:3722: checking for arm-linux-androideabi-gcc option to accept ISO C89
configure:3786: arm-linux-androideabi-gcc  -c  	-D__ARM_ARCH_5__ 	-D__ARM_ARCH_5T__ 	-D__ARM_ARCH_5E__ 	-D__ARM_ARCH_5TE__ 	-DANDROID 	  	-I/home/chris/android-9/include 	-I/home/chris/android-9/sysroot/usr/include 	  	-fno-strict-aliasing 	-Os 	  	-fomit-frame-pointer 	  	-Wall 	-Wno-unused 	-Wno-multichar 	  	  	-mthumb 	    	-D__ARM_ARCH_5__ 	-D__ARM_ARCH_5T__ 	-D__ARM_ARCH_5E__ 	-D__ARM_ARCH_5TE__ 	-DANDROID 	  	-I/home/chris/android-9/include 	-I/home/chris/android-9/sysroot/usr/include 	  	-fno-strict-aliasing 	-Os 	  	-fomit-frame-pointer 	  	-Wall 	-Wno-unused 	-Wno-multichar 	  	  	-mthumb 	  conftest.c >&5
configure:3786: $? = 0
configure:3799: result: none needed
configure:3821: checking dependency style of arm-linux-androideabi-gcc
configure:3931: result: gcc3
configure:3946: checking for function prototypes
configure:3949: result: yes
configure:3968: checking how to run the C preprocessor
configure:3999: arm-linux-androideabi-gcc -E  	-D__ARM_ARCH_5__ 	-D__ARM_ARCH_5T__ 	-D__ARM_ARCH_5E__ 	-D__ARM_ARCH_5TE__ 	-DANDROID 	  	-I/home/chris/android-9/include 	-I/home/chris/android-9/sysroot/usr/include 	  	-fno-strict-aliasing 	-Os 	  	-fomit-frame-pointer 	  	-Wall 	-Wno-unused 	-Wno-multichar 	  	  	-mthumb 	  conftest.c
configure:3999: $? = 0
configure:4013: arm-linux-androideabi-gcc -E  	-D__ARM_ARCH_5__ 	-D__ARM_ARCH_5T__ 	-D__ARM_ARCH_5E__ 	-D__ARM_ARCH_5TE__ 	-DANDROID 	  	-I/home/chris/android-9/include 	-I/home/chris/android-9/sysroot/usr/include 	  	-fno-strict-aliasing 	-Os 	  	-fomit-frame-pointer 	  	-Wall 	-Wno-unused 	-Wno-multichar 	  	  	-mthumb 	  conftest.c
conftest.c:13:28: error: ac_nonexistent.h: No such file or directory
configure:4013: $? = 1
configure: failed program was:
| /* confdefs.h */
| #define PACKAGE_NAME "libjpeg"
| #define PACKAGE_TARNAME "libjpeg"
| #define PACKAGE_VERSION "8.0.2"
| #define PACKAGE_STRING "libjpeg 8.0.2"
| #define PACKAGE_BUGREPORT ""
| #define PACKAGE_URL ""
| #define PACKAGE "libjpeg"
| #define VERSION "8.0.2"
| #define PROTOTYPES 1
| #define __PROTOTYPES 1
| /* end confdefs.h.  */
| #include <ac_nonexistent.h>
configure:4038: result: arm-linux-androideabi-gcc -E
configure:4058: arm-linux-androideabi-gcc -E  	-D__ARM_ARCH_5__ 	-D__ARM_ARCH_5T__ 	-D__ARM_ARCH_5E__ 	-D__ARM_ARCH_5TE__ 	-DANDROID 	  	-I/home/chris/android-9/include 	-I/home/chris/android-9/sysroot/usr/include 	  	-fno-strict-aliasing 	-Os 	  	-fomit-frame-pointer 	  	-Wall 	-Wno-unused 	-Wno-multichar 	  	  	-mthumb 	  conftest.c
configure:4058: $? = 0
configure:4072: arm-linux-androideabi-gcc -E  	-D__ARM_ARCH_5__ 	-D__ARM_ARCH_5T__ 	-D__ARM_ARCH_5E__ 	-D__ARM_ARCH_5TE__ 	-DANDROID 	  	-I/home/chris/android-9/include 	-I/home/chris/android-9/sysroot/usr/include 	  	-fno-strict-aliasing 	-Os 	  	-fomit-frame-pointer 	  	-Wall 	-Wno-unused 	-Wno-multichar 	  	  	-mthumb 	  conftest.c
conftest.c:13:28: error: ac_nonexistent.h: No such file or directory
configure:4072: $? = 1
configure: failed program was:
| /* confdefs.h */
| #define PACKAGE_NAME "libjpeg"
| #define PACKAGE_TARNAME "libjpeg"
| #define PACKAGE_VERSION "8.0.2"
| #define PACKAGE_STRING "libjpeg 8.0.2"
| #define PACKAGE_BUGREPORT ""
| #define PACKAGE_URL ""
| #define PACKAGE "libjpeg"
| #define VERSION "8.0.2"
| #define PROTOTYPES 1
| #define __PROTOTYPES 1
| /* end confdefs.h.  */
| #include <ac_nonexistent.h>
configure:4101: checking for grep that handles long lines and -e
configure:4159: result: /bin/grep
configure:4164: checking for egrep
configure:4226: result: /bin/grep -E
configure:4231: checking for ANSI C header files
configure:4251: arm-linux-androideabi-gcc -c  	-D__ARM_ARCH_5__ 	-D__ARM_ARCH_5T__ 	-D__ARM_ARCH_5E__ 	-D__ARM_ARCH_5TE__ 	-DANDROID 	  	-I/home/chris/android-9/include 	-I/home/chris/android-9/sysroot/usr/include 	  	-fno-strict-aliasing 	-Os 	  	-fomit-frame-pointer 	  	-Wall 	-Wno-unused 	-Wno-multichar 	  	  	-mthumb 	    	-D__ARM_ARCH_5__ 	-D__ARM_ARCH_5T__ 	-D__ARM_ARCH_5E__ 	-D__ARM_ARCH_5TE__ 	-DANDROID 	  	-I/home/chris/android-9/include 	-I/home/chris/android-9/sysroot/usr/include 	  	-fno-strict-aliasing 	-Os 	  	-fomit-frame-pointer 	  	-Wall 	-Wno-unused 	-Wno-multichar 	  	  	-mthumb 	  conftest.c >&5
configure:4251: $? = 0
configure:4335: result: yes
configure:4348: checking for sys/types.h
configure:4348: arm-linux-androideabi-gcc -c  	-D__ARM_ARCH_5__ 	-D__ARM_ARCH_5T__ 	-D__ARM_ARCH_5E__ 	-D__ARM_ARCH_5TE__ 	-DANDROID 	  	-I/home/chris/android-9/include 	-I/home/chris/android-9/sysroot/usr/include 	  	-fno-strict-aliasing 	-Os 	  	-fomit-frame-pointer 	  	-Wall 	-Wno-unused 	-Wno-multichar 	  	  	-mthumb 	    	-D__ARM_ARCH_5__ 	-D__ARM_ARCH_5T__ 	-D__ARM_ARCH_5E__ 	-D__ARM_ARCH_5TE__ 	-DANDROID 	  	-I/home/chris/android-9/include 	-I/home/chris/android-9/sysroot/usr/include 	  	-fno-strict-aliasing 	-Os 	  	-fomit-frame-pointer 	  	-Wall 	-Wno-unused 	-Wno-multichar 	  	  	-mthumb 	  conftest.c >&5
configure:4348: $? = 0
configure:4348: result: yes
configure:4348: checking for sys/stat.h
configure:4348: arm-linux-androideabi-gcc -c  	-D__ARM_ARCH_5__ 	-D__ARM_ARCH_5T__ 	-D__ARM_ARCH_5E__ 	-D__ARM_ARCH_5TE__ 	-DANDROID 	  	-I/home/chris/android-9/include 	-I/home/chris/android-9/sysroot/usr/include 	  	-fno-strict-aliasing 	-Os 	  	-fomit-frame-pointer 	  	-Wall 	-Wno-unused 	-Wno-multichar 	  	  	-mthumb 	    	-D__ARM_ARCH_5__ 	-D__ARM_ARCH_5T__ 	-D__ARM_ARCH_5E__ 	-D__ARM_ARCH_5TE__ 	-DANDROID 	  	-I/home/chris/android-9/include 	-I/home/chris/android-9/sysroot/usr/include 	  	-fno-strict-aliasing 	-Os 	  	-fomit-frame-pointer 	  	-Wall 	-Wno-unused 	-Wno-multichar 	  	  	-mthumb 	  conftest.c >&5
configure:4348: $? = 0
configure:4348: result: yes
configure:4348: checking for stdlib.h
configure:4348: arm-linux-androideabi-gcc -c  	-D__ARM_ARCH_5__ 	-D__ARM_ARCH_5T__ 	-D__ARM_ARCH_5E__ 	-D__ARM_ARCH_5TE__ 	-DANDROID 	  	-I/home/chris/android-9/include 	-I/home/chris/android-9/sysroot/usr/include 	  	-fno-strict-aliasing 	-Os 	  	-fomit-frame-pointer 	  	-Wall 	-Wno-unused 	-Wno-multichar 	  	  	-mthumb 	    	-D__ARM_ARCH_5__ 	-D__ARM_ARCH_5T__ 	-D__ARM_ARCH_5E__ 	-D__ARM_ARCH_5TE__ 	-DANDROID 	  	-I/home/chris/android-9/include 	-I/home/chris/android-9/sysroot/usr/include 	  	-fno-strict-aliasing 	-Os 	  	-fomit-frame-pointer 	  	-Wall 	-Wno-unused 	-Wno-multichar 	  	  	-mthumb 	  conftest.c >&5
configure:4348: $? = 0
configure:4348: result: yes
configure:4348: checking for string.h
configure:4348: arm-linux-androideabi-gcc -c  	-D__ARM_ARCH_5__ 	-D__ARM_ARCH_5T__ 	-D__ARM_ARCH_5E__ 	-D__ARM_ARCH_5TE__ 	-DANDROID 	  	-I/home/chris/android-9/include 	-I/home/chris/android-9/sysroot/usr/include 	  	-fno-strict-aliasing 	-Os 	  	-fomit-frame-pointer 	  	-Wall 	-Wno-unused 	-Wno-multichar 	  	  	-mthumb 	    	-D__ARM_ARCH_5__ 	-D__ARM_ARCH_5T__ 	-D__ARM_ARCH_5E__ 	-D__ARM_ARCH_5TE__ 	-DANDROID 	  	-I/home/chris/android-9/include 	-I/home/chris/android-9/sysroot/usr/include 	  	-fno-strict-aliasing 	-Os 	  	-fomit-frame-pointer 	  	-Wall 	-Wno-unused 	-Wno-multichar 	  	  	-mthumb 	  conftest.c >&5
configure:4348: $? = 0
configure:4348: result: yes
configure:4348: checking for memory.h
configure:4348: arm-linux-androideabi-gcc -c  	-D__ARM_ARCH_5__ 	-D__ARM_ARCH_5T__ 	-D__ARM_ARCH_5E__ 	-D__ARM_ARCH_5TE__ 	-DANDROID 	  	-I/home/chris/android-9/include 	-I/home/chris/android-9/sysroot/usr/include 	  	-fno-strict-aliasing 	-Os 	  	-fomit-frame-pointer 	  	-Wall 	-Wno-unused 	-Wno-multichar 	  	  	-mthumb 	    	-D__ARM_ARCH_5__ 	-D__ARM_ARCH_5T__ 	-D__ARM_ARCH_5E__ 	-D__ARM_ARCH_5TE__ 	-DANDROID 	  	-I/home/chris/android-9/include 	-I/home/chris/android-9/sysroot/usr/include 	  	-fno-strict-aliasing 	-Os 	  	-fomit-frame-pointer 	  	-Wall 	-Wno-unused 	-Wno-multichar 	  	  	-mthumb 	  conftest.c >&5
configure:4348: $? = 0
configure:4348: result: yes
configure:4348: checking for strings.h
configure:4348: arm-linux-androideabi-gcc -c  	-D__ARM_ARCH_5__ 	-D__ARM_ARCH_5T__ 	-D__ARM_ARCH_5E__ 	-D__ARM_ARCH_5TE__ 	-DANDROID 	  	-I/home/chris/android-9/include 	-I/home/chris/android-9/sysroot/usr/include 	  	-fno-strict-aliasing 	-Os 	  	-fomit-frame-pointer 	  	-Wall 	-Wno-unused 	-Wno-multichar 	  	  	-mthumb 	    	-D__ARM_ARCH_5__ 	-D__ARM_ARCH_5T__ 	-D__ARM_ARCH_5E__ 	-D__ARM_ARCH_5TE__ 	-DANDROID 	  	-I/home/chris/android-9/include 	-I/home/chris/android-9/sysroot/usr/include 	  	-fno-strict-aliasing 	-Os 	  	-fomit-frame-pointer 	  	-Wall 	-Wno-unused 	-Wno-multichar 	  	  	-mthumb 	  conftest.c >&5
configure:4348: $? = 0
configure:4348: result: yes
configure:4348: checking for inttypes.h
configure:4348: arm-linux-androideabi-gcc -c  	-D__ARM_ARCH_5__ 	-D__ARM_ARCH_5T__ 	-D__ARM_ARCH_5E__ 	-D__ARM_ARCH_5TE__ 	-DANDROID 	  	-I/home/chris/android-9/include 	-I/home/chris/android-9/sysroot/usr/include 	  	-fno-strict-aliasing 	-Os 	  	-fomit-frame-pointer 	  	-Wall 	-Wno-unused 	-Wno-multichar 	  	  	-mthumb 	    	-D__ARM_ARCH_5__ 	-D__ARM_ARCH_5T__ 	-D__ARM_ARCH_5E__ 	-D__ARM_ARCH_5TE__ 	-DANDROID 	  	-I/home/chris/android-9/include 	-I/home/chris/android-9/sysroot/usr/include 	  	-fno-strict-aliasing 	-Os 	  	-fomit-frame-pointer 	  	-Wall 	-Wno-unused 	-Wno-multichar 	  	  	-mthumb 	  conftest.c >&5
configure:4348: $? = 0
configure:4348: result: yes
configure:4348: checking for stdint.h
configure:4348: arm-linux-androideabi-gcc -c  	-D__ARM_ARCH_5__ 	-D__ARM_ARCH_5T__ 	-D__ARM_ARCH_5E__ 	-D__ARM_ARCH_5TE__ 	-DANDROID 	  	-I/home/chris/android-9/include 	-I/home/chris/android-9/sysroot/usr/include 	  	-fno-strict-aliasing 	-Os 	  	-fomit-frame-pointer 	  	-Wall 	-Wno-unused 	-Wno-multichar 	  	  	-mthumb 	    	-D__ARM_ARCH_5__ 	-D__ARM_ARCH_5T__ 	-D__ARM_ARCH_5E__ 	-D__ARM_ARCH_5TE__ 	-DANDROID 	  	-I/home/chris/android-9/include 	-I/home/chris/android-9/sysroot/usr/include 	  	-fno-strict-aliasing 	-Os 	  	-fomit-frame-pointer 	  	-Wall 	-Wno-unused 	-Wno-multichar 	  	  	-mthumb 	  conftest.c >&5
configure:4348: $? = 0
configure:4348: result: yes
configure:4348: checking for unistd.h
configure:4348: arm-linux-androideabi-gcc -c  	-D__ARM_ARCH_5__ 	-D__ARM_ARCH_5T__ 	-D__ARM_ARCH_5E__ 	-D__ARM_ARCH_5TE__ 	-DANDROID 	  	-I/home/chris/android-9/include 	-I/home/chris/android-9/sysroot/usr/include 	  	-fno-strict-aliasing 	-Os 	  	-fomit-frame-pointer 	  	-Wall 	-Wno-unused 	-Wno-multichar 	  	  	-mthumb 	    	-D__ARM_ARCH_5__ 	-D__ARM_ARCH_5T__ 	-D__ARM_ARCH_5E__ 	-D__ARM_ARCH_5TE__ 	-DANDROID 	  	-I/home/chris/android-9/include 	-I/home/chris/android-9/sysroot/usr/include 	  	-fno-strict-aliasing 	-Os 	  	-fomit-frame-pointer 	  	-Wall 	-Wno-unused 	-Wno-multichar 	  	  	-mthumb 	  conftest.c >&5
configure:4348: $? = 0
configure:4348: result: yes
configure:4371: checking for string.h
configure:4371: result: yes
configure:4387: checking whether to enable maintainer-specific portions of Makefiles
configure:4396: result: no
configure:4419: checking for arm-linux-androideabi-gcc
configure:4446: result: arm-linux-androideabi-gcc
configure:4715: checking for C compiler version
configure:4724: arm-linux-androideabi-gcc --version >&5
arm-linux-androideabi-gcc (GCC) 4.4.3
Copyright (C) 2009 Free Software Foundation, Inc.
This is free software; see the source for copying conditions.  There is NO
warranty; not even for MERCHANTABILITY or FITNESS FOR A PARTICULAR PURPOSE.

configure:4735: $? = 0
configure:4724: arm-linux-androideabi-gcc -v >&5
Using built-in specs.
Target: arm-linux-androideabi
Configured with: /tmp/ndk/src/build/../gcc/gcc-4.4.3/configure --prefix=/tmp/ndk-toolchain/ndk-prebuilt-10973/toolchains/arm-linux-androideabi-4.4.3/prebuilt/linux-x86 --target=arm-linux-androideabi --host=x86_64-linux-gnu --build=x86_64-linux-gnu --with-gnu-as --with-gnu-ld --enable-languages=c,c++ --with-gmp=/tmp/ndk-toolchain/build-JIHF5j/toolchain-arm-linux-androideabi-4.4.3/temp-install --with-mpfr=/tmp/ndk-toolchain/build-JIHF5j/toolchain-arm-linux-androideabi-4.4.3/temp-install --disable-libssp --enable-threads --disable-nls --disable-libmudflap --disable-libgomp --disable-libstdc__-v3 --disable-sjlj-exceptions --disable-shared --disable-tls --with-float=soft --with-fpu=vfp --with-arch=armv5te --enable-target-optspace --disable-nls --prefix=/tmp/ndk-toolchain/ndk-prebuilt-10973/toolchains/arm-linux-androideabi-4.4.3/prebuilt/linux-x86 --with-sysroot=/tmp/ndk-toolchain/ndk-prebuilt-10973/toolchains/arm-linux-androideabi-4.4.3/prebuilt/linux-x86/sysroot --with-binutils-version=2.19 --with-gcc-version=4.4.3 --with-gdb-version=6.6 --with-gmp-version=4.2.4 --with-mpfr-version=2.4.1 --with-arch=armv5te --enable-libstdc__-v3 --program-transform-name='s&^&arm-linux-androideabi-&'
Thread model: posix
gcc version 4.4.3 (GCC) 
configure:4735: $? = 0
configure:4724: arm-linux-androideabi-gcc -V >&5
arm-linux-androideabi-gcc: '-V' option must have argument
configure:4735: $? = 1
configure:4724: arm-linux-androideabi-gcc -qversion >&5
arm-linux-androideabi-gcc: unrecognized option '-qversion'
arm-linux-androideabi-gcc: no input files
configure:4735: $? = 1
configure:4739: checking whether we are using the GNU C compiler
configure:4767: result: yes
configure:4776: checking whether arm-linux-androideabi-gcc accepts -g
configure:4837: result: yes
configure:4854: checking for arm-linux-androideabi-gcc option to accept ISO C89
configure:4931: result: none needed
configure:4953: checking dependency style of arm-linux-androideabi-gcc
configure:5063: result: gcc3
configure:5082: checking for arm-linux-androideabi-gcc option to accept ISO C99
configure:5231: arm-linux-androideabi-gcc  -c  	-D__ARM_ARCH_5__ 	-D__ARM_ARCH_5T__ 	-D__ARM_ARCH_5E__ 	-D__ARM_ARCH_5TE__ 	-DANDROID 	  	-I/home/chris/android-9/include 	-I/home/chris/android-9/sysroot/usr/include 	  	-fno-strict-aliasing 	-Os 	  	-fomit-frame-pointer 	  	-Wall 	-Wno-unused 	-Wno-multichar 	  	  	-mthumb 	    	-D__ARM_ARCH_5__ 	-D__ARM_ARCH_5T__ 	-D__ARM_ARCH_5E__ 	-D__ARM_ARCH_5TE__ 	-DANDROID 	  	-I/home/chris/android-9/include 	-I/home/chris/android-9/sysroot/usr/include 	  	-fno-strict-aliasing 	-Os 	  	-fomit-frame-pointer 	  	-Wall 	-Wno-unused 	-Wno-multichar 	  	  	-mthumb 	  conftest.c >&5
conftest.c:74: error: expected ';', ',' or ')' before 'text'
conftest.c: In function 'main':
conftest.c:126: warning: implicit declaration of function 'test_restrict'
conftest.c:128: error: expected '=', ',', ';', 'asm' or '__attribute__' before 'newvar'
conftest.c:128: error: 'newvar' undeclared (first use in this function)
conftest.c:128: error: (Each undeclared identifier is reported only once
conftest.c:128: error: for each function it appears in.)
conftest.c:138: error: 'for' loop initial declarations are only allowed in C99 mode
conftest.c:138: note: use option -std=c99 or -std=gnu99 to compile your code
configure:5231: $? = 1
configure: failed program was:
| /* confdefs.h */
| #define PACKAGE_NAME "libjpeg"
| #define PACKAGE_TARNAME "libjpeg"
| #define PACKAGE_VERSION "8.0.2"
| #define PACKAGE_STRING "libjpeg 8.0.2"
| #define PACKAGE_BUGREPORT ""
| #define PACKAGE_URL ""
| #define PACKAGE "libjpeg"
| #define VERSION "8.0.2"
| #define PROTOTYPES 1
| #define __PROTOTYPES 1
| #define STDC_HEADERS 1
| #define HAVE_SYS_TYPES_H 1
| #define HAVE_SYS_STAT_H 1
| #define HAVE_STDLIB_H 1
| #define HAVE_STRING_H 1
| #define HAVE_MEMORY_H 1
| #define HAVE_STRINGS_H 1
| #define HAVE_INTTYPES_H 1
| #define HAVE_STDINT_H 1
| #define HAVE_UNISTD_H 1
| #define HAVE_STRING_H 1
| /* end confdefs.h.  */
| #include <stdarg.h>
| #include <stdbool.h>
| #include <stdlib.h>
| #include <wchar.h>
| #include <stdio.h>
| 
| // Check varargs macros.  These examples are taken from C99 6.10.3.5.
| #define debug(...) fprintf (stderr, __VA_ARGS__)
| #define showlist(...) puts (#__VA_ARGS__)
| #define report(test,...) ((test) ? puts (#test) : printf (__VA_ARGS__))
| static void
| test_varargs_macros (void)
| {
|   int x = 1234;
|   int y = 5678;
|   debug ("Flag");
|   debug ("X = %d\n", x);
|   showlist (The first, second, and third items.);
|   report (x>y, "x is %d but y is %d", x, y);
| }
| 
| // Check long long types.
| #define BIG64 18446744073709551615ull
| #define BIG32 4294967295ul
| #define BIG_OK (BIG64 / BIG32 == 4294967297ull && BIG64 % BIG32 == 0)
| #if !BIG_OK
|   your preprocessor is broken;
| #endif
| #if BIG_OK
| #else
|   your preprocessor is broken;
| #endif
| static long long int bignum = -9223372036854775807LL;
| static unsigned long long int ubignum = BIG64;
| 
| struct incomplete_array
| {
|   int datasize;
|   double data[];
| };
| 
| struct named_init {
|   int number;
|   const wchar_t *name;
|   double average;
| };
| 
| typedef const char *ccp;
| 
| static inline int
| test_restrict (ccp restrict text)
| {
|   // See if C++-style comments work.
|   // Iterate through items via the restricted pointer.
|   // Also check for declarations in for loops.
|   for (unsigned int i = 0; *(text+i) != '\0'; ++i)
|     continue;
|   return 0;
| }
| 
| // Check varargs and va_copy.
| static void
| test_varargs (const char *format, ...)
| {
|   va_list args;
|   va_start (args, format);
|   va_list args_copy;
|   va_copy (args_copy, args);
| 
|   const char *str;
|   int number;
|   float fnumber;
| 
|   while (*format)
|     {
|       switch (*format++)
| 	{
| 	case 's': // string
| 	  str = va_arg (args_copy, const char *);
| 	  break;
| 	case 'd': // int
| 	  number = va_arg (args_copy, int);
| 	  break;
| 	case 'f': // float
| 	  fnumber = va_arg (args_copy, double);
| 	  break;
| 	default:
| 	  break;
| 	}
|     }
|   va_end (args_copy);
|   va_end (args);
| }
| 
| int
| main ()
| {
| 
|   // Check bool.
|   _Bool success = false;
| 
|   // Check restrict.
|   if (test_restrict ("String literal") == 0)
|     success = true;
|   char *restrict newvar = "Another string";
| 
|   // Check varargs.
|   test_varargs ("s, d' f .", "string", 65, 34.234);
|   test_varargs_macros ();
| 
|   // Check flexible array members.
|   struct incomplete_array *ia =
|     malloc (sizeof (struct incomplete_array) + (sizeof (double) * 10));
|   ia->datasize = 10;
|   for (int i = 0; i < ia->datasize; ++i)
|     ia->data[i] = i * 1.234;
| 
|   // Check named initializers.
|   struct named_init ni = {
|     .number = 34,
|     .name = L"Test wide string",
|     .average = 543.34343,
|   };
| 
|   ni.number = 58;
| 
|   int dynamic_array[ni.number];
|   dynamic_array[ni.number - 1] = 543;
| 
|   // work around unused variable warnings
|   return (!success || bignum == 0LL || ubignum == 0uLL || newvar[0] == 'x'
| 	  || dynamic_array[ni.number - 1] != 543);
| 
|   ;
|   return 0;
| }
configure:5231: arm-linux-androideabi-gcc -std=gnu99 -c  	-D__ARM_ARCH_5__ 	-D__ARM_ARCH_5T__ 	-D__ARM_ARCH_5E__ 	-D__ARM_ARCH_5TE__ 	-DANDROID 	  	-I/home/chris/android-9/include 	-I/home/chris/android-9/sysroot/usr/include 	  	-fno-strict-aliasing 	-Os 	  	-fomit-frame-pointer 	  	-Wall 	-Wno-unused 	-Wno-multichar 	  	  	-mthumb 	    	-D__ARM_ARCH_5__ 	-D__ARM_ARCH_5T__ 	-D__ARM_ARCH_5E__ 	-D__ARM_ARCH_5TE__ 	-DANDROID 	  	-I/home/chris/android-9/include 	-I/home/chris/android-9/sysroot/usr/include 	  	-fno-strict-aliasing 	-Os 	  	-fomit-frame-pointer 	  	-Wall 	-Wno-unused 	-Wno-multichar 	  	  	-mthumb 	  conftest.c >&5
configure:5231: $? = 0
configure:5251: result: -std=gnu99
configure:5353: checking for arm-linux-androideabi-gcc -std=gnu99 option to accept ISO Standard C
configure:5367: result: -std=gnu99
configure:5376: checking how to run the C preprocessor
configure:5446: result: arm-linux-androideabi-gcc -E
configure:5466: arm-linux-androideabi-gcc -E  	-D__ARM_ARCH_5__ 	-D__ARM_ARCH_5T__ 	-D__ARM_ARCH_5E__ 	-D__ARM_ARCH_5TE__ 	-DANDROID 	  	-I/home/chris/android-9/include 	-I/home/chris/android-9/sysroot/usr/include 	  	-fno-strict-aliasing 	-Os 	  	-fomit-frame-pointer 	  	-Wall 	-Wno-unused 	-Wno-multichar 	  	  	-mthumb 	  conftest.c
configure:5466: $? = 0
configure:5480: arm-linux-androideabi-gcc -E  	-D__ARM_ARCH_5__ 	-D__ARM_ARCH_5T__ 	-D__ARM_ARCH_5E__ 	-D__ARM_ARCH_5TE__ 	-DANDROID 	  	-I/home/chris/android-9/include 	-I/home/chris/android-9/sysroot/usr/include 	  	-fno-strict-aliasing 	-Os 	  	-fomit-frame-pointer 	  	-Wall 	-Wno-unused 	-Wno-multichar 	  	  	-mthumb 	  conftest.c
conftest.c:24:28: error: ac_nonexistent.h: No such file or directory
configure:5480: $? = 1
configure: failed program was:
| /* confdefs.h */
| #define PACKAGE_NAME "libjpeg"
| #define PACKAGE_TARNAME "libjpeg"
| #define PACKAGE_VERSION "8.0.2"
| #define PACKAGE_STRING "libjpeg 8.0.2"
| #define PACKAGE_BUGREPORT ""
| #define PACKAGE_URL ""
| #define PACKAGE "libjpeg"
| #define VERSION "8.0.2"
| #define PROTOTYPES 1
| #define __PROTOTYPES 1
| #define STDC_HEADERS 1
| #define HAVE_SYS_TYPES_H 1
| #define HAVE_SYS_STAT_H 1
| #define HAVE_STDLIB_H 1
| #define HAVE_STRING_H 1
| #define HAVE_MEMORY_H 1
| #define HAVE_STRINGS_H 1
| #define HAVE_INTTYPES_H 1
| #define HAVE_STDINT_H 1
| #define HAVE_UNISTD_H 1
| #define HAVE_STRING_H 1
| /* end confdefs.h.  */
| #include <ac_nonexistent.h>
configure:5509: checking whether make sets $(MAKE)
configure:5531: result: yes
configure:5540: checking whether ln -s works
configure:5544: result: yes
configure:5560: checking if LD -Wl,--version-script works
configure:5584: arm-linux-androideabi-gcc -std=gnu99 -o conftest  	-D__ARM_ARCH_5__ 	-D__ARM_ARCH_5T__ 	-D__ARM_ARCH_5E__ 	-D__ARM_ARCH_5TE__ 	-DANDROID 	  	-I/home/chris/android-9/include 	-I/home/chris/android-9/sysroot/usr/include 	  	-fno-strict-aliasing 	-Os 	  	-fomit-frame-pointer 	  	-Wall 	-Wno-unused 	-Wno-multichar 	  	  	-mthumb 	    	-D__ARM_ARCH_5__ 	-D__ARM_ARCH_5T__ 	-D__ARM_ARCH_5E__ 	-D__ARM_ARCH_5TE__ 	-DANDROID 	  	-I/home/chris/android-9/include 	-I/home/chris/android-9/sysroot/usr/include 	  	-fno-strict-aliasing 	-Os 	  	-fomit-frame-pointer 	  	-Wall 	-Wno-unused 	-Wno-multichar 	  	  	-mthumb 	   	-L/home/chris/android-9/lib 	-L/home/chris/android-9/sysroot/usr/lib 	   	/home/chris/android-9/bin/../lib/gcc/arm-linux-androideabi/4.4.3/thumb/libgcc.a 	/home/chris/android-9/bin/../lib/gcc/arm-linux-androideabi/4.4.3/../../../../arm-linux-androideabi/lib/thumb/libstdc++.a 	/home/chris/android-9/bin/../lib/gcc/arm-linux-androideabi/4.4.3/../../../../arm-linux-androideabi/lib/thumb/libsupc++.a 	  -lc -lm  -Wl,--version-script=conftest.map conftest.c  -lc -lm   	  >&5
configure:5584: $? = 0
configure:5593: result: yes
configure:5606: checking for function prototypes
configure:5633: arm-linux-androideabi-gcc -std=gnu99 -c  	-D__ARM_ARCH_5__ 	-D__ARM_ARCH_5T__ 	-D__ARM_ARCH_5E__ 	-D__ARM_ARCH_5TE__ 	-DANDROID 	  	-I/home/chris/android-9/include 	-I/home/chris/android-9/sysroot/usr/include 	  	-fno-strict-aliasing 	-Os 	  	-fomit-frame-pointer 	  	-Wall 	-Wno-unused 	-Wno-multichar 	  	  	-mthumb 	    	-D__ARM_ARCH_5__ 	-D__ARM_ARCH_5T__ 	-D__ARM_ARCH_5E__ 	-D__ARM_ARCH_5TE__ 	-DANDROID 	  	-I/home/chris/android-9/include 	-I/home/chris/android-9/sysroot/usr/include 	  	-fno-strict-aliasing 	-Os 	  	-fomit-frame-pointer 	  	-Wall 	-Wno-unused 	-Wno-multichar 	  	  	-mthumb 	  conftest.c >&5
configure:5633: $? = 0
configure:5641: result: yes
configure:5659: checking stddef.h usability
configure:5659: arm-linux-androideabi-gcc -std=gnu99 -c  	-D__ARM_ARCH_5__ 	-D__ARM_ARCH_5T__ 	-D__ARM_ARCH_5E__ 	-D__ARM_ARCH_5TE__ 	-DANDROID 	  	-I/home/chris/android-9/include 	-I/home/chris/android-9/sysroot/usr/include 	  	-fno-strict-aliasing 	-Os 	  	-fomit-frame-pointer 	  	-Wall 	-Wno-unused 	-Wno-multichar 	  	  	-mthumb 	    	-D__ARM_ARCH_5__ 	-D__ARM_ARCH_5T__ 	-D__ARM_ARCH_5E__ 	-D__ARM_ARCH_5TE__ 	-DANDROID 	  	-I/home/chris/android-9/include 	-I/home/chris/android-9/sysroot/usr/include 	  	-fno-strict-aliasing 	-Os 	  	-fomit-frame-pointer 	  	-Wall 	-Wno-unused 	-Wno-multichar 	  	  	-mthumb 	  conftest.c >&5
configure:5659: $? = 0
configure:5659: result: yes
configure:5659: checking stddef.h presence
configure:5659: arm-linux-androideabi-gcc -E  	-D__ARM_ARCH_5__ 	-D__ARM_ARCH_5T__ 	-D__ARM_ARCH_5E__ 	-D__ARM_ARCH_5TE__ 	-DANDROID 	  	-I/home/chris/android-9/include 	-I/home/chris/android-9/sysroot/usr/include 	  	-fno-strict-aliasing 	-Os 	  	-fomit-frame-pointer 	  	-Wall 	-Wno-unused 	-Wno-multichar 	  	  	-mthumb 	  conftest.c
configure:5659: $? = 0
configure:5659: result: yes
configure:5659: checking for stddef.h
configure:5659: result: yes
configure:5659: checking for stdlib.h
configure:5659: result: yes
configure:5659: checking locale.h usability
configure:5659: arm-linux-androideabi-gcc -std=gnu99 -c  	-D__ARM_ARCH_5__ 	-D__ARM_ARCH_5T__ 	-D__ARM_ARCH_5E__ 	-D__ARM_ARCH_5TE__ 	-DANDROID 	  	-I/home/chris/android-9/include 	-I/home/chris/android-9/sysroot/usr/include 	  	-fno-strict-aliasing 	-Os 	  	-fomit-frame-pointer 	  	-Wall 	-Wno-unused 	-Wno-multichar 	  	  	-mthumb 	    	-D__ARM_ARCH_5__ 	-D__ARM_ARCH_5T__ 	-D__ARM_ARCH_5E__ 	-D__ARM_ARCH_5TE__ 	-DANDROID 	  	-I/home/chris/android-9/include 	-I/home/chris/android-9/sysroot/usr/include 	  	-fno-strict-aliasing 	-Os 	  	-fomit-frame-pointer 	  	-Wall 	-Wno-unused 	-Wno-multichar 	  	  	-mthumb 	  conftest.c >&5
configure:5659: $? = 0
configure:5659: result: yes
configure:5659: checking locale.h presence
configure:5659: arm-linux-androideabi-gcc -E  	-D__ARM_ARCH_5__ 	-D__ARM_ARCH_5T__ 	-D__ARM_ARCH_5E__ 	-D__ARM_ARCH_5TE__ 	-DANDROID 	  	-I/home/chris/android-9/include 	-I/home/chris/android-9/sysroot/usr/include 	  	-fno-strict-aliasing 	-Os 	  	-fomit-frame-pointer 	  	-Wall 	-Wno-unused 	-Wno-multichar 	  	  	-mthumb 	  conftest.c
configure:5659: $? = 0
configure:5659: result: yes
configure:5659: checking for locale.h
configure:5659: result: yes
configure:5670: checking for string.h
configure:5670: result: yes
configure:5683: checking for size_t
configure:5710: arm-linux-androideabi-gcc -std=gnu99 -c  	-D__ARM_ARCH_5__ 	-D__ARM_ARCH_5T__ 	-D__ARM_ARCH_5E__ 	-D__ARM_ARCH_5TE__ 	-DANDROID 	  	-I/home/chris/android-9/include 	-I/home/chris/android-9/sysroot/usr/include 	  	-fno-strict-aliasing 	-Os 	  	-fomit-frame-pointer 	  	-Wall 	-Wno-unused 	-Wno-multichar 	  	  	-mthumb 	    	-D__ARM_ARCH_5__ 	-D__ARM_ARCH_5T__ 	-D__ARM_ARCH_5E__ 	-D__ARM_ARCH_5TE__ 	-DANDROID 	  	-I/home/chris/android-9/include 	-I/home/chris/android-9/sysroot/usr/include 	  	-fno-strict-aliasing 	-Os 	  	-fomit-frame-pointer 	  	-Wall 	-Wno-unused 	-Wno-multichar 	  	  	-mthumb 	  conftest.c >&5
configure:5710: $? = 0
configure:5716: result: yes
configure:5750: checking for type unsigned char
configure:5763: arm-linux-androideabi-gcc -std=gnu99 -c  	-D__ARM_ARCH_5__ 	-D__ARM_ARCH_5T__ 	-D__ARM_ARCH_5E__ 	-D__ARM_ARCH_5TE__ 	-DANDROID 	  	-I/home/chris/android-9/include 	-I/home/chris/android-9/sysroot/usr/include 	  	-fno-strict-aliasing 	-Os 	  	-fomit-frame-pointer 	  	-Wall 	-Wno-unused 	-Wno-multichar 	  	  	-mthumb 	    	-D__ARM_ARCH_5__ 	-D__ARM_ARCH_5T__ 	-D__ARM_ARCH_5E__ 	-D__ARM_ARCH_5TE__ 	-DANDROID 	  	-I/home/chris/android-9/include 	-I/home/chris/android-9/sysroot/usr/include 	  	-fno-strict-aliasing 	-Os 	  	-fomit-frame-pointer 	  	-Wall 	-Wno-unused 	-Wno-multichar 	  	  	-mthumb 	  conftest.c >&5
configure:5763: $? = 0
configure:5764: result: yes
configure:5774: checking for type unsigned short
configure:5787: arm-linux-androideabi-gcc -std=gnu99 -c  	-D__ARM_ARCH_5__ 	-D__ARM_ARCH_5T__ 	-D__ARM_ARCH_5E__ 	-D__ARM_ARCH_5TE__ 	-DANDROID 	  	-I/home/chris/android-9/include 	-I/home/chris/android-9/sysroot/usr/include 	  	-fno-strict-aliasing 	-Os 	  	-fomit-frame-pointer 	  	-Wall 	-Wno-unused 	-Wno-multichar 	  	  	-mthumb 	    	-D__ARM_ARCH_5__ 	-D__ARM_ARCH_5T__ 	-D__ARM_ARCH_5E__ 	-D__ARM_ARCH_5TE__ 	-DANDROID 	  	-I/home/chris/android-9/include 	-I/home/chris/android-9/sysroot/usr/include 	  	-fno-strict-aliasing 	-Os 	  	-fomit-frame-pointer 	  	-Wall 	-Wno-unused 	-Wno-multichar 	  	  	-mthumb 	  conftest.c >&5
configure:5787: $? = 0
configure:5788: result: yes
configure:5798: checking for type void
configure:5832: arm-linux-androideabi-gcc -std=gnu99 -c  	-D__ARM_ARCH_5__ 	-D__ARM_ARCH_5T__ 	-D__ARM_ARCH_5E__ 	-D__ARM_ARCH_5TE__ 	-DANDROID 	  	-I/home/chris/android-9/include 	-I/home/chris/android-9/sysroot/usr/include 	  	-fno-strict-aliasing 	-Os 	  	-fomit-frame-pointer 	  	-Wall 	-Wno-unused 	-Wno-multichar 	  	  	-mthumb 	    	-D__ARM_ARCH_5__ 	-D__ARM_ARCH_5T__ 	-D__ARM_ARCH_5E__ 	-D__ARM_ARCH_5TE__ 	-DANDROID 	  	-I/home/chris/android-9/include 	-I/home/chris/android-9/sysroot/usr/include 	  	-fno-strict-aliasing 	-Os 	  	-fomit-frame-pointer 	  	-Wall 	-Wno-unused 	-Wno-multichar 	  	  	-mthumb 	  conftest.c >&5
configure:5832: $? = 0
configure:5833: result: yes
configure:5843: checking for an ANSI C-conforming const
configure:5908: arm-linux-androideabi-gcc -std=gnu99 -c  	-D__ARM_ARCH_5__ 	-D__ARM_ARCH_5T__ 	-D__ARM_ARCH_5E__ 	-D__ARM_ARCH_5TE__ 	-DANDROID 	  	-I/home/chris/android-9/include 	-I/home/chris/android-9/sysroot/usr/include 	  	-fno-strict-aliasing 	-Os 	  	-fomit-frame-pointer 	  	-Wall 	-Wno-unused 	-Wno-multichar 	  	  	-mthumb 	    	-D__ARM_ARCH_5__ 	-D__ARM_ARCH_5T__ 	-D__ARM_ARCH_5E__ 	-D__ARM_ARCH_5TE__ 	-DANDROID 	  	-I/home/chris/android-9/include 	-I/home/chris/android-9/sysroot/usr/include 	  	-fno-strict-aliasing 	-Os 	  	-fomit-frame-pointer 	  	-Wall 	-Wno-unused 	-Wno-multichar 	  	  	-mthumb 	  conftest.c >&5
conftest.c: In function 'main':
conftest.c:59: warning: 't' is used uninitialized in this function
conftest.c:75: warning: 'b' is used uninitialized in this function
conftest.c:81: warning: 'cs[0]' is used uninitialized in this function
configure:5908: $? = 0
configure:5915: result: yes
configure:5925: checking for inline
configure:5940: arm-linux-androideabi-gcc -std=gnu99 -c  	-D__ARM_ARCH_5__ 	-D__ARM_ARCH_5T__ 	-D__ARM_ARCH_5E__ 	-D__ARM_ARCH_5TE__ 	-DANDROID 	  	-I/home/chris/android-9/include 	-I/home/chris/android-9/sysroot/usr/include 	  	-fno-strict-aliasing 	-Os 	  	-fomit-frame-pointer 	  	-Wall 	-Wno-unused 	-Wno-multichar 	  	  	-mthumb 	    	-D__ARM_ARCH_5__ 	-D__ARM_ARCH_5T__ 	-D__ARM_ARCH_5E__ 	-D__ARM_ARCH_5TE__ 	-DANDROID 	  	-I/home/chris/android-9/include 	-I/home/chris/android-9/sysroot/usr/include 	  	-fno-strict-aliasing 	-Os 	  	-fomit-frame-pointer 	  	-Wall 	-Wno-unused 	-Wno-multichar 	  	  	-mthumb 	  conftest.c >&5
configure:5940: $? = 0
configure:5978: result: __inline__
configure:5987: checking for broken incomplete types
configure:6000: arm-linux-androideabi-gcc -std=gnu99 -c  	-D__ARM_ARCH_5__ 	-D__ARM_ARCH_5T__ 	-D__ARM_ARCH_5E__ 	-D__ARM_ARCH_5TE__ 	-DANDROID 	  	-I/home/chris/android-9/include 	-I/home/chris/android-9/sysroot/usr/include 	  	-fno-strict-aliasing 	-Os 	  	-fomit-frame-pointer 	  	-Wall 	-Wno-unused 	-Wno-multichar 	  	  	-mthumb 	    	-D__ARM_ARCH_5__ 	-D__ARM_ARCH_5T__ 	-D__ARM_ARCH_5E__ 	-D__ARM_ARCH_5TE__ 	-DANDROID 	  	-I/home/chris/android-9/include 	-I/home/chris/android-9/sysroot/usr/include 	  	-fno-strict-aliasing 	-Os 	  	-fomit-frame-pointer 	  	-Wall 	-Wno-unused 	-Wno-multichar 	  	  	-mthumb 	  conftest.c >&5
configure:6000: $? = 0
configure:6001: result: ok
configure:6013: checking for short external names
configure:6029: arm-linux-androideabi-gcc -std=gnu99 -o conftest  	-D__ARM_ARCH_5__ 	-D__ARM_ARCH_5T__ 	-D__ARM_ARCH_5E__ 	-D__ARM_ARCH_5TE__ 	-DANDROID 	  	-I/home/chris/android-9/include 	-I/home/chris/android-9/sysroot/usr/include 	  	-fno-strict-aliasing 	-Os 	  	-fomit-frame-pointer 	  	-Wall 	-Wno-unused 	-Wno-multichar 	  	  	-mthumb 	    	-D__ARM_ARCH_5__ 	-D__ARM_ARCH_5T__ 	-D__ARM_ARCH_5E__ 	-D__ARM_ARCH_5TE__ 	-DANDROID 	  	-I/home/chris/android-9/include 	-I/home/chris/android-9/sysroot/usr/include 	  	-fno-strict-aliasing 	-Os 	  	-fomit-frame-pointer 	  	-Wall 	-Wno-unused 	-Wno-multichar 	  	  	-mthumb 	   	-L/home/chris/android-9/lib 	-L/home/chris/android-9/sysroot/usr/lib 	   	/home/chris/android-9/bin/../lib/gcc/arm-linux-androideabi/4.4.3/thumb/libgcc.a 	/home/chris/android-9/bin/../lib/gcc/arm-linux-androideabi/4.4.3/../../../../arm-linux-androideabi/lib/thumb/libstdc++.a 	/home/chris/android-9/bin/../lib/gcc/arm-linux-androideabi/4.4.3/../../../../arm-linux-androideabi/lib/thumb/libsupc++.a 	  -lc -lm  conftest.c  -lc -lm   	  >&5
configure:6029: $? = 0
configure:6030: result: ok
configure:6043: checking to see if char is signed
configure:6088: checking to see if right shift is signed
configure:6091: result: Assuming that right shift is signed on target machine.
configure:6138: checking to see if fopen accepts b spec
configure:6141: result: Assuming that it does.
configure:6498: checking for a sed that does not truncate output
configure:6562: result: /bin/sed
configure:6580: checking for fgrep
configure:6642: result: /bin/grep -F
configure:6677: checking for ld used by arm-linux-androideabi-gcc -std=gnu99
configure:6744: result: arm-linux-androideabi-ld
configure:6751: checking if the linker (arm-linux-androideabi-ld) is GNU ld
configure:6766: result: yes
configure:6778: checking for BSD- or MS-compatible name lister (nm)
configure:6827: result: arm-linux-androideabi-nm
configure:6945: checking the name lister (arm-linux-androideabi-nm) interface
configure:6952: arm-linux-androideabi-gcc -std=gnu99 -c  	-D__ARM_ARCH_5__ 	-D__ARM_ARCH_5T__ 	-D__ARM_ARCH_5E__ 	-D__ARM_ARCH_5TE__ 	-DANDROID 	  	-I/home/chris/android-9/include 	-I/home/chris/android-9/sysroot/usr/include 	  	-fno-strict-aliasing 	-Os 	  	-fomit-frame-pointer 	  	-Wall 	-Wno-unused 	-Wno-multichar 	  	  	-mthumb 	    	-D__ARM_ARCH_5__ 	-D__ARM_ARCH_5T__ 	-D__ARM_ARCH_5E__ 	-D__ARM_ARCH_5TE__ 	-DANDROID 	  	-I/home/chris/android-9/include 	-I/home/chris/android-9/sysroot/usr/include 	  	-fno-strict-aliasing 	-Os 	  	-fomit-frame-pointer 	  	-Wall 	-Wno-unused 	-Wno-multichar 	  	  	-mthumb 	  conftest.c >&5
configure:6955: arm-linux-androideabi-nm "conftest.o"
configure:6958: output
00000000 B some_variable
configure:6965: result: BSD nm
configure:6969: checking the maximum length of command line arguments
configure:7089: result: 1572864
configure:7106: checking whether the shell understands some XSI constructs
configure:7116: result: yes
configure:7120: checking whether the shell understands "+="
configure:7126: result: yes
configure:7161: checking for arm-linux-androideabi-ld option to reload object files
configure:7168: result: -r
configure:7197: checking for arm-linux-androideabi-objdump
configure:7224: result: objdump
configure:7293: checking how to recognize dependent libraries
configure:7489: result: pass_all
configure:7509: checking for arm-linux-androideabi-ar
configure:7536: result: arm-linux-androideabi-ar
configure:7614: checking for arm-linux-androideabi-strip
configure:7641: result: arm-linux-androideabi-strip
configure:7713: checking for arm-linux-androideabi-ranlib
configure:7740: result: arm-linux-androideabi-ranlib
configure:7870: checking command to parse arm-linux-androideabi-nm output from arm-linux-androideabi-gcc -std=gnu99 object
configure:7988: arm-linux-androideabi-gcc -std=gnu99 -c  	-D__ARM_ARCH_5__ 	-D__ARM_ARCH_5T__ 	-D__ARM_ARCH_5E__ 	-D__ARM_ARCH_5TE__ 	-DANDROID 	  	-I/home/chris/android-9/include 	-I/home/chris/android-9/sysroot/usr/include 	  	-fno-strict-aliasing 	-Os 	  	-fomit-frame-pointer 	  	-Wall 	-Wno-unused 	-Wno-multichar 	  	  	-mthumb 	    	-D__ARM_ARCH_5__ 	-D__ARM_ARCH_5T__ 	-D__ARM_ARCH_5E__ 	-D__ARM_ARCH_5TE__ 	-DANDROID 	  	-I/home/chris/android-9/include 	-I/home/chris/android-9/sysroot/usr/include 	  	-fno-strict-aliasing 	-Os 	  	-fomit-frame-pointer 	  	-Wall 	-Wno-unused 	-Wno-multichar 	  	  	-mthumb 	  conftest.c >&5
configure:7991: $? = 0
configure:7995: arm-linux-androideabi-nm conftest.o \| sed -n -e 's/^.*[	 ]\([ABCDGIRSTW][ABCDGIRSTW]*\)[	 ][	 ]*\([_A-Za-z][_A-Za-z0-9]*\)$/\1 \2 \2/p' \> conftest.nm
configure:7998: $? = 0
configure:8052: arm-linux-androideabi-gcc -std=gnu99 -o conftest  	-D__ARM_ARCH_5__ 	-D__ARM_ARCH_5T__ 	-D__ARM_ARCH_5E__ 	-D__ARM_ARCH_5TE__ 	-DANDROID 	  	-I/home/chris/android-9/include 	-I/home/chris/android-9/sysroot/usr/include 	  	-fno-strict-aliasing 	-Os 	  	-fomit-frame-pointer 	  	-Wall 	-Wno-unused 	-Wno-multichar 	  	  	-mthumb 	    	-D__ARM_ARCH_5__ 	-D__ARM_ARCH_5T__ 	-D__ARM_ARCH_5E__ 	-D__ARM_ARCH_5TE__ 	-DANDROID 	  	-I/home/chris/android-9/include 	-I/home/chris/android-9/sysroot/usr/include 	  	-fno-strict-aliasing 	-Os 	  	-fomit-frame-pointer 	  	-Wall 	-Wno-unused 	-Wno-multichar 	  	  	-mthumb 	   	-L/home/chris/android-9/lib 	-L/home/chris/android-9/sysroot/usr/lib 	   	/home/chris/android-9/bin/../lib/gcc/arm-linux-androideabi/4.4.3/thumb/libgcc.a 	/home/chris/android-9/bin/../lib/gcc/arm-linux-androideabi/4.4.3/../../../../arm-linux-androideabi/lib/thumb/libstdc++.a 	/home/chris/android-9/bin/../lib/gcc/arm-linux-androideabi/4.4.3/../../../../arm-linux-androideabi/lib/thumb/libsupc++.a 	  -lc -lm  conftest.c conftstm.o >&5
configure:8055: $? = 0
configure:8093: result: ok
configure:8898: checking for dlfcn.h
configure:8898: arm-linux-androideabi-gcc -std=gnu99 -c  	-D__ARM_ARCH_5__ 	-D__ARM_ARCH_5T__ 	-D__ARM_ARCH_5E__ 	-D__ARM_ARCH_5TE__ 	-DANDROID 	  	-I/home/chris/android-9/include 	-I/home/chris/android-9/sysroot/usr/include 	  	-fno-strict-aliasing 	-Os 	  	-fomit-frame-pointer 	  	-Wall 	-Wno-unused 	-Wno-multichar 	  	  	-mthumb 	    	-D__ARM_ARCH_5__ 	-D__ARM_ARCH_5T__ 	-D__ARM_ARCH_5E__ 	-D__ARM_ARCH_5TE__ 	-DANDROID 	  	-I/home/chris/android-9/include 	-I/home/chris/android-9/sysroot/usr/include 	  	-fno-strict-aliasing 	-Os 	  	-fomit-frame-pointer 	  	-Wall 	-Wno-unused 	-Wno-multichar 	  	  	-mthumb 	  conftest.c >&5
configure:8898: $? = 0
configure:8898: result: yes
configure:9080: checking for objdir
configure:9095: result: .libs
configure:9387: checking if arm-linux-androideabi-gcc -std=gnu99 supports -fno-rtti -fno-exceptions
configure:9405: arm-linux-androideabi-gcc -std=gnu99 -c  	-D__ARM_ARCH_5__ 	-D__ARM_ARCH_5T__ 	-D__ARM_ARCH_5E__ 	-D__ARM_ARCH_5TE__ 	-DANDROID 	  	-I/home/chris/android-9/include 	-I/home/chris/android-9/sysroot/usr/include 	  	-fno-strict-aliasing 	-Os 	  	-fomit-frame-pointer 	  	-Wall 	-Wno-unused 	-Wno-multichar 	  	  	-mthumb 	    	-D__ARM_ARCH_5__ 	-D__ARM_ARCH_5T__ 	-D__ARM_ARCH_5E__ 	-D__ARM_ARCH_5TE__ 	-DANDROID 	  	-I/home/chris/android-9/include 	-I/home/chris/android-9/sysroot/usr/include 	  	-fno-strict-aliasing 	-Os 	  	-fomit-frame-pointer 	  	-Wall 	-Wno-unused 	-Wno-multichar 	  	  	-mthumb 	  -fno-rtti -fno-exceptions conftest.c >&5
cc1: warning: command line option "-fno-rtti" is valid for C++/ObjC++ but not for C
configure:9409: $? = 0
configure:9422: result: no
configure:9442: checking for arm-linux-androideabi-gcc -std=gnu99 option to produce PIC
configure:9714: result: -fPIC -DPIC
configure:9726: checking if arm-linux-androideabi-gcc -std=gnu99 PIC flag -fPIC -DPIC works
configure:9744: arm-linux-androideabi-gcc -std=gnu99 -c  	-D__ARM_ARCH_5__ 	-D__ARM_ARCH_5T__ 	-D__ARM_ARCH_5E__ 	-D__ARM_ARCH_5TE__ 	-DANDROID 	  	-I/home/chris/android-9/include 	-I/home/chris/android-9/sysroot/usr/include 	  	-fno-strict-aliasing 	-Os 	  	-fomit-frame-pointer 	  	-Wall 	-Wno-unused 	-Wno-multichar 	  	  	-mthumb 	    	-D__ARM_ARCH_5__ 	-D__ARM_ARCH_5T__ 	-D__ARM_ARCH_5E__ 	-D__ARM_ARCH_5TE__ 	-DANDROID 	  	-I/home/chris/android-9/include 	-I/home/chris/android-9/sysroot/usr/include 	  	-fno-strict-aliasing 	-Os 	  	-fomit-frame-pointer 	  	-Wall 	-Wno-unused 	-Wno-multichar 	  	  	-mthumb 	  -fPIC -DPIC -DPIC conftest.c >&5
configure:9748: $? = 0
configure:9761: result: yes
configure:9785: checking if arm-linux-androideabi-gcc -std=gnu99 static flag -static works
configure:9813: result: yes
configure:9828: checking if arm-linux-androideabi-gcc -std=gnu99 supports -c -o file.o
configure:9849: arm-linux-androideabi-gcc -std=gnu99 -c  	-D__ARM_ARCH_5__ 	-D__ARM_ARCH_5T__ 	-D__ARM_ARCH_5E__ 	-D__ARM_ARCH_5TE__ 	-DANDROID 	  	-I/home/chris/android-9/include 	-I/home/chris/android-9/sysroot/usr/include 	  	-fno-strict-aliasing 	-Os 	  	-fomit-frame-pointer 	  	-Wall 	-Wno-unused 	-Wno-multichar 	  	  	-mthumb 	    	-D__ARM_ARCH_5__ 	-D__ARM_ARCH_5T__ 	-D__ARM_ARCH_5E__ 	-D__ARM_ARCH_5TE__ 	-DANDROID 	  	-I/home/chris/android-9/include 	-I/home/chris/android-9/sysroot/usr/include 	  	-fno-strict-aliasing 	-Os 	  	-fomit-frame-pointer 	  	-Wall 	-Wno-unused 	-Wno-multichar 	  	  	-mthumb 	  -o out/conftest2.o conftest.c >&5
configure:9853: $? = 0
configure:9875: result: yes
configure:9883: checking if arm-linux-androideabi-gcc -std=gnu99 supports -c -o file.o
configure:9930: result: yes
configure:9963: checking whether the arm-linux-androideabi-gcc -std=gnu99 linker (arm-linux-androideabi-ld) supports shared libraries
configure:10949: result: yes
configure:10986: checking whether -lc should be explicitly linked in
configure:10991: arm-linux-androideabi-gcc -std=gnu99 -c  	-D__ARM_ARCH_5__ 	-D__ARM_ARCH_5T__ 	-D__ARM_ARCH_5E__ 	-D__ARM_ARCH_5TE__ 	-DANDROID 	  	-I/home/chris/android-9/include 	-I/home/chris/android-9/sysroot/usr/include 	  	-fno-strict-aliasing 	-Os 	  	-fomit-frame-pointer 	  	-Wall 	-Wno-unused 	-Wno-multichar 	  	  	-mthumb 	    	-D__ARM_ARCH_5__ 	-D__ARM_ARCH_5T__ 	-D__ARM_ARCH_5E__ 	-D__ARM_ARCH_5TE__ 	-DANDROID 	  	-I/home/chris/android-9/include 	-I/home/chris/android-9/sysroot/usr/include 	  	-fno-strict-aliasing 	-Os 	  	-fomit-frame-pointer 	  	-Wall 	-Wno-unused 	-Wno-multichar 	  	  	-mthumb 	  conftest.c >&5
configure:10994: $? = 0
configure:11009: arm-linux-androideabi-gcc -std=gnu99 -shared conftest.o  -v -Wl,-soname -Wl,conftest -o conftest 2\>\&1 \| /bin/grep  -lc  \>/dev/null 2\>\&1
configure:11012: $? = 0
configure:11024: result: no
configure:11188: checking dynamic linker characteristics
configure:11621: arm-linux-androideabi-gcc -std=gnu99 -o conftest  	-D__ARM_ARCH_5__ 	-D__ARM_ARCH_5T__ 	-D__ARM_ARCH_5E__ 	-D__ARM_ARCH_5TE__ 	-DANDROID 	  	-I/home/chris/android-9/include 	-I/home/chris/android-9/sysroot/usr/include 	  	-fno-strict-aliasing 	-Os 	  	-fomit-frame-pointer 	  	-Wall 	-Wno-unused 	-Wno-multichar 	  	  	-mthumb 	    	-D__ARM_ARCH_5__ 	-D__ARM_ARCH_5T__ 	-D__ARM_ARCH_5E__ 	-D__ARM_ARCH_5TE__ 	-DANDROID 	  	-I/home/chris/android-9/include 	-I/home/chris/android-9/sysroot/usr/include 	  	-fno-strict-aliasing 	-Os 	  	-fomit-frame-pointer 	  	-Wall 	-Wno-unused 	-Wno-multichar 	  	  	-mthumb 	   	-L/home/chris/android-9/lib 	-L/home/chris/android-9/sysroot/usr/lib 	   	/home/chris/android-9/bin/../lib/gcc/arm-linux-androideabi/4.4.3/thumb/libgcc.a 	/home/chris/android-9/bin/../lib/gcc/arm-linux-androideabi/4.4.3/../../../../arm-linux-androideabi/lib/thumb/libstdc++.a 	/home/chris/android-9/bin/../lib/gcc/arm-linux-androideabi/4.4.3/../../../../arm-linux-androideabi/lib/thumb/libsupc++.a 	  -lc -lm  -Wl,-rpath -Wl,/foo conftest.c  -lc -lm   	  >&5
configure:11621: $? = 0
configure:11839: result: GNU/Linux ld.so
configure:11941: checking how to hardcode library paths into programs
configure:11966: result: immediate
configure:12486: checking whether stripping libraries is possible
configure:12491: result: yes
configure:12526: checking if libtool supports shared libraries
configure:12528: result: yes
configure:12531: checking whether to build shared libraries
configure:12552: result: yes
configure:12555: checking whether to build static libraries
configure:12559: result: yes
configure:12675: checking libjpeg version number
configure:12679: result: 8:2
configure:12815: creating ./config.status

## ---------------------- ##
## Running config.status. ##
## ---------------------- ##

This file was extended by libjpeg config.status 8.0.2, which was
generated by GNU Autoconf 2.65.  Invocation command line was

  CONFIG_FILES    = 
  CONFIG_HEADERS  = 
  CONFIG_LINKS    = 
  CONFIG_COMMANDS = 
  $ ./config.status 

on ubuntu

config.status:1095: creating Makefile
config.status:1095: creating jconfig.h
config.status:1315: executing depfiles commands
config.status:1315: executing libtool commands

## ---------------- ##
## Cache variables. ##
## ---------------- ##

ac_cv_build=i686-pc-linux-gnu
ac_cv_c_compiler_gnu=yes
ac_cv_c_const=yes
ac_cv_env_CC_set=set
ac_cv_env_CC_value=arm-linux-androideabi-gcc
ac_cv_env_CFLAGS_set=set
ac_cv_env_CFLAGS_value=' 	-D__ARM_ARCH_5__ 	-D__ARM_ARCH_5T__ 	-D__ARM_ARCH_5E__ 	-D__ARM_ARCH_5TE__ 	-DANDROID 	  	-I/home/chris/android-9/include 	-I/home/chris/android-9/sysroot/usr/include 	  	-fno-strict-aliasing 	-Os 	  	-fomit-frame-pointer 	  	-Wall 	-Wno-unused 	-Wno-multichar 	  	  	-mthumb 	  '
ac_cv_env_CPPFLAGS_set=set
ac_cv_env_CPPFLAGS_value=' 	-D__ARM_ARCH_5__ 	-D__ARM_ARCH_5T__ 	-D__ARM_ARCH_5E__ 	-D__ARM_ARCH_5TE__ 	-DANDROID 	  	-I/home/chris/android-9/include 	-I/home/chris/android-9/sysroot/usr/include 	  	-fno-strict-aliasing 	-Os 	  	-fomit-frame-pointer 	  	-Wall 	-Wno-unused 	-Wno-multichar 	  	  	-mthumb 	 '
ac_cv_env_CPP_set=
ac_cv_env_CPP_value=
ac_cv_env_LDFLAGS_set=set
ac_cv_env_LDFLAGS_value=' 	-L/home/chris/android-9/lib 	-L/home/chris/android-9/sysroot/usr/lib 	   	/home/chris/android-9/bin/../lib/gcc/arm-linux-androideabi/4.4.3/thumb/libgcc.a 	/home/chris/android-9/bin/../lib/gcc/arm-linux-androideabi/4.4.3/../../../../arm-linux-androideabi/lib/thumb/libstdc++.a 	/home/chris/android-9/bin/../lib/gcc/arm-linux-androideabi/4.4.3/../../../../arm-linux-androideabi/lib/thumb/libsupc++.a 	  -lc -lm '
ac_cv_env_LIBS_set=set
ac_cv_env_LIBS_value=' -lc -lm   	 '
ac_cv_env_build_alias_set=set
ac_cv_env_build_alias_value=i686-linux-gnu
ac_cv_env_host_alias_set=set
ac_cv_env_host_alias_value=arm-linux-androideabi
ac_cv_env_target_alias_set=
ac_cv_env_target_alias_value=
ac_cv_header_dlfcn_h=yes
ac_cv_header_inttypes_h=yes
ac_cv_header_locale_h=yes
ac_cv_header_memory_h=yes
ac_cv_header_stdc=yes
ac_cv_header_stddef_h=yes
ac_cv_header_stdint_h=yes
ac_cv_header_stdlib_h=yes
ac_cv_header_string_h=yes
ac_cv_header_strings_h=yes
ac_cv_header_sys_stat_h=yes
ac_cv_header_sys_types_h=yes
ac_cv_header_unistd_h=yes
ac_cv_host=arm-unknown-linux-androideabi
ac_cv_objext=o
ac_cv_path_EGREP='/bin/grep -E'
ac_cv_path_FGREP='/bin/grep -F'
ac_cv_path_GREP=/bin/grep
ac_cv_path_SED=/bin/sed
ac_cv_path_install='/usr/bin/install -c'
ac_cv_path_mkdir=/bin/mkdir
ac_cv_prog_AR=arm-linux-androideabi-ar
ac_cv_prog_AWK=gawk
ac_cv_prog_CC=arm-linux-androideabi-gcc
ac_cv_prog_CPP='arm-linux-androideabi-gcc -E'
ac_cv_prog_OBJDUMP=objdump
ac_cv_prog_RANLIB=arm-linux-androideabi-ranlib
ac_cv_prog_STRIP=arm-linux-androideabi-strip
ac_cv_prog_cc_c89=
ac_cv_prog_cc_c99=-std=gnu99
ac_cv_prog_cc_g=yes
ac_cv_prog_cc_stdc=-std=gnu99
ac_cv_prog_make_make_set=yes
ac_cv_target=arm-unknown-linux-androideabi
am_cv_CC_dependencies_compiler_type=gcc3
ijg_cv_have_prototypes=yes
ijg_cv_inline=__inline__
lt_cv_deplibs_check_method=pass_all
lt_cv_file_magic_cmd='$MAGIC_CMD'
lt_cv_file_magic_test_file=
lt_cv_ld_reload_flag=-r
lt_cv_nm_interface='BSD nm'
lt_cv_objdir=.libs
lt_cv_path_LD=arm-linux-androideabi-ld
lt_cv_path_NM=arm-linux-androideabi-nm
lt_cv_prog_compiler_c_o=yes
lt_cv_prog_compiler_pic_works=yes
lt_cv_prog_compiler_rtti_exceptions=no
lt_cv_prog_compiler_static_works=yes
lt_cv_prog_gnu_ld=yes
lt_cv_sys_global_symbol_pipe='sed -n -e '\''s/^.*[	 ]\([ABCDGIRSTW][ABCDGIRSTW]*\)[	 ][	 ]*\([_A-Za-z][_A-Za-z0-9]*\)$/\1 \2 \2/p'\'''
lt_cv_sys_global_symbol_to_c_name_address='sed -n -e '\''s/^: \([^ ]*\) $/  {\"\1\", (void *) 0},/p'\'' -e '\''s/^[ABCDGIRSTW]* \([^ ]*\) \([^ ]*\)$/  {"\2", (void *) \&\2},/p'\'''
lt_cv_sys_global_symbol_to_c_name_address_lib_prefix='sed -n -e '\''s/^: \([^ ]*\) $/  {\"\1\", (void *) 0},/p'\'' -e '\''s/^[ABCDGIRSTW]* \([^ ]*\) \(lib[^ ]*\)$/  {"\2", (void *) \&\2},/p'\'' -e '\''s/^[ABCDGIRSTW]* \([^ ]*\) \([^ ]*\)$/  {"lib\2", (void *) \&\2},/p'\'''
lt_cv_sys_global_symbol_to_cdecl='sed -n -e '\''s/^T .* \(.*\)$/extern int \1();/p'\'' -e '\''s/^[ABCDGIRSTW]* .* \(.*\)$/extern char \1;/p'\'''
lt_cv_sys_max_cmd_len=1572864

## ----------------- ##
## Output variables. ##
## ----------------- ##

ACLOCAL='${SHELL} /home/chris/lib-src/jpeg-8b/missing --run aclocal-1.11'
AMDEPBACKSLASH='\'
AMDEP_FALSE='#'
AMDEP_TRUE=''
AMTAR='${SHELL} /home/chris/lib-src/jpeg-8b/missing --run tar'
AM_BACKSLASH='\'
AM_DEFAULT_VERBOSITY='0'
ANSI2KNR=''
AR='arm-linux-androideabi-ar'
AS='arm-linux-androideabi-as'
AUTOCONF='${SHELL} /home/chris/lib-src/jpeg-8b/missing --run autoconf'
AUTOHEADER='echo autoheader ignored'
AUTOMAKE='${SHELL} /home/chris/lib-src/jpeg-8b/missing --run automake-1.11'
AWK='gawk'
CC='arm-linux-androideabi-gcc -std=gnu99'
CCDEPMODE='depmode=gcc3'
CFLAGS=' 	-D__ARM_ARCH_5__ 	-D__ARM_ARCH_5T__ 	-D__ARM_ARCH_5E__ 	-D__ARM_ARCH_5TE__ 	-DANDROID 	  	-I/home/chris/android-9/include 	-I/home/chris/android-9/sysroot/usr/include 	  	-fno-strict-aliasing 	-Os 	  	-fomit-frame-pointer 	  	-Wall 	-Wno-unused 	-Wno-multichar 	  	  	-mthumb 	  '
CPP='arm-linux-androideabi-gcc -E'
CPPFLAGS=' 	-D__ARM_ARCH_5__ 	-D__ARM_ARCH_5T__ 	-D__ARM_ARCH_5E__ 	-D__ARM_ARCH_5TE__ 	-DANDROID 	  	-I/home/chris/android-9/include 	-I/home/chris/android-9/sysroot/usr/include 	  	-fno-strict-aliasing 	-Os 	  	-fomit-frame-pointer 	  	-Wall 	-Wno-unused 	-Wno-multichar 	  	  	-mthumb 	 '
CYGPATH_W='echo'
DEFS='-DHAVE_CONFIG_H'
DEPDIR='.deps'
DLLTOOL='dlltool'
DSYMUTIL=''
DUMPBIN=''
ECHO_C=''
ECHO_N='-n'
ECHO_T=''
EGREP='/bin/grep -E'
EXEEXT=''
FGREP='/bin/grep -F'
GREP='/bin/grep'
HAVE_LD_VERSION_SCRIPT_FALSE='#'
HAVE_LD_VERSION_SCRIPT_TRUE=''
INSTALL_DATA='${INSTALL} -m 644'
INSTALL_PROGRAM='${INSTALL}'
INSTALL_SCRIPT='${INSTALL}'
INSTALL_STRIP_PROGRAM='$(install_sh) -c -s'
JPEG_LIB_VERSION='8:2'
LD='arm-linux-androideabi-ld'
LDFLAGS=' 	-L/home/chris/android-9/lib 	-L/home/chris/android-9/sysroot/usr/lib 	   	/home/chris/android-9/bin/../lib/gcc/arm-linux-androideabi/4.4.3/thumb/libgcc.a 	/home/chris/android-9/bin/../lib/gcc/arm-linux-androideabi/4.4.3/../../../../arm-linux-androideabi/lib/thumb/libstdc++.a 	/home/chris/android-9/bin/../lib/gcc/arm-linux-androideabi/4.4.3/../../../../arm-linux-androideabi/lib/thumb/libsupc++.a 	  -lc -lm '
LIBOBJS=''
LIBS=' -lc -lm   	 '
LIBTOOL='$(SHELL) $(top_builddir)/libtool'
LIPO=''
LN_S='ln -s'
LTLIBOBJS=''
MAINT='#'
MAINTAINER_MODE_FALSE=''
MAINTAINER_MODE_TRUE='#'
MAKEINFO='${SHELL} /home/chris/lib-src/jpeg-8b/missing --run makeinfo'
MEMORYMGR='jmemnobs'
MKDIR_P='/bin/mkdir -p'
NM='arm-linux-androideabi-nm'
NMEDIT=''
OBJDUMP='objdump'
OBJEXT='o'
OTOOL64=''
OTOOL=''
PACKAGE='libjpeg'
PACKAGE_BUGREPORT=''
PACKAGE_NAME='libjpeg'
PACKAGE_STRING='libjpeg 8.0.2'
PACKAGE_TARNAME='libjpeg'
PACKAGE_URL=''
PACKAGE_VERSION='8.0.2'
PATH_SEPARATOR=':'
RANLIB='arm-linux-androideabi-ranlib'
SED='/bin/sed'
SET_MAKE=''
SHELL='/bin/bash'
STRIP='arm-linux-androideabi-strip'
U=''
VERSION='8.0.2'
ac_ct_CC=''
ac_ct_DUMPBIN=''
am__EXEEXT_FALSE=''
am__EXEEXT_TRUE='#'
am__fastdepCC_FALSE='#'
am__fastdepCC_TRUE=''
am__include='include'
am__isrc=''
am__leading_dot='.'
am__quote=''
am__tar='${AMTAR} chof - "$$tardir"'
am__untar='${AMTAR} xf -'
bindir='${exec_prefix}/bin'
build='i686-pc-linux-gnu'
build_alias='i686-linux-gnu'
build_cpu='i686'
build_os='linux-gnu'
build_vendor='pc'
datadir='${datarootdir}'
datarootdir='${prefix}/share'
docdir='${datarootdir}/doc/${PACKAGE_TARNAME}'
dvidir='${docdir}'
exec_prefix='${prefix}'
host='arm-unknown-linux-androideabi'
host_alias='arm-linux-androideabi'
host_cpu='arm'
host_os='linux-androideabi'
host_vendor='unknown'
htmldir='${docdir}'
includedir='${prefix}/include'
infodir='${datarootdir}/info'
install_sh='${SHELL} /home/chris/lib-src/jpeg-8b/install-sh'
libdir='${exec_prefix}/lib'
libexecdir='${exec_prefix}/libexec'
localedir='${datarootdir}/locale'
localstatedir='${prefix}/var'
lt_ECHO='echo'
mandir='${datarootdir}/man'
mkdir_p='/bin/mkdir -p'
oldincludedir='/usr/include'
pdfdir='${docdir}'
prefix='/home/chris/android-9'
program_transform_name='s,x,x,'
psdir='${docdir}'
sbindir='${exec_prefix}/sbin'
sharedstatedir='${prefix}/com'
sysconfdir='${prefix}/etc'
target='arm-unknown-linux-androideabi'
target_alias=''
target_cpu='arm'
target_os='linux-androideabi'
target_vendor='unknown'

## ----------- ##
## confdefs.h. ##
## ----------- ##

/* confdefs.h */
#define PACKAGE_NAME "libjpeg"
#define PACKAGE_TARNAME "libjpeg"
#define PACKAGE_VERSION "8.0.2"
#define PACKAGE_STRING "libjpeg 8.0.2"
#define PACKAGE_BUGREPORT ""
#define PACKAGE_URL ""
#define PACKAGE "libjpeg"
#define VERSION "8.0.2"
#define PROTOTYPES 1
#define __PROTOTYPES 1
#define STDC_HEADERS 1
#define HAVE_SYS_TYPES_H 1
#define HAVE_SYS_STAT_H 1
#define HAVE_STDLIB_H 1
#define HAVE_STRING_H 1
#define HAVE_MEMORY_H 1
#define HAVE_STRINGS_H 1
#define HAVE_INTTYPES_H 1
#define HAVE_STDINT_H 1
#define HAVE_UNISTD_H 1
#define HAVE_STRING_H 1
#define HAVE_PROTOTYPES 1
#define HAVE_STDDEF_H 1
#define HAVE_STDLIB_H 1
#define HAVE_LOCALE_H 1
#define HAVE_UNSIGNED_CHAR 1
#define HAVE_UNSIGNED_SHORT 1
#define INLINE __inline__
#define HAVE_DLFCN_H 1
#define LT_OBJDIR ".libs/"

configure: exit 0
