This file contains any messages produced by compilers while
running configure, to aid debugging if configure makes a mistake.

It was created by pango configure 1.28.3, which was
generated by GNU Autoconf 2.67.  Invocation command line was

  $ ./configure --host=arm-linux-androideabi --build=i686-linux-gnu --prefix=/home/chris/android-9/ --without-x --enable-static

## --------- ##
## Platform. ##
## --------- ##

hostname = ubuntu
uname -m = x86_64
uname -r = 2.6.35-25-generic
uname -s = Linux
uname -v = #44-Ubuntu SMP Fri Jan 21 17:40:44 UTC 2011

/usr/bin/uname -p = unknown
/bin/uname -X     = unknown

/bin/arch              = unknown
/usr/bin/arch -k       = unknown
/usr/convex/getsysinfo = unknown
/usr/bin/hostinfo      = unknown
/bin/machine           = unknown
/usr/bin/oslevel       = unknown
/bin/universe          = unknown

PATH: /home/chris/android-9/bin
PATH: /home/chris/android-9/bin
PATH: /usr/local/sbin
PATH: /usr/local/bin
PATH: /usr/sbin
PATH: /usr/bin
PATH: /sbin
PATH: /bin
PATH: /usr/games
PATH: /usr/local/android-sdk-linux_x86/tools/
PATH: /home/chris/android-9/bin/


## ----------- ##
## Core tests. ##
## ----------- ##

configure:2752: checking for a BSD-compatible install
configure:2820: result: /usr/bin/install -c
configure:2831: checking whether build environment is sane
configure:2881: result: yes
configure:2930: checking for arm-linux-androideabi-strip
configure:2957: result: arm-linux-androideabi-strip
configure:3022: checking for a thread-safe mkdir -p
configure:3061: result: /bin/mkdir -p
configure:3074: checking for gawk
configure:3090: found /usr/bin/gawk
configure:3101: result: gawk
configure:3112: checking whether make sets $(MAKE)
configure:3134: result: yes
configure:3280: checking build system type
configure:3294: result: i686-pc-linux-gnu
configure:3314: checking host system type
configure:3327: result: arm-unknown-linux-androideabi
configure:3348: checking for native Win32
configure:3366: result: no
configure:3388: checking for arm-linux-androideabi-gcc
configure:3415: result: arm-linux-androideabi-gcc
configure:3684: checking for C compiler version
configure:3693: arm-linux-androideabi-gcc --version >&5
arm-linux-androideabi-gcc (GCC) 4.4.3
Copyright (C) 2009 Free Software Foundation, Inc.
This is free software; see the source for copying conditions.  There is NO
warranty; not even for MERCHANTABILITY or FITNESS FOR A PARTICULAR PURPOSE.

configure:3704: $? = 0
configure:3693: arm-linux-androideabi-gcc -v >&5
Using built-in specs.
Target: arm-linux-androideabi
Configured with: /tmp/ndk/src/build/../gcc/gcc-4.4.3/configure --prefix=/tmp/ndk-toolchain/ndk-prebuilt-10973/toolchains/arm-linux-androideabi-4.4.3/prebuilt/linux-x86 --target=arm-linux-androideabi --host=x86_64-linux-gnu --build=x86_64-linux-gnu --with-gnu-as --with-gnu-ld --enable-languages=c,c++ --with-gmp=/tmp/ndk-toolchain/build-JIHF5j/toolchain-arm-linux-androideabi-4.4.3/temp-install --with-mpfr=/tmp/ndk-toolchain/build-JIHF5j/toolchain-arm-linux-androideabi-4.4.3/temp-install --disable-libssp --enable-threads --disable-nls --disable-libmudflap --disable-libgomp --disable-libstdc__-v3 --disable-sjlj-exceptions --disable-shared --disable-tls --with-float=soft --with-fpu=vfp --with-arch=armv5te --enable-target-optspace --disable-nls --prefix=/tmp/ndk-toolchain/ndk-prebuilt-10973/toolchains/arm-linux-androideabi-4.4.3/prebuilt/linux-x86 --with-sysroot=/tmp/ndk-toolchain/ndk-prebuilt-10973/toolchains/arm-linux-androideabi-4.4.3/prebuilt/linux-x86/sysroot --with-binutils-version=2.19 --with-gcc-version=4.4.3 --with-gdb-version=6.6 --with-gmp-version=4.2.4 --with-mpfr-version=2.4.1 --with-arch=armv5te --enable-libstdc__-v3 --program-transform-name='s&^&arm-linux-androideabi-&'
Thread model: posix
gcc version 4.4.3 (GCC) 
configure:3704: $? = 0
configure:3693: arm-linux-androideabi-gcc -V >&5
arm-linux-androideabi-gcc: '-V' option must have argument
configure:3704: $? = 1
configure:3693: arm-linux-androideabi-gcc -qversion >&5
arm-linux-androideabi-gcc: unrecognized option '-qversion'
arm-linux-androideabi-gcc: no input files
configure:3704: $? = 1
configure:3724: checking whether the C compiler works
configure:3746: arm-linux-androideabi-gcc  	-D__ARM_ARCH_5__ 	-D__ARM_ARCH_5T__ 	-D__ARM_ARCH_5E__ 	-D__ARM_ARCH_5TE__ 	-DANDROID 	  	-I/home/chris/android-9/include 	-I/home/chris/android-9/sysroot/usr/include 	  	-fno-strict-aliasing 	-Os 	  	-fomit-frame-pointer 	  	-Wall 	-Wno-unused 	-Wno-multichar 	  	  	-mthumb 	    	-D__ARM_ARCH_5__ 	-D__ARM_ARCH_5T__ 	-D__ARM_ARCH_5E__ 	-D__ARM_ARCH_5TE__ 	-DANDROID 	  	-I/home/chris/android-9/include 	-I/home/chris/android-9/sysroot/usr/include 	  	-fno-strict-aliasing 	-Os 	  	-fomit-frame-pointer 	  	-Wall 	-Wno-unused 	-Wno-multichar 	  	  	-mthumb 	   	-L/home/chris/android-9/lib 	-L/home/chris/android-9/sysroot/usr/lib 	   	/home/chris/android-9/bin/../lib/gcc/arm-linux-androideabi/4.4.3/thumb/libgcc.a 	/home/chris/android-9/bin/../lib/gcc/arm-linux-androideabi/4.4.3/../../../../arm-linux-androideabi/lib/thumb/libstdc++.a 	/home/chris/android-9/bin/../lib/gcc/arm-linux-androideabi/4.4.3/../../../../arm-linux-androideabi/lib/thumb/libsupc++.a 	  -lc -lm  conftest.c  -lc -lm   	  >&5
configure:3750: $? = 0
configure:3798: result: yes
configure:3801: checking for C compiler default output file name
configure:3803: result: a.out
configure:3809: checking for suffix of executables
configure:3816: arm-linux-androideabi-gcc -o conftest  	-D__ARM_ARCH_5__ 	-D__ARM_ARCH_5T__ 	-D__ARM_ARCH_5E__ 	-D__ARM_ARCH_5TE__ 	-DANDROID 	  	-I/home/chris/android-9/include 	-I/home/chris/android-9/sysroot/usr/include 	  	-fno-strict-aliasing 	-Os 	  	-fomit-frame-pointer 	  	-Wall 	-Wno-unused 	-Wno-multichar 	  	  	-mthumb 	    	-D__ARM_ARCH_5__ 	-D__ARM_ARCH_5T__ 	-D__ARM_ARCH_5E__ 	-D__ARM_ARCH_5TE__ 	-DANDROID 	  	-I/home/chris/android-9/include 	-I/home/chris/android-9/sysroot/usr/include 	  	-fno-strict-aliasing 	-Os 	  	-fomit-frame-pointer 	  	-Wall 	-Wno-unused 	-Wno-multichar 	  	  	-mthumb 	   	-L/home/chris/android-9/lib 	-L/home/chris/android-9/sysroot/usr/lib 	   	/home/chris/android-9/bin/../lib/gcc/arm-linux-androideabi/4.4.3/thumb/libgcc.a 	/home/chris/android-9/bin/../lib/gcc/arm-linux-androideabi/4.4.3/../../../../arm-linux-androideabi/lib/thumb/libstdc++.a 	/home/chris/android-9/bin/../lib/gcc/arm-linux-androideabi/4.4.3/../../../../arm-linux-androideabi/lib/thumb/libsupc++.a 	  -lc -lm  conftest.c  -lc -lm   	  >&5
configure:3820: $? = 0
configure:3842: result: 
configure:3864: checking whether we are cross compiling
configure:3902: result: yes
configure:3907: checking for suffix of object files
configure:3929: arm-linux-androideabi-gcc -c  	-D__ARM_ARCH_5__ 	-D__ARM_ARCH_5T__ 	-D__ARM_ARCH_5E__ 	-D__ARM_ARCH_5TE__ 	-DANDROID 	  	-I/home/chris/android-9/include 	-I/home/chris/android-9/sysroot/usr/include 	  	-fno-strict-aliasing 	-Os 	  	-fomit-frame-pointer 	  	-Wall 	-Wno-unused 	-Wno-multichar 	  	  	-mthumb 	    	-D__ARM_ARCH_5__ 	-D__ARM_ARCH_5T__ 	-D__ARM_ARCH_5E__ 	-D__ARM_ARCH_5TE__ 	-DANDROID 	  	-I/home/chris/android-9/include 	-I/home/chris/android-9/sysroot/usr/include 	  	-fno-strict-aliasing 	-Os 	  	-fomit-frame-pointer 	  	-Wall 	-Wno-unused 	-Wno-multichar 	  	  	-mthumb 	  conftest.c >&5
configure:3933: $? = 0
configure:3954: result: o
configure:3958: checking whether we are using the GNU C compiler
configure:3977: arm-linux-androideabi-gcc -c  	-D__ARM_ARCH_5__ 	-D__ARM_ARCH_5T__ 	-D__ARM_ARCH_5E__ 	-D__ARM_ARCH_5TE__ 	-DANDROID 	  	-I/home/chris/android-9/include 	-I/home/chris/android-9/sysroot/usr/include 	  	-fno-strict-aliasing 	-Os 	  	-fomit-frame-pointer 	  	-Wall 	-Wno-unused 	-Wno-multichar 	  	  	-mthumb 	    	-D__ARM_ARCH_5__ 	-D__ARM_ARCH_5T__ 	-D__ARM_ARCH_5E__ 	-D__ARM_ARCH_5TE__ 	-DANDROID 	  	-I/home/chris/android-9/include 	-I/home/chris/android-9/sysroot/usr/include 	  	-fno-strict-aliasing 	-Os 	  	-fomit-frame-pointer 	  	-Wall 	-Wno-unused 	-Wno-multichar 	  	  	-mthumb 	  conftest.c >&5
configure:3977: $? = 0
configure:3986: result: yes
configure:3995: checking whether arm-linux-androideabi-gcc accepts -g
configure:4015: arm-linux-androideabi-gcc -c -g  	-D__ARM_ARCH_5__ 	-D__ARM_ARCH_5T__ 	-D__ARM_ARCH_5E__ 	-D__ARM_ARCH_5TE__ 	-DANDROID 	  	-I/home/chris/android-9/include 	-I/home/chris/android-9/sysroot/usr/include 	  	-fno-strict-aliasing 	-Os 	  	-fomit-frame-pointer 	  	-Wall 	-Wno-unused 	-Wno-multichar 	  	  	-mthumb 	  conftest.c >&5
configure:4015: $? = 0
configure:4056: result: yes
configure:4073: checking for arm-linux-androideabi-gcc option to accept ISO C89
configure:4137: arm-linux-androideabi-gcc  -c  	-D__ARM_ARCH_5__ 	-D__ARM_ARCH_5T__ 	-D__ARM_ARCH_5E__ 	-D__ARM_ARCH_5TE__ 	-DANDROID 	  	-I/home/chris/android-9/include 	-I/home/chris/android-9/sysroot/usr/include 	  	-fno-strict-aliasing 	-Os 	  	-fomit-frame-pointer 	  	-Wall 	-Wno-unused 	-Wno-multichar 	  	  	-mthumb 	    	-D__ARM_ARCH_5__ 	-D__ARM_ARCH_5T__ 	-D__ARM_ARCH_5E__ 	-D__ARM_ARCH_5TE__ 	-DANDROID 	  	-I/home/chris/android-9/include 	-I/home/chris/android-9/sysroot/usr/include 	  	-fno-strict-aliasing 	-Os 	  	-fomit-frame-pointer 	  	-Wall 	-Wno-unused 	-Wno-multichar 	  	  	-mthumb 	  conftest.c >&5
configure:4137: $? = 0
configure:4150: result: none needed
configure:4181: checking for style of include used by make
configure:4209: result: GNU
configure:4234: checking dependency style of arm-linux-androideabi-gcc
configure:4344: result: gcc3
configure:4364: checking for c++
configure:4391: result: arm-linux-androideabi-g++
configure:4522: checking for C++ compiler version
configure:4531: arm-linux-androideabi-g++ --version >&5
arm-linux-androideabi-g++ (GCC) 4.4.3
Copyright (C) 2009 Free Software Foundation, Inc.
This is free software; see the source for copying conditions.  There is NO
warranty; not even for MERCHANTABILITY or FITNESS FOR A PARTICULAR PURPOSE.

configure:4542: $? = 0
configure:4531: arm-linux-androideabi-g++ -v >&5
Using built-in specs.
Target: arm-linux-androideabi
Configured with: /tmp/ndk/src/build/../gcc/gcc-4.4.3/configure --prefix=/tmp/ndk-toolchain/ndk-prebuilt-10973/toolchains/arm-linux-androideabi-4.4.3/prebuilt/linux-x86 --target=arm-linux-androideabi --host=x86_64-linux-gnu --build=x86_64-linux-gnu --with-gnu-as --with-gnu-ld --enable-languages=c,c++ --with-gmp=/tmp/ndk-toolchain/build-JIHF5j/toolchain-arm-linux-androideabi-4.4.3/temp-install --with-mpfr=/tmp/ndk-toolchain/build-JIHF5j/toolchain-arm-linux-androideabi-4.4.3/temp-install --disable-libssp --enable-threads --disable-nls --disable-libmudflap --disable-libgomp --disable-libstdc__-v3 --disable-sjlj-exceptions --disable-shared --disable-tls --with-float=soft --with-fpu=vfp --with-arch=armv5te --enable-target-optspace --disable-nls --prefix=/tmp/ndk-toolchain/ndk-prebuilt-10973/toolchains/arm-linux-androideabi-4.4.3/prebuilt/linux-x86 --with-sysroot=/tmp/ndk-toolchain/ndk-prebuilt-10973/toolchains/arm-linux-androideabi-4.4.3/prebuilt/linux-x86/sysroot --with-binutils-version=2.19 --with-gcc-version=4.4.3 --with-gdb-version=6.6 --with-gmp-version=4.2.4 --with-mpfr-version=2.4.1 --with-arch=armv5te --enable-libstdc__-v3 --program-transform-name='s&^&arm-linux-androideabi-&'
Thread model: posix
gcc version 4.4.3 (GCC) 
configure:4542: $? = 0
configure:4531: arm-linux-androideabi-g++ -V >&5
arm-linux-androideabi-g++: '-V' option must have argument
configure:4542: $? = 1
configure:4531: arm-linux-androideabi-g++ -qversion >&5
arm-linux-androideabi-g++: unrecognized option '-qversion'
arm-linux-androideabi-g++: no input files
configure:4542: $? = 1
configure:4546: checking whether we are using the GNU C++ compiler
configure:4565: arm-linux-androideabi-g++ -c  	-D__ARM_ARCH_5__ 	-D__ARM_ARCH_5T__ 	-D__ARM_ARCH_5E__ 	-D__ARM_ARCH_5TE__ 	-DANDROID 	  	-I/home/chris/android-9/include 	-I/home/chris/android-9/sysroot/usr/include 	  	-fno-strict-aliasing 	-Os 	  	-fomit-frame-pointer 	  	-Wall 	-Wno-unused 	-Wno-multichar 	  	  	-mthumb 	   	-D__ARM_ARCH_5__ 	-D__ARM_ARCH_5T__ 	-D__ARM_ARCH_5E__ 	-D__ARM_ARCH_5TE__ 	-DANDROID 	  	-I/home/chris/android-9/include 	-I/home/chris/android-9/sysroot/usr/include 	  	-fno-strict-aliasing 	-Os 	  	-fomit-frame-pointer 	  	-Wall 	-Wno-unused 	-Wno-multichar 	  	  	-mthumb 	  conftest.cpp >&5
configure:4565: $? = 0
configure:4574: result: yes
configure:4583: checking whether arm-linux-androideabi-g++ accepts -g
configure:4603: arm-linux-androideabi-g++ -c -g  	-D__ARM_ARCH_5__ 	-D__ARM_ARCH_5T__ 	-D__ARM_ARCH_5E__ 	-D__ARM_ARCH_5TE__ 	-DANDROID 	  	-I/home/chris/android-9/include 	-I/home/chris/android-9/sysroot/usr/include 	  	-fno-strict-aliasing 	-Os 	  	-fomit-frame-pointer 	  	-Wall 	-Wno-unused 	-Wno-multichar 	  	  	-mthumb 	  conftest.cpp >&5
configure:4603: $? = 0
configure:4644: result: yes
configure:4669: checking dependency style of arm-linux-androideabi-g++
configure:4779: result: gcc3
configure:4806: arm-linux-androideabi-g++ -c  	-D__ARM_ARCH_5__ 	-D__ARM_ARCH_5T__ 	-D__ARM_ARCH_5E__ 	-D__ARM_ARCH_5TE__ 	-DANDROID 	  	-I/home/chris/android-9/include 	-I/home/chris/android-9/sysroot/usr/include 	  	-fno-strict-aliasing 	-Os 	  	-fomit-frame-pointer 	  	-Wall 	-Wno-unused 	-Wno-multichar 	  	  	-mthumb 	   	-D__ARM_ARCH_5__ 	-D__ARM_ARCH_5T__ 	-D__ARM_ARCH_5E__ 	-D__ARM_ARCH_5TE__ 	-DANDROID 	  	-I/home/chris/android-9/include 	-I/home/chris/android-9/sysroot/usr/include 	  	-fno-strict-aliasing 	-Os 	  	-fomit-frame-pointer 	  	-Wall 	-Wno-unused 	-Wno-multichar 	  	  	-mthumb 	  conftest.cpp >&5
configure:4806: $? = 0
configure:4943: checking for C++ compiler version
configure:4952: arm-linux-androideabi-g++ --version >&5
arm-linux-androideabi-g++ (GCC) 4.4.3
Copyright (C) 2009 Free Software Foundation, Inc.
This is free software; see the source for copying conditions.  There is NO
warranty; not even for MERCHANTABILITY or FITNESS FOR A PARTICULAR PURPOSE.

configure:4963: $? = 0
configure:4952: arm-linux-androideabi-g++ -v >&5
Using built-in specs.
Target: arm-linux-androideabi
Configured with: /tmp/ndk/src/build/../gcc/gcc-4.4.3/configure --prefix=/tmp/ndk-toolchain/ndk-prebuilt-10973/toolchains/arm-linux-androideabi-4.4.3/prebuilt/linux-x86 --target=arm-linux-androideabi --host=x86_64-linux-gnu --build=x86_64-linux-gnu --with-gnu-as --with-gnu-ld --enable-languages=c,c++ --with-gmp=/tmp/ndk-toolchain/build-JIHF5j/toolchain-arm-linux-androideabi-4.4.3/temp-install --with-mpfr=/tmp/ndk-toolchain/build-JIHF5j/toolchain-arm-linux-androideabi-4.4.3/temp-install --disable-libssp --enable-threads --disable-nls --disable-libmudflap --disable-libgomp --disable-libstdc__-v3 --disable-sjlj-exceptions --disable-shared --disable-tls --with-float=soft --with-fpu=vfp --with-arch=armv5te --enable-target-optspace --disable-nls --prefix=/tmp/ndk-toolchain/ndk-prebuilt-10973/toolchains/arm-linux-androideabi-4.4.3/prebuilt/linux-x86 --with-sysroot=/tmp/ndk-toolchain/ndk-prebuilt-10973/toolchains/arm-linux-androideabi-4.4.3/prebuilt/linux-x86/sysroot --with-binutils-version=2.19 --with-gcc-version=4.4.3 --with-gdb-version=6.6 --with-gmp-version=4.2.4 --with-mpfr-version=2.4.1 --with-arch=armv5te --enable-libstdc__-v3 --program-transform-name='s&^&arm-linux-androideabi-&'
Thread model: posix
gcc version 4.4.3 (GCC) 
configure:4963: $? = 0
configure:4952: arm-linux-androideabi-g++ -V >&5
arm-linux-androideabi-g++: '-V' option must have argument
configure:4963: $? = 1
configure:4952: arm-linux-androideabi-g++ -qversion >&5
arm-linux-androideabi-g++: unrecognized option '-qversion'
arm-linux-androideabi-g++: no input files
configure:4963: $? = 1
configure:4967: checking whether we are using the GNU C++ compiler
configure:4995: result: yes
configure:5004: checking whether arm-linux-androideabi-g++ accepts -g
configure:5065: result: yes
configure:5090: checking dependency style of arm-linux-androideabi-g++
configure:5200: result: gcc3
configure:5219: checking for mprotect
configure:5219: arm-linux-androideabi-gcc -o conftest  	-D__ARM_ARCH_5__ 	-D__ARM_ARCH_5T__ 	-D__ARM_ARCH_5E__ 	-D__ARM_ARCH_5TE__ 	-DANDROID 	  	-I/home/chris/android-9/include 	-I/home/chris/android-9/sysroot/usr/include 	  	-fno-strict-aliasing 	-Os 	  	-fomit-frame-pointer 	  	-Wall 	-Wno-unused 	-Wno-multichar 	  	  	-mthumb 	    	-D__ARM_ARCH_5__ 	-D__ARM_ARCH_5T__ 	-D__ARM_ARCH_5E__ 	-D__ARM_ARCH_5TE__ 	-DANDROID 	  	-I/home/chris/android-9/include 	-I/home/chris/android-9/sysroot/usr/include 	  	-fno-strict-aliasing 	-Os 	  	-fomit-frame-pointer 	  	-Wall 	-Wno-unused 	-Wno-multichar 	  	  	-mthumb 	   	-L/home/chris/android-9/lib 	-L/home/chris/android-9/sysroot/usr/lib 	   	/home/chris/android-9/bin/../lib/gcc/arm-linux-androideabi/4.4.3/thumb/libgcc.a 	/home/chris/android-9/bin/../lib/gcc/arm-linux-androideabi/4.4.3/../../../../arm-linux-androideabi/lib/thumb/libstdc++.a 	/home/chris/android-9/bin/../lib/gcc/arm-linux-androideabi/4.4.3/../../../../arm-linux-androideabi/lib/thumb/libsupc++.a 	  -lc -lm  conftest.c  -lc -lm   	  >&5
configure:5219: $? = 0
configure:5219: result: yes
configure:5219: checking for sysconf
configure:5219: arm-linux-androideabi-gcc -o conftest  	-D__ARM_ARCH_5__ 	-D__ARM_ARCH_5T__ 	-D__ARM_ARCH_5E__ 	-D__ARM_ARCH_5TE__ 	-DANDROID 	  	-I/home/chris/android-9/include 	-I/home/chris/android-9/sysroot/usr/include 	  	-fno-strict-aliasing 	-Os 	  	-fomit-frame-pointer 	  	-Wall 	-Wno-unused 	-Wno-multichar 	  	  	-mthumb 	    	-D__ARM_ARCH_5__ 	-D__ARM_ARCH_5T__ 	-D__ARM_ARCH_5E__ 	-D__ARM_ARCH_5TE__ 	-DANDROID 	  	-I/home/chris/android-9/include 	-I/home/chris/android-9/sysroot/usr/include 	  	-fno-strict-aliasing 	-Os 	  	-fomit-frame-pointer 	  	-Wall 	-Wno-unused 	-Wno-multichar 	  	  	-mthumb 	   	-L/home/chris/android-9/lib 	-L/home/chris/android-9/sysroot/usr/lib 	   	/home/chris/android-9/bin/../lib/gcc/arm-linux-androideabi/4.4.3/thumb/libgcc.a 	/home/chris/android-9/bin/../lib/gcc/arm-linux-androideabi/4.4.3/../../../../arm-linux-androideabi/lib/thumb/libstdc++.a 	/home/chris/android-9/bin/../lib/gcc/arm-linux-androideabi/4.4.3/../../../../arm-linux-androideabi/lib/thumb/libsupc++.a 	  -lc -lm  conftest.c  -lc -lm   	  >&5
configure:5219: $? = 0
configure:5219: result: yes
configure:5219: checking for getpagesize
configure:5219: arm-linux-androideabi-gcc -o conftest  	-D__ARM_ARCH_5__ 	-D__ARM_ARCH_5T__ 	-D__ARM_ARCH_5E__ 	-D__ARM_ARCH_5TE__ 	-DANDROID 	  	-I/home/chris/android-9/include 	-I/home/chris/android-9/sysroot/usr/include 	  	-fno-strict-aliasing 	-Os 	  	-fomit-frame-pointer 	  	-Wall 	-Wno-unused 	-Wno-multichar 	  	  	-mthumb 	    	-D__ARM_ARCH_5__ 	-D__ARM_ARCH_5T__ 	-D__ARM_ARCH_5E__ 	-D__ARM_ARCH_5TE__ 	-DANDROID 	  	-I/home/chris/android-9/include 	-I/home/chris/android-9/sysroot/usr/include 	  	-fno-strict-aliasing 	-Os 	  	-fomit-frame-pointer 	  	-Wall 	-Wno-unused 	-Wno-multichar 	  	  	-mthumb 	   	-L/home/chris/android-9/lib 	-L/home/chris/android-9/sysroot/usr/lib 	   	/home/chris/android-9/bin/../lib/gcc/arm-linux-androideabi/4.4.3/thumb/libgcc.a 	/home/chris/android-9/bin/../lib/gcc/arm-linux-androideabi/4.4.3/../../../../arm-linux-androideabi/lib/thumb/libstdc++.a 	/home/chris/android-9/bin/../lib/gcc/arm-linux-androideabi/4.4.3/../../../../arm-linux-androideabi/lib/thumb/libsupc++.a 	  -lc -lm  conftest.c  -lc -lm   	  >&5
/tmp/ccSg46h5.o: In function `main':
conftest.c:(.text+0x2): undefined reference to `getpagesize'
collect2: ld returned 1 exit status
configure:5219: $? = 1
configure: failed program was:
| /* confdefs.h */
| #define PACKAGE_NAME "pango"
| #define PACKAGE_TARNAME "pango"
| #define PACKAGE_VERSION "1.28.3"
| #define PACKAGE_STRING "pango 1.28.3"
| #define PACKAGE_BUGREPORT "http://bugzilla.gnome.org/enter_bug.cgi?product=pango"
| #define PACKAGE_URL ""
| #define PACKAGE "pango"
| #define VERSION "1.28.3"
| #define MODULE_VERSION "1.6.0"
| #define PANGO_BINARY_AGE 2803
| #define PANGO_INTERFACE_AGE 3
| #define PANGO_VERSION_MAJOR 1
| #define PANGO_VERSION_MINOR 28
| #define PANGO_VERSION_MICRO 3
| #define HAVE_MPROTECT 1
| #define HAVE_SYSCONF 1
| /* end confdefs.h.  */
| /* Define getpagesize to an innocuous variant, in case <limits.h> declares getpagesize.
|    For example, HP-UX 11i <limits.h> declares gettimeofday.  */
| #define getpagesize innocuous_getpagesize
| 
| /* System header to define __stub macros and hopefully few prototypes,
|     which can conflict with char getpagesize (); below.
|     Prefer <limits.h> to <assert.h> if __STDC__ is defined, since
|     <limits.h> exists even on freestanding compilers.  */
| 
| #ifdef __STDC__
| # include <limits.h>
| #else
| # include <assert.h>
| #endif
| 
| #undef getpagesize
| 
| /* Override any GCC internal prototype to avoid an error.
|    Use char because int might match the return type of a GCC
|    builtin and then its argument prototype would still apply.  */
| #ifdef __cplusplus
| extern "C"
| #endif
| char getpagesize ();
| /* The GNU C library defines this for functions which it implements
|     to always fail with ENOSYS.  Some functions are actually named
|     something starting with __ and the normal name is an alias.  */
| #if defined __stub_getpagesize || defined __stub___getpagesize
| choke me
| #endif
| 
| int
| main ()
| {
| return getpagesize ();
|   ;
|   return 0;
| }
configure:5219: result: no
configure:5233: checking how to run the C preprocessor
configure:5264: arm-linux-androideabi-gcc -E  	-D__ARM_ARCH_5__ 	-D__ARM_ARCH_5T__ 	-D__ARM_ARCH_5E__ 	-D__ARM_ARCH_5TE__ 	-DANDROID 	  	-I/home/chris/android-9/include 	-I/home/chris/android-9/sysroot/usr/include 	  	-fno-strict-aliasing 	-Os 	  	-fomit-frame-pointer 	  	-Wall 	-Wno-unused 	-Wno-multichar 	  	  	-mthumb 	  conftest.c
configure:5264: $? = 0
configure:5278: arm-linux-androideabi-gcc -E  	-D__ARM_ARCH_5__ 	-D__ARM_ARCH_5T__ 	-D__ARM_ARCH_5E__ 	-D__ARM_ARCH_5TE__ 	-DANDROID 	  	-I/home/chris/android-9/include 	-I/home/chris/android-9/sysroot/usr/include 	  	-fno-strict-aliasing 	-Os 	  	-fomit-frame-pointer 	  	-Wall 	-Wno-unused 	-Wno-multichar 	  	  	-mthumb 	  conftest.c
conftest.c:19:28: error: ac_nonexistent.h: No such file or directory
configure:5278: $? = 1
configure: failed program was:
| /* confdefs.h */
| #define PACKAGE_NAME "pango"
| #define PACKAGE_TARNAME "pango"
| #define PACKAGE_VERSION "1.28.3"
| #define PACKAGE_STRING "pango 1.28.3"
| #define PACKAGE_BUGREPORT "http://bugzilla.gnome.org/enter_bug.cgi?product=pango"
| #define PACKAGE_URL ""
| #define PACKAGE "pango"
| #define VERSION "1.28.3"
| #define MODULE_VERSION "1.6.0"
| #define PANGO_BINARY_AGE 2803
| #define PANGO_INTERFACE_AGE 3
| #define PANGO_VERSION_MAJOR 1
| #define PANGO_VERSION_MINOR 28
| #define PANGO_VERSION_MICRO 3
| #define HAVE_MPROTECT 1
| #define HAVE_SYSCONF 1
| /* end confdefs.h.  */
| #include <ac_nonexistent.h>
configure:5303: result: arm-linux-androideabi-gcc -E
configure:5323: arm-linux-androideabi-gcc -E  	-D__ARM_ARCH_5__ 	-D__ARM_ARCH_5T__ 	-D__ARM_ARCH_5E__ 	-D__ARM_ARCH_5TE__ 	-DANDROID 	  	-I/home/chris/android-9/include 	-I/home/chris/android-9/sysroot/usr/include 	  	-fno-strict-aliasing 	-Os 	  	-fomit-frame-pointer 	  	-Wall 	-Wno-unused 	-Wno-multichar 	  	  	-mthumb 	  conftest.c
configure:5323: $? = 0
configure:5337: arm-linux-androideabi-gcc -E  	-D__ARM_ARCH_5__ 	-D__ARM_ARCH_5T__ 	-D__ARM_ARCH_5E__ 	-D__ARM_ARCH_5TE__ 	-DANDROID 	  	-I/home/chris/android-9/include 	-I/home/chris/android-9/sysroot/usr/include 	  	-fno-strict-aliasing 	-Os 	  	-fomit-frame-pointer 	  	-Wall 	-Wno-unused 	-Wno-multichar 	  	  	-mthumb 	  conftest.c
conftest.c:19:28: error: ac_nonexistent.h: No such file or directory
configure:5337: $? = 1
configure: failed program was:
| /* confdefs.h */
| #define PACKAGE_NAME "pango"
| #define PACKAGE_TARNAME "pango"
| #define PACKAGE_VERSION "1.28.3"
| #define PACKAGE_STRING "pango 1.28.3"
| #define PACKAGE_BUGREPORT "http://bugzilla.gnome.org/enter_bug.cgi?product=pango"
| #define PACKAGE_URL ""
| #define PACKAGE "pango"
| #define VERSION "1.28.3"
| #define MODULE_VERSION "1.6.0"
| #define PANGO_BINARY_AGE 2803
| #define PANGO_INTERFACE_AGE 3
| #define PANGO_VERSION_MAJOR 1
| #define PANGO_VERSION_MINOR 28
| #define PANGO_VERSION_MICRO 3
| #define HAVE_MPROTECT 1
| #define HAVE_SYSCONF 1
| /* end confdefs.h.  */
| #include <ac_nonexistent.h>
configure:5366: checking for grep that handles long lines and -e
configure:5424: result: /bin/grep
configure:5429: checking for egrep
configure:5491: result: /bin/grep -E
configure:5496: checking for ANSI C header files
configure:5516: arm-linux-androideabi-gcc -c  	-D__ARM_ARCH_5__ 	-D__ARM_ARCH_5T__ 	-D__ARM_ARCH_5E__ 	-D__ARM_ARCH_5TE__ 	-DANDROID 	  	-I/home/chris/android-9/include 	-I/home/chris/android-9/sysroot/usr/include 	  	-fno-strict-aliasing 	-Os 	  	-fomit-frame-pointer 	  	-Wall 	-Wno-unused 	-Wno-multichar 	  	  	-mthumb 	    	-D__ARM_ARCH_5__ 	-D__ARM_ARCH_5T__ 	-D__ARM_ARCH_5E__ 	-D__ARM_ARCH_5TE__ 	-DANDROID 	  	-I/home/chris/android-9/include 	-I/home/chris/android-9/sysroot/usr/include 	  	-fno-strict-aliasing 	-Os 	  	-fomit-frame-pointer 	  	-Wall 	-Wno-unused 	-Wno-multichar 	  	  	-mthumb 	  conftest.c >&5
configure:5516: $? = 0
configure:5600: result: yes
configure:5613: checking for sys/types.h
configure:5613: arm-linux-androideabi-gcc -c  	-D__ARM_ARCH_5__ 	-D__ARM_ARCH_5T__ 	-D__ARM_ARCH_5E__ 	-D__ARM_ARCH_5TE__ 	-DANDROID 	  	-I/home/chris/android-9/include 	-I/home/chris/android-9/sysroot/usr/include 	  	-fno-strict-aliasing 	-Os 	  	-fomit-frame-pointer 	  	-Wall 	-Wno-unused 	-Wno-multichar 	  	  	-mthumb 	    	-D__ARM_ARCH_5__ 	-D__ARM_ARCH_5T__ 	-D__ARM_ARCH_5E__ 	-D__ARM_ARCH_5TE__ 	-DANDROID 	  	-I/home/chris/android-9/include 	-I/home/chris/android-9/sysroot/usr/include 	  	-fno-strict-aliasing 	-Os 	  	-fomit-frame-pointer 	  	-Wall 	-Wno-unused 	-Wno-multichar 	  	  	-mthumb 	  conftest.c >&5
configure:5613: $? = 0
configure:5613: result: yes
configure:5613: checking for sys/stat.h
configure:5613: arm-linux-androideabi-gcc -c  	-D__ARM_ARCH_5__ 	-D__ARM_ARCH_5T__ 	-D__ARM_ARCH_5E__ 	-D__ARM_ARCH_5TE__ 	-DANDROID 	  	-I/home/chris/android-9/include 	-I/home/chris/android-9/sysroot/usr/include 	  	-fno-strict-aliasing 	-Os 	  	-fomit-frame-pointer 	  	-Wall 	-Wno-unused 	-Wno-multichar 	  	  	-mthumb 	    	-D__ARM_ARCH_5__ 	-D__ARM_ARCH_5T__ 	-D__ARM_ARCH_5E__ 	-D__ARM_ARCH_5TE__ 	-DANDROID 	  	-I/home/chris/android-9/include 	-I/home/chris/android-9/sysroot/usr/include 	  	-fno-strict-aliasing 	-Os 	  	-fomit-frame-pointer 	  	-Wall 	-Wno-unused 	-Wno-multichar 	  	  	-mthumb 	  conftest.c >&5
configure:5613: $? = 0
configure:5613: result: yes
configure:5613: checking for stdlib.h
configure:5613: arm-linux-androideabi-gcc -c  	-D__ARM_ARCH_5__ 	-D__ARM_ARCH_5T__ 	-D__ARM_ARCH_5E__ 	-D__ARM_ARCH_5TE__ 	-DANDROID 	  	-I/home/chris/android-9/include 	-I/home/chris/android-9/sysroot/usr/include 	  	-fno-strict-aliasing 	-Os 	  	-fomit-frame-pointer 	  	-Wall 	-Wno-unused 	-Wno-multichar 	  	  	-mthumb 	    	-D__ARM_ARCH_5__ 	-D__ARM_ARCH_5T__ 	-D__ARM_ARCH_5E__ 	-D__ARM_ARCH_5TE__ 	-DANDROID 	  	-I/home/chris/android-9/include 	-I/home/chris/android-9/sysroot/usr/include 	  	-fno-strict-aliasing 	-Os 	  	-fomit-frame-pointer 	  	-Wall 	-Wno-unused 	-Wno-multichar 	  	  	-mthumb 	  conftest.c >&5
configure:5613: $? = 0
configure:5613: result: yes
configure:5613: checking for string.h
configure:5613: arm-linux-androideabi-gcc -c  	-D__ARM_ARCH_5__ 	-D__ARM_ARCH_5T__ 	-D__ARM_ARCH_5E__ 	-D__ARM_ARCH_5TE__ 	-DANDROID 	  	-I/home/chris/android-9/include 	-I/home/chris/android-9/sysroot/usr/include 	  	-fno-strict-aliasing 	-Os 	  	-fomit-frame-pointer 	  	-Wall 	-Wno-unused 	-Wno-multichar 	  	  	-mthumb 	    	-D__ARM_ARCH_5__ 	-D__ARM_ARCH_5T__ 	-D__ARM_ARCH_5E__ 	-D__ARM_ARCH_5TE__ 	-DANDROID 	  	-I/home/chris/android-9/include 	-I/home/chris/android-9/sysroot/usr/include 	  	-fno-strict-aliasing 	-Os 	  	-fomit-frame-pointer 	  	-Wall 	-Wno-unused 	-Wno-multichar 	  	  	-mthumb 	  conftest.c >&5
configure:5613: $? = 0
configure:5613: result: yes
configure:5613: checking for memory.h
configure:5613: arm-linux-androideabi-gcc -c  	-D__ARM_ARCH_5__ 	-D__ARM_ARCH_5T__ 	-D__ARM_ARCH_5E__ 	-D__ARM_ARCH_5TE__ 	-DANDROID 	  	-I/home/chris/android-9/include 	-I/home/chris/android-9/sysroot/usr/include 	  	-fno-strict-aliasing 	-Os 	  	-fomit-frame-pointer 	  	-Wall 	-Wno-unused 	-Wno-multichar 	  	  	-mthumb 	    	-D__ARM_ARCH_5__ 	-D__ARM_ARCH_5T__ 	-D__ARM_ARCH_5E__ 	-D__ARM_ARCH_5TE__ 	-DANDROID 	  	-I/home/chris/android-9/include 	-I/home/chris/android-9/sysroot/usr/include 	  	-fno-strict-aliasing 	-Os 	  	-fomit-frame-pointer 	  	-Wall 	-Wno-unused 	-Wno-multichar 	  	  	-mthumb 	  conftest.c >&5
configure:5613: $? = 0
configure:5613: result: yes
configure:5613: checking for strings.h
configure:5613: arm-linux-androideabi-gcc -c  	-D__ARM_ARCH_5__ 	-D__ARM_ARCH_5T__ 	-D__ARM_ARCH_5E__ 	-D__ARM_ARCH_5TE__ 	-DANDROID 	  	-I/home/chris/android-9/include 	-I/home/chris/android-9/sysroot/usr/include 	  	-fno-strict-aliasing 	-Os 	  	-fomit-frame-pointer 	  	-Wall 	-Wno-unused 	-Wno-multichar 	  	  	-mthumb 	    	-D__ARM_ARCH_5__ 	-D__ARM_ARCH_5T__ 	-D__ARM_ARCH_5E__ 	-D__ARM_ARCH_5TE__ 	-DANDROID 	  	-I/home/chris/android-9/include 	-I/home/chris/android-9/sysroot/usr/include 	  	-fno-strict-aliasing 	-Os 	  	-fomit-frame-pointer 	  	-Wall 	-Wno-unused 	-Wno-multichar 	  	  	-mthumb 	  conftest.c >&5
configure:5613: $? = 0
configure:5613: result: yes
configure:5613: checking for inttypes.h
configure:5613: arm-linux-androideabi-gcc -c  	-D__ARM_ARCH_5__ 	-D__ARM_ARCH_5T__ 	-D__ARM_ARCH_5E__ 	-D__ARM_ARCH_5TE__ 	-DANDROID 	  	-I/home/chris/android-9/include 	-I/home/chris/android-9/sysroot/usr/include 	  	-fno-strict-aliasing 	-Os 	  	-fomit-frame-pointer 	  	-Wall 	-Wno-unused 	-Wno-multichar 	  	  	-mthumb 	    	-D__ARM_ARCH_5__ 	-D__ARM_ARCH_5T__ 	-D__ARM_ARCH_5E__ 	-D__ARM_ARCH_5TE__ 	-DANDROID 	  	-I/home/chris/android-9/include 	-I/home/chris/android-9/sysroot/usr/include 	  	-fno-strict-aliasing 	-Os 	  	-fomit-frame-pointer 	  	-Wall 	-Wno-unused 	-Wno-multichar 	  	  	-mthumb 	  conftest.c >&5
configure:5613: $? = 0
configure:5613: result: yes
configure:5613: checking for stdint.h
configure:5613: arm-linux-androideabi-gcc -c  	-D__ARM_ARCH_5__ 	-D__ARM_ARCH_5T__ 	-D__ARM_ARCH_5E__ 	-D__ARM_ARCH_5TE__ 	-DANDROID 	  	-I/home/chris/android-9/include 	-I/home/chris/android-9/sysroot/usr/include 	  	-fno-strict-aliasing 	-Os 	  	-fomit-frame-pointer 	  	-Wall 	-Wno-unused 	-Wno-multichar 	  	  	-mthumb 	    	-D__ARM_ARCH_5__ 	-D__ARM_ARCH_5T__ 	-D__ARM_ARCH_5E__ 	-D__ARM_ARCH_5TE__ 	-DANDROID 	  	-I/home/chris/android-9/include 	-I/home/chris/android-9/sysroot/usr/include 	  	-fno-strict-aliasing 	-Os 	  	-fomit-frame-pointer 	  	-Wall 	-Wno-unused 	-Wno-multichar 	  	  	-mthumb 	  conftest.c >&5
configure:5613: $? = 0
configure:5613: result: yes
configure:5613: checking for unistd.h
configure:5613: arm-linux-androideabi-gcc -c  	-D__ARM_ARCH_5__ 	-D__ARM_ARCH_5T__ 	-D__ARM_ARCH_5E__ 	-D__ARM_ARCH_5TE__ 	-DANDROID 	  	-I/home/chris/android-9/include 	-I/home/chris/android-9/sysroot/usr/include 	  	-fno-strict-aliasing 	-Os 	  	-fomit-frame-pointer 	  	-Wall 	-Wno-unused 	-Wno-multichar 	  	  	-mthumb 	    	-D__ARM_ARCH_5__ 	-D__ARM_ARCH_5T__ 	-D__ARM_ARCH_5E__ 	-D__ARM_ARCH_5TE__ 	-DANDROID 	  	-I/home/chris/android-9/include 	-I/home/chris/android-9/sysroot/usr/include 	  	-fno-strict-aliasing 	-Os 	  	-fomit-frame-pointer 	  	-Wall 	-Wno-unused 	-Wno-multichar 	  	  	-mthumb 	  conftest.c >&5
configure:5613: $? = 0
configure:5613: result: yes
configure:5628: checking for unistd.h
configure:5628: result: yes
configure:5628: checking sys/mman.h usability
configure:5628: arm-linux-androideabi-gcc -c  	-D__ARM_ARCH_5__ 	-D__ARM_ARCH_5T__ 	-D__ARM_ARCH_5E__ 	-D__ARM_ARCH_5TE__ 	-DANDROID 	  	-I/home/chris/android-9/include 	-I/home/chris/android-9/sysroot/usr/include 	  	-fno-strict-aliasing 	-Os 	  	-fomit-frame-pointer 	  	-Wall 	-Wno-unused 	-Wno-multichar 	  	  	-mthumb 	    	-D__ARM_ARCH_5__ 	-D__ARM_ARCH_5T__ 	-D__ARM_ARCH_5E__ 	-D__ARM_ARCH_5TE__ 	-DANDROID 	  	-I/home/chris/android-9/include 	-I/home/chris/android-9/sysroot/usr/include 	  	-fno-strict-aliasing 	-Os 	  	-fomit-frame-pointer 	  	-Wall 	-Wno-unused 	-Wno-multichar 	  	  	-mthumb 	  conftest.c >&5
configure:5628: $? = 0
configure:5628: result: yes
configure:5628: checking sys/mman.h presence
configure:5628: arm-linux-androideabi-gcc -E  	-D__ARM_ARCH_5__ 	-D__ARM_ARCH_5T__ 	-D__ARM_ARCH_5E__ 	-D__ARM_ARCH_5TE__ 	-DANDROID 	  	-I/home/chris/android-9/include 	-I/home/chris/android-9/sysroot/usr/include 	  	-fno-strict-aliasing 	-Os 	  	-fomit-frame-pointer 	  	-Wall 	-Wno-unused 	-Wno-multichar 	  	  	-mthumb 	  conftest.c
configure:5628: $? = 0
configure:5628: result: yes
configure:5628: checking for sys/mman.h
configure:5628: result: yes
configure:6020: checking for a sed that does not truncate output
configure:6084: result: /bin/sed
configure:6102: checking for fgrep
configure:6164: result: /bin/grep -F
configure:6199: checking for ld used by arm-linux-androideabi-gcc
configure:6266: result: arm-linux-androideabi-ld
configure:6273: checking if the linker (arm-linux-androideabi-ld) is GNU ld
configure:6288: result: yes
configure:6300: checking for BSD- or MS-compatible name lister (nm)
configure:6349: result: arm-linux-androideabi-nm
configure:6467: checking the name lister (arm-linux-androideabi-nm) interface
configure:6474: arm-linux-androideabi-gcc -c  	-D__ARM_ARCH_5__ 	-D__ARM_ARCH_5T__ 	-D__ARM_ARCH_5E__ 	-D__ARM_ARCH_5TE__ 	-DANDROID 	  	-I/home/chris/android-9/include 	-I/home/chris/android-9/sysroot/usr/include 	  	-fno-strict-aliasing 	-Os 	  	-fomit-frame-pointer 	  	-Wall 	-Wno-unused 	-Wno-multichar 	  	  	-mthumb 	    	-D__ARM_ARCH_5__ 	-D__ARM_ARCH_5T__ 	-D__ARM_ARCH_5E__ 	-D__ARM_ARCH_5TE__ 	-DANDROID 	  	-I/home/chris/android-9/include 	-I/home/chris/android-9/sysroot/usr/include 	  	-fno-strict-aliasing 	-Os 	  	-fomit-frame-pointer 	  	-Wall 	-Wno-unused 	-Wno-multichar 	  	  	-mthumb 	  conftest.c >&5
configure:6477: arm-linux-androideabi-nm "conftest.o"
configure:6480: output
00000000 B some_variable
configure:6487: result: BSD nm
configure:6490: checking whether ln -s works
configure:6494: result: yes
configure:6502: checking the maximum length of command line arguments
configure:6622: result: 1572864
configure:6639: checking whether the shell understands some XSI constructs
configure:6649: result: yes
configure:6653: checking whether the shell understands "+="
configure:6659: result: yes
configure:6694: checking for arm-linux-androideabi-ld option to reload object files
configure:6701: result: -r
configure:6730: checking for arm-linux-androideabi-objdump
configure:6757: result: objdump
configure:6826: checking how to recognize dependent libraries
configure:7022: result: pass_all
configure:7042: checking for arm-linux-androideabi-ar
configure:7069: result: arm-linux-androideabi-ar
configure:7147: checking for arm-linux-androideabi-strip
configure:7174: result: arm-linux-androideabi-strip
configure:7246: checking for arm-linux-androideabi-ranlib
configure:7273: result: arm-linux-androideabi-ranlib
configure:7403: checking command to parse arm-linux-androideabi-nm output from arm-linux-androideabi-gcc object
configure:7521: arm-linux-androideabi-gcc -c  	-D__ARM_ARCH_5__ 	-D__ARM_ARCH_5T__ 	-D__ARM_ARCH_5E__ 	-D__ARM_ARCH_5TE__ 	-DANDROID 	  	-I/home/chris/android-9/include 	-I/home/chris/android-9/sysroot/usr/include 	  	-fno-strict-aliasing 	-Os 	  	-fomit-frame-pointer 	  	-Wall 	-Wno-unused 	-Wno-multichar 	  	  	-mthumb 	    	-D__ARM_ARCH_5__ 	-D__ARM_ARCH_5T__ 	-D__ARM_ARCH_5E__ 	-D__ARM_ARCH_5TE__ 	-DANDROID 	  	-I/home/chris/android-9/include 	-I/home/chris/android-9/sysroot/usr/include 	  	-fno-strict-aliasing 	-Os 	  	-fomit-frame-pointer 	  	-Wall 	-Wno-unused 	-Wno-multichar 	  	  	-mthumb 	  conftest.c >&5
configure:7524: $? = 0
configure:7528: arm-linux-androideabi-nm conftest.o \| sed -n -e 's/^.*[	 ]\([ABCDGIRSTW][ABCDGIRSTW]*\)[	 ][	 ]*\([_A-Za-z][_A-Za-z0-9]*\)$/\1 \2 \2/p' \> conftest.nm
configure:7531: $? = 0
configure:7585: arm-linux-androideabi-gcc -o conftest  	-D__ARM_ARCH_5__ 	-D__ARM_ARCH_5T__ 	-D__ARM_ARCH_5E__ 	-D__ARM_ARCH_5TE__ 	-DANDROID 	  	-I/home/chris/android-9/include 	-I/home/chris/android-9/sysroot/usr/include 	  	-fno-strict-aliasing 	-Os 	  	-fomit-frame-pointer 	  	-Wall 	-Wno-unused 	-Wno-multichar 	  	  	-mthumb 	    	-D__ARM_ARCH_5__ 	-D__ARM_ARCH_5T__ 	-D__ARM_ARCH_5E__ 	-D__ARM_ARCH_5TE__ 	-DANDROID 	  	-I/home/chris/android-9/include 	-I/home/chris/android-9/sysroot/usr/include 	  	-fno-strict-aliasing 	-Os 	  	-fomit-frame-pointer 	  	-Wall 	-Wno-unused 	-Wno-multichar 	  	  	-mthumb 	   	-L/home/chris/android-9/lib 	-L/home/chris/android-9/sysroot/usr/lib 	   	/home/chris/android-9/bin/../lib/gcc/arm-linux-androideabi/4.4.3/thumb/libgcc.a 	/home/chris/android-9/bin/../lib/gcc/arm-linux-androideabi/4.4.3/../../../../arm-linux-androideabi/lib/thumb/libstdc++.a 	/home/chris/android-9/bin/../lib/gcc/arm-linux-androideabi/4.4.3/../../../../arm-linux-androideabi/lib/thumb/libsupc++.a 	  -lc -lm  conftest.c conftstm.o >&5
configure:7588: $? = 0
configure:7626: result: ok
configure:8431: checking for dlfcn.h
configure:8431: arm-linux-androideabi-gcc -c  	-D__ARM_ARCH_5__ 	-D__ARM_ARCH_5T__ 	-D__ARM_ARCH_5E__ 	-D__ARM_ARCH_5TE__ 	-DANDROID 	  	-I/home/chris/android-9/include 	-I/home/chris/android-9/sysroot/usr/include 	  	-fno-strict-aliasing 	-Os 	  	-fomit-frame-pointer 	  	-Wall 	-Wno-unused 	-Wno-multichar 	  	  	-mthumb 	    	-D__ARM_ARCH_5__ 	-D__ARM_ARCH_5T__ 	-D__ARM_ARCH_5E__ 	-D__ARM_ARCH_5TE__ 	-DANDROID 	  	-I/home/chris/android-9/include 	-I/home/chris/android-9/sysroot/usr/include 	  	-fno-strict-aliasing 	-Os 	  	-fomit-frame-pointer 	  	-Wall 	-Wno-unused 	-Wno-multichar 	  	  	-mthumb 	  conftest.c >&5
configure:8431: $? = 0
configure:8431: result: yes
configure:8556: checking for C++ compiler version
configure:8565: arm-linux-androideabi-g++ --version >&5
arm-linux-androideabi-g++ (GCC) 4.4.3
Copyright (C) 2009 Free Software Foundation, Inc.
This is free software; see the source for copying conditions.  There is NO
warranty; not even for MERCHANTABILITY or FITNESS FOR A PARTICULAR PURPOSE.

configure:8576: $? = 0
configure:8565: arm-linux-androideabi-g++ -v >&5
Using built-in specs.
Target: arm-linux-androideabi
Configured with: /tmp/ndk/src/build/../gcc/gcc-4.4.3/configure --prefix=/tmp/ndk-toolchain/ndk-prebuilt-10973/toolchains/arm-linux-androideabi-4.4.3/prebuilt/linux-x86 --target=arm-linux-androideabi --host=x86_64-linux-gnu --build=x86_64-linux-gnu --with-gnu-as --with-gnu-ld --enable-languages=c,c++ --with-gmp=/tmp/ndk-toolchain/build-JIHF5j/toolchain-arm-linux-androideabi-4.4.3/temp-install --with-mpfr=/tmp/ndk-toolchain/build-JIHF5j/toolchain-arm-linux-androideabi-4.4.3/temp-install --disable-libssp --enable-threads --disable-nls --disable-libmudflap --disable-libgomp --disable-libstdc__-v3 --disable-sjlj-exceptions --disable-shared --disable-tls --with-float=soft --with-fpu=vfp --with-arch=armv5te --enable-target-optspace --disable-nls --prefix=/tmp/ndk-toolchain/ndk-prebuilt-10973/toolchains/arm-linux-androideabi-4.4.3/prebuilt/linux-x86 --with-sysroot=/tmp/ndk-toolchain/ndk-prebuilt-10973/toolchains/arm-linux-androideabi-4.4.3/prebuilt/linux-x86/sysroot --with-binutils-version=2.19 --with-gcc-version=4.4.3 --with-gdb-version=6.6 --with-gmp-version=4.2.4 --with-mpfr-version=2.4.1 --with-arch=armv5te --enable-libstdc__-v3 --program-transform-name='s&^&arm-linux-androideabi-&'
Thread model: posix
gcc version 4.4.3 (GCC) 
configure:8576: $? = 0
configure:8565: arm-linux-androideabi-g++ -V >&5
arm-linux-androideabi-g++: '-V' option must have argument
configure:8576: $? = 1
configure:8565: arm-linux-androideabi-g++ -qversion >&5
arm-linux-androideabi-g++: unrecognized option '-qversion'
arm-linux-androideabi-g++: no input files
configure:8576: $? = 1
configure:8580: checking whether we are using the GNU C++ compiler
configure:8608: result: yes
configure:8617: checking whether arm-linux-androideabi-g++ accepts -g
configure:8678: result: yes
configure:8703: checking dependency style of arm-linux-androideabi-g++
configure:8813: result: gcc3
configure:8836: checking how to run the C++ preprocessor
configure:8863: arm-linux-androideabi-g++ -E  	-D__ARM_ARCH_5__ 	-D__ARM_ARCH_5T__ 	-D__ARM_ARCH_5E__ 	-D__ARM_ARCH_5TE__ 	-DANDROID 	  	-I/home/chris/android-9/include 	-I/home/chris/android-9/sysroot/usr/include 	  	-fno-strict-aliasing 	-Os 	  	-fomit-frame-pointer 	  	-Wall 	-Wno-unused 	-Wno-multichar 	  	  	-mthumb 	  conftest.cpp
configure:8863: $? = 0
configure:8877: arm-linux-androideabi-g++ -E  	-D__ARM_ARCH_5__ 	-D__ARM_ARCH_5T__ 	-D__ARM_ARCH_5E__ 	-D__ARM_ARCH_5TE__ 	-DANDROID 	  	-I/home/chris/android-9/include 	-I/home/chris/android-9/sysroot/usr/include 	  	-fno-strict-aliasing 	-Os 	  	-fomit-frame-pointer 	  	-Wall 	-Wno-unused 	-Wno-multichar 	  	  	-mthumb 	  conftest.cpp
conftest.cpp:32:28: error: ac_nonexistent.h: No such file or directory
configure:8877: $? = 1
configure: failed program was:
| /* confdefs.h */
| #define PACKAGE_NAME "pango"
| #define PACKAGE_TARNAME "pango"
| #define PACKAGE_VERSION "1.28.3"
| #define PACKAGE_STRING "pango 1.28.3"
| #define PACKAGE_BUGREPORT "http://bugzilla.gnome.org/enter_bug.cgi?product=pango"
| #define PACKAGE_URL ""
| #define PACKAGE "pango"
| #define VERSION "1.28.3"
| #define MODULE_VERSION "1.6.0"
| #define PANGO_BINARY_AGE 2803
| #define PANGO_INTERFACE_AGE 3
| #define PANGO_VERSION_MAJOR 1
| #define PANGO_VERSION_MINOR 28
| #define PANGO_VERSION_MICRO 3
| #define HAVE_MPROTECT 1
| #define HAVE_SYSCONF 1
| #define STDC_HEADERS 1
| #define HAVE_SYS_TYPES_H 1
| #define HAVE_SYS_STAT_H 1
| #define HAVE_STDLIB_H 1
| #define HAVE_STRING_H 1
| #define HAVE_MEMORY_H 1
| #define HAVE_STRINGS_H 1
| #define HAVE_INTTYPES_H 1
| #define HAVE_STDINT_H 1
| #define HAVE_UNISTD_H 1
| #define HAVE_UNISTD_H 1
| #define HAVE_SYS_MMAN_H 1
| #define HAVE_DLFCN_H 1
| /* end confdefs.h.  */
| #include <ac_nonexistent.h>
configure:8902: result: arm-linux-androideabi-g++ -E
configure:8922: arm-linux-androideabi-g++ -E  	-D__ARM_ARCH_5__ 	-D__ARM_ARCH_5T__ 	-D__ARM_ARCH_5E__ 	-D__ARM_ARCH_5TE__ 	-DANDROID 	  	-I/home/chris/android-9/include 	-I/home/chris/android-9/sysroot/usr/include 	  	-fno-strict-aliasing 	-Os 	  	-fomit-frame-pointer 	  	-Wall 	-Wno-unused 	-Wno-multichar 	  	  	-mthumb 	  conftest.cpp
configure:8922: $? = 0
configure:8936: arm-linux-androideabi-g++ -E  	-D__ARM_ARCH_5__ 	-D__ARM_ARCH_5T__ 	-D__ARM_ARCH_5E__ 	-D__ARM_ARCH_5TE__ 	-DANDROID 	  	-I/home/chris/android-9/include 	-I/home/chris/android-9/sysroot/usr/include 	  	-fno-strict-aliasing 	-Os 	  	-fomit-frame-pointer 	  	-Wall 	-Wno-unused 	-Wno-multichar 	  	  	-mthumb 	  conftest.cpp
conftest.cpp:32:28: error: ac_nonexistent.h: No such file or directory
configure:8936: $? = 1
configure: failed program was:
| /* confdefs.h */
| #define PACKAGE_NAME "pango"
| #define PACKAGE_TARNAME "pango"
| #define PACKAGE_VERSION "1.28.3"
| #define PACKAGE_STRING "pango 1.28.3"
| #define PACKAGE_BUGREPORT "http://bugzilla.gnome.org/enter_bug.cgi?product=pango"
| #define PACKAGE_URL ""
| #define PACKAGE "pango"
| #define VERSION "1.28.3"
| #define MODULE_VERSION "1.6.0"
| #define PANGO_BINARY_AGE 2803
| #define PANGO_INTERFACE_AGE 3
| #define PANGO_VERSION_MAJOR 1
| #define PANGO_VERSION_MINOR 28
| #define PANGO_VERSION_MICRO 3
| #define HAVE_MPROTECT 1
| #define HAVE_SYSCONF 1
| #define STDC_HEADERS 1
| #define HAVE_SYS_TYPES_H 1
| #define HAVE_SYS_STAT_H 1
| #define HAVE_STDLIB_H 1
| #define HAVE_STRING_H 1
| #define HAVE_MEMORY_H 1
| #define HAVE_STRINGS_H 1
| #define HAVE_INTTYPES_H 1
| #define HAVE_STDINT_H 1
| #define HAVE_UNISTD_H 1
| #define HAVE_UNISTD_H 1
| #define HAVE_SYS_MMAN_H 1
| #define HAVE_DLFCN_H 1
| /* end confdefs.h.  */
| #include <ac_nonexistent.h>
configure:9109: checking for objdir
configure:9124: result: .libs
configure:9416: checking if arm-linux-androideabi-gcc supports -fno-rtti -fno-exceptions
configure:9434: arm-linux-androideabi-gcc -c  	-D__ARM_ARCH_5__ 	-D__ARM_ARCH_5T__ 	-D__ARM_ARCH_5E__ 	-D__ARM_ARCH_5TE__ 	-DANDROID 	  	-I/home/chris/android-9/include 	-I/home/chris/android-9/sysroot/usr/include 	  	-fno-strict-aliasing 	-Os 	  	-fomit-frame-pointer 	  	-Wall 	-Wno-unused 	-Wno-multichar 	  	  	-mthumb 	    	-D__ARM_ARCH_5__ 	-D__ARM_ARCH_5T__ 	-D__ARM_ARCH_5E__ 	-D__ARM_ARCH_5TE__ 	-DANDROID 	  	-I/home/chris/android-9/include 	-I/home/chris/android-9/sysroot/usr/include 	  	-fno-strict-aliasing 	-Os 	  	-fomit-frame-pointer 	  	-Wall 	-Wno-unused 	-Wno-multichar 	  	  	-mthumb 	  -fno-rtti -fno-exceptions conftest.c >&5
cc1: warning: command line option "-fno-rtti" is valid for C++/ObjC++ but not for C
configure:9438: $? = 0
configure:9451: result: no
configure:9471: checking for arm-linux-androideabi-gcc option to produce PIC
configure:9743: result: -fPIC -DPIC
configure:9755: checking if arm-linux-androideabi-gcc PIC flag -fPIC -DPIC works
configure:9773: arm-linux-androideabi-gcc -c  	-D__ARM_ARCH_5__ 	-D__ARM_ARCH_5T__ 	-D__ARM_ARCH_5E__ 	-D__ARM_ARCH_5TE__ 	-DANDROID 	  	-I/home/chris/android-9/include 	-I/home/chris/android-9/sysroot/usr/include 	  	-fno-strict-aliasing 	-Os 	  	-fomit-frame-pointer 	  	-Wall 	-Wno-unused 	-Wno-multichar 	  	  	-mthumb 	    	-D__ARM_ARCH_5__ 	-D__ARM_ARCH_5T__ 	-D__ARM_ARCH_5E__ 	-D__ARM_ARCH_5TE__ 	-DANDROID 	  	-I/home/chris/android-9/include 	-I/home/chris/android-9/sysroot/usr/include 	  	-fno-strict-aliasing 	-Os 	  	-fomit-frame-pointer 	  	-Wall 	-Wno-unused 	-Wno-multichar 	  	  	-mthumb 	  -fPIC -DPIC -DPIC conftest.c >&5
configure:9777: $? = 0
configure:9790: result: yes
configure:9814: checking if arm-linux-androideabi-gcc static flag -static works
configure:9842: result: yes
configure:9857: checking if arm-linux-androideabi-gcc supports -c -o file.o
configure:9878: arm-linux-androideabi-gcc -c  	-D__ARM_ARCH_5__ 	-D__ARM_ARCH_5T__ 	-D__ARM_ARCH_5E__ 	-D__ARM_ARCH_5TE__ 	-DANDROID 	  	-I/home/chris/android-9/include 	-I/home/chris/android-9/sysroot/usr/include 	  	-fno-strict-aliasing 	-Os 	  	-fomit-frame-pointer 	  	-Wall 	-Wno-unused 	-Wno-multichar 	  	  	-mthumb 	    	-D__ARM_ARCH_5__ 	-D__ARM_ARCH_5T__ 	-D__ARM_ARCH_5E__ 	-D__ARM_ARCH_5TE__ 	-DANDROID 	  	-I/home/chris/android-9/include 	-I/home/chris/android-9/sysroot/usr/include 	  	-fno-strict-aliasing 	-Os 	  	-fomit-frame-pointer 	  	-Wall 	-Wno-unused 	-Wno-multichar 	  	  	-mthumb 	  -o out/conftest2.o conftest.c >&5
configure:9882: $? = 0
configure:9904: result: yes
configure:9912: checking if arm-linux-androideabi-gcc supports -c -o file.o
configure:9959: result: yes
configure:9992: checking whether the arm-linux-androideabi-gcc linker (arm-linux-androideabi-ld) supports shared libraries
configure:10978: result: yes
configure:11015: checking whether -lc should be explicitly linked in
configure:11020: arm-linux-androideabi-gcc -c  	-D__ARM_ARCH_5__ 	-D__ARM_ARCH_5T__ 	-D__ARM_ARCH_5E__ 	-D__ARM_ARCH_5TE__ 	-DANDROID 	  	-I/home/chris/android-9/include 	-I/home/chris/android-9/sysroot/usr/include 	  	-fno-strict-aliasing 	-Os 	  	-fomit-frame-pointer 	  	-Wall 	-Wno-unused 	-Wno-multichar 	  	  	-mthumb 	    	-D__ARM_ARCH_5__ 	-D__ARM_ARCH_5T__ 	-D__ARM_ARCH_5E__ 	-D__ARM_ARCH_5TE__ 	-DANDROID 	  	-I/home/chris/android-9/include 	-I/home/chris/android-9/sysroot/usr/include 	  	-fno-strict-aliasing 	-Os 	  	-fomit-frame-pointer 	  	-Wall 	-Wno-unused 	-Wno-multichar 	  	  	-mthumb 	  conftest.c >&5
configure:11023: $? = 0
configure:11038: arm-linux-androideabi-gcc -shared conftest.o  -v -Wl,-soname -Wl,conftest -o conftest 2\>\&1 \| /bin/grep  -lc  \>/dev/null 2\>\&1
configure:11041: $? = 0
configure:11053: result: no
configure:11217: checking dynamic linker characteristics
configure:11650: arm-linux-androideabi-gcc -o conftest  	-D__ARM_ARCH_5__ 	-D__ARM_ARCH_5T__ 	-D__ARM_ARCH_5E__ 	-D__ARM_ARCH_5TE__ 	-DANDROID 	  	-I/home/chris/android-9/include 	-I/home/chris/android-9/sysroot/usr/include 	  	-fno-strict-aliasing 	-Os 	  	-fomit-frame-pointer 	  	-Wall 	-Wno-unused 	-Wno-multichar 	  	  	-mthumb 	    	-D__ARM_ARCH_5__ 	-D__ARM_ARCH_5T__ 	-D__ARM_ARCH_5E__ 	-D__ARM_ARCH_5TE__ 	-DANDROID 	  	-I/home/chris/android-9/include 	-I/home/chris/android-9/sysroot/usr/include 	  	-fno-strict-aliasing 	-Os 	  	-fomit-frame-pointer 	  	-Wall 	-Wno-unused 	-Wno-multichar 	  	  	-mthumb 	   	-L/home/chris/android-9/lib 	-L/home/chris/android-9/sysroot/usr/lib 	   	/home/chris/android-9/bin/../lib/gcc/arm-linux-androideabi/4.4.3/thumb/libgcc.a 	/home/chris/android-9/bin/../lib/gcc/arm-linux-androideabi/4.4.3/../../../../arm-linux-androideabi/lib/thumb/libstdc++.a 	/home/chris/android-9/bin/../lib/gcc/arm-linux-androideabi/4.4.3/../../../../arm-linux-androideabi/lib/thumb/libsupc++.a 	  -lc -lm  -Wl,-rpath -Wl,/foo conftest.c  -lc -lm   	  >&5
configure:11650: $? = 0
configure:11868: result: GNU/Linux ld.so
configure:11970: checking how to hardcode library paths into programs
configure:11995: result: immediate
configure:12515: checking whether stripping libraries is possible
configure:12520: result: yes
configure:12555: checking if libtool supports shared libraries
configure:12557: result: yes
configure:12560: checking whether to build shared libraries
configure:12581: result: yes
configure:12584: checking whether to build static libraries
configure:12588: result: yes
configure:12738: checking for ld used by arm-linux-androideabi-g++
configure:12805: result: arm-linux-androideabi-ld
configure:12812: checking if the linker (arm-linux-androideabi-ld) is GNU ld
configure:12827: result: yes
configure:12882: checking whether the arm-linux-androideabi-g++ linker (arm-linux-androideabi-ld) supports shared libraries
configure:13795: result: yes
configure:13823: arm-linux-androideabi-g++ -c  	-D__ARM_ARCH_5__ 	-D__ARM_ARCH_5T__ 	-D__ARM_ARCH_5E__ 	-D__ARM_ARCH_5TE__ 	-DANDROID 	  	-I/home/chris/android-9/include 	-I/home/chris/android-9/sysroot/usr/include 	  	-fno-strict-aliasing 	-Os 	  	-fomit-frame-pointer 	  	-Wall 	-Wno-unused 	-Wno-multichar 	  	  	-mthumb 	  -fno-rtti -fno-exceptions  	-D__ARM_ARCH_5__ 	-D__ARM_ARCH_5T__ 	-D__ARM_ARCH_5E__ 	-D__ARM_ARCH_5TE__ 	-DANDROID 	  	-I/home/chris/android-9/include 	-I/home/chris/android-9/sysroot/usr/include 	  	-fno-strict-aliasing 	-Os 	  	-fomit-frame-pointer 	  	-Wall 	-Wno-unused 	-Wno-multichar 	  	  	-mthumb 	  conftest.cpp >&5
configure:13826: $? = 0
configure:14008: checking for arm-linux-androideabi-g++ option to produce PIC
configure:14325: result: -fPIC -DPIC
configure:14334: checking if arm-linux-androideabi-g++ PIC flag -fPIC -DPIC works
configure:14352: arm-linux-androideabi-g++ -c  	-D__ARM_ARCH_5__ 	-D__ARM_ARCH_5T__ 	-D__ARM_ARCH_5E__ 	-D__ARM_ARCH_5TE__ 	-DANDROID 	  	-I/home/chris/android-9/include 	-I/home/chris/android-9/sysroot/usr/include 	  	-fno-strict-aliasing 	-Os 	  	-fomit-frame-pointer 	  	-Wall 	-Wno-unused 	-Wno-multichar 	  	  	-mthumb 	  -fno-rtti -fno-exceptions  	-D__ARM_ARCH_5__ 	-D__ARM_ARCH_5T__ 	-D__ARM_ARCH_5E__ 	-D__ARM_ARCH_5TE__ 	-DANDROID 	  	-I/home/chris/android-9/include 	-I/home/chris/android-9/sysroot/usr/include 	  	-fno-strict-aliasing 	-Os 	  	-fomit-frame-pointer 	  	-Wall 	-Wno-unused 	-Wno-multichar 	  	  	-mthumb 	  -fPIC -DPIC -DPIC conftest.cpp >&5
configure:14356: $? = 0
configure:14369: result: yes
configure:14390: checking if arm-linux-androideabi-g++ static flag -static works
configure:14418: result: yes
configure:14430: checking if arm-linux-androideabi-g++ supports -c -o file.o
configure:14451: arm-linux-androideabi-g++ -c  	-D__ARM_ARCH_5__ 	-D__ARM_ARCH_5T__ 	-D__ARM_ARCH_5E__ 	-D__ARM_ARCH_5TE__ 	-DANDROID 	  	-I/home/chris/android-9/include 	-I/home/chris/android-9/sysroot/usr/include 	  	-fno-strict-aliasing 	-Os 	  	-fomit-frame-pointer 	  	-Wall 	-Wno-unused 	-Wno-multichar 	  	  	-mthumb 	  -fno-rtti -fno-exceptions  	-D__ARM_ARCH_5__ 	-D__ARM_ARCH_5T__ 	-D__ARM_ARCH_5E__ 	-D__ARM_ARCH_5TE__ 	-DANDROID 	  	-I/home/chris/android-9/include 	-I/home/chris/android-9/sysroot/usr/include 	  	-fno-strict-aliasing 	-Os 	  	-fomit-frame-pointer 	  	-Wall 	-Wno-unused 	-Wno-multichar 	  	  	-mthumb 	  -o out/conftest2.o conftest.cpp >&5
configure:14455: $? = 0
configure:14477: result: yes
configure:14482: checking if arm-linux-androideabi-g++ supports -c -o file.o
configure:14529: result: yes
configure:14559: checking whether the arm-linux-androideabi-g++ linker (arm-linux-androideabi-ld) supports shared libraries
configure:14585: result: yes
configure:14722: checking dynamic linker characteristics
configure:15103: arm-linux-androideabi-g++ -o conftest  	-D__ARM_ARCH_5__ 	-D__ARM_ARCH_5T__ 	-D__ARM_ARCH_5E__ 	-D__ARM_ARCH_5TE__ 	-DANDROID 	  	-I/home/chris/android-9/include 	-I/home/chris/android-9/sysroot/usr/include 	  	-fno-strict-aliasing 	-Os 	  	-fomit-frame-pointer 	  	-Wall 	-Wno-unused 	-Wno-multichar 	  	  	-mthumb 	  -fno-rtti -fno-exceptions  	-D__ARM_ARCH_5__ 	-D__ARM_ARCH_5T__ 	-D__ARM_ARCH_5E__ 	-D__ARM_ARCH_5TE__ 	-DANDROID 	  	-I/home/chris/android-9/include 	-I/home/chris/android-9/sysroot/usr/include 	  	-fno-strict-aliasing 	-Os 	  	-fomit-frame-pointer 	  	-Wall 	-Wno-unused 	-Wno-multichar 	  	  	-mthumb 	   	-L/home/chris/android-9/lib 	-L/home/chris/android-9/sysroot/usr/lib 	   	/home/chris/android-9/bin/../lib/gcc/arm-linux-androideabi/4.4.3/thumb/libgcc.a 	/home/chris/android-9/bin/../lib/gcc/arm-linux-androideabi/4.4.3/../../../../arm-linux-androideabi/lib/thumb/libstdc++.a 	/home/chris/android-9/bin/../lib/gcc/arm-linux-androideabi/4.4.3/../../../../arm-linux-androideabi/lib/thumb/libsupc++.a 	  -lc -lm  -Wl,-rpath -Wl,/foo conftest.cpp  -lc -lm   	  >&5
configure:15103: $? = 0
configure:15321: result: GNU/Linux ld.so
configure:15372: checking how to hardcode library paths into programs
configure:15397: result: immediate
configure:15456: creating ./config.lt

## ------------------ ##
## Running config.lt. ##
## ------------------ ##
config.lt:678: creating libtool
configure:17084: checking for some Win32 platform
configure:17094: result: no
configure:17298: checking for X
configure:17476: result: disabled
configure:17983: WARNING: X development libraries not found
configure:18020: checking for arm-linux-androideabi-pkg-config
configure:18053: result: no
configure:18063: checking for pkg-config
configure:18081: found /usr/bin/pkg-config
configure:18093: result: /usr/bin/pkg-config
configure:18105: WARNING: using cross tools not prefixed with host triplet
configure:18118: checking pkg-config is at least version 0.9.0
configure:18121: result: yes
configure:18131: checking for FONTCONFIG
configure:18138: $PKG_CONFIG --exists --print-errors "fontconfig >= 2.5.0"
configure:18141: $? = 0
configure:18154: $PKG_CONFIG --exists --print-errors "fontconfig >= 2.5.0"
configure:18157: $? = 0
configure:18196: result: yes
configure:18209: checking for FREETYPE
configure:18216: $PKG_CONFIG --exists --print-errors "freetype2"
configure:18219: $? = 0
configure:18232: $PKG_CONFIG --exists --print-errors "freetype2"
configure:18235: $? = 0
configure:18274: result: yes
configure:18455: checking Carbon/Carbon.h usability
configure:18455: arm-linux-androideabi-gcc -c  	-D__ARM_ARCH_5__ 	-D__ARM_ARCH_5T__ 	-D__ARM_ARCH_5E__ 	-D__ARM_ARCH_5TE__ 	-DANDROID 	  	-I/home/chris/android-9/include 	-I/home/chris/android-9/sysroot/usr/include 	  	-fno-strict-aliasing 	-Os 	  	-fomit-frame-pointer 	  	-Wall 	-Wno-unused 	-Wno-multichar 	  	  	-mthumb 	    	-D__ARM_ARCH_5__ 	-D__ARM_ARCH_5T__ 	-D__ARM_ARCH_5E__ 	-D__ARM_ARCH_5TE__ 	-DANDROID 	  	-I/home/chris/android-9/include 	-I/home/chris/android-9/sysroot/usr/include 	  	-fno-strict-aliasing 	-Os 	  	-fomit-frame-pointer 	  	-Wall 	-Wno-unused 	-Wno-multichar 	  	  	-mthumb 	  conftest.c >&5
conftest.c:68:27: error: Carbon/Carbon.h: No such file or directory
configure:18455: $? = 1
configure: failed program was:
| /* confdefs.h */
| #define PACKAGE_NAME "pango"
| #define PACKAGE_TARNAME "pango"
| #define PACKAGE_VERSION "1.28.3"
| #define PACKAGE_STRING "pango 1.28.3"
| #define PACKAGE_BUGREPORT "http://bugzilla.gnome.org/enter_bug.cgi?product=pango"
| #define PACKAGE_URL ""
| #define PACKAGE "pango"
| #define VERSION "1.28.3"
| #define MODULE_VERSION "1.6.0"
| #define PANGO_BINARY_AGE 2803
| #define PANGO_INTERFACE_AGE 3
| #define PANGO_VERSION_MAJOR 1
| #define PANGO_VERSION_MINOR 28
| #define PANGO_VERSION_MICRO 3
| #define HAVE_MPROTECT 1
| #define HAVE_SYSCONF 1
| #define STDC_HEADERS 1
| #define HAVE_SYS_TYPES_H 1
| #define HAVE_SYS_STAT_H 1
| #define HAVE_STDLIB_H 1
| #define HAVE_STRING_H 1
| #define HAVE_MEMORY_H 1
| #define HAVE_STRINGS_H 1
| #define HAVE_INTTYPES_H 1
| #define HAVE_STDINT_H 1
| #define HAVE_UNISTD_H 1
| #define HAVE_UNISTD_H 1
| #define HAVE_SYS_MMAN_H 1
| #define HAVE_DLFCN_H 1
| #define LT_OBJDIR ".libs/"
| #define X_DISPLAY_MISSING 1
| #define HAVE_FREETYPE 1
| /* end confdefs.h.  */
| #include <stdio.h>
| #ifdef HAVE_SYS_TYPES_H
| # include <sys/types.h>
| #endif
| #ifdef HAVE_SYS_STAT_H
| # include <sys/stat.h>
| #endif
| #ifdef STDC_HEADERS
| # include <stdlib.h>
| # include <stddef.h>
| #else
| # ifdef HAVE_STDLIB_H
| #  include <stdlib.h>
| # endif
| #endif
| #ifdef HAVE_STRING_H
| # if !defined STDC_HEADERS && defined HAVE_MEMORY_H
| #  include <memory.h>
| # endif
| # include <string.h>
| #endif
| #ifdef HAVE_STRINGS_H
| # include <strings.h>
| #endif
| #ifdef HAVE_INTTYPES_H
| # include <inttypes.h>
| #endif
| #ifdef HAVE_STDINT_H
| # include <stdint.h>
| #endif
| #ifdef HAVE_UNISTD_H
| # include <unistd.h>
| #endif
| #include <Carbon/Carbon.h>
configure:18455: result: no
configure:18455: checking Carbon/Carbon.h presence
configure:18455: arm-linux-androideabi-gcc -E  	-D__ARM_ARCH_5__ 	-D__ARM_ARCH_5T__ 	-D__ARM_ARCH_5E__ 	-D__ARM_ARCH_5TE__ 	-DANDROID 	  	-I/home/chris/android-9/include 	-I/home/chris/android-9/sysroot/usr/include 	  	-fno-strict-aliasing 	-Os 	  	-fomit-frame-pointer 	  	-Wall 	-Wno-unused 	-Wno-multichar 	  	  	-mthumb 	  conftest.c
conftest.c:35:27: error: Carbon/Carbon.h: No such file or directory
configure:18455: $? = 1
configure: failed program was:
| /* confdefs.h */
| #define PACKAGE_NAME "pango"
| #define PACKAGE_TARNAME "pango"
| #define PACKAGE_VERSION "1.28.3"
| #define PACKAGE_STRING "pango 1.28.3"
| #define PACKAGE_BUGREPORT "http://bugzilla.gnome.org/enter_bug.cgi?product=pango"
| #define PACKAGE_URL ""
| #define PACKAGE "pango"
| #define VERSION "1.28.3"
| #define MODULE_VERSION "1.6.0"
| #define PANGO_BINARY_AGE 2803
| #define PANGO_INTERFACE_AGE 3
| #define PANGO_VERSION_MAJOR 1
| #define PANGO_VERSION_MINOR 28
| #define PANGO_VERSION_MICRO 3
| #define HAVE_MPROTECT 1
| #define HAVE_SYSCONF 1
| #define STDC_HEADERS 1
| #define HAVE_SYS_TYPES_H 1
| #define HAVE_SYS_STAT_H 1
| #define HAVE_STDLIB_H 1
| #define HAVE_STRING_H 1
| #define HAVE_MEMORY_H 1
| #define HAVE_STRINGS_H 1
| #define HAVE_INTTYPES_H 1
| #define HAVE_STDINT_H 1
| #define HAVE_UNISTD_H 1
| #define HAVE_UNISTD_H 1
| #define HAVE_SYS_MMAN_H 1
| #define HAVE_DLFCN_H 1
| #define LT_OBJDIR ".libs/"
| #define X_DISPLAY_MISSING 1
| #define HAVE_FREETYPE 1
| /* end confdefs.h.  */
| #include <Carbon/Carbon.h>
configure:18455: result: no
configure:18455: checking for Carbon/Carbon.h
configure:18455: result: no
configure:18479: checking for CAIRO
configure:18486: $PKG_CONFIG --exists --print-errors "cairo >= $cairo_required"
configure:18489: $? = 0
configure:18502: $PKG_CONFIG --exists --print-errors "cairo >= $cairo_required"
configure:18505: $? = 0
configure:18544: result: yes
configure:18562: $PKG_CONFIG --exists --print-errors "cairo-ft >= $cairo_required"
configure:18565: $? = 0
configure:18620: checking which cairo font backends could be used
configure:18623: result: freetype 
configure:18638: $PKG_CONFIG --exists --print-errors "cairo-png >= $cairo_required"
configure:18641: $? = 0
configure:18654: $PKG_CONFIG --exists --print-errors "cairo-ps >= $cairo_required"
configure:18657: $? = 0
configure:18670: $PKG_CONFIG --exists --print-errors "cairo-pdf >= $cairo_required"
configure:18673: $? = 0
configure:18686: $PKG_CONFIG --exists --print-errors "cairo-xlib >= $cairo_required"
Package cairo-xlib was not found in the pkg-config search path.
Perhaps you should add the directory containing `cairo-xlib.pc'
to the PKG_CONFIG_PATH environment variable
No package 'cairo-xlib' found
configure:18689: $? = 1
configure:18790: checking for GLIB
configure:18797: $PKG_CONFIG --exists --print-errors "$GLIB_MODULES"
configure:18800: $? = 0
configure:18813: $PKG_CONFIG --exists --print-errors "$GLIB_MODULES"
configure:18816: $? = 0
configure:18857: result: yes
configure:18885: checking for LIBTHAI
configure:18892: $PKG_CONFIG --exists --print-errors "libthai >= $LIBTHAI_REQUIRED_VERSION"
Package libthai was not found in the pkg-config search path.
Perhaps you should add the directory containing `libthai.pc'
to the PKG_CONFIG_PATH environment variable
No package 'libthai' found
configure:18895: $? = 1
configure:18908: $PKG_CONFIG --exists --print-errors "libthai >= $LIBTHAI_REQUIRED_VERSION"
Package libthai was not found in the pkg-config search path.
Perhaps you should add the directory containing `libthai.pc'
to the PKG_CONFIG_PATH environment variable
No package 'libthai' found
configure:18911: $? = 1
configure:18924: result: no
No package 'libthai' found
configure:18940: result: no
configure:18970: checking for gobject-introspection
configure:19001: $PKG_CONFIG --exists --print-errors "gobject-introspection-1.0 >= 0.9.5"
Package gobject-introspection-1.0 was not found in the pkg-config search path.
Perhaps you should add the directory containing `gobject-introspection-1.0.pc'
to the PKG_CONFIG_PATH environment variable
No package 'gobject-introspection-1.0' found
configure:19004: $? = 1
configure:19015: result: no
configure:19075: checking modules to link statically
configure:19091: result: 
configure:19105: checking dynamic modules to build
configure:19121: result: arabic-fc,arabic-lang,basic-fc,basic-win32,basic-x,basic-atsui,hangul-fc,hebrew-fc,indic-fc,indic-lang,khmer-fc,syriac-fc,thai-fc,tibetan-fc (those built into Pango will be excluded)
configure:19413: checking for flockfile
configure:19413: arm-linux-androideabi-gcc -o conftest  	-D__ARM_ARCH_5__ 	-D__ARM_ARCH_5T__ 	-D__ARM_ARCH_5E__ 	-D__ARM_ARCH_5TE__ 	-DANDROID 	  	-I/home/chris/android-9/include 	-I/home/chris/android-9/sysroot/usr/include 	  	-fno-strict-aliasing 	-Os 	  	-fomit-frame-pointer 	  	-Wall 	-Wno-unused 	-Wno-multichar 	  	  	-mthumb 	    	-D__ARM_ARCH_5__ 	-D__ARM_ARCH_5T__ 	-D__ARM_ARCH_5E__ 	-D__ARM_ARCH_5TE__ 	-DANDROID 	  	-I/home/chris/android-9/include 	-I/home/chris/android-9/sysroot/usr/include 	  	-fno-strict-aliasing 	-Os 	  	-fomit-frame-pointer 	  	-Wall 	-Wno-unused 	-Wno-multichar 	  	  	-mthumb 	   	-L/home/chris/android-9/lib 	-L/home/chris/android-9/sysroot/usr/lib 	   	/home/chris/android-9/bin/../lib/gcc/arm-linux-androideabi/4.4.3/thumb/libgcc.a 	/home/chris/android-9/bin/../lib/gcc/arm-linux-androideabi/4.4.3/../../../../arm-linux-androideabi/lib/thumb/libstdc++.a 	/home/chris/android-9/bin/../lib/gcc/arm-linux-androideabi/4.4.3/../../../../arm-linux-androideabi/lib/thumb/libsupc++.a 	  -lc -lm  conftest.c  -lc -lm   	  >&5
configure:19413: $? = 0
configure:19413: result: yes
configure:19413: checking for strtok_r
configure:19413: arm-linux-androideabi-gcc -o conftest  	-D__ARM_ARCH_5__ 	-D__ARM_ARCH_5T__ 	-D__ARM_ARCH_5E__ 	-D__ARM_ARCH_5TE__ 	-DANDROID 	  	-I/home/chris/android-9/include 	-I/home/chris/android-9/sysroot/usr/include 	  	-fno-strict-aliasing 	-Os 	  	-fomit-frame-pointer 	  	-Wall 	-Wno-unused 	-Wno-multichar 	  	  	-mthumb 	    	-D__ARM_ARCH_5__ 	-D__ARM_ARCH_5T__ 	-D__ARM_ARCH_5E__ 	-D__ARM_ARCH_5TE__ 	-DANDROID 	  	-I/home/chris/android-9/include 	-I/home/chris/android-9/sysroot/usr/include 	  	-fno-strict-aliasing 	-Os 	  	-fomit-frame-pointer 	  	-Wall 	-Wno-unused 	-Wno-multichar 	  	  	-mthumb 	   	-L/home/chris/android-9/lib 	-L/home/chris/android-9/sysroot/usr/lib 	   	/home/chris/android-9/bin/../lib/gcc/arm-linux-androideabi/4.4.3/thumb/libgcc.a 	/home/chris/android-9/bin/../lib/gcc/arm-linux-androideabi/4.4.3/../../../../arm-linux-androideabi/lib/thumb/libstdc++.a 	/home/chris/android-9/bin/../lib/gcc/arm-linux-androideabi/4.4.3/../../../../arm-linux-androideabi/lib/thumb/libsupc++.a 	  -lc -lm  conftest.c  -lc -lm   	  >&5
configure:19413: $? = 0
configure:19413: result: yes
configure:19436: checking for gtkdoc-check
configure:19469: result: no
configure:19478: checking for gtkdoc-rebase
configure:19511: result: no
configure:19522: checking for gtkdoc-mkpdf
configure:19555: result: no
configure:19593: checking whether to build gtk-doc documentation
configure:19595: result: no
configure:19899: checking Whether to write dependencies into .pc files
configure:19916: result: yes
configure:19968: checking for dirent.h that defines DIR
configure:19987: arm-linux-androideabi-gcc -c  	-D__ARM_ARCH_5__ 	-D__ARM_ARCH_5T__ 	-D__ARM_ARCH_5E__ 	-D__ARM_ARCH_5TE__ 	-DANDROID 	  	-I/home/chris/android-9/include 	-I/home/chris/android-9/sysroot/usr/include 	  	-fno-strict-aliasing 	-Os 	  	-fomit-frame-pointer 	  	-Wall 	-Wno-unused 	-Wno-multichar 	  	  	-mthumb 	    	-D__ARM_ARCH_5__ 	-D__ARM_ARCH_5T__ 	-D__ARM_ARCH_5E__ 	-D__ARM_ARCH_5TE__ 	-DANDROID 	  	-I/home/chris/android-9/include 	-I/home/chris/android-9/sysroot/usr/include 	  	-fno-strict-aliasing 	-Os 	  	-fomit-frame-pointer 	  	-Wall 	-Wno-unused 	-Wno-multichar 	  	  	-mthumb 	  conftest.c >&5
configure:19987: $? = 0
configure:19995: result: yes
configure:20008: checking for library containing opendir
configure:20039: arm-linux-androideabi-gcc -o conftest  	-D__ARM_ARCH_5__ 	-D__ARM_ARCH_5T__ 	-D__ARM_ARCH_5E__ 	-D__ARM_ARCH_5TE__ 	-DANDROID 	  	-I/home/chris/android-9/include 	-I/home/chris/android-9/sysroot/usr/include 	  	-fno-strict-aliasing 	-Os 	  	-fomit-frame-pointer 	  	-Wall 	-Wno-unused 	-Wno-multichar 	  	  	-mthumb 	    	-D__ARM_ARCH_5__ 	-D__ARM_ARCH_5T__ 	-D__ARM_ARCH_5E__ 	-D__ARM_ARCH_5TE__ 	-DANDROID 	  	-I/home/chris/android-9/include 	-I/home/chris/android-9/sysroot/usr/include 	  	-fno-strict-aliasing 	-Os 	  	-fomit-frame-pointer 	  	-Wall 	-Wno-unused 	-Wno-multichar 	  	  	-mthumb 	   	-L/home/chris/android-9/lib 	-L/home/chris/android-9/sysroot/usr/lib 	   	/home/chris/android-9/bin/../lib/gcc/arm-linux-androideabi/4.4.3/thumb/libgcc.a 	/home/chris/android-9/bin/../lib/gcc/arm-linux-androideabi/4.4.3/../../../../arm-linux-androideabi/lib/thumb/libstdc++.a 	/home/chris/android-9/bin/../lib/gcc/arm-linux-androideabi/4.4.3/../../../../arm-linux-androideabi/lib/thumb/libsupc++.a 	  -lc -lm  conftest.c  -lc -lm   	  >&5
configure:20039: $? = 0
configure:20056: result: none required
configure:20125: checking for unistd.h
configure:20125: result: yes
configure:20510: creating ./config.status

## ---------------------- ##
## Running config.status. ##
## ---------------------- ##

This file was extended by pango config.status 1.28.3, which was
generated by GNU Autoconf 2.67.  Invocation command line was

  CONFIG_FILES    = 
  CONFIG_HEADERS  = 
  CONFIG_LINKS    = 
  CONFIG_COMMANDS = 
  $ ./config.status 

on ubuntu

config.status:1395: creating Makefile
config.status:1395: creating pango/Makefile
config.status:1395: creating pango/mini-fribidi/Makefile
config.status:1395: creating pango/opentype/Makefile
config.status:1395: creating pango/pango.rc
config.status:1395: creating pango/pangoft2.rc
config.status:1395: creating pango/pangowin32.rc
config.status:1395: creating pango/pangox.rc
config.status:1395: creating pango/pangoxft.rc
config.status:1395: creating pango-view/Makefile
config.status:1395: creating modules/Makefile
config.status:1395: creating modules/arabic/Makefile
config.status:1395: creating modules/basic/Makefile
config.status:1395: creating modules/hangul/Makefile
config.status:1395: creating modules/hebrew/Makefile
config.status:1395: creating modules/indic/Makefile
config.status:1395: creating modules/khmer/Makefile
config.status:1395: creating modules/syriac/Makefile
config.status:1395: creating modules/thai/Makefile
config.status:1395: creating modules/tibetan/Makefile
config.status:1395: creating examples/Makefile
config.status:1395: creating docs/Makefile
config.status:1395: creating docs/version.xml
config.status:1395: creating tools/Makefile
config.status:1395: creating tests/Makefile
config.status:1395: creating pango.pc
config.status:1395: creating pangox.pc
config.status:1395: creating pangowin32.pc
config.status:1395: creating pangoft2.pc
config.status:1395: creating pangoxft.pc
config.status:1395: creating pangocairo.pc
config.status:1395: creating pango-uninstalled.pc
config.status:1395: creating pangox-uninstalled.pc
config.status:1395: creating pangowin32-uninstalled.pc
config.status:1395: creating pangoft2-uninstalled.pc
config.status:1395: creating pangoxft-uninstalled.pc
config.status:1395: creating pangocairo-uninstalled.pc
config.status:1395: creating pango-zip.sh
config.status:1395: creating tests/runtests.sh
config.status:1395: creating config.h
config.status:1623: executing depfiles commands
config.status:1623: executing libtool commands
config.status:1623: executing pango/module-defs.h commands
config.status:1623: executing pango/module-defs-x.c commands
config.status:1623: executing pango/module-defs-fc.c commands
config.status:1623: executing pango/module-defs-win32.c commands
config.status:1623: executing pango/module-defs-atsui.c commands
config.status:1623: executing pango/module-defs-lang.c commands
config.status:1623: executing pango/pango-features.h commands
config.status:2691: creating pango/pango-features.h

## ---------------- ##
## Cache variables. ##
## ---------------- ##

ac_cv_build=i686-pc-linux-gnu
ac_cv_c_compiler_gnu=yes
ac_cv_cxx_compiler_gnu=yes
ac_cv_env_CAIRO_CFLAGS_set=
ac_cv_env_CAIRO_CFLAGS_value=
ac_cv_env_CAIRO_LIBS_set=
ac_cv_env_CAIRO_LIBS_value=
ac_cv_env_CCC_set=
ac_cv_env_CCC_value=
ac_cv_env_CC_set=set
ac_cv_env_CC_value=arm-linux-androideabi-gcc
ac_cv_env_CFLAGS_set=set
ac_cv_env_CFLAGS_value=' 	-D__ARM_ARCH_5__ 	-D__ARM_ARCH_5T__ 	-D__ARM_ARCH_5E__ 	-D__ARM_ARCH_5TE__ 	-DANDROID 	  	-I/home/chris/android-9/include 	-I/home/chris/android-9/sysroot/usr/include 	  	-fno-strict-aliasing 	-Os 	  	-fomit-frame-pointer 	  	-Wall 	-Wno-unused 	-Wno-multichar 	  	  	-mthumb 	  '
ac_cv_env_CPPFLAGS_set=set
ac_cv_env_CPPFLAGS_value=' 	-D__ARM_ARCH_5__ 	-D__ARM_ARCH_5T__ 	-D__ARM_ARCH_5E__ 	-D__ARM_ARCH_5TE__ 	-DANDROID 	  	-I/home/chris/android-9/include 	-I/home/chris/android-9/sysroot/usr/include 	  	-fno-strict-aliasing 	-Os 	  	-fomit-frame-pointer 	  	-Wall 	-Wno-unused 	-Wno-multichar 	  	  	-mthumb 	 '
ac_cv_env_CPP_set=
ac_cv_env_CPP_value=
ac_cv_env_CXXCPP_set=
ac_cv_env_CXXCPP_value=
ac_cv_env_CXXFLAGS_set=set
ac_cv_env_CXXFLAGS_value=' 	-D__ARM_ARCH_5__ 	-D__ARM_ARCH_5T__ 	-D__ARM_ARCH_5E__ 	-D__ARM_ARCH_5TE__ 	-DANDROID 	  	-I/home/chris/android-9/include 	-I/home/chris/android-9/sysroot/usr/include 	  	-fno-strict-aliasing 	-Os 	  	-fomit-frame-pointer 	  	-Wall 	-Wno-unused 	-Wno-multichar 	  	  	-mthumb 	 '
ac_cv_env_CXX_set=set
ac_cv_env_CXX_value=arm-linux-androideabi-g++
ac_cv_env_FONTCONFIG_CFLAGS_set=
ac_cv_env_FONTCONFIG_CFLAGS_value=
ac_cv_env_FONTCONFIG_LIBS_set=
ac_cv_env_FONTCONFIG_LIBS_value=
ac_cv_env_FREETYPE_CFLAGS_set=
ac_cv_env_FREETYPE_CFLAGS_value=
ac_cv_env_FREETYPE_LIBS_set=
ac_cv_env_FREETYPE_LIBS_value=
ac_cv_env_GLIB_CFLAGS_set=
ac_cv_env_GLIB_CFLAGS_value=
ac_cv_env_GLIB_LIBS_set=
ac_cv_env_GLIB_LIBS_value=
ac_cv_env_LDFLAGS_set=set
ac_cv_env_LDFLAGS_value=' 	-L/home/chris/android-9/lib 	-L/home/chris/android-9/sysroot/usr/lib 	   	/home/chris/android-9/bin/../lib/gcc/arm-linux-androideabi/4.4.3/thumb/libgcc.a 	/home/chris/android-9/bin/../lib/gcc/arm-linux-androideabi/4.4.3/../../../../arm-linux-androideabi/lib/thumb/libstdc++.a 	/home/chris/android-9/bin/../lib/gcc/arm-linux-androideabi/4.4.3/../../../../arm-linux-androideabi/lib/thumb/libsupc++.a 	  -lc -lm '
ac_cv_env_LIBS_set=set
ac_cv_env_LIBS_value=' -lc -lm   	 '
ac_cv_env_LIBTHAI_CFLAGS_set=
ac_cv_env_LIBTHAI_CFLAGS_value=
ac_cv_env_LIBTHAI_LIBS_set=
ac_cv_env_LIBTHAI_LIBS_value=
ac_cv_env_PKG_CONFIG_LIBDIR_set=set
ac_cv_env_PKG_CONFIG_LIBDIR_value=/home/chris/android-9/lib
ac_cv_env_PKG_CONFIG_PATH_set=set
ac_cv_env_PKG_CONFIG_PATH_value=/home/chris/android-9/lib/pkgconfig
ac_cv_env_PKG_CONFIG_set=
ac_cv_env_PKG_CONFIG_value=
ac_cv_env_XFT_CFLAGS_set=
ac_cv_env_XFT_CFLAGS_value=
ac_cv_env_XFT_LIBS_set=
ac_cv_env_XFT_LIBS_value=
ac_cv_env_XMKMF_set=
ac_cv_env_XMKMF_value=
ac_cv_env_build_alias_set=set
ac_cv_env_build_alias_value=i686-linux-gnu
ac_cv_env_host_alias_set=set
ac_cv_env_host_alias_value=arm-linux-androideabi
ac_cv_env_target_alias_set=
ac_cv_env_target_alias_value=
ac_cv_func_flockfile=yes
ac_cv_func_getpagesize=no
ac_cv_func_mprotect=yes
ac_cv_func_strtok_r=yes
ac_cv_func_sysconf=yes
ac_cv_header_Carbon_Carbon_h=no
ac_cv_header_dirent_dirent_h=yes
ac_cv_header_dlfcn_h=yes
ac_cv_header_inttypes_h=yes
ac_cv_header_memory_h=yes
ac_cv_header_stdc=yes
ac_cv_header_stdint_h=yes
ac_cv_header_stdlib_h=yes
ac_cv_header_string_h=yes
ac_cv_header_strings_h=yes
ac_cv_header_sys_mman_h=yes
ac_cv_header_sys_stat_h=yes
ac_cv_header_sys_types_h=yes
ac_cv_header_unistd_h=yes
ac_cv_host=arm-unknown-linux-androideabi
ac_cv_objext=o
ac_cv_path_EGREP='/bin/grep -E'
ac_cv_path_FGREP='/bin/grep -F'
ac_cv_path_GREP=/bin/grep
ac_cv_path_SED=/bin/sed
ac_cv_path_ac_pt_PKG_CONFIG=/usr/bin/pkg-config
ac_cv_path_install='/usr/bin/install -c'
ac_cv_path_mkdir=/bin/mkdir
ac_cv_prog_AR=arm-linux-androideabi-ar
ac_cv_prog_AWK=gawk
ac_cv_prog_CC=arm-linux-androideabi-gcc
ac_cv_prog_CPP='arm-linux-androideabi-gcc -E'
ac_cv_prog_CXX=arm-linux-androideabi-g++
ac_cv_prog_CXXCPP='arm-linux-androideabi-g++ -E'
ac_cv_prog_OBJDUMP=objdump
ac_cv_prog_RANLIB=arm-linux-androideabi-ranlib
ac_cv_prog_STRIP=arm-linux-androideabi-strip
ac_cv_prog_cc_c89=
ac_cv_prog_cc_g=yes
ac_cv_prog_cxx_g=yes
ac_cv_prog_make_make_set=yes
ac_cv_search_opendir='none required'
am_cv_CC_dependencies_compiler_type=gcc3
am_cv_CXX_dependencies_compiler_type=gcc3
lt_cv_deplibs_check_method=pass_all
lt_cv_file_magic_cmd='$MAGIC_CMD'
lt_cv_file_magic_test_file=
lt_cv_ld_reload_flag=-r
lt_cv_nm_interface='BSD nm'
lt_cv_objdir=.libs
lt_cv_path_LD=arm-linux-androideabi-ld
lt_cv_path_LDCXX=arm-linux-androideabi-ld
lt_cv_path_NM=arm-linux-androideabi-nm
lt_cv_prog_compiler_c_o=yes
lt_cv_prog_compiler_c_o_CXX=yes
lt_cv_prog_compiler_pic_works=yes
lt_cv_prog_compiler_pic_works_CXX=yes
lt_cv_prog_compiler_rtti_exceptions=no
lt_cv_prog_compiler_static_works=yes
lt_cv_prog_compiler_static_works_CXX=yes
lt_cv_prog_gnu_ld=yes
lt_cv_prog_gnu_ldcxx=yes
lt_cv_sys_global_symbol_pipe='sed -n -e '\''s/^.*[	 ]\([ABCDGIRSTW][ABCDGIRSTW]*\)[	 ][	 ]*\([_A-Za-z][_A-Za-z0-9]*\)$/\1 \2 \2/p'\'''
lt_cv_sys_global_symbol_to_c_name_address='sed -n -e '\''s/^: \([^ ]*\) $/  {\"\1\", (void *) 0},/p'\'' -e '\''s/^[ABCDGIRSTW]* \([^ ]*\) \([^ ]*\)$/  {"\2", (void *) \&\2},/p'\'''
lt_cv_sys_global_symbol_to_c_name_address_lib_prefix='sed -n -e '\''s/^: \([^ ]*\) $/  {\"\1\", (void *) 0},/p'\'' -e '\''s/^[ABCDGIRSTW]* \([^ ]*\) \(lib[^ ]*\)$/  {"\2", (void *) \&\2},/p'\'' -e '\''s/^[ABCDGIRSTW]* \([^ ]*\) \([^ ]*\)$/  {"lib\2", (void *) \&\2},/p'\'''
lt_cv_sys_global_symbol_to_cdecl='sed -n -e '\''s/^T .* \(.*\)$/extern int \1();/p'\'' -e '\''s/^[ABCDGIRSTW]* .* \(.*\)$/extern char \1;/p'\'''
lt_cv_sys_max_cmd_len=1572864
pkg_cv_CAIRO_CFLAGS='-I/home/chris/android-9/include/cairo -I/home/chris/android-9/include/glib-2.0 -I/home/chris/android-9/lib/glib-2.0/include -I/home/chris/android-9/include/pixman-1 -I/home/chris/android-9/include -I/home/chris/android-9/include/freetype2 -I/home/chris/android-9/include/libpng14  '
pkg_cv_CAIRO_LIBS='-L/home/chris/android-9/lib -lcairo  '
pkg_cv_FONTCONFIG_CFLAGS='-I/home/chris/android-9/include  '
pkg_cv_FONTCONFIG_LIBS='-L/home/chris/android-9/lib -lfontconfig  '
pkg_cv_FREETYPE_CFLAGS='-I/home/chris/android-9/include/freetype2 -I/home/chris/android-9/include  '
pkg_cv_FREETYPE_LIBS='-L/home/chris/android-9/lib -lfreetype  '
pkg_cv_GLIB_CFLAGS='-I/home/chris/android-9/include/glib-2.0 -I/home/chris/android-9/lib/glib-2.0/include  '
pkg_cv_GLIB_LIBS='-L/home/chris/android-9/lib -lgobject-2.0 -lgmodule-2.0 -lglib-2.0 -lintl -liconv  '

## ----------------- ##
## Output variables. ##
## ----------------- ##

ACLOCAL='${SHELL} /home/chris/lib-src/pango-1.28.3/missing --run aclocal-1.11 '
AMDEPBACKSLASH='\'
AMDEP_FALSE='#'
AMDEP_TRUE=''
AMTAR='${SHELL} /home/chris/lib-src/pango-1.28.3/missing --run tar'
AM_BACKSLASH='\'
AM_DEFAULT_VERBOSITY='0'
AR='arm-linux-androideabi-ar'
AS='arm-linux-androideabi-as'
AUTOCONF='${SHELL} /home/chris/lib-src/pango-1.28.3/missing --run autoconf'
AUTOHEADER='${SHELL} /home/chris/lib-src/pango-1.28.3/missing --run autoheader'
AUTOMAKE='${SHELL} /home/chris/lib-src/pango-1.28.3/missing --run automake-1.11'
AWK='gawk'
CAIRO_CFLAGS='-I/home/chris/android-9/include/cairo -I/home/chris/android-9/include/glib-2.0 -I/home/chris/android-9/lib/glib-2.0/include -I/home/chris/android-9/include/pixman-1 -I/home/chris/android-9/include -I/home/chris/android-9/include/freetype2 -I/home/chris/android-9/include/libpng14  '
CAIRO_LIBS='-L/home/chris/android-9/lib -lcairo  '
CAIRO_PREFIX='/home/chris/android-9'
CC='arm-linux-androideabi-gcc'
CCDEPMODE='depmode=gcc3'
CFLAGS=' 	-D__ARM_ARCH_5__ 	-D__ARM_ARCH_5T__ 	-D__ARM_ARCH_5E__ 	-D__ARM_ARCH_5TE__ 	-DANDROID 	  	-I/home/chris/android-9/include 	-I/home/chris/android-9/sysroot/usr/include 	  	-fno-strict-aliasing 	-Os 	  	-fomit-frame-pointer 	  	-Wall 	-Wno-unused 	-Wno-multichar 	  	  	-mthumb 	  '
CPP='arm-linux-androideabi-gcc -E'
CPPFLAGS=' 	-D__ARM_ARCH_5__ 	-D__ARM_ARCH_5T__ 	-D__ARM_ARCH_5E__ 	-D__ARM_ARCH_5TE__ 	-DANDROID 	  	-I/home/chris/android-9/include 	-I/home/chris/android-9/sysroot/usr/include 	  	-fno-strict-aliasing 	-Os 	  	-fomit-frame-pointer 	  	-Wall 	-Wno-unused 	-Wno-multichar 	  	  	-mthumb 	 '
CROSS_COMPILING_FALSE='#'
CROSS_COMPILING_TRUE=''
CXX='arm-linux-androideabi-g++'
CXXCPP='arm-linux-androideabi-g++ -E'
CXXDEPMODE='depmode=gcc3'
CXXFLAGS=' 	-D__ARM_ARCH_5__ 	-D__ARM_ARCH_5T__ 	-D__ARM_ARCH_5E__ 	-D__ARM_ARCH_5TE__ 	-DANDROID 	  	-I/home/chris/android-9/include 	-I/home/chris/android-9/sysroot/usr/include 	  	-fno-strict-aliasing 	-Os 	  	-fomit-frame-pointer 	  	-Wall 	-Wno-unused 	-Wno-multichar 	  	  	-mthumb 	  -fno-rtti -fno-exceptions'
CYGPATH_W='echo'
DEFS='-DHAVE_CONFIG_H'
DEPDIR='.deps'
DISABLE_EXPLICIT_DEPS_FALSE=''
DISABLE_EXPLICIT_DEPS_TRUE='#'
DLLTOOL='dlltool'
DSYMUTIL=''
DUMPBIN=''
DYNAMIC_ARABIC_FC_FALSE='#'
DYNAMIC_ARABIC_FC_TRUE=''
DYNAMIC_ARABIC_LANG_FALSE='#'
DYNAMIC_ARABIC_LANG_TRUE=''
DYNAMIC_BASIC_ATSUI_FALSE='#'
DYNAMIC_BASIC_ATSUI_TRUE=''
DYNAMIC_BASIC_FC_FALSE='#'
DYNAMIC_BASIC_FC_TRUE=''
DYNAMIC_BASIC_WIN32_FALSE='#'
DYNAMIC_BASIC_WIN32_TRUE=''
DYNAMIC_BASIC_X_FALSE='#'
DYNAMIC_BASIC_X_TRUE=''
DYNAMIC_HANGUL_FC_FALSE='#'
DYNAMIC_HANGUL_FC_TRUE=''
DYNAMIC_HEBREW_FC_FALSE='#'
DYNAMIC_HEBREW_FC_TRUE=''
DYNAMIC_INDIC_FC_FALSE='#'
DYNAMIC_INDIC_FC_TRUE=''
DYNAMIC_INDIC_LANG_FALSE='#'
DYNAMIC_INDIC_LANG_TRUE=''
DYNAMIC_KHMER_FC_FALSE='#'
DYNAMIC_KHMER_FC_TRUE=''
DYNAMIC_SYRIAC_FC_FALSE='#'
DYNAMIC_SYRIAC_FC_TRUE=''
DYNAMIC_THAI_FC_FALSE='#'
DYNAMIC_THAI_FC_TRUE=''
DYNAMIC_THAI_LANG_FALSE=''
DYNAMIC_THAI_LANG_TRUE='#'
DYNAMIC_TIBETAN_FC_FALSE='#'
DYNAMIC_TIBETAN_FC_TRUE=''
ECHO_C=''
ECHO_N='-n'
ECHO_T=''
EGREP='/bin/grep -E'
ENABLE_DOC_CROSS_REFERENCES_FALSE='#'
ENABLE_DOC_CROSS_REFERENCES_TRUE=''
ENABLE_GTK_DOC_FALSE=''
ENABLE_GTK_DOC_TRUE='#'
ENABLE_MAN_FALSE=''
ENABLE_MAN_TRUE='#'
EXEEXT=''
FGREP='/bin/grep -F'
FONTCONFIG_CFLAGS='-I/home/chris/android-9/include  '
FONTCONFIG_LIBS='-L/home/chris/android-9/lib -lfontconfig  '
FREETYPE_CFLAGS='-I/home/chris/android-9/include/freetype2 -I/home/chris/android-9/include   -I/home/chris/android-9/include  '
FREETYPE_LIBS='-L/home/chris/android-9/lib -lfreetype   -L/home/chris/android-9/lib -lfontconfig  '
GLIB_CFLAGS='-pthreads -I/home/chris/android-9/include/glib-2.0 -I/home/chris/android-9/lib/glib-2.0/include  '
GLIB_LIBS='-L/home/chris/android-9/lib -lgobject-2.0 -lgmodule-2.0 -lglib-2.0 -lintl -liconv  '
GLIB_MKENUMS='glib-mkenums'
GLIB_PREFIX='/home/chris/android-9'
GREP='/bin/grep'
GTKDOC_CHECK=''
GTKDOC_MKPDF=''
GTKDOC_REBASE='true'
GTK_DOC_BUILD_HTML_FALSE='#'
GTK_DOC_BUILD_HTML_TRUE=''
GTK_DOC_BUILD_PDF_FALSE=''
GTK_DOC_BUILD_PDF_TRUE='#'
GTK_DOC_USE_LIBTOOL_FALSE='#'
GTK_DOC_USE_LIBTOOL_TRUE=''
GTK_DOC_USE_REBASE_FALSE='#'
GTK_DOC_USE_REBASE_TRUE=''
HAVE_CAIRO_ATSUI_FALSE=''
HAVE_CAIRO_ATSUI_TRUE='#'
HAVE_CAIRO_FALSE='#'
HAVE_CAIRO_FREETYPE_FALSE='#'
HAVE_CAIRO_FREETYPE_TRUE=''
HAVE_CAIRO_PDF_FALSE='#'
HAVE_CAIRO_PDF_TRUE=''
HAVE_CAIRO_PNG_FALSE='#'
HAVE_CAIRO_PNG_TRUE=''
HAVE_CAIRO_PS_FALSE='#'
HAVE_CAIRO_PS_TRUE=''
HAVE_CAIRO_TRUE=''
HAVE_CAIRO_WIN32_FALSE=''
HAVE_CAIRO_WIN32_TRUE='#'
HAVE_CAIRO_XLIB_FALSE=''
HAVE_CAIRO_XLIB_TRUE='#'
HAVE_CXX_FALSE='#'
HAVE_CXX_TRUE=''
HAVE_DYNAMIC_MODULES_FALSE='#'
HAVE_DYNAMIC_MODULES_TRUE=''
HAVE_FREETYPE_FALSE='#'
HAVE_FREETYPE_TRUE=''
HAVE_INCLUDED_MODULES_FALSE=''
HAVE_INCLUDED_MODULES_TRUE='#'
HAVE_INTROSPECTION_FALSE=''
HAVE_INTROSPECTION_TRUE='#'
HAVE_WIN32_FALSE=''
HAVE_WIN32_TRUE='#'
HAVE_XFT_FALSE=''
HAVE_XFT_TRUE='#'
HAVE_X_FALSE=''
HAVE_X_TRUE='#'
HTML_DIR='${datadir}/gtk-doc/html'
INCLUDED_ATSUI_MODULES=''
INCLUDED_FC_MODULES=''
INCLUDED_LANG_MODULES=''
INCLUDED_WIN32_MODULES=''
INCLUDED_X_MODULES=''
INCLUDE_ARABIC_FC_FALSE=''
INCLUDE_ARABIC_FC_TRUE='#'
INCLUDE_ARABIC_LANG_FALSE=''
INCLUDE_ARABIC_LANG_TRUE='#'
INCLUDE_BASIC_ATSUI_FALSE=''
INCLUDE_BASIC_ATSUI_TRUE='#'
INCLUDE_BASIC_FC_FALSE=''
INCLUDE_BASIC_FC_TRUE='#'
INCLUDE_BASIC_WIN32_FALSE=''
INCLUDE_BASIC_WIN32_TRUE='#'
INCLUDE_BASIC_X_FALSE=''
INCLUDE_BASIC_X_TRUE='#'
INCLUDE_HANGUL_FC_FALSE=''
INCLUDE_HANGUL_FC_TRUE='#'
INCLUDE_HEBREW_FC_FALSE=''
INCLUDE_HEBREW_FC_TRUE='#'
INCLUDE_INDIC_FC_FALSE=''
INCLUDE_INDIC_FC_TRUE='#'
INCLUDE_INDIC_LANG_FALSE=''
INCLUDE_INDIC_LANG_TRUE='#'
INCLUDE_KHMER_FC_FALSE=''
INCLUDE_KHMER_FC_TRUE='#'
INCLUDE_SYRIAC_FC_FALSE=''
INCLUDE_SYRIAC_FC_TRUE='#'
INCLUDE_THAI_FC_FALSE=''
INCLUDE_THAI_FC_TRUE='#'
INCLUDE_THAI_LANG_FALSE=''
INCLUDE_THAI_LANG_TRUE='#'
INCLUDE_TIBETAN_FC_FALSE=''
INCLUDE_TIBETAN_FC_TRUE='#'
INSTALL_DATA='${INSTALL} -m 644'
INSTALL_PROGRAM='${INSTALL}'
INSTALL_SCRIPT='${INSTALL}'
INSTALL_STRIP_PROGRAM='$(install_sh) -c -s'
INTROSPECTION_CFLAGS=''
INTROSPECTION_COMPILER=''
INTROSPECTION_GENERATE=''
INTROSPECTION_GIRDIR=''
INTROSPECTION_LIBS=''
INTROSPECTION_MAKEFILE=''
INTROSPECTION_SCANNER=''
INTROSPECTION_TYPELIBDIR=''
LD='arm-linux-androideabi-ld'
LDFLAGS=' 	-L/home/chris/android-9/lib 	-L/home/chris/android-9/sysroot/usr/lib 	   	/home/chris/android-9/bin/../lib/gcc/arm-linux-androideabi/4.4.3/thumb/libgcc.a 	/home/chris/android-9/bin/../lib/gcc/arm-linux-androideabi/4.4.3/../../../../arm-linux-androideabi/lib/thumb/libstdc++.a 	/home/chris/android-9/bin/../lib/gcc/arm-linux-androideabi/4.4.3/../../../../arm-linux-androideabi/lib/thumb/libsupc++.a 	  -lc -lm '
LIBOBJS=''
LIBRARY_LIBTOOL_OPTIONS='-version-info 2800:3:2800 -export-symbols-regex "^pango_.*"'
LIBS=' -lc -lm   	 '
LIBTHAI_CFLAGS=''
LIBTHAI_LIBS=''
LIBTOOL='$(SHELL) $(top_builddir)/libtool'
LIB_EXE_MACHINE_FLAG=''
LIPO=''
LN_S='ln -s'
LTLIBOBJS=''
MAKEINFO='${SHELL} /home/chris/lib-src/pango-1.28.3/missing --run makeinfo'
MKDIR_P='/bin/mkdir -p'
MODULE_LIBTOOL_OPTIONS='-export-dynamic -avoid-version -export-symbols-regex "^script_engine_.*"'
MS_LIB_AVAILABLE_FALSE=''
MS_LIB_AVAILABLE_TRUE='#'
NM='arm-linux-androideabi-nm'
NMEDIT=''
OBJDUMP='objdump'
OBJEXT='o'
OS_WIN32_FALSE=''
OS_WIN32_TRUE='#'
OTOOL64=''
OTOOL=''
PACKAGE='pango'
PACKAGE_BUGREPORT='http://bugzilla.gnome.org/enter_bug.cgi?product=pango'
PACKAGE_NAME='pango'
PACKAGE_STRING='pango 1.28.3'
PACKAGE_TARNAME='pango'
PACKAGE_URL=''
PACKAGE_VERSION='1.28.3'
PANGO_API_VERSION='1.0'
PANGO_BINARY_AGE='2803'
PANGO_CURRENT_MINUS_AGE='0'
PANGO_DEBUG_FLAGS='-DG_DISABLE_CAST_CHECKS'
PANGO_INTERFACE_AGE='3'
PANGO_MODULE_VERSION='1.6.0'
PANGO_VERSION='1.28.3'
PANGO_VERSION_MAJOR='1'
PANGO_VERSION_MICRO='3'
PANGO_VERSION_MINOR='28'
PATH_SEPARATOR=':'
PKGCONFIG_CAIRO_REQUIRES=' pangoft2'
PKGCONFIG_MATH_LIBS='-lm'
PKG_CONFIG='/usr/bin/pkg-config'
PKG_CONFIG_LIBDIR='/home/chris/android-9/lib'
PKG_CONFIG_PATH='/home/chris/android-9/lib/pkgconfig'
PLATFORM_WIN32_FALSE=''
PLATFORM_WIN32_TRUE='#'
RANLIB='arm-linux-androideabi-ranlib'
SED='/bin/sed'
SET_MAKE=''
SHELL='/bin/bash'
STRIP='arm-linux-androideabi-strip'
VERSION='1.28.3'
WIN32_LIBS=''
WINDRES=''
XFT_CFLAGS=''
XFT_LIBS=''
XMKMF=''
XMLCATALOG=''
XML_CATALOG_FILE=''
XSLTPROC=''
X_CFLAGS=''
X_EXTRA_LIBS=''
X_LIBS=' '
X_PRE_LIBS=''
ac_ct_CC=''
ac_ct_CXX=''
ac_ct_DUMPBIN=''
am__EXEEXT_FALSE=''
am__EXEEXT_TRUE='#'
am__fastdepCC_FALSE='#'
am__fastdepCC_TRUE=''
am__fastdepCXX_FALSE='#'
am__fastdepCXX_TRUE=''
am__include='include'
am__isrc=''
am__leading_dot='.'
am__quote=''
am__tar='${AMTAR} chof - "$$tardir"'
am__untar='${AMTAR} xf -'
bindir='${exec_prefix}/bin'
build='i686-pc-linux-gnu'
build_alias='i686-linux-gnu'
build_cpu='i686'
build_os='linux-gnu'
build_vendor='pc'
datadir='${datarootdir}'
datarootdir='${prefix}/share'
docdir='${datarootdir}/doc/${PACKAGE_TARNAME}'
dvidir='${docdir}'
exec_prefix='${prefix}'
host='arm-unknown-linux-androideabi'
host_alias='arm-linux-androideabi'
host_cpu='arm'
host_os='linux-androideabi'
host_vendor='unknown'
htmldir='${docdir}'
includedir='${prefix}/include'
infodir='${datarootdir}/info'
install_sh='${SHELL} /home/chris/lib-src/pango-1.28.3/install-sh'
libdir='${exec_prefix}/lib'
libexecdir='${exec_prefix}/libexec'
localedir='${datarootdir}/locale'
localstatedir='${prefix}/var'
lt_ECHO='echo'
mandir='${datarootdir}/man'
mkdir_p='/bin/mkdir -p'
ms_librarian=''
oldincludedir='/usr/include'
pdfdir='${docdir}'
prefix='/home/chris/android-9'
program_transform_name='s,x,x,'
psdir='${docdir}'
sbindir='${exec_prefix}/sbin'
sharedstatedir='${prefix}/com'
sysconfdir='${prefix}/etc'
target_alias=''

## ----------- ##
## confdefs.h. ##
## ----------- ##

/* confdefs.h */
#define PACKAGE_NAME "pango"
#define PACKAGE_TARNAME "pango"
#define PACKAGE_VERSION "1.28.3"
#define PACKAGE_STRING "pango 1.28.3"
#define PACKAGE_BUGREPORT "http://bugzilla.gnome.org/enter_bug.cgi?product=pango"
#define PACKAGE_URL ""
#define PACKAGE "pango"
#define VERSION "1.28.3"
#define MODULE_VERSION "1.6.0"
#define PANGO_BINARY_AGE 2803
#define PANGO_INTERFACE_AGE 3
#define PANGO_VERSION_MAJOR 1
#define PANGO_VERSION_MINOR 28
#define PANGO_VERSION_MICRO 3
#define HAVE_MPROTECT 1
#define HAVE_SYSCONF 1
#define STDC_HEADERS 1
#define HAVE_SYS_TYPES_H 1
#define HAVE_SYS_STAT_H 1
#define HAVE_STDLIB_H 1
#define HAVE_STRING_H 1
#define HAVE_MEMORY_H 1
#define HAVE_STRINGS_H 1
#define HAVE_INTTYPES_H 1
#define HAVE_STDINT_H 1
#define HAVE_UNISTD_H 1
#define HAVE_UNISTD_H 1
#define HAVE_SYS_MMAN_H 1
#define HAVE_DLFCN_H 1
#define LT_OBJDIR ".libs/"
#define X_DISPLAY_MISSING 1
#define HAVE_FREETYPE 1
#define HAVE_CAIRO_FREETYPE 1
#define HAVE_CAIRO 1
#define HAVE_CAIRO_PNG 1
#define HAVE_CAIRO_PS 1
#define HAVE_CAIRO_PDF 1
#define HAVE_FLOCKFILE 1
#define HAVE_STRTOK_R 1
#define HAVE_DIRENT_H 1
#define HAVE_UNISTD_H 1

configure: exit 0
