pango/break.c \
pango/ellipsize.c \
pango/fonts.c \
pango/glyphstring.c \
pango/module-defs-fc.c \
pango/module-defs-lang.c \
pango/modules.c \
pango/pango-attributes.c \
pango/pango-bidi-type.c \
pango/pango-color.c \
pango/pango-context.c \
pango/pango-coverage.c \
pango/pango-engine.c \
pango/pango-enum-types.c \
pango/pangofc-decoder.c \
pango/pangofc-fontmap.c \
pango/pangofc-font.c \
pango/pango-fontmap.c \
pango/pango-fontset.c \
pango/pangoft2-fontmap.c \
pango/pangoft2.c \
pango/pangoft2-render.c \
pango/pango-glyph-item.c \
pango/pango-gravity.c \
pango/pango-item.c \
pango/pango-language.c \
pango/pango-layout.c \
pango/pango-markup.c \
pango/pango-matrix.c \
pango/pango-ot-buffer.c \
pango/pango-ot-info.c \
pango/pango-ot-ruleset.c \
pango/pango-ot-tag.c \
pango/pango-renderer.c \
pango/pango-script.c \
pango/pango-tabs.c \
pango/pango-utils.c \
pango/querymodules.c \
pango/reorder-items.c \
pango/shape.c \
