This file contains any messages produced by compilers while
running configure, to aid debugging if configure makes a mistake.

It was created by libasprintf configure 1.0, which was
generated by GNU Autoconf 2.65.  Invocation command line was

  $ ./configure --disable-option-checking --prefix=/home/chris/android-9 --host=arm-linux-androideabi --build=i686-linux-gnu --disable-threads build_alias=i686-linux-gnu host_alias=arm-linux-androideabi CC=arm-linux-androideabi-gcc CFLAGS= 	-D__ARM_ARCH_5__ 	-D__ARM_ARCH_5T__ 	-D__ARM_ARCH_5E__ 	-D__ARM_ARCH_5TE__ 	-DANDROID 	  	-I/home/chris/android-9/include 	-I/home/chris/android-9/sysroot/usr/include 	  	-fno-strict-aliasing 	-Os 	  	-fomit-frame-pointer 	  	-Wall 	-Wno-unused 	-Wno-multichar 	  	  	-mthumb 	   LDFLAGS= 	-L/home/chris/android-9/lib 	-L/home/chris/android-9/sysroot/usr/lib 	 -lc  	/home/chris/android-9/bin/../lib/gcc/arm-linux-androideabi/4.4.3/thumb/libgcc.a 	/home/chris/android-9/bin/../lib/gcc/arm-linux-androideabi/4.4.3/../../../../arm-linux-androideabi/lib/thumb/libstdc++.a 	/home/chris/android-9/bin/../lib/gcc/arm-linux-androideabi/4.4.3/../../../../arm-linux-androideabi/lib/thumb/libsupc++.a 	  -lc -lm  LIBS= -lc -lm   	  CPPFLAGS= 	-D__ARM_ARCH_5__ 	-D__ARM_ARCH_5T__ 	-D__ARM_ARCH_5E__ 	-D__ARM_ARCH_5TE__ 	-DANDROID 	  	-I/home/chris/android-9/include 	-I/home/chris/android-9/sysroot/usr/include 	  	-fno-strict-aliasing 	-Os 	  	-fomit-frame-pointer 	  	-Wall 	-Wno-unused 	-Wno-multichar 	  	  	-mthumb 	  CXX=arm-linux-androideabi-g++ CXXFLAGS= 	-D__ARM_ARCH_5__ 	-D__ARM_ARCH_5T__ 	-D__ARM_ARCH_5E__ 	-D__ARM_ARCH_5TE__ 	-DANDROID 	  	-I/home/chris/android-9/include 	-I/home/chris/android-9/sysroot/usr/include 	  	-fno-strict-aliasing 	-Os 	  	-fomit-frame-pointer 	  	-Wall 	-Wno-unused 	-Wno-multichar 	  	  	-mthumb 	  --cache-file=/dev/null --srcdir=.

## --------- ##
## Platform. ##
## --------- ##

hostname = ubuntu
uname -m = x86_64
uname -r = 2.6.35-25-generic
uname -s = Linux
uname -v = #44-Ubuntu SMP Fri Jan 21 17:40:44 UTC 2011

/usr/bin/uname -p = unknown
/bin/uname -X     = unknown

/bin/arch              = unknown
/usr/bin/arch -k       = unknown
/usr/convex/getsysinfo = unknown
/usr/bin/hostinfo      = unknown
/bin/machine           = unknown
/usr/bin/oslevel       = unknown
/bin/universe          = unknown

PATH: /home/chris/android-9/bin
PATH: /home/chris/android-9/bin
PATH: /usr/local/sbin
PATH: /usr/local/bin
PATH: /usr/sbin
PATH: /usr/bin
PATH: /sbin
PATH: /bin
PATH: /usr/games
PATH: /usr/local/android-sdk-linux_x86/tools/
PATH: /home/chris/android-9/bin/


## ----------- ##
## Core tests. ##
## ----------- ##

configure:2777: checking for a BSD-compatible install
configure:2845: result: /usr/bin/install -c
configure:2856: checking whether build environment is sane
configure:2906: result: yes
configure:2955: checking for arm-linux-androideabi-strip
configure:2982: result: arm-linux-androideabi-strip
configure:3047: checking for a thread-safe mkdir -p
configure:3086: result: /bin/mkdir -p
configure:3100: checking for gawk
configure:3116: found /usr/bin/gawk
configure:3127: result: gawk
configure:3138: checking whether make sets $(MAKE)
configure:3160: result: yes
configure:3263: checking for arm-linux-androideabi-gcc
configure:3290: result: arm-linux-androideabi-gcc
configure:3559: checking for C compiler version
configure:3568: arm-linux-androideabi-gcc --version >&5
arm-linux-androideabi-gcc (GCC) 4.4.3
Copyright (C) 2009 Free Software Foundation, Inc.
This is free software; see the source for copying conditions.  There is NO
warranty; not even for MERCHANTABILITY or FITNESS FOR A PARTICULAR PURPOSE.

configure:3579: $? = 0
configure:3568: arm-linux-androideabi-gcc -v >&5
Using built-in specs.
Target: arm-linux-androideabi
Configured with: /tmp/ndk/src/build/../gcc/gcc-4.4.3/configure --prefix=/tmp/ndk-toolchain/ndk-prebuilt-10973/toolchains/arm-linux-androideabi-4.4.3/prebuilt/linux-x86 --target=arm-linux-androideabi --host=x86_64-linux-gnu --build=x86_64-linux-gnu --with-gnu-as --with-gnu-ld --enable-languages=c,c++ --with-gmp=/tmp/ndk-toolchain/build-JIHF5j/toolchain-arm-linux-androideabi-4.4.3/temp-install --with-mpfr=/tmp/ndk-toolchain/build-JIHF5j/toolchain-arm-linux-androideabi-4.4.3/temp-install --disable-libssp --enable-threads --disable-nls --disable-libmudflap --disable-libgomp --disable-libstdc__-v3 --disable-sjlj-exceptions --disable-shared --disable-tls --with-float=soft --with-fpu=vfp --with-arch=armv5te --enable-target-optspace --disable-nls --prefix=/tmp/ndk-toolchain/ndk-prebuilt-10973/toolchains/arm-linux-androideabi-4.4.3/prebuilt/linux-x86 --with-sysroot=/tmp/ndk-toolchain/ndk-prebuilt-10973/toolchains/arm-linux-androideabi-4.4.3/prebuilt/linux-x86/sysroot --with-binutils-version=2.19 --with-gcc-version=4.4.3 --with-gdb-version=6.6 --with-gmp-version=4.2.4 --with-mpfr-version=2.4.1 --with-arch=armv5te --enable-libstdc__-v3 --program-transform-name='s&^&arm-linux-androideabi-&'
Thread model: posix
gcc version 4.4.3 (GCC) 
configure:3579: $? = 0
configure:3568: arm-linux-androideabi-gcc -V >&5
arm-linux-androideabi-gcc: '-V' option must have argument
configure:3579: $? = 1
configure:3568: arm-linux-androideabi-gcc -qversion >&5
arm-linux-androideabi-gcc: unrecognized option '-qversion'
arm-linux-androideabi-gcc: no input files
configure:3579: $? = 1
configure:3599: checking whether the C compiler works
configure:3621: arm-linux-androideabi-gcc  	-D__ARM_ARCH_5__ 	-D__ARM_ARCH_5T__ 	-D__ARM_ARCH_5E__ 	-D__ARM_ARCH_5TE__ 	-DANDROID 	  	-I/home/chris/android-9/include 	-I/home/chris/android-9/sysroot/usr/include 	  	-fno-strict-aliasing 	-Os 	  	-fomit-frame-pointer 	  	-Wall 	-Wno-unused 	-Wno-multichar 	  	  	-mthumb 	    	-D__ARM_ARCH_5__ 	-D__ARM_ARCH_5T__ 	-D__ARM_ARCH_5E__ 	-D__ARM_ARCH_5TE__ 	-DANDROID 	  	-I/home/chris/android-9/include 	-I/home/chris/android-9/sysroot/usr/include 	  	-fno-strict-aliasing 	-Os 	  	-fomit-frame-pointer 	  	-Wall 	-Wno-unused 	-Wno-multichar 	  	  	-mthumb 	   	-L/home/chris/android-9/lib 	-L/home/chris/android-9/sysroot/usr/lib 	 -lc  	/home/chris/android-9/bin/../lib/gcc/arm-linux-androideabi/4.4.3/thumb/libgcc.a 	/home/chris/android-9/bin/../lib/gcc/arm-linux-androideabi/4.4.3/../../../../arm-linux-androideabi/lib/thumb/libstdc++.a 	/home/chris/android-9/bin/../lib/gcc/arm-linux-androideabi/4.4.3/../../../../arm-linux-androideabi/lib/thumb/libsupc++.a 	  -lc -lm  conftest.c  -lc -lm   	  >&5
configure:3625: $? = 0
configure:3674: result: yes
configure:3677: checking for C compiler default output file name
configure:3679: result: a.out
configure:3685: checking for suffix of executables
configure:3692: arm-linux-androideabi-gcc -o conftest  	-D__ARM_ARCH_5__ 	-D__ARM_ARCH_5T__ 	-D__ARM_ARCH_5E__ 	-D__ARM_ARCH_5TE__ 	-DANDROID 	  	-I/home/chris/android-9/include 	-I/home/chris/android-9/sysroot/usr/include 	  	-fno-strict-aliasing 	-Os 	  	-fomit-frame-pointer 	  	-Wall 	-Wno-unused 	-Wno-multichar 	  	  	-mthumb 	    	-D__ARM_ARCH_5__ 	-D__ARM_ARCH_5T__ 	-D__ARM_ARCH_5E__ 	-D__ARM_ARCH_5TE__ 	-DANDROID 	  	-I/home/chris/android-9/include 	-I/home/chris/android-9/sysroot/usr/include 	  	-fno-strict-aliasing 	-Os 	  	-fomit-frame-pointer 	  	-Wall 	-Wno-unused 	-Wno-multichar 	  	  	-mthumb 	   	-L/home/chris/android-9/lib 	-L/home/chris/android-9/sysroot/usr/lib 	 -lc  	/home/chris/android-9/bin/../lib/gcc/arm-linux-androideabi/4.4.3/thumb/libgcc.a 	/home/chris/android-9/bin/../lib/gcc/arm-linux-androideabi/4.4.3/../../../../arm-linux-androideabi/lib/thumb/libstdc++.a 	/home/chris/android-9/bin/../lib/gcc/arm-linux-androideabi/4.4.3/../../../../arm-linux-androideabi/lib/thumb/libsupc++.a 	  -lc -lm  conftest.c  -lc -lm   	  >&5
configure:3696: $? = 0
configure:3718: result: 
configure:3740: checking whether we are cross compiling
configure:3778: result: yes
configure:3783: checking for suffix of object files
configure:3805: arm-linux-androideabi-gcc -c  	-D__ARM_ARCH_5__ 	-D__ARM_ARCH_5T__ 	-D__ARM_ARCH_5E__ 	-D__ARM_ARCH_5TE__ 	-DANDROID 	  	-I/home/chris/android-9/include 	-I/home/chris/android-9/sysroot/usr/include 	  	-fno-strict-aliasing 	-Os 	  	-fomit-frame-pointer 	  	-Wall 	-Wno-unused 	-Wno-multichar 	  	  	-mthumb 	    	-D__ARM_ARCH_5__ 	-D__ARM_ARCH_5T__ 	-D__ARM_ARCH_5E__ 	-D__ARM_ARCH_5TE__ 	-DANDROID 	  	-I/home/chris/android-9/include 	-I/home/chris/android-9/sysroot/usr/include 	  	-fno-strict-aliasing 	-Os 	  	-fomit-frame-pointer 	  	-Wall 	-Wno-unused 	-Wno-multichar 	  	  	-mthumb 	  conftest.c >&5
configure:3809: $? = 0
configure:3830: result: o
configure:3834: checking whether we are using the GNU C compiler
configure:3853: arm-linux-androideabi-gcc -c  	-D__ARM_ARCH_5__ 	-D__ARM_ARCH_5T__ 	-D__ARM_ARCH_5E__ 	-D__ARM_ARCH_5TE__ 	-DANDROID 	  	-I/home/chris/android-9/include 	-I/home/chris/android-9/sysroot/usr/include 	  	-fno-strict-aliasing 	-Os 	  	-fomit-frame-pointer 	  	-Wall 	-Wno-unused 	-Wno-multichar 	  	  	-mthumb 	    	-D__ARM_ARCH_5__ 	-D__ARM_ARCH_5T__ 	-D__ARM_ARCH_5E__ 	-D__ARM_ARCH_5TE__ 	-DANDROID 	  	-I/home/chris/android-9/include 	-I/home/chris/android-9/sysroot/usr/include 	  	-fno-strict-aliasing 	-Os 	  	-fomit-frame-pointer 	  	-Wall 	-Wno-unused 	-Wno-multichar 	  	  	-mthumb 	  conftest.c >&5
configure:3853: $? = 0
configure:3862: result: yes
configure:3871: checking whether arm-linux-androideabi-gcc accepts -g
configure:3891: arm-linux-androideabi-gcc -c -g  	-D__ARM_ARCH_5__ 	-D__ARM_ARCH_5T__ 	-D__ARM_ARCH_5E__ 	-D__ARM_ARCH_5TE__ 	-DANDROID 	  	-I/home/chris/android-9/include 	-I/home/chris/android-9/sysroot/usr/include 	  	-fno-strict-aliasing 	-Os 	  	-fomit-frame-pointer 	  	-Wall 	-Wno-unused 	-Wno-multichar 	  	  	-mthumb 	  conftest.c >&5
configure:3891: $? = 0
configure:3932: result: yes
configure:3949: checking for arm-linux-androideabi-gcc option to accept ISO C89
configure:4013: arm-linux-androideabi-gcc  -c  	-D__ARM_ARCH_5__ 	-D__ARM_ARCH_5T__ 	-D__ARM_ARCH_5E__ 	-D__ARM_ARCH_5TE__ 	-DANDROID 	  	-I/home/chris/android-9/include 	-I/home/chris/android-9/sysroot/usr/include 	  	-fno-strict-aliasing 	-Os 	  	-fomit-frame-pointer 	  	-Wall 	-Wno-unused 	-Wno-multichar 	  	  	-mthumb 	    	-D__ARM_ARCH_5__ 	-D__ARM_ARCH_5T__ 	-D__ARM_ARCH_5E__ 	-D__ARM_ARCH_5TE__ 	-DANDROID 	  	-I/home/chris/android-9/include 	-I/home/chris/android-9/sysroot/usr/include 	  	-fno-strict-aliasing 	-Os 	  	-fomit-frame-pointer 	  	-Wall 	-Wno-unused 	-Wno-multichar 	  	  	-mthumb 	  conftest.c >&5
configure:4013: $? = 0
configure:4026: result: none needed
configure:4057: checking for style of include used by make
configure:4085: result: GNU
configure:4110: checking dependency style of arm-linux-androideabi-gcc
configure:4220: result: gcc3
configure:4347: checking for C++ compiler version
configure:4356: arm-linux-androideabi-g++ --version >&5
arm-linux-androideabi-g++ (GCC) 4.4.3
Copyright (C) 2009 Free Software Foundation, Inc.
This is free software; see the source for copying conditions.  There is NO
warranty; not even for MERCHANTABILITY or FITNESS FOR A PARTICULAR PURPOSE.

configure:4367: $? = 0
configure:4356: arm-linux-androideabi-g++ -v >&5
Using built-in specs.
Target: arm-linux-androideabi
Configured with: /tmp/ndk/src/build/../gcc/gcc-4.4.3/configure --prefix=/tmp/ndk-toolchain/ndk-prebuilt-10973/toolchains/arm-linux-androideabi-4.4.3/prebuilt/linux-x86 --target=arm-linux-androideabi --host=x86_64-linux-gnu --build=x86_64-linux-gnu --with-gnu-as --with-gnu-ld --enable-languages=c,c++ --with-gmp=/tmp/ndk-toolchain/build-JIHF5j/toolchain-arm-linux-androideabi-4.4.3/temp-install --with-mpfr=/tmp/ndk-toolchain/build-JIHF5j/toolchain-arm-linux-androideabi-4.4.3/temp-install --disable-libssp --enable-threads --disable-nls --disable-libmudflap --disable-libgomp --disable-libstdc__-v3 --disable-sjlj-exceptions --disable-shared --disable-tls --with-float=soft --with-fpu=vfp --with-arch=armv5te --enable-target-optspace --disable-nls --prefix=/tmp/ndk-toolchain/ndk-prebuilt-10973/toolchains/arm-linux-androideabi-4.4.3/prebuilt/linux-x86 --with-sysroot=/tmp/ndk-toolchain/ndk-prebuilt-10973/toolchains/arm-linux-androideabi-4.4.3/prebuilt/linux-x86/sysroot --with-binutils-version=2.19 --with-gcc-version=4.4.3 --with-gdb-version=6.6 --with-gmp-version=4.2.4 --with-mpfr-version=2.4.1 --with-arch=armv5te --enable-libstdc__-v3 --program-transform-name='s&^&arm-linux-androideabi-&'
Thread model: posix
gcc version 4.4.3 (GCC) 
configure:4367: $? = 0
configure:4356: arm-linux-androideabi-g++ -V >&5
arm-linux-androideabi-g++: '-V' option must have argument
configure:4367: $? = 1
configure:4356: arm-linux-androideabi-g++ -qversion >&5
arm-linux-androideabi-g++: unrecognized option '-qversion'
arm-linux-androideabi-g++: no input files
configure:4367: $? = 1
configure:4371: checking whether we are using the GNU C++ compiler
configure:4390: arm-linux-androideabi-g++ -c  	-D__ARM_ARCH_5__ 	-D__ARM_ARCH_5T__ 	-D__ARM_ARCH_5E__ 	-D__ARM_ARCH_5TE__ 	-DANDROID 	  	-I/home/chris/android-9/include 	-I/home/chris/android-9/sysroot/usr/include 	  	-fno-strict-aliasing 	-Os 	  	-fomit-frame-pointer 	  	-Wall 	-Wno-unused 	-Wno-multichar 	  	  	-mthumb 	   	-D__ARM_ARCH_5__ 	-D__ARM_ARCH_5T__ 	-D__ARM_ARCH_5E__ 	-D__ARM_ARCH_5TE__ 	-DANDROID 	  	-I/home/chris/android-9/include 	-I/home/chris/android-9/sysroot/usr/include 	  	-fno-strict-aliasing 	-Os 	  	-fomit-frame-pointer 	  	-Wall 	-Wno-unused 	-Wno-multichar 	  	  	-mthumb 	  conftest.cpp >&5
configure:4390: $? = 0
configure:4399: result: yes
configure:4408: checking whether arm-linux-androideabi-g++ accepts -g
configure:4428: arm-linux-androideabi-g++ -c -g  	-D__ARM_ARCH_5__ 	-D__ARM_ARCH_5T__ 	-D__ARM_ARCH_5E__ 	-D__ARM_ARCH_5TE__ 	-DANDROID 	  	-I/home/chris/android-9/include 	-I/home/chris/android-9/sysroot/usr/include 	  	-fno-strict-aliasing 	-Os 	  	-fomit-frame-pointer 	  	-Wall 	-Wno-unused 	-Wno-multichar 	  	  	-mthumb 	  conftest.cpp >&5
configure:4428: $? = 0
configure:4469: result: yes
configure:4494: checking dependency style of arm-linux-androideabi-g++
configure:4604: result: gcc3
configure:4625: checking build system type
configure:4639: result: i686-pc-linux-gnu
configure:4659: checking host system type
configure:4672: result: arm-unknown-linux-androideabi
configure:4699: checking for arm-linux-androideabi-ranlib
configure:4726: result: arm-linux-androideabi-ranlib
configure:4863: checking for a sed that does not truncate output
configure:4927: result: /bin/sed
configure:4945: checking for grep that handles long lines and -e
configure:5003: result: /bin/grep
configure:5008: checking for egrep
configure:5070: result: /bin/grep -E
configure:5075: checking for fgrep
configure:5137: result: /bin/grep -F
configure:5172: checking for ld used by arm-linux-androideabi-gcc
configure:5239: result: arm-linux-androideabi-ld
configure:5246: checking if the linker (arm-linux-androideabi-ld) is GNU ld
configure:5261: result: yes
configure:5273: checking for BSD- or MS-compatible name lister (nm)
configure:5325: result: arm-linux-androideabi-nm
configure:5455: checking the name lister (arm-linux-androideabi-nm) interface
configure:5462: arm-linux-androideabi-gcc -c  	-D__ARM_ARCH_5__ 	-D__ARM_ARCH_5T__ 	-D__ARM_ARCH_5E__ 	-D__ARM_ARCH_5TE__ 	-DANDROID 	  	-I/home/chris/android-9/include 	-I/home/chris/android-9/sysroot/usr/include 	  	-fno-strict-aliasing 	-Os 	  	-fomit-frame-pointer 	  	-Wall 	-Wno-unused 	-Wno-multichar 	  	  	-mthumb 	    	-D__ARM_ARCH_5__ 	-D__ARM_ARCH_5T__ 	-D__ARM_ARCH_5E__ 	-D__ARM_ARCH_5TE__ 	-DANDROID 	  	-I/home/chris/android-9/include 	-I/home/chris/android-9/sysroot/usr/include 	  	-fno-strict-aliasing 	-Os 	  	-fomit-frame-pointer 	  	-Wall 	-Wno-unused 	-Wno-multichar 	  	  	-mthumb 	  conftest.c >&5
configure:5465: arm-linux-androideabi-nm "conftest.o"
configure:5468: output
00000000 B some_variable
configure:5475: result: BSD nm
configure:5478: checking whether ln -s works
configure:5482: result: yes
configure:5490: checking the maximum length of command line arguments
configure:5610: result: 1572864
configure:5627: checking whether the shell understands some XSI constructs
configure:5637: result: yes
configure:5641: checking whether the shell understands "+="
configure:5647: result: yes
configure:5682: checking for arm-linux-androideabi-ld option to reload object files
configure:5689: result: -r
configure:5718: checking for arm-linux-androideabi-objdump
configure:5734: found /home/chris/android-9/bin/arm-linux-androideabi-objdump
configure:5745: result: arm-linux-androideabi-objdump
configure:5814: checking how to recognize dependent libraries
configure:6010: result: pass_all
configure:6030: checking for arm-linux-androideabi-ar
configure:6057: result: arm-linux-androideabi-ar
configure:6135: checking for arm-linux-androideabi-strip
configure:6162: result: arm-linux-androideabi-strip
configure:6234: checking for arm-linux-androideabi-ranlib
configure:6261: result: arm-linux-androideabi-ranlib
configure:6391: checking command to parse arm-linux-androideabi-nm output from arm-linux-androideabi-gcc object
configure:6509: arm-linux-androideabi-gcc -c  	-D__ARM_ARCH_5__ 	-D__ARM_ARCH_5T__ 	-D__ARM_ARCH_5E__ 	-D__ARM_ARCH_5TE__ 	-DANDROID 	  	-I/home/chris/android-9/include 	-I/home/chris/android-9/sysroot/usr/include 	  	-fno-strict-aliasing 	-Os 	  	-fomit-frame-pointer 	  	-Wall 	-Wno-unused 	-Wno-multichar 	  	  	-mthumb 	    	-D__ARM_ARCH_5__ 	-D__ARM_ARCH_5T__ 	-D__ARM_ARCH_5E__ 	-D__ARM_ARCH_5TE__ 	-DANDROID 	  	-I/home/chris/android-9/include 	-I/home/chris/android-9/sysroot/usr/include 	  	-fno-strict-aliasing 	-Os 	  	-fomit-frame-pointer 	  	-Wall 	-Wno-unused 	-Wno-multichar 	  	  	-mthumb 	  conftest.c >&5
configure:6512: $? = 0
configure:6516: arm-linux-androideabi-nm conftest.o \| sed -n -e 's/^.*[	 ]\([ABCDGIRSTW][ABCDGIRSTW]*\)[	 ][	 ]*\([_A-Za-z][_A-Za-z0-9]*\)$/\1 \2 \2/p' \> conftest.nm
configure:6519: $? = 0
configure:6573: arm-linux-androideabi-gcc -o conftest  	-D__ARM_ARCH_5__ 	-D__ARM_ARCH_5T__ 	-D__ARM_ARCH_5E__ 	-D__ARM_ARCH_5TE__ 	-DANDROID 	  	-I/home/chris/android-9/include 	-I/home/chris/android-9/sysroot/usr/include 	  	-fno-strict-aliasing 	-Os 	  	-fomit-frame-pointer 	  	-Wall 	-Wno-unused 	-Wno-multichar 	  	  	-mthumb 	    	-D__ARM_ARCH_5__ 	-D__ARM_ARCH_5T__ 	-D__ARM_ARCH_5E__ 	-D__ARM_ARCH_5TE__ 	-DANDROID 	  	-I/home/chris/android-9/include 	-I/home/chris/android-9/sysroot/usr/include 	  	-fno-strict-aliasing 	-Os 	  	-fomit-frame-pointer 	  	-Wall 	-Wno-unused 	-Wno-multichar 	  	  	-mthumb 	   	-L/home/chris/android-9/lib 	-L/home/chris/android-9/sysroot/usr/lib 	 -lc  	/home/chris/android-9/bin/../lib/gcc/arm-linux-androideabi/4.4.3/thumb/libgcc.a 	/home/chris/android-9/bin/../lib/gcc/arm-linux-androideabi/4.4.3/../../../../arm-linux-androideabi/lib/thumb/libstdc++.a 	/home/chris/android-9/bin/../lib/gcc/arm-linux-androideabi/4.4.3/../../../../arm-linux-androideabi/lib/thumb/libsupc++.a 	  -lc -lm  conftest.c conftstm.o >&5
configure:6576: $? = 0
configure:6614: result: ok
configure:7422: checking how to run the C preprocessor
configure:7453: arm-linux-androideabi-gcc -E  	-D__ARM_ARCH_5__ 	-D__ARM_ARCH_5T__ 	-D__ARM_ARCH_5E__ 	-D__ARM_ARCH_5TE__ 	-DANDROID 	  	-I/home/chris/android-9/include 	-I/home/chris/android-9/sysroot/usr/include 	  	-fno-strict-aliasing 	-Os 	  	-fomit-frame-pointer 	  	-Wall 	-Wno-unused 	-Wno-multichar 	  	  	-mthumb 	  conftest.c
configure:7453: $? = 0
configure:7467: arm-linux-androideabi-gcc -E  	-D__ARM_ARCH_5__ 	-D__ARM_ARCH_5T__ 	-D__ARM_ARCH_5E__ 	-D__ARM_ARCH_5TE__ 	-DANDROID 	  	-I/home/chris/android-9/include 	-I/home/chris/android-9/sysroot/usr/include 	  	-fno-strict-aliasing 	-Os 	  	-fomit-frame-pointer 	  	-Wall 	-Wno-unused 	-Wno-multichar 	  	  	-mthumb 	  conftest.c
conftest.c:11:28: error: ac_nonexistent.h: No such file or directory
configure:7467: $? = 1
configure: failed program was:
| /* confdefs.h */
| #define PACKAGE_NAME "libasprintf"
| #define PACKAGE_TARNAME "libasprintf"
| #define PACKAGE_VERSION "1.0"
| #define PACKAGE_STRING "libasprintf 1.0"
| #define PACKAGE_BUGREPORT ""
| #define PACKAGE_URL ""
| #define PACKAGE "libasprintf"
| #define VERSION "1.0"
| /* end confdefs.h.  */
| #include <ac_nonexistent.h>
configure:7492: result: arm-linux-androideabi-gcc -E
configure:7512: arm-linux-androideabi-gcc -E  	-D__ARM_ARCH_5__ 	-D__ARM_ARCH_5T__ 	-D__ARM_ARCH_5E__ 	-D__ARM_ARCH_5TE__ 	-DANDROID 	  	-I/home/chris/android-9/include 	-I/home/chris/android-9/sysroot/usr/include 	  	-fno-strict-aliasing 	-Os 	  	-fomit-frame-pointer 	  	-Wall 	-Wno-unused 	-Wno-multichar 	  	  	-mthumb 	  conftest.c
configure:7512: $? = 0
configure:7526: arm-linux-androideabi-gcc -E  	-D__ARM_ARCH_5__ 	-D__ARM_ARCH_5T__ 	-D__ARM_ARCH_5E__ 	-D__ARM_ARCH_5TE__ 	-DANDROID 	  	-I/home/chris/android-9/include 	-I/home/chris/android-9/sysroot/usr/include 	  	-fno-strict-aliasing 	-Os 	  	-fomit-frame-pointer 	  	-Wall 	-Wno-unused 	-Wno-multichar 	  	  	-mthumb 	  conftest.c
conftest.c:11:28: error: ac_nonexistent.h: No such file or directory
configure:7526: $? = 1
configure: failed program was:
| /* confdefs.h */
| #define PACKAGE_NAME "libasprintf"
| #define PACKAGE_TARNAME "libasprintf"
| #define PACKAGE_VERSION "1.0"
| #define PACKAGE_STRING "libasprintf 1.0"
| #define PACKAGE_BUGREPORT ""
| #define PACKAGE_URL ""
| #define PACKAGE "libasprintf"
| #define VERSION "1.0"
| /* end confdefs.h.  */
| #include <ac_nonexistent.h>
configure:7555: checking for ANSI C header files
configure:7575: arm-linux-androideabi-gcc -c  	-D__ARM_ARCH_5__ 	-D__ARM_ARCH_5T__ 	-D__ARM_ARCH_5E__ 	-D__ARM_ARCH_5TE__ 	-DANDROID 	  	-I/home/chris/android-9/include 	-I/home/chris/android-9/sysroot/usr/include 	  	-fno-strict-aliasing 	-Os 	  	-fomit-frame-pointer 	  	-Wall 	-Wno-unused 	-Wno-multichar 	  	  	-mthumb 	    	-D__ARM_ARCH_5__ 	-D__ARM_ARCH_5T__ 	-D__ARM_ARCH_5E__ 	-D__ARM_ARCH_5TE__ 	-DANDROID 	  	-I/home/chris/android-9/include 	-I/home/chris/android-9/sysroot/usr/include 	  	-fno-strict-aliasing 	-Os 	  	-fomit-frame-pointer 	  	-Wall 	-Wno-unused 	-Wno-multichar 	  	  	-mthumb 	  conftest.c >&5
configure:7575: $? = 0
configure:7659: result: yes
configure:7672: checking for sys/types.h
configure:7672: arm-linux-androideabi-gcc -c  	-D__ARM_ARCH_5__ 	-D__ARM_ARCH_5T__ 	-D__ARM_ARCH_5E__ 	-D__ARM_ARCH_5TE__ 	-DANDROID 	  	-I/home/chris/android-9/include 	-I/home/chris/android-9/sysroot/usr/include 	  	-fno-strict-aliasing 	-Os 	  	-fomit-frame-pointer 	  	-Wall 	-Wno-unused 	-Wno-multichar 	  	  	-mthumb 	    	-D__ARM_ARCH_5__ 	-D__ARM_ARCH_5T__ 	-D__ARM_ARCH_5E__ 	-D__ARM_ARCH_5TE__ 	-DANDROID 	  	-I/home/chris/android-9/include 	-I/home/chris/android-9/sysroot/usr/include 	  	-fno-strict-aliasing 	-Os 	  	-fomit-frame-pointer 	  	-Wall 	-Wno-unused 	-Wno-multichar 	  	  	-mthumb 	  conftest.c >&5
configure:7672: $? = 0
configure:7672: result: yes
configure:7672: checking for sys/stat.h
configure:7672: arm-linux-androideabi-gcc -c  	-D__ARM_ARCH_5__ 	-D__ARM_ARCH_5T__ 	-D__ARM_ARCH_5E__ 	-D__ARM_ARCH_5TE__ 	-DANDROID 	  	-I/home/chris/android-9/include 	-I/home/chris/android-9/sysroot/usr/include 	  	-fno-strict-aliasing 	-Os 	  	-fomit-frame-pointer 	  	-Wall 	-Wno-unused 	-Wno-multichar 	  	  	-mthumb 	    	-D__ARM_ARCH_5__ 	-D__ARM_ARCH_5T__ 	-D__ARM_ARCH_5E__ 	-D__ARM_ARCH_5TE__ 	-DANDROID 	  	-I/home/chris/android-9/include 	-I/home/chris/android-9/sysroot/usr/include 	  	-fno-strict-aliasing 	-Os 	  	-fomit-frame-pointer 	  	-Wall 	-Wno-unused 	-Wno-multichar 	  	  	-mthumb 	  conftest.c >&5
configure:7672: $? = 0
configure:7672: result: yes
configure:7672: checking for stdlib.h
configure:7672: arm-linux-androideabi-gcc -c  	-D__ARM_ARCH_5__ 	-D__ARM_ARCH_5T__ 	-D__ARM_ARCH_5E__ 	-D__ARM_ARCH_5TE__ 	-DANDROID 	  	-I/home/chris/android-9/include 	-I/home/chris/android-9/sysroot/usr/include 	  	-fno-strict-aliasing 	-Os 	  	-fomit-frame-pointer 	  	-Wall 	-Wno-unused 	-Wno-multichar 	  	  	-mthumb 	    	-D__ARM_ARCH_5__ 	-D__ARM_ARCH_5T__ 	-D__ARM_ARCH_5E__ 	-D__ARM_ARCH_5TE__ 	-DANDROID 	  	-I/home/chris/android-9/include 	-I/home/chris/android-9/sysroot/usr/include 	  	-fno-strict-aliasing 	-Os 	  	-fomit-frame-pointer 	  	-Wall 	-Wno-unused 	-Wno-multichar 	  	  	-mthumb 	  conftest.c >&5
configure:7672: $? = 0
configure:7672: result: yes
configure:7672: checking for string.h
configure:7672: arm-linux-androideabi-gcc -c  	-D__ARM_ARCH_5__ 	-D__ARM_ARCH_5T__ 	-D__ARM_ARCH_5E__ 	-D__ARM_ARCH_5TE__ 	-DANDROID 	  	-I/home/chris/android-9/include 	-I/home/chris/android-9/sysroot/usr/include 	  	-fno-strict-aliasing 	-Os 	  	-fomit-frame-pointer 	  	-Wall 	-Wno-unused 	-Wno-multichar 	  	  	-mthumb 	    	-D__ARM_ARCH_5__ 	-D__ARM_ARCH_5T__ 	-D__ARM_ARCH_5E__ 	-D__ARM_ARCH_5TE__ 	-DANDROID 	  	-I/home/chris/android-9/include 	-I/home/chris/android-9/sysroot/usr/include 	  	-fno-strict-aliasing 	-Os 	  	-fomit-frame-pointer 	  	-Wall 	-Wno-unused 	-Wno-multichar 	  	  	-mthumb 	  conftest.c >&5
configure:7672: $? = 0
configure:7672: result: yes
configure:7672: checking for memory.h
configure:7672: arm-linux-androideabi-gcc -c  	-D__ARM_ARCH_5__ 	-D__ARM_ARCH_5T__ 	-D__ARM_ARCH_5E__ 	-D__ARM_ARCH_5TE__ 	-DANDROID 	  	-I/home/chris/android-9/include 	-I/home/chris/android-9/sysroot/usr/include 	  	-fno-strict-aliasing 	-Os 	  	-fomit-frame-pointer 	  	-Wall 	-Wno-unused 	-Wno-multichar 	  	  	-mthumb 	    	-D__ARM_ARCH_5__ 	-D__ARM_ARCH_5T__ 	-D__ARM_ARCH_5E__ 	-D__ARM_ARCH_5TE__ 	-DANDROID 	  	-I/home/chris/android-9/include 	-I/home/chris/android-9/sysroot/usr/include 	  	-fno-strict-aliasing 	-Os 	  	-fomit-frame-pointer 	  	-Wall 	-Wno-unused 	-Wno-multichar 	  	  	-mthumb 	  conftest.c >&5
configure:7672: $? = 0
configure:7672: result: yes
configure:7672: checking for strings.h
configure:7672: arm-linux-androideabi-gcc -c  	-D__ARM_ARCH_5__ 	-D__ARM_ARCH_5T__ 	-D__ARM_ARCH_5E__ 	-D__ARM_ARCH_5TE__ 	-DANDROID 	  	-I/home/chris/android-9/include 	-I/home/chris/android-9/sysroot/usr/include 	  	-fno-strict-aliasing 	-Os 	  	-fomit-frame-pointer 	  	-Wall 	-Wno-unused 	-Wno-multichar 	  	  	-mthumb 	    	-D__ARM_ARCH_5__ 	-D__ARM_ARCH_5T__ 	-D__ARM_ARCH_5E__ 	-D__ARM_ARCH_5TE__ 	-DANDROID 	  	-I/home/chris/android-9/include 	-I/home/chris/android-9/sysroot/usr/include 	  	-fno-strict-aliasing 	-Os 	  	-fomit-frame-pointer 	  	-Wall 	-Wno-unused 	-Wno-multichar 	  	  	-mthumb 	  conftest.c >&5
configure:7672: $? = 0
configure:7672: result: yes
configure:7672: checking for inttypes.h
configure:7672: arm-linux-androideabi-gcc -c  	-D__ARM_ARCH_5__ 	-D__ARM_ARCH_5T__ 	-D__ARM_ARCH_5E__ 	-D__ARM_ARCH_5TE__ 	-DANDROID 	  	-I/home/chris/android-9/include 	-I/home/chris/android-9/sysroot/usr/include 	  	-fno-strict-aliasing 	-Os 	  	-fomit-frame-pointer 	  	-Wall 	-Wno-unused 	-Wno-multichar 	  	  	-mthumb 	    	-D__ARM_ARCH_5__ 	-D__ARM_ARCH_5T__ 	-D__ARM_ARCH_5E__ 	-D__ARM_ARCH_5TE__ 	-DANDROID 	  	-I/home/chris/android-9/include 	-I/home/chris/android-9/sysroot/usr/include 	  	-fno-strict-aliasing 	-Os 	  	-fomit-frame-pointer 	  	-Wall 	-Wno-unused 	-Wno-multichar 	  	  	-mthumb 	  conftest.c >&5
configure:7672: $? = 0
configure:7672: result: yes
configure:7672: checking for stdint.h
configure:7672: arm-linux-androideabi-gcc -c  	-D__ARM_ARCH_5__ 	-D__ARM_ARCH_5T__ 	-D__ARM_ARCH_5E__ 	-D__ARM_ARCH_5TE__ 	-DANDROID 	  	-I/home/chris/android-9/include 	-I/home/chris/android-9/sysroot/usr/include 	  	-fno-strict-aliasing 	-Os 	  	-fomit-frame-pointer 	  	-Wall 	-Wno-unused 	-Wno-multichar 	  	  	-mthumb 	    	-D__ARM_ARCH_5__ 	-D__ARM_ARCH_5T__ 	-D__ARM_ARCH_5E__ 	-D__ARM_ARCH_5TE__ 	-DANDROID 	  	-I/home/chris/android-9/include 	-I/home/chris/android-9/sysroot/usr/include 	  	-fno-strict-aliasing 	-Os 	  	-fomit-frame-pointer 	  	-Wall 	-Wno-unused 	-Wno-multichar 	  	  	-mthumb 	  conftest.c >&5
configure:7672: $? = 0
configure:7672: result: yes
configure:7672: checking for unistd.h
configure:7672: arm-linux-androideabi-gcc -c  	-D__ARM_ARCH_5__ 	-D__ARM_ARCH_5T__ 	-D__ARM_ARCH_5E__ 	-D__ARM_ARCH_5TE__ 	-DANDROID 	  	-I/home/chris/android-9/include 	-I/home/chris/android-9/sysroot/usr/include 	  	-fno-strict-aliasing 	-Os 	  	-fomit-frame-pointer 	  	-Wall 	-Wno-unused 	-Wno-multichar 	  	  	-mthumb 	    	-D__ARM_ARCH_5__ 	-D__ARM_ARCH_5T__ 	-D__ARM_ARCH_5E__ 	-D__ARM_ARCH_5TE__ 	-DANDROID 	  	-I/home/chris/android-9/include 	-I/home/chris/android-9/sysroot/usr/include 	  	-fno-strict-aliasing 	-Os 	  	-fomit-frame-pointer 	  	-Wall 	-Wno-unused 	-Wno-multichar 	  	  	-mthumb 	  conftest.c >&5
configure:7672: $? = 0
configure:7672: result: yes
configure:7687: checking for dlfcn.h
configure:7687: arm-linux-androideabi-gcc -c  	-D__ARM_ARCH_5__ 	-D__ARM_ARCH_5T__ 	-D__ARM_ARCH_5E__ 	-D__ARM_ARCH_5TE__ 	-DANDROID 	  	-I/home/chris/android-9/include 	-I/home/chris/android-9/sysroot/usr/include 	  	-fno-strict-aliasing 	-Os 	  	-fomit-frame-pointer 	  	-Wall 	-Wno-unused 	-Wno-multichar 	  	  	-mthumb 	    	-D__ARM_ARCH_5__ 	-D__ARM_ARCH_5T__ 	-D__ARM_ARCH_5E__ 	-D__ARM_ARCH_5TE__ 	-DANDROID 	  	-I/home/chris/android-9/include 	-I/home/chris/android-9/sysroot/usr/include 	  	-fno-strict-aliasing 	-Os 	  	-fomit-frame-pointer 	  	-Wall 	-Wno-unused 	-Wno-multichar 	  	  	-mthumb 	  conftest.c >&5
configure:7687: $? = 0
configure:7687: result: yes
configure:7812: checking for C++ compiler version
configure:7821: arm-linux-androideabi-g++ --version >&5
arm-linux-androideabi-g++ (GCC) 4.4.3
Copyright (C) 2009 Free Software Foundation, Inc.
This is free software; see the source for copying conditions.  There is NO
warranty; not even for MERCHANTABILITY or FITNESS FOR A PARTICULAR PURPOSE.

configure:7832: $? = 0
configure:7821: arm-linux-androideabi-g++ -v >&5
Using built-in specs.
Target: arm-linux-androideabi
Configured with: /tmp/ndk/src/build/../gcc/gcc-4.4.3/configure --prefix=/tmp/ndk-toolchain/ndk-prebuilt-10973/toolchains/arm-linux-androideabi-4.4.3/prebuilt/linux-x86 --target=arm-linux-androideabi --host=x86_64-linux-gnu --build=x86_64-linux-gnu --with-gnu-as --with-gnu-ld --enable-languages=c,c++ --with-gmp=/tmp/ndk-toolchain/build-JIHF5j/toolchain-arm-linux-androideabi-4.4.3/temp-install --with-mpfr=/tmp/ndk-toolchain/build-JIHF5j/toolchain-arm-linux-androideabi-4.4.3/temp-install --disable-libssp --enable-threads --disable-nls --disable-libmudflap --disable-libgomp --disable-libstdc__-v3 --disable-sjlj-exceptions --disable-shared --disable-tls --with-float=soft --with-fpu=vfp --with-arch=armv5te --enable-target-optspace --disable-nls --prefix=/tmp/ndk-toolchain/ndk-prebuilt-10973/toolchains/arm-linux-androideabi-4.4.3/prebuilt/linux-x86 --with-sysroot=/tmp/ndk-toolchain/ndk-prebuilt-10973/toolchains/arm-linux-androideabi-4.4.3/prebuilt/linux-x86/sysroot --with-binutils-version=2.19 --with-gcc-version=4.4.3 --with-gdb-version=6.6 --with-gmp-version=4.2.4 --with-mpfr-version=2.4.1 --with-arch=armv5te --enable-libstdc__-v3 --program-transform-name='s&^&arm-linux-androideabi-&'
Thread model: posix
gcc version 4.4.3 (GCC) 
configure:7832: $? = 0
configure:7821: arm-linux-androideabi-g++ -V >&5
arm-linux-androideabi-g++: '-V' option must have argument
configure:7832: $? = 1
configure:7821: arm-linux-androideabi-g++ -qversion >&5
arm-linux-androideabi-g++: unrecognized option '-qversion'
arm-linux-androideabi-g++: no input files
configure:7832: $? = 1
configure:7836: checking whether we are using the GNU C++ compiler
configure:7864: result: yes
configure:7873: checking whether arm-linux-androideabi-g++ accepts -g
configure:7934: result: yes
configure:7959: checking dependency style of arm-linux-androideabi-g++
configure:8069: result: gcc3
configure:8092: checking how to run the C++ preprocessor
configure:8119: arm-linux-androideabi-g++ -E  	-D__ARM_ARCH_5__ 	-D__ARM_ARCH_5T__ 	-D__ARM_ARCH_5E__ 	-D__ARM_ARCH_5TE__ 	-DANDROID 	  	-I/home/chris/android-9/include 	-I/home/chris/android-9/sysroot/usr/include 	  	-fno-strict-aliasing 	-Os 	  	-fomit-frame-pointer 	  	-Wall 	-Wno-unused 	-Wno-multichar 	  	  	-mthumb 	  conftest.cpp
configure:8119: $? = 0
configure:8133: arm-linux-androideabi-g++ -E  	-D__ARM_ARCH_5__ 	-D__ARM_ARCH_5T__ 	-D__ARM_ARCH_5E__ 	-D__ARM_ARCH_5TE__ 	-DANDROID 	  	-I/home/chris/android-9/include 	-I/home/chris/android-9/sysroot/usr/include 	  	-fno-strict-aliasing 	-Os 	  	-fomit-frame-pointer 	  	-Wall 	-Wno-unused 	-Wno-multichar 	  	  	-mthumb 	  conftest.cpp
conftest.cpp:22:28: error: ac_nonexistent.h: No such file or directory
configure:8133: $? = 1
configure: failed program was:
| /* confdefs.h */
| #define PACKAGE_NAME "libasprintf"
| #define PACKAGE_TARNAME "libasprintf"
| #define PACKAGE_VERSION "1.0"
| #define PACKAGE_STRING "libasprintf 1.0"
| #define PACKAGE_BUGREPORT ""
| #define PACKAGE_URL ""
| #define PACKAGE "libasprintf"
| #define VERSION "1.0"
| #define STDC_HEADERS 1
| #define HAVE_SYS_TYPES_H 1
| #define HAVE_SYS_STAT_H 1
| #define HAVE_STDLIB_H 1
| #define HAVE_STRING_H 1
| #define HAVE_MEMORY_H 1
| #define HAVE_STRINGS_H 1
| #define HAVE_INTTYPES_H 1
| #define HAVE_STDINT_H 1
| #define HAVE_UNISTD_H 1
| #define HAVE_DLFCN_H 1
| /* end confdefs.h.  */
| #include <ac_nonexistent.h>
configure:8158: result: arm-linux-androideabi-g++ -E
configure:8178: arm-linux-androideabi-g++ -E  	-D__ARM_ARCH_5__ 	-D__ARM_ARCH_5T__ 	-D__ARM_ARCH_5E__ 	-D__ARM_ARCH_5TE__ 	-DANDROID 	  	-I/home/chris/android-9/include 	-I/home/chris/android-9/sysroot/usr/include 	  	-fno-strict-aliasing 	-Os 	  	-fomit-frame-pointer 	  	-Wall 	-Wno-unused 	-Wno-multichar 	  	  	-mthumb 	  conftest.cpp
configure:8178: $? = 0
configure:8192: arm-linux-androideabi-g++ -E  	-D__ARM_ARCH_5__ 	-D__ARM_ARCH_5T__ 	-D__ARM_ARCH_5E__ 	-D__ARM_ARCH_5TE__ 	-DANDROID 	  	-I/home/chris/android-9/include 	-I/home/chris/android-9/sysroot/usr/include 	  	-fno-strict-aliasing 	-Os 	  	-fomit-frame-pointer 	  	-Wall 	-Wno-unused 	-Wno-multichar 	  	  	-mthumb 	  conftest.cpp
conftest.cpp:22:28: error: ac_nonexistent.h: No such file or directory
configure:8192: $? = 1
configure: failed program was:
| /* confdefs.h */
| #define PACKAGE_NAME "libasprintf"
| #define PACKAGE_TARNAME "libasprintf"
| #define PACKAGE_VERSION "1.0"
| #define PACKAGE_STRING "libasprintf 1.0"
| #define PACKAGE_BUGREPORT ""
| #define PACKAGE_URL ""
| #define PACKAGE "libasprintf"
| #define VERSION "1.0"
| #define STDC_HEADERS 1
| #define HAVE_SYS_TYPES_H 1
| #define HAVE_SYS_STAT_H 1
| #define HAVE_STDLIB_H 1
| #define HAVE_STRING_H 1
| #define HAVE_MEMORY_H 1
| #define HAVE_STRINGS_H 1
| #define HAVE_INTTYPES_H 1
| #define HAVE_STDINT_H 1
| #define HAVE_UNISTD_H 1
| #define HAVE_DLFCN_H 1
| /* end confdefs.h.  */
| #include <ac_nonexistent.h>
configure:8696: checking for objdir
configure:8711: result: .libs
configure:9007: checking if arm-linux-androideabi-gcc supports -fno-rtti -fno-exceptions
configure:9025: arm-linux-androideabi-gcc -c  	-D__ARM_ARCH_5__ 	-D__ARM_ARCH_5T__ 	-D__ARM_ARCH_5E__ 	-D__ARM_ARCH_5TE__ 	-DANDROID 	  	-I/home/chris/android-9/include 	-I/home/chris/android-9/sysroot/usr/include 	  	-fno-strict-aliasing 	-Os 	  	-fomit-frame-pointer 	  	-Wall 	-Wno-unused 	-Wno-multichar 	  	  	-mthumb 	    	-D__ARM_ARCH_5__ 	-D__ARM_ARCH_5T__ 	-D__ARM_ARCH_5E__ 	-D__ARM_ARCH_5TE__ 	-DANDROID 	  	-I/home/chris/android-9/include 	-I/home/chris/android-9/sysroot/usr/include 	  	-fno-strict-aliasing 	-Os 	  	-fomit-frame-pointer 	  	-Wall 	-Wno-unused 	-Wno-multichar 	  	  	-mthumb 	  -fno-rtti -fno-exceptions conftest.c >&5
cc1: warning: command line option "-fno-rtti" is valid for C++/ObjC++ but not for C
configure:9029: $? = 0
configure:9042: result: no
configure:9062: checking for arm-linux-androideabi-gcc option to produce PIC
configure:9334: result: -fPIC -DPIC
configure:9346: checking if arm-linux-androideabi-gcc PIC flag -fPIC -DPIC works
configure:9364: arm-linux-androideabi-gcc -c  	-D__ARM_ARCH_5__ 	-D__ARM_ARCH_5T__ 	-D__ARM_ARCH_5E__ 	-D__ARM_ARCH_5TE__ 	-DANDROID 	  	-I/home/chris/android-9/include 	-I/home/chris/android-9/sysroot/usr/include 	  	-fno-strict-aliasing 	-Os 	  	-fomit-frame-pointer 	  	-Wall 	-Wno-unused 	-Wno-multichar 	  	  	-mthumb 	    	-D__ARM_ARCH_5__ 	-D__ARM_ARCH_5T__ 	-D__ARM_ARCH_5E__ 	-D__ARM_ARCH_5TE__ 	-DANDROID 	  	-I/home/chris/android-9/include 	-I/home/chris/android-9/sysroot/usr/include 	  	-fno-strict-aliasing 	-Os 	  	-fomit-frame-pointer 	  	-Wall 	-Wno-unused 	-Wno-multichar 	  	  	-mthumb 	  -fPIC -DPIC -DPIC conftest.c >&5
configure:9368: $? = 0
configure:9381: result: yes
configure:9405: checking if arm-linux-androideabi-gcc static flag -static works
configure:9433: result: yes
configure:9448: checking if arm-linux-androideabi-gcc supports -c -o file.o
configure:9469: arm-linux-androideabi-gcc -c  	-D__ARM_ARCH_5__ 	-D__ARM_ARCH_5T__ 	-D__ARM_ARCH_5E__ 	-D__ARM_ARCH_5TE__ 	-DANDROID 	  	-I/home/chris/android-9/include 	-I/home/chris/android-9/sysroot/usr/include 	  	-fno-strict-aliasing 	-Os 	  	-fomit-frame-pointer 	  	-Wall 	-Wno-unused 	-Wno-multichar 	  	  	-mthumb 	    	-D__ARM_ARCH_5__ 	-D__ARM_ARCH_5T__ 	-D__ARM_ARCH_5E__ 	-D__ARM_ARCH_5TE__ 	-DANDROID 	  	-I/home/chris/android-9/include 	-I/home/chris/android-9/sysroot/usr/include 	  	-fno-strict-aliasing 	-Os 	  	-fomit-frame-pointer 	  	-Wall 	-Wno-unused 	-Wno-multichar 	  	  	-mthumb 	  -o out/conftest2.o conftest.c >&5
configure:9473: $? = 0
configure:9495: result: yes
configure:9503: checking if arm-linux-androideabi-gcc supports -c -o file.o
configure:9550: result: yes
configure:9583: checking whether the arm-linux-androideabi-gcc linker (arm-linux-androideabi-ld) supports shared libraries
configure:10569: result: yes
configure:10606: checking whether -lc should be explicitly linked in
configure:10611: arm-linux-androideabi-gcc -c  	-D__ARM_ARCH_5__ 	-D__ARM_ARCH_5T__ 	-D__ARM_ARCH_5E__ 	-D__ARM_ARCH_5TE__ 	-DANDROID 	  	-I/home/chris/android-9/include 	-I/home/chris/android-9/sysroot/usr/include 	  	-fno-strict-aliasing 	-Os 	  	-fomit-frame-pointer 	  	-Wall 	-Wno-unused 	-Wno-multichar 	  	  	-mthumb 	    	-D__ARM_ARCH_5__ 	-D__ARM_ARCH_5T__ 	-D__ARM_ARCH_5E__ 	-D__ARM_ARCH_5TE__ 	-DANDROID 	  	-I/home/chris/android-9/include 	-I/home/chris/android-9/sysroot/usr/include 	  	-fno-strict-aliasing 	-Os 	  	-fomit-frame-pointer 	  	-Wall 	-Wno-unused 	-Wno-multichar 	  	  	-mthumb 	  conftest.c >&5
configure:10614: $? = 0
configure:10629: arm-linux-androideabi-gcc -shared conftest.o  -v -Wl,-soname -Wl,conftest -o conftest 2\>\&1 \| /bin/grep  -lc  \>/dev/null 2\>\&1
configure:10632: $? = 0
configure:10644: result: no
configure:10808: checking dynamic linker characteristics
configure:11243: arm-linux-androideabi-gcc -o conftest  	-D__ARM_ARCH_5__ 	-D__ARM_ARCH_5T__ 	-D__ARM_ARCH_5E__ 	-D__ARM_ARCH_5TE__ 	-DANDROID 	  	-I/home/chris/android-9/include 	-I/home/chris/android-9/sysroot/usr/include 	  	-fno-strict-aliasing 	-Os 	  	-fomit-frame-pointer 	  	-Wall 	-Wno-unused 	-Wno-multichar 	  	  	-mthumb 	    	-D__ARM_ARCH_5__ 	-D__ARM_ARCH_5T__ 	-D__ARM_ARCH_5E__ 	-D__ARM_ARCH_5TE__ 	-DANDROID 	  	-I/home/chris/android-9/include 	-I/home/chris/android-9/sysroot/usr/include 	  	-fno-strict-aliasing 	-Os 	  	-fomit-frame-pointer 	  	-Wall 	-Wno-unused 	-Wno-multichar 	  	  	-mthumb 	   	-L/home/chris/android-9/lib 	-L/home/chris/android-9/sysroot/usr/lib 	 -lc  	/home/chris/android-9/bin/../lib/gcc/arm-linux-androideabi/4.4.3/thumb/libgcc.a 	/home/chris/android-9/bin/../lib/gcc/arm-linux-androideabi/4.4.3/../../../../arm-linux-androideabi/lib/thumb/libstdc++.a 	/home/chris/android-9/bin/../lib/gcc/arm-linux-androideabi/4.4.3/../../../../arm-linux-androideabi/lib/thumb/libsupc++.a 	  -lc -lm  -Wl,-rpath -Wl,/foo conftest.c  -lc -lm   	  >&5
configure:11243: $? = 0
configure:11461: result: GNU/Linux ld.so
configure:11568: checking how to hardcode library paths into programs
configure:11593: result: immediate
configure:12113: checking whether stripping libraries is possible
configure:12118: result: yes
configure:12153: checking if libtool supports shared libraries
configure:12155: result: yes
configure:12158: checking whether to build shared libraries
configure:12179: result: yes
configure:12182: checking whether to build static libraries
configure:12186: result: yes
configure:12336: checking for ld used by arm-linux-androideabi-g++
configure:12403: result: arm-linux-androideabi-ld
configure:12410: checking if the linker (arm-linux-androideabi-ld) is GNU ld
configure:12425: result: yes
configure:12480: checking whether the arm-linux-androideabi-g++ linker (arm-linux-androideabi-ld) supports shared libraries
configure:13393: result: yes
configure:13421: arm-linux-androideabi-g++ -c  	-D__ARM_ARCH_5__ 	-D__ARM_ARCH_5T__ 	-D__ARM_ARCH_5E__ 	-D__ARM_ARCH_5TE__ 	-DANDROID 	  	-I/home/chris/android-9/include 	-I/home/chris/android-9/sysroot/usr/include 	  	-fno-strict-aliasing 	-Os 	  	-fomit-frame-pointer 	  	-Wall 	-Wno-unused 	-Wno-multichar 	  	  	-mthumb 	   	-D__ARM_ARCH_5__ 	-D__ARM_ARCH_5T__ 	-D__ARM_ARCH_5E__ 	-D__ARM_ARCH_5TE__ 	-DANDROID 	  	-I/home/chris/android-9/include 	-I/home/chris/android-9/sysroot/usr/include 	  	-fno-strict-aliasing 	-Os 	  	-fomit-frame-pointer 	  	-Wall 	-Wno-unused 	-Wno-multichar 	  	  	-mthumb 	  conftest.cpp >&5
configure:13424: $? = 0
configure:13606: checking for arm-linux-androideabi-g++ option to produce PIC
configure:13923: result: -fPIC -DPIC
configure:13932: checking if arm-linux-androideabi-g++ PIC flag -fPIC -DPIC works
configure:13950: arm-linux-androideabi-g++ -c  	-D__ARM_ARCH_5__ 	-D__ARM_ARCH_5T__ 	-D__ARM_ARCH_5E__ 	-D__ARM_ARCH_5TE__ 	-DANDROID 	  	-I/home/chris/android-9/include 	-I/home/chris/android-9/sysroot/usr/include 	  	-fno-strict-aliasing 	-Os 	  	-fomit-frame-pointer 	  	-Wall 	-Wno-unused 	-Wno-multichar 	  	  	-mthumb 	   	-D__ARM_ARCH_5__ 	-D__ARM_ARCH_5T__ 	-D__ARM_ARCH_5E__ 	-D__ARM_ARCH_5TE__ 	-DANDROID 	  	-I/home/chris/android-9/include 	-I/home/chris/android-9/sysroot/usr/include 	  	-fno-strict-aliasing 	-Os 	  	-fomit-frame-pointer 	  	-Wall 	-Wno-unused 	-Wno-multichar 	  	  	-mthumb 	  -fPIC -DPIC -DPIC conftest.cpp >&5
configure:13954: $? = 0
configure:13967: result: yes
configure:13988: checking if arm-linux-androideabi-g++ static flag -static works
configure:14016: result: yes
configure:14028: checking if arm-linux-androideabi-g++ supports -c -o file.o
configure:14049: arm-linux-androideabi-g++ -c  	-D__ARM_ARCH_5__ 	-D__ARM_ARCH_5T__ 	-D__ARM_ARCH_5E__ 	-D__ARM_ARCH_5TE__ 	-DANDROID 	  	-I/home/chris/android-9/include 	-I/home/chris/android-9/sysroot/usr/include 	  	-fno-strict-aliasing 	-Os 	  	-fomit-frame-pointer 	  	-Wall 	-Wno-unused 	-Wno-multichar 	  	  	-mthumb 	   	-D__ARM_ARCH_5__ 	-D__ARM_ARCH_5T__ 	-D__ARM_ARCH_5E__ 	-D__ARM_ARCH_5TE__ 	-DANDROID 	  	-I/home/chris/android-9/include 	-I/home/chris/android-9/sysroot/usr/include 	  	-fno-strict-aliasing 	-Os 	  	-fomit-frame-pointer 	  	-Wall 	-Wno-unused 	-Wno-multichar 	  	  	-mthumb 	  -o out/conftest2.o conftest.cpp >&5
configure:14053: $? = 0
configure:14075: result: yes
configure:14080: checking if arm-linux-androideabi-g++ supports -c -o file.o
configure:14127: result: yes
configure:14157: checking whether the arm-linux-androideabi-g++ linker (arm-linux-androideabi-ld) supports shared libraries
configure:14183: result: yes
configure:14320: checking dynamic linker characteristics
configure:14703: arm-linux-androideabi-g++ -o conftest  	-D__ARM_ARCH_5__ 	-D__ARM_ARCH_5T__ 	-D__ARM_ARCH_5E__ 	-D__ARM_ARCH_5TE__ 	-DANDROID 	  	-I/home/chris/android-9/include 	-I/home/chris/android-9/sysroot/usr/include 	  	-fno-strict-aliasing 	-Os 	  	-fomit-frame-pointer 	  	-Wall 	-Wno-unused 	-Wno-multichar 	  	  	-mthumb 	   	-D__ARM_ARCH_5__ 	-D__ARM_ARCH_5T__ 	-D__ARM_ARCH_5E__ 	-D__ARM_ARCH_5TE__ 	-DANDROID 	  	-I/home/chris/android-9/include 	-I/home/chris/android-9/sysroot/usr/include 	  	-fno-strict-aliasing 	-Os 	  	-fomit-frame-pointer 	  	-Wall 	-Wno-unused 	-Wno-multichar 	  	  	-mthumb 	   	-L/home/chris/android-9/lib 	-L/home/chris/android-9/sysroot/usr/lib 	 -lc  	/home/chris/android-9/bin/../lib/gcc/arm-linux-androideabi/4.4.3/thumb/libgcc.a 	/home/chris/android-9/bin/../lib/gcc/arm-linux-androideabi/4.4.3/../../../../arm-linux-androideabi/lib/thumb/libstdc++.a 	/home/chris/android-9/bin/../lib/gcc/arm-linux-androideabi/4.4.3/../../../../arm-linux-androideabi/lib/thumb/libsupc++.a 	  -lc -lm  -Wl,-rpath -Wl,/foo conftest.cpp  -lc -lm   	  >&5
configure:14703: $? = 0
configure:14921: result: GNU/Linux ld.so
configure:14974: checking how to hardcode library paths into programs
configure:14999: result: immediate
configure:15067: checking for inline
configure:15083: arm-linux-androideabi-gcc -c  	-D__ARM_ARCH_5__ 	-D__ARM_ARCH_5T__ 	-D__ARM_ARCH_5E__ 	-D__ARM_ARCH_5TE__ 	-DANDROID 	  	-I/home/chris/android-9/include 	-I/home/chris/android-9/sysroot/usr/include 	  	-fno-strict-aliasing 	-Os 	  	-fomit-frame-pointer 	  	-Wall 	-Wno-unused 	-Wno-multichar 	  	  	-mthumb 	    	-D__ARM_ARCH_5__ 	-D__ARM_ARCH_5T__ 	-D__ARM_ARCH_5E__ 	-D__ARM_ARCH_5TE__ 	-DANDROID 	  	-I/home/chris/android-9/include 	-I/home/chris/android-9/sysroot/usr/include 	  	-fno-strict-aliasing 	-Os 	  	-fomit-frame-pointer 	  	-Wall 	-Wno-unused 	-Wno-multichar 	  	  	-mthumb 	  conftest.c >&5
configure:15083: $? = 0
configure:15091: result: inline
configure:15109: checking for size_t
configure:15109: arm-linux-androideabi-gcc -c  	-D__ARM_ARCH_5__ 	-D__ARM_ARCH_5T__ 	-D__ARM_ARCH_5E__ 	-D__ARM_ARCH_5TE__ 	-DANDROID 	  	-I/home/chris/android-9/include 	-I/home/chris/android-9/sysroot/usr/include 	  	-fno-strict-aliasing 	-Os 	  	-fomit-frame-pointer 	  	-Wall 	-Wno-unused 	-Wno-multichar 	  	  	-mthumb 	    	-D__ARM_ARCH_5__ 	-D__ARM_ARCH_5T__ 	-D__ARM_ARCH_5E__ 	-D__ARM_ARCH_5TE__ 	-DANDROID 	  	-I/home/chris/android-9/include 	-I/home/chris/android-9/sysroot/usr/include 	  	-fno-strict-aliasing 	-Os 	  	-fomit-frame-pointer 	  	-Wall 	-Wno-unused 	-Wno-multichar 	  	  	-mthumb 	  conftest.c >&5
configure:15109: $? = 0
configure:15109: arm-linux-androideabi-gcc -c  	-D__ARM_ARCH_5__ 	-D__ARM_ARCH_5T__ 	-D__ARM_ARCH_5E__ 	-D__ARM_ARCH_5TE__ 	-DANDROID 	  	-I/home/chris/android-9/include 	-I/home/chris/android-9/sysroot/usr/include 	  	-fno-strict-aliasing 	-Os 	  	-fomit-frame-pointer 	  	-Wall 	-Wno-unused 	-Wno-multichar 	  	  	-mthumb 	    	-D__ARM_ARCH_5__ 	-D__ARM_ARCH_5T__ 	-D__ARM_ARCH_5E__ 	-D__ARM_ARCH_5TE__ 	-DANDROID 	  	-I/home/chris/android-9/include 	-I/home/chris/android-9/sysroot/usr/include 	  	-fno-strict-aliasing 	-Os 	  	-fomit-frame-pointer 	  	-Wall 	-Wno-unused 	-Wno-multichar 	  	  	-mthumb 	  conftest.c >&5
conftest.c: In function 'main':
conftest.c:59: error: expected expression before ')' token
configure:15109: $? = 1
configure: failed program was:
| /* confdefs.h */
| #define PACKAGE_NAME "libasprintf"
| #define PACKAGE_TARNAME "libasprintf"
| #define PACKAGE_VERSION "1.0"
| #define PACKAGE_STRING "libasprintf 1.0"
| #define PACKAGE_BUGREPORT ""
| #define PACKAGE_URL ""
| #define PACKAGE "libasprintf"
| #define VERSION "1.0"
| #define STDC_HEADERS 1
| #define HAVE_SYS_TYPES_H 1
| #define HAVE_SYS_STAT_H 1
| #define HAVE_STDLIB_H 1
| #define HAVE_STRING_H 1
| #define HAVE_MEMORY_H 1
| #define HAVE_STRINGS_H 1
| #define HAVE_INTTYPES_H 1
| #define HAVE_STDINT_H 1
| #define HAVE_UNISTD_H 1
| #define HAVE_DLFCN_H 1
| #define LT_OBJDIR ".libs/"
| /* end confdefs.h.  */
| #include <stdio.h>
| #ifdef HAVE_SYS_TYPES_H
| # include <sys/types.h>
| #endif
| #ifdef HAVE_SYS_STAT_H
| # include <sys/stat.h>
| #endif
| #ifdef STDC_HEADERS
| # include <stdlib.h>
| # include <stddef.h>
| #else
| # ifdef HAVE_STDLIB_H
| #  include <stdlib.h>
| # endif
| #endif
| #ifdef HAVE_STRING_H
| # if !defined STDC_HEADERS && defined HAVE_MEMORY_H
| #  include <memory.h>
| # endif
| # include <string.h>
| #endif
| #ifdef HAVE_STRINGS_H
| # include <strings.h>
| #endif
| #ifdef HAVE_INTTYPES_H
| # include <inttypes.h>
| #endif
| #ifdef HAVE_STDINT_H
| # include <stdint.h>
| #endif
| #ifdef HAVE_UNISTD_H
| # include <unistd.h>
| #endif
| int
| main ()
| {
| if (sizeof ((size_t)))
| 	    return 0;
|   ;
|   return 0;
| }
configure:15109: result: yes
configure:15121: checking for long long int
configure:15158: arm-linux-androideabi-gcc -o conftest  	-D__ARM_ARCH_5__ 	-D__ARM_ARCH_5T__ 	-D__ARM_ARCH_5E__ 	-D__ARM_ARCH_5TE__ 	-DANDROID 	  	-I/home/chris/android-9/include 	-I/home/chris/android-9/sysroot/usr/include 	  	-fno-strict-aliasing 	-Os 	  	-fomit-frame-pointer 	  	-Wall 	-Wno-unused 	-Wno-multichar 	  	  	-mthumb 	    	-D__ARM_ARCH_5__ 	-D__ARM_ARCH_5T__ 	-D__ARM_ARCH_5E__ 	-D__ARM_ARCH_5TE__ 	-DANDROID 	  	-I/home/chris/android-9/include 	-I/home/chris/android-9/sysroot/usr/include 	  	-fno-strict-aliasing 	-Os 	  	-fomit-frame-pointer 	  	-Wall 	-Wno-unused 	-Wno-multichar 	  	  	-mthumb 	   	-L/home/chris/android-9/lib 	-L/home/chris/android-9/sysroot/usr/lib 	 -lc  	/home/chris/android-9/bin/../lib/gcc/arm-linux-androideabi/4.4.3/thumb/libgcc.a 	/home/chris/android-9/bin/../lib/gcc/arm-linux-androideabi/4.4.3/../../../../arm-linux-androideabi/lib/thumb/libstdc++.a 	/home/chris/android-9/bin/../lib/gcc/arm-linux-androideabi/4.4.3/../../../../arm-linux-androideabi/lib/thumb/libsupc++.a 	  -lc -lm  conftest.c  -lc -lm   	  >&5
configure:15158: $? = 0
configure:15203: result: yes
configure:15212: checking for wchar_t
configure:15229: arm-linux-androideabi-gcc -c  	-D__ARM_ARCH_5__ 	-D__ARM_ARCH_5T__ 	-D__ARM_ARCH_5E__ 	-D__ARM_ARCH_5TE__ 	-DANDROID 	  	-I/home/chris/android-9/include 	-I/home/chris/android-9/sysroot/usr/include 	  	-fno-strict-aliasing 	-Os 	  	-fomit-frame-pointer 	  	-Wall 	-Wno-unused 	-Wno-multichar 	  	  	-mthumb 	    	-D__ARM_ARCH_5__ 	-D__ARM_ARCH_5T__ 	-D__ARM_ARCH_5E__ 	-D__ARM_ARCH_5TE__ 	-DANDROID 	  	-I/home/chris/android-9/include 	-I/home/chris/android-9/sysroot/usr/include 	  	-fno-strict-aliasing 	-Os 	  	-fomit-frame-pointer 	  	-Wall 	-Wno-unused 	-Wno-multichar 	  	  	-mthumb 	  conftest.c >&5
configure:15229: $? = 0
configure:15236: result: yes
configure:15245: checking for wint_t
configure:15270: arm-linux-androideabi-gcc -c  	-D__ARM_ARCH_5__ 	-D__ARM_ARCH_5T__ 	-D__ARM_ARCH_5E__ 	-D__ARM_ARCH_5TE__ 	-DANDROID 	  	-I/home/chris/android-9/include 	-I/home/chris/android-9/sysroot/usr/include 	  	-fno-strict-aliasing 	-Os 	  	-fomit-frame-pointer 	  	-Wall 	-Wno-unused 	-Wno-multichar 	  	  	-mthumb 	    	-D__ARM_ARCH_5__ 	-D__ARM_ARCH_5T__ 	-D__ARM_ARCH_5E__ 	-D__ARM_ARCH_5TE__ 	-DANDROID 	  	-I/home/chris/android-9/include 	-I/home/chris/android-9/sysroot/usr/include 	  	-fno-strict-aliasing 	-Os 	  	-fomit-frame-pointer 	  	-Wall 	-Wno-unused 	-Wno-multichar 	  	  	-mthumb 	  conftest.c >&5
configure:15270: $? = 0
configure:15277: result: yes
configure:15285: checking for ptrdiff_t
configure:15285: arm-linux-androideabi-gcc -c  	-D__ARM_ARCH_5__ 	-D__ARM_ARCH_5T__ 	-D__ARM_ARCH_5E__ 	-D__ARM_ARCH_5TE__ 	-DANDROID 	  	-I/home/chris/android-9/include 	-I/home/chris/android-9/sysroot/usr/include 	  	-fno-strict-aliasing 	-Os 	  	-fomit-frame-pointer 	  	-Wall 	-Wno-unused 	-Wno-multichar 	  	  	-mthumb 	    	-D__ARM_ARCH_5__ 	-D__ARM_ARCH_5T__ 	-D__ARM_ARCH_5E__ 	-D__ARM_ARCH_5TE__ 	-DANDROID 	  	-I/home/chris/android-9/include 	-I/home/chris/android-9/sysroot/usr/include 	  	-fno-strict-aliasing 	-Os 	  	-fomit-frame-pointer 	  	-Wall 	-Wno-unused 	-Wno-multichar 	  	  	-mthumb 	  conftest.c >&5
configure:15285: $? = 0
configure:15285: arm-linux-androideabi-gcc -c  	-D__ARM_ARCH_5__ 	-D__ARM_ARCH_5T__ 	-D__ARM_ARCH_5E__ 	-D__ARM_ARCH_5TE__ 	-DANDROID 	  	-I/home/chris/android-9/include 	-I/home/chris/android-9/sysroot/usr/include 	  	-fno-strict-aliasing 	-Os 	  	-fomit-frame-pointer 	  	-Wall 	-Wno-unused 	-Wno-multichar 	  	  	-mthumb 	    	-D__ARM_ARCH_5__ 	-D__ARM_ARCH_5T__ 	-D__ARM_ARCH_5E__ 	-D__ARM_ARCH_5TE__ 	-DANDROID 	  	-I/home/chris/android-9/include 	-I/home/chris/android-9/sysroot/usr/include 	  	-fno-strict-aliasing 	-Os 	  	-fomit-frame-pointer 	  	-Wall 	-Wno-unused 	-Wno-multichar 	  	  	-mthumb 	  conftest.c >&5
conftest.c: In function 'main':
conftest.c:62: error: expected expression before ')' token
configure:15285: $? = 1
configure: failed program was:
| /* confdefs.h */
| #define PACKAGE_NAME "libasprintf"
| #define PACKAGE_TARNAME "libasprintf"
| #define PACKAGE_VERSION "1.0"
| #define PACKAGE_STRING "libasprintf 1.0"
| #define PACKAGE_BUGREPORT ""
| #define PACKAGE_URL ""
| #define PACKAGE "libasprintf"
| #define VERSION "1.0"
| #define STDC_HEADERS 1
| #define HAVE_SYS_TYPES_H 1
| #define HAVE_SYS_STAT_H 1
| #define HAVE_STDLIB_H 1
| #define HAVE_STRING_H 1
| #define HAVE_MEMORY_H 1
| #define HAVE_STRINGS_H 1
| #define HAVE_INTTYPES_H 1
| #define HAVE_STDINT_H 1
| #define HAVE_UNISTD_H 1
| #define HAVE_DLFCN_H 1
| #define LT_OBJDIR ".libs/"
| #define HAVE_LONG_LONG_INT 1
| #define HAVE_WCHAR_T 1
| #define HAVE_WINT_T 1
| /* end confdefs.h.  */
| #include <stdio.h>
| #ifdef HAVE_SYS_TYPES_H
| # include <sys/types.h>
| #endif
| #ifdef HAVE_SYS_STAT_H
| # include <sys/stat.h>
| #endif
| #ifdef STDC_HEADERS
| # include <stdlib.h>
| # include <stddef.h>
| #else
| # ifdef HAVE_STDLIB_H
| #  include <stdlib.h>
| # endif
| #endif
| #ifdef HAVE_STRING_H
| # if !defined STDC_HEADERS && defined HAVE_MEMORY_H
| #  include <memory.h>
| # endif
| # include <string.h>
| #endif
| #ifdef HAVE_STRINGS_H
| # include <strings.h>
| #endif
| #ifdef HAVE_INTTYPES_H
| # include <inttypes.h>
| #endif
| #ifdef HAVE_STDINT_H
| # include <stdint.h>
| #endif
| #ifdef HAVE_UNISTD_H
| # include <unistd.h>
| #endif
| int
| main ()
| {
| if (sizeof ((ptrdiff_t)))
| 	    return 0;
|   ;
|   return 0;
| }
configure:15285: result: yes
configure:15296: checking for inttypes.h
configure:15313: arm-linux-androideabi-gcc -c  	-D__ARM_ARCH_5__ 	-D__ARM_ARCH_5T__ 	-D__ARM_ARCH_5E__ 	-D__ARM_ARCH_5TE__ 	-DANDROID 	  	-I/home/chris/android-9/include 	-I/home/chris/android-9/sysroot/usr/include 	  	-fno-strict-aliasing 	-Os 	  	-fomit-frame-pointer 	  	-Wall 	-Wno-unused 	-Wno-multichar 	  	  	-mthumb 	    	-D__ARM_ARCH_5__ 	-D__ARM_ARCH_5T__ 	-D__ARM_ARCH_5E__ 	-D__ARM_ARCH_5TE__ 	-DANDROID 	  	-I/home/chris/android-9/include 	-I/home/chris/android-9/sysroot/usr/include 	  	-fno-strict-aliasing 	-Os 	  	-fomit-frame-pointer 	  	-Wall 	-Wno-unused 	-Wno-multichar 	  	  	-mthumb 	  conftest.c >&5
configure:15313: $? = 0
configure:15320: result: yes
configure:15331: checking for stdint.h
configure:15348: arm-linux-androideabi-gcc -c  	-D__ARM_ARCH_5__ 	-D__ARM_ARCH_5T__ 	-D__ARM_ARCH_5E__ 	-D__ARM_ARCH_5TE__ 	-DANDROID 	  	-I/home/chris/android-9/include 	-I/home/chris/android-9/sysroot/usr/include 	  	-fno-strict-aliasing 	-Os 	  	-fomit-frame-pointer 	  	-Wall 	-Wno-unused 	-Wno-multichar 	  	  	-mthumb 	    	-D__ARM_ARCH_5__ 	-D__ARM_ARCH_5T__ 	-D__ARM_ARCH_5E__ 	-D__ARM_ARCH_5TE__ 	-DANDROID 	  	-I/home/chris/android-9/include 	-I/home/chris/android-9/sysroot/usr/include 	  	-fno-strict-aliasing 	-Os 	  	-fomit-frame-pointer 	  	-Wall 	-Wno-unused 	-Wno-multichar 	  	  	-mthumb 	  conftest.c >&5
configure:15348: $? = 0
configure:15355: result: yes
configure:15368: checking for intmax_t
configure:15394: arm-linux-androideabi-gcc -c  	-D__ARM_ARCH_5__ 	-D__ARM_ARCH_5T__ 	-D__ARM_ARCH_5E__ 	-D__ARM_ARCH_5TE__ 	-DANDROID 	  	-I/home/chris/android-9/include 	-I/home/chris/android-9/sysroot/usr/include 	  	-fno-strict-aliasing 	-Os 	  	-fomit-frame-pointer 	  	-Wall 	-Wno-unused 	-Wno-multichar 	  	  	-mthumb 	    	-D__ARM_ARCH_5__ 	-D__ARM_ARCH_5T__ 	-D__ARM_ARCH_5E__ 	-D__ARM_ARCH_5TE__ 	-DANDROID 	  	-I/home/chris/android-9/include 	-I/home/chris/android-9/sysroot/usr/include 	  	-fno-strict-aliasing 	-Os 	  	-fomit-frame-pointer 	  	-Wall 	-Wno-unused 	-Wno-multichar 	  	  	-mthumb 	  conftest.c >&5
configure:15394: $? = 0
configure:15401: result: yes
configure:15412: checking for stdint.h
configure:15412: result: yes
configure:15422: checking for SIZE_MAX
configure:15493: result: yes
configure:15509: checking for stdint.h
configure:15509: result: yes
configure:15531: checking for working alloca.h
configure:15548: arm-linux-androideabi-gcc -o conftest  	-D__ARM_ARCH_5__ 	-D__ARM_ARCH_5T__ 	-D__ARM_ARCH_5E__ 	-D__ARM_ARCH_5TE__ 	-DANDROID 	  	-I/home/chris/android-9/include 	-I/home/chris/android-9/sysroot/usr/include 	  	-fno-strict-aliasing 	-Os 	  	-fomit-frame-pointer 	  	-Wall 	-Wno-unused 	-Wno-multichar 	  	  	-mthumb 	    	-D__ARM_ARCH_5__ 	-D__ARM_ARCH_5T__ 	-D__ARM_ARCH_5E__ 	-D__ARM_ARCH_5TE__ 	-DANDROID 	  	-I/home/chris/android-9/include 	-I/home/chris/android-9/sysroot/usr/include 	  	-fno-strict-aliasing 	-Os 	  	-fomit-frame-pointer 	  	-Wall 	-Wno-unused 	-Wno-multichar 	  	  	-mthumb 	   	-L/home/chris/android-9/lib 	-L/home/chris/android-9/sysroot/usr/lib 	 -lc  	/home/chris/android-9/bin/../lib/gcc/arm-linux-androideabi/4.4.3/thumb/libgcc.a 	/home/chris/android-9/bin/../lib/gcc/arm-linux-androideabi/4.4.3/../../../../arm-linux-androideabi/lib/thumb/libstdc++.a 	/home/chris/android-9/bin/../lib/gcc/arm-linux-androideabi/4.4.3/../../../../arm-linux-androideabi/lib/thumb/libsupc++.a 	  -lc -lm  conftest.c  -lc -lm   	  >&5
configure:15548: $? = 0
configure:15556: result: yes
configure:15564: checking for alloca
configure:15601: arm-linux-androideabi-gcc -o conftest  	-D__ARM_ARCH_5__ 	-D__ARM_ARCH_5T__ 	-D__ARM_ARCH_5E__ 	-D__ARM_ARCH_5TE__ 	-DANDROID 	  	-I/home/chris/android-9/include 	-I/home/chris/android-9/sysroot/usr/include 	  	-fno-strict-aliasing 	-Os 	  	-fomit-frame-pointer 	  	-Wall 	-Wno-unused 	-Wno-multichar 	  	  	-mthumb 	    	-D__ARM_ARCH_5__ 	-D__ARM_ARCH_5T__ 	-D__ARM_ARCH_5E__ 	-D__ARM_ARCH_5TE__ 	-DANDROID 	  	-I/home/chris/android-9/include 	-I/home/chris/android-9/sysroot/usr/include 	  	-fno-strict-aliasing 	-Os 	  	-fomit-frame-pointer 	  	-Wall 	-Wno-unused 	-Wno-multichar 	  	  	-mthumb 	   	-L/home/chris/android-9/lib 	-L/home/chris/android-9/sysroot/usr/lib 	 -lc  	/home/chris/android-9/bin/../lib/gcc/arm-linux-androideabi/4.4.3/thumb/libgcc.a 	/home/chris/android-9/bin/../lib/gcc/arm-linux-androideabi/4.4.3/../../../../arm-linux-androideabi/lib/thumb/libstdc++.a 	/home/chris/android-9/bin/../lib/gcc/arm-linux-androideabi/4.4.3/../../../../arm-linux-androideabi/lib/thumb/libsupc++.a 	  -lc -lm  conftest.c  -lc -lm   	  >&5
configure:15601: $? = 0
configure:15609: result: yes
configure:15730: checking for stdlib.h
configure:15730: result: yes
configure:15730: checking for string.h
configure:15730: result: yes
configure:15730: checking errno.h usability
configure:15730: arm-linux-androideabi-gcc -c  	-D__ARM_ARCH_5__ 	-D__ARM_ARCH_5T__ 	-D__ARM_ARCH_5E__ 	-D__ARM_ARCH_5TE__ 	-DANDROID 	  	-I/home/chris/android-9/include 	-I/home/chris/android-9/sysroot/usr/include 	  	-fno-strict-aliasing 	-Os 	  	-fomit-frame-pointer 	  	-Wall 	-Wno-unused 	-Wno-multichar 	  	  	-mthumb 	    	-D__ARM_ARCH_5__ 	-D__ARM_ARCH_5T__ 	-D__ARM_ARCH_5E__ 	-D__ARM_ARCH_5TE__ 	-DANDROID 	  	-I/home/chris/android-9/include 	-I/home/chris/android-9/sysroot/usr/include 	  	-fno-strict-aliasing 	-Os 	  	-fomit-frame-pointer 	  	-Wall 	-Wno-unused 	-Wno-multichar 	  	  	-mthumb 	  conftest.c >&5
configure:15730: $? = 0
configure:15730: result: yes
configure:15730: checking errno.h presence
configure:15730: arm-linux-androideabi-gcc -E  	-D__ARM_ARCH_5__ 	-D__ARM_ARCH_5T__ 	-D__ARM_ARCH_5E__ 	-D__ARM_ARCH_5TE__ 	-DANDROID 	  	-I/home/chris/android-9/include 	-I/home/chris/android-9/sysroot/usr/include 	  	-fno-strict-aliasing 	-Os 	  	-fomit-frame-pointer 	  	-Wall 	-Wno-unused 	-Wno-multichar 	  	  	-mthumb 	  conftest.c
configure:15730: $? = 0
configure:15730: result: yes
configure:15730: checking for errno.h
configure:15730: result: yes
configure:15752: checking whether the preprocessor supports include_next
configure:15790: arm-linux-androideabi-gcc -c  	-D__ARM_ARCH_5__ 	-D__ARM_ARCH_5T__ 	-D__ARM_ARCH_5E__ 	-D__ARM_ARCH_5TE__ 	-DANDROID 	  	-I/home/chris/android-9/include 	-I/home/chris/android-9/sysroot/usr/include 	  	-fno-strict-aliasing 	-Os 	  	-fomit-frame-pointer 	  	-Wall 	-Wno-unused 	-Wno-multichar 	  	  	-mthumb 	    	-D__ARM_ARCH_5__ 	-D__ARM_ARCH_5T__ 	-D__ARM_ARCH_5E__ 	-D__ARM_ARCH_5TE__ 	-DANDROID 	  	-I/home/chris/android-9/include 	-I/home/chris/android-9/sysroot/usr/include 	  	-fno-strict-aliasing 	-Os 	  	-fomit-frame-pointer 	  	-Wall 	-Wno-unused 	-Wno-multichar 	  	  	-mthumb 	  -Iconftestd1b -Iconftestd2 conftest.c >&5
configure:15790: $? = 0
configure:15811: result: yes
configure:15840: checking for complete errno.h
configure:15892: result: yes
configure:16279: checking for snprintf
configure:16279: arm-linux-androideabi-gcc -o conftest  	-D__ARM_ARCH_5__ 	-D__ARM_ARCH_5T__ 	-D__ARM_ARCH_5E__ 	-D__ARM_ARCH_5TE__ 	-DANDROID 	  	-I/home/chris/android-9/include 	-I/home/chris/android-9/sysroot/usr/include 	  	-fno-strict-aliasing 	-Os 	  	-fomit-frame-pointer 	  	-Wall 	-Wno-unused 	-Wno-multichar 	  	  	-mthumb 	    	-D__ARM_ARCH_5__ 	-D__ARM_ARCH_5T__ 	-D__ARM_ARCH_5E__ 	-D__ARM_ARCH_5TE__ 	-DANDROID 	  	-I/home/chris/android-9/include 	-I/home/chris/android-9/sysroot/usr/include 	  	-fno-strict-aliasing 	-Os 	  	-fomit-frame-pointer 	  	-Wall 	-Wno-unused 	-Wno-multichar 	  	  	-mthumb 	   	-L/home/chris/android-9/lib 	-L/home/chris/android-9/sysroot/usr/lib 	 -lc  	/home/chris/android-9/bin/../lib/gcc/arm-linux-androideabi/4.4.3/thumb/libgcc.a 	/home/chris/android-9/bin/../lib/gcc/arm-linux-androideabi/4.4.3/../../../../arm-linux-androideabi/lib/thumb/libstdc++.a 	/home/chris/android-9/bin/../lib/gcc/arm-linux-androideabi/4.4.3/../../../../arm-linux-androideabi/lib/thumb/libsupc++.a 	  -lc -lm  conftest.c  -lc -lm   	  >&5
conftest.c:59: warning: conflicting types for built-in function 'snprintf'
configure:16279: $? = 0
configure:16279: result: yes
configure:16279: checking for vasprintf
configure:16279: arm-linux-androideabi-gcc -o conftest  	-D__ARM_ARCH_5__ 	-D__ARM_ARCH_5T__ 	-D__ARM_ARCH_5E__ 	-D__ARM_ARCH_5TE__ 	-DANDROID 	  	-I/home/chris/android-9/include 	-I/home/chris/android-9/sysroot/usr/include 	  	-fno-strict-aliasing 	-Os 	  	-fomit-frame-pointer 	  	-Wall 	-Wno-unused 	-Wno-multichar 	  	  	-mthumb 	    	-D__ARM_ARCH_5__ 	-D__ARM_ARCH_5T__ 	-D__ARM_ARCH_5E__ 	-D__ARM_ARCH_5TE__ 	-DANDROID 	  	-I/home/chris/android-9/include 	-I/home/chris/android-9/sysroot/usr/include 	  	-fno-strict-aliasing 	-Os 	  	-fomit-frame-pointer 	  	-Wall 	-Wno-unused 	-Wno-multichar 	  	  	-mthumb 	   	-L/home/chris/android-9/lib 	-L/home/chris/android-9/sysroot/usr/lib 	 -lc  	/home/chris/android-9/bin/../lib/gcc/arm-linux-androideabi/4.4.3/thumb/libgcc.a 	/home/chris/android-9/bin/../lib/gcc/arm-linux-androideabi/4.4.3/../../../../arm-linux-androideabi/lib/thumb/libstdc++.a 	/home/chris/android-9/bin/../lib/gcc/arm-linux-androideabi/4.4.3/../../../../arm-linux-androideabi/lib/thumb/libsupc++.a 	  -lc -lm  conftest.c  -lc -lm   	  >&5
configure:16279: $? = 0
configure:16279: result: yes
configure:16279: checking for strnlen
configure:16279: arm-linux-androideabi-gcc -o conftest  	-D__ARM_ARCH_5__ 	-D__ARM_ARCH_5T__ 	-D__ARM_ARCH_5E__ 	-D__ARM_ARCH_5TE__ 	-DANDROID 	  	-I/home/chris/android-9/include 	-I/home/chris/android-9/sysroot/usr/include 	  	-fno-strict-aliasing 	-Os 	  	-fomit-frame-pointer 	  	-Wall 	-Wno-unused 	-Wno-multichar 	  	  	-mthumb 	    	-D__ARM_ARCH_5__ 	-D__ARM_ARCH_5T__ 	-D__ARM_ARCH_5E__ 	-D__ARM_ARCH_5TE__ 	-DANDROID 	  	-I/home/chris/android-9/include 	-I/home/chris/android-9/sysroot/usr/include 	  	-fno-strict-aliasing 	-Os 	  	-fomit-frame-pointer 	  	-Wall 	-Wno-unused 	-Wno-multichar 	  	  	-mthumb 	   	-L/home/chris/android-9/lib 	-L/home/chris/android-9/sysroot/usr/lib 	 -lc  	/home/chris/android-9/bin/../lib/gcc/arm-linux-androideabi/4.4.3/thumb/libgcc.a 	/home/chris/android-9/bin/../lib/gcc/arm-linux-androideabi/4.4.3/../../../../arm-linux-androideabi/lib/thumb/libstdc++.a 	/home/chris/android-9/bin/../lib/gcc/arm-linux-androideabi/4.4.3/../../../../arm-linux-androideabi/lib/thumb/libsupc++.a 	  -lc -lm  conftest.c  -lc -lm   	  >&5
configure:16279: $? = 0
configure:16279: result: yes
configure:16279: checking for wcslen
configure:16279: arm-linux-androideabi-gcc -o conftest  	-D__ARM_ARCH_5__ 	-D__ARM_ARCH_5T__ 	-D__ARM_ARCH_5E__ 	-D__ARM_ARCH_5TE__ 	-DANDROID 	  	-I/home/chris/android-9/include 	-I/home/chris/android-9/sysroot/usr/include 	  	-fno-strict-aliasing 	-Os 	  	-fomit-frame-pointer 	  	-Wall 	-Wno-unused 	-Wno-multichar 	  	  	-mthumb 	    	-D__ARM_ARCH_5__ 	-D__ARM_ARCH_5T__ 	-D__ARM_ARCH_5E__ 	-D__ARM_ARCH_5TE__ 	-DANDROID 	  	-I/home/chris/android-9/include 	-I/home/chris/android-9/sysroot/usr/include 	  	-fno-strict-aliasing 	-Os 	  	-fomit-frame-pointer 	  	-Wall 	-Wno-unused 	-Wno-multichar 	  	  	-mthumb 	   	-L/home/chris/android-9/lib 	-L/home/chris/android-9/sysroot/usr/lib 	 -lc  	/home/chris/android-9/bin/../lib/gcc/arm-linux-androideabi/4.4.3/thumb/libgcc.a 	/home/chris/android-9/bin/../lib/gcc/arm-linux-androideabi/4.4.3/../../../../arm-linux-androideabi/lib/thumb/libstdc++.a 	/home/chris/android-9/bin/../lib/gcc/arm-linux-androideabi/4.4.3/../../../../arm-linux-androideabi/lib/thumb/libsupc++.a 	  -lc -lm  conftest.c  -lc -lm   	  >&5
configure:16279: $? = 0
configure:16279: result: yes
configure:16279: checking for wcsnlen
configure:16279: arm-linux-androideabi-gcc -o conftest  	-D__ARM_ARCH_5__ 	-D__ARM_ARCH_5T__ 	-D__ARM_ARCH_5E__ 	-D__ARM_ARCH_5TE__ 	-DANDROID 	  	-I/home/chris/android-9/include 	-I/home/chris/android-9/sysroot/usr/include 	  	-fno-strict-aliasing 	-Os 	  	-fomit-frame-pointer 	  	-Wall 	-Wno-unused 	-Wno-multichar 	  	  	-mthumb 	    	-D__ARM_ARCH_5__ 	-D__ARM_ARCH_5T__ 	-D__ARM_ARCH_5E__ 	-D__ARM_ARCH_5TE__ 	-DANDROID 	  	-I/home/chris/android-9/include 	-I/home/chris/android-9/sysroot/usr/include 	  	-fno-strict-aliasing 	-Os 	  	-fomit-frame-pointer 	  	-Wall 	-Wno-unused 	-Wno-multichar 	  	  	-mthumb 	   	-L/home/chris/android-9/lib 	-L/home/chris/android-9/sysroot/usr/lib 	 -lc  	/home/chris/android-9/bin/../lib/gcc/arm-linux-androideabi/4.4.3/thumb/libgcc.a 	/home/chris/android-9/bin/../lib/gcc/arm-linux-androideabi/4.4.3/../../../../arm-linux-androideabi/lib/thumb/libstdc++.a 	/home/chris/android-9/bin/../lib/gcc/arm-linux-androideabi/4.4.3/../../../../arm-linux-androideabi/lib/thumb/libsupc++.a 	  -lc -lm  conftest.c  -lc -lm   	  >&5
/tmp/ccI4SFfb.o: In function `main':
conftest.c:(.text+0x2): undefined reference to `wcsnlen'
collect2: ld returned 1 exit status
configure:16279: $? = 1
configure: failed program was:
| /* confdefs.h */
| #define PACKAGE_NAME "libasprintf"
| #define PACKAGE_TARNAME "libasprintf"
| #define PACKAGE_VERSION "1.0"
| #define PACKAGE_STRING "libasprintf 1.0"
| #define PACKAGE_BUGREPORT ""
| #define PACKAGE_URL ""
| #define PACKAGE "libasprintf"
| #define VERSION "1.0"
| #define STDC_HEADERS 1
| #define HAVE_SYS_TYPES_H 1
| #define HAVE_SYS_STAT_H 1
| #define HAVE_STDLIB_H 1
| #define HAVE_STRING_H 1
| #define HAVE_MEMORY_H 1
| #define HAVE_STRINGS_H 1
| #define HAVE_INTTYPES_H 1
| #define HAVE_STDINT_H 1
| #define HAVE_UNISTD_H 1
| #define HAVE_DLFCN_H 1
| #define LT_OBJDIR ".libs/"
| #define HAVE_LONG_LONG_INT 1
| #define HAVE_WCHAR_T 1
| #define HAVE_WINT_T 1
| #define HAVE_INTTYPES_H_WITH_UINTMAX 1
| #define HAVE_STDINT_H_WITH_UINTMAX 1
| #define HAVE_INTMAX_T 1
| #define HAVE_STDINT_H 1
| #define HAVE_STDINT_H 1
| #define HAVE_ALLOCA_H 1
| #define HAVE_ALLOCA 1
| #define HAVE_STDLIB_H 1
| #define HAVE_STRING_H 1
| #define HAVE_ERRNO_H 1
| #define HAVE_SNPRINTF 1
| #define HAVE_VASPRINTF 1
| #define HAVE_STRNLEN 1
| #define HAVE_WCSLEN 1
| /* end confdefs.h.  */
| /* Define wcsnlen to an innocuous variant, in case <limits.h> declares wcsnlen.
|    For example, HP-UX 11i <limits.h> declares gettimeofday.  */
| #define wcsnlen innocuous_wcsnlen
| 
| /* System header to define __stub macros and hopefully few prototypes,
|     which can conflict with char wcsnlen (); below.
|     Prefer <limits.h> to <assert.h> if __STDC__ is defined, since
|     <limits.h> exists even on freestanding compilers.  */
| 
| #ifdef __STDC__
| # include <limits.h>
| #else
| # include <assert.h>
| #endif
| 
| #undef wcsnlen
| 
| /* Override any GCC internal prototype to avoid an error.
|    Use char because int might match the return type of a GCC
|    builtin and then its argument prototype would still apply.  */
| #ifdef __cplusplus
| extern "C"
| #endif
| char wcsnlen ();
| /* The GNU C library defines this for functions which it implements
|     to always fail with ENOSYS.  Some functions are actually named
|     something starting with __ and the normal name is an alias.  */
| #if defined __stub_wcsnlen || defined __stub___wcsnlen
| choke me
| #endif
| 
| int
| main ()
| {
| return wcsnlen ();
|   ;
|   return 0;
| }
configure:16279: result: no
configure:16279: checking for mbrtowc
configure:16279: arm-linux-androideabi-gcc -o conftest  	-D__ARM_ARCH_5__ 	-D__ARM_ARCH_5T__ 	-D__ARM_ARCH_5E__ 	-D__ARM_ARCH_5TE__ 	-DANDROID 	  	-I/home/chris/android-9/include 	-I/home/chris/android-9/sysroot/usr/include 	  	-fno-strict-aliasing 	-Os 	  	-fomit-frame-pointer 	  	-Wall 	-Wno-unused 	-Wno-multichar 	  	  	-mthumb 	    	-D__ARM_ARCH_5__ 	-D__ARM_ARCH_5T__ 	-D__ARM_ARCH_5E__ 	-D__ARM_ARCH_5TE__ 	-DANDROID 	  	-I/home/chris/android-9/include 	-I/home/chris/android-9/sysroot/usr/include 	  	-fno-strict-aliasing 	-Os 	  	-fomit-frame-pointer 	  	-Wall 	-Wno-unused 	-Wno-multichar 	  	  	-mthumb 	   	-L/home/chris/android-9/lib 	-L/home/chris/android-9/sysroot/usr/lib 	 -lc  	/home/chris/android-9/bin/../lib/gcc/arm-linux-androideabi/4.4.3/thumb/libgcc.a 	/home/chris/android-9/bin/../lib/gcc/arm-linux-androideabi/4.4.3/../../../../arm-linux-androideabi/lib/thumb/libstdc++.a 	/home/chris/android-9/bin/../lib/gcc/arm-linux-androideabi/4.4.3/../../../../arm-linux-androideabi/lib/thumb/libsupc++.a 	  -lc -lm  conftest.c  -lc -lm   	  >&5
configure:16279: $? = 0
configure:16279: result: yes
configure:16279: checking for wcrtomb
configure:16279: arm-linux-androideabi-gcc -o conftest  	-D__ARM_ARCH_5__ 	-D__ARM_ARCH_5T__ 	-D__ARM_ARCH_5E__ 	-D__ARM_ARCH_5TE__ 	-DANDROID 	  	-I/home/chris/android-9/include 	-I/home/chris/android-9/sysroot/usr/include 	  	-fno-strict-aliasing 	-Os 	  	-fomit-frame-pointer 	  	-Wall 	-Wno-unused 	-Wno-multichar 	  	  	-mthumb 	    	-D__ARM_ARCH_5__ 	-D__ARM_ARCH_5T__ 	-D__ARM_ARCH_5E__ 	-D__ARM_ARCH_5TE__ 	-DANDROID 	  	-I/home/chris/android-9/include 	-I/home/chris/android-9/sysroot/usr/include 	  	-fno-strict-aliasing 	-Os 	  	-fomit-frame-pointer 	  	-Wall 	-Wno-unused 	-Wno-multichar 	  	  	-mthumb 	   	-L/home/chris/android-9/lib 	-L/home/chris/android-9/sysroot/usr/lib 	 -lc  	/home/chris/android-9/bin/../lib/gcc/arm-linux-androideabi/4.4.3/thumb/libgcc.a 	/home/chris/android-9/bin/../lib/gcc/arm-linux-androideabi/4.4.3/../../../../arm-linux-androideabi/lib/thumb/libstdc++.a 	/home/chris/android-9/bin/../lib/gcc/arm-linux-androideabi/4.4.3/../../../../arm-linux-androideabi/lib/thumb/libsupc++.a 	  -lc -lm  conftest.c  -lc -lm   	  >&5
configure:16279: $? = 0
configure:16279: result: yes
configure:16289: checking whether _snprintf is declared
configure:16289: arm-linux-androideabi-gcc -c  	-D__ARM_ARCH_5__ 	-D__ARM_ARCH_5T__ 	-D__ARM_ARCH_5E__ 	-D__ARM_ARCH_5TE__ 	-DANDROID 	  	-I/home/chris/android-9/include 	-I/home/chris/android-9/sysroot/usr/include 	  	-fno-strict-aliasing 	-Os 	  	-fomit-frame-pointer 	  	-Wall 	-Wno-unused 	-Wno-multichar 	  	  	-mthumb 	    	-D__ARM_ARCH_5__ 	-D__ARM_ARCH_5T__ 	-D__ARM_ARCH_5E__ 	-D__ARM_ARCH_5TE__ 	-DANDROID 	  	-I/home/chris/android-9/include 	-I/home/chris/android-9/sysroot/usr/include 	  	-fno-strict-aliasing 	-Os 	  	-fomit-frame-pointer 	  	-Wall 	-Wno-unused 	-Wno-multichar 	  	  	-mthumb 	  conftest.c >&5
conftest.c: In function 'main':
conftest.c:48: error: '_snprintf' undeclared (first use in this function)
conftest.c:48: error: (Each undeclared identifier is reported only once
conftest.c:48: error: for each function it appears in.)
configure:16289: $? = 1
configure: failed program was:
| /* confdefs.h */
| #define PACKAGE_NAME "libasprintf"
| #define PACKAGE_TARNAME "libasprintf"
| #define PACKAGE_VERSION "1.0"
| #define PACKAGE_STRING "libasprintf 1.0"
| #define PACKAGE_BUGREPORT ""
| #define PACKAGE_URL ""
| #define PACKAGE "libasprintf"
| #define VERSION "1.0"
| #define STDC_HEADERS 1
| #define HAVE_SYS_TYPES_H 1
| #define HAVE_SYS_STAT_H 1
| #define HAVE_STDLIB_H 1
| #define HAVE_STRING_H 1
| #define HAVE_MEMORY_H 1
| #define HAVE_STRINGS_H 1
| #define HAVE_INTTYPES_H 1
| #define HAVE_STDINT_H 1
| #define HAVE_UNISTD_H 1
| #define HAVE_DLFCN_H 1
| #define LT_OBJDIR ".libs/"
| #define HAVE_LONG_LONG_INT 1
| #define HAVE_WCHAR_T 1
| #define HAVE_WINT_T 1
| #define HAVE_INTTYPES_H_WITH_UINTMAX 1
| #define HAVE_STDINT_H_WITH_UINTMAX 1
| #define HAVE_INTMAX_T 1
| #define HAVE_STDINT_H 1
| #define HAVE_STDINT_H 1
| #define HAVE_ALLOCA_H 1
| #define HAVE_ALLOCA 1
| #define HAVE_STDLIB_H 1
| #define HAVE_STRING_H 1
| #define HAVE_ERRNO_H 1
| #define HAVE_SNPRINTF 1
| #define HAVE_VASPRINTF 1
| #define HAVE_STRNLEN 1
| #define HAVE_WCSLEN 1
| #define HAVE_MBRTOWC 1
| #define HAVE_WCRTOMB 1
| /* end confdefs.h.  */
| #include <stdio.h>
| 
| int
| main ()
| {
| #ifndef _snprintf
|   (void) _snprintf;
| #endif
| 
|   ;
|   return 0;
| }
configure:16289: result: no
configure:16303: checking whether printf() supports POSIX/XSI format strings
configure:16355: result: guessing yes
configure:16369: checking for dvips
configure:16400: result: /home/chris/lib-src/gettext-0.18/build-aux/missing dvips
configure:16410: checking for texi2pdf
configure:16428: found /usr/bin/texi2pdf
configure:16441: result: /usr/bin/texi2pdf
configure:16451: checking for perl
configure:16469: found /usr/bin/perl
configure:16482: result: /usr/bin/perl
configure:16656: creating ./config.status

## ---------------------- ##
## Running config.status. ##
## ---------------------- ##

This file was extended by libasprintf config.status 1.0, which was
generated by GNU Autoconf 2.65.  Invocation command line was

  CONFIG_FILES    = 
  CONFIG_HEADERS  = 
  CONFIG_LINKS    = 
  CONFIG_COMMANDS = 
  $ ./config.status 

on ubuntu

config.status:1183: creating Makefile
config.status:1183: creating config.h
config.status:1403: executing depfiles commands
config.status:1403: executing libtool commands

## ---------------- ##
## Cache variables. ##
## ---------------- ##

ac_cv_build=i686-pc-linux-gnu
ac_cv_c_compiler_gnu=yes
ac_cv_c_inline=inline
ac_cv_cxx_compiler_gnu=yes
ac_cv_env_CCC_set=
ac_cv_env_CCC_value=
ac_cv_env_CC_set=set
ac_cv_env_CC_value=arm-linux-androideabi-gcc
ac_cv_env_CFLAGS_set=set
ac_cv_env_CFLAGS_value=' 	-D__ARM_ARCH_5__ 	-D__ARM_ARCH_5T__ 	-D__ARM_ARCH_5E__ 	-D__ARM_ARCH_5TE__ 	-DANDROID 	  	-I/home/chris/android-9/include 	-I/home/chris/android-9/sysroot/usr/include 	  	-fno-strict-aliasing 	-Os 	  	-fomit-frame-pointer 	  	-Wall 	-Wno-unused 	-Wno-multichar 	  	  	-mthumb 	  '
ac_cv_env_CPPFLAGS_set=set
ac_cv_env_CPPFLAGS_value=' 	-D__ARM_ARCH_5__ 	-D__ARM_ARCH_5T__ 	-D__ARM_ARCH_5E__ 	-D__ARM_ARCH_5TE__ 	-DANDROID 	  	-I/home/chris/android-9/include 	-I/home/chris/android-9/sysroot/usr/include 	  	-fno-strict-aliasing 	-Os 	  	-fomit-frame-pointer 	  	-Wall 	-Wno-unused 	-Wno-multichar 	  	  	-mthumb 	 '
ac_cv_env_CPP_set=
ac_cv_env_CPP_value=
ac_cv_env_CXXCPP_set=
ac_cv_env_CXXCPP_value=
ac_cv_env_CXXFLAGS_set=set
ac_cv_env_CXXFLAGS_value=' 	-D__ARM_ARCH_5__ 	-D__ARM_ARCH_5T__ 	-D__ARM_ARCH_5E__ 	-D__ARM_ARCH_5TE__ 	-DANDROID 	  	-I/home/chris/android-9/include 	-I/home/chris/android-9/sysroot/usr/include 	  	-fno-strict-aliasing 	-Os 	  	-fomit-frame-pointer 	  	-Wall 	-Wno-unused 	-Wno-multichar 	  	  	-mthumb 	 '
ac_cv_env_CXX_set=set
ac_cv_env_CXX_value=arm-linux-androideabi-g++
ac_cv_env_LDFLAGS_set=set
ac_cv_env_LDFLAGS_value=' 	-L/home/chris/android-9/lib 	-L/home/chris/android-9/sysroot/usr/lib 	 -lc  	/home/chris/android-9/bin/../lib/gcc/arm-linux-androideabi/4.4.3/thumb/libgcc.a 	/home/chris/android-9/bin/../lib/gcc/arm-linux-androideabi/4.4.3/../../../../arm-linux-androideabi/lib/thumb/libstdc++.a 	/home/chris/android-9/bin/../lib/gcc/arm-linux-androideabi/4.4.3/../../../../arm-linux-androideabi/lib/thumb/libsupc++.a 	  -lc -lm '
ac_cv_env_LIBS_set=set
ac_cv_env_LIBS_value=' -lc -lm   	 '
ac_cv_env_build_alias_set=set
ac_cv_env_build_alias_value=i686-linux-gnu
ac_cv_env_host_alias_set=set
ac_cv_env_host_alias_value=arm-linux-androideabi
ac_cv_env_target_alias_set=
ac_cv_env_target_alias_value=
ac_cv_func_alloca_works=yes
ac_cv_func_mbrtowc=yes
ac_cv_func_snprintf=yes
ac_cv_func_strnlen=yes
ac_cv_func_vasprintf=yes
ac_cv_func_wcrtomb=yes
ac_cv_func_wcslen=yes
ac_cv_func_wcsnlen=no
ac_cv_have_decl__snprintf=no
ac_cv_header_dlfcn_h=yes
ac_cv_header_errno_h=yes
ac_cv_header_inttypes_h=yes
ac_cv_header_memory_h=yes
ac_cv_header_stdc=yes
ac_cv_header_stdint_h=yes
ac_cv_header_stdlib_h=yes
ac_cv_header_string_h=yes
ac_cv_header_strings_h=yes
ac_cv_header_sys_stat_h=yes
ac_cv_header_sys_types_h=yes
ac_cv_header_unistd_h=yes
ac_cv_host=arm-unknown-linux-androideabi
ac_cv_objext=o
ac_cv_path_DVIPS='/home/chris/lib-src/gettext-0.18/build-aux/missing dvips'
ac_cv_path_EGREP='/bin/grep -E'
ac_cv_path_FGREP='/bin/grep -F'
ac_cv_path_GREP=/bin/grep
ac_cv_path_PERL=/usr/bin/perl
ac_cv_path_SED=/bin/sed
ac_cv_path_TEXI2PDF=/usr/bin/texi2pdf
ac_cv_path_install='/usr/bin/install -c'
ac_cv_path_mkdir=/bin/mkdir
ac_cv_prog_AR=arm-linux-androideabi-ar
ac_cv_prog_AWK=gawk
ac_cv_prog_CC=arm-linux-androideabi-gcc
ac_cv_prog_CPP='arm-linux-androideabi-gcc -E'
ac_cv_prog_CXXCPP='arm-linux-androideabi-g++ -E'
ac_cv_prog_OBJDUMP=arm-linux-androideabi-objdump
ac_cv_prog_RANLIB=arm-linux-androideabi-ranlib
ac_cv_prog_STRIP=arm-linux-androideabi-strip
ac_cv_prog_cc_c89=
ac_cv_prog_cc_g=yes
ac_cv_prog_cxx_g=yes
ac_cv_prog_make_make_set=yes
ac_cv_type_long_long_int=yes
ac_cv_type_ptrdiff_t=yes
ac_cv_type_size_t=yes
ac_cv_working_alloca_h=yes
am_cv_CC_dependencies_compiler_type=gcc3
am_cv_CXX_dependencies_compiler_type=gcc3
gl_cv_have_include_next=yes
gl_cv_header_errno_h_complete=yes
gl_cv_header_inttypes_h=yes
gl_cv_header_stdint_h=yes
gl_cv_size_max=yes
gt_cv_c_intmax_t=yes
gt_cv_c_wchar_t=yes
gt_cv_c_wint_t=yes
gt_cv_func_printf_posix='guessing yes'
lt_cv_deplibs_check_method=pass_all
lt_cv_file_magic_cmd='$MAGIC_CMD'
lt_cv_file_magic_test_file=
lt_cv_ld_reload_flag=-r
lt_cv_nm_interface='BSD nm'
lt_cv_objdir=.libs
lt_cv_path_LD=arm-linux-androideabi-ld
lt_cv_path_LDCXX=arm-linux-androideabi-ld
lt_cv_path_NM=arm-linux-androideabi-nm
lt_cv_prog_compiler_c_o=yes
lt_cv_prog_compiler_c_o_CXX=yes
lt_cv_prog_compiler_pic_works=yes
lt_cv_prog_compiler_pic_works_CXX=yes
lt_cv_prog_compiler_rtti_exceptions=no
lt_cv_prog_compiler_static_works=yes
lt_cv_prog_compiler_static_works_CXX=yes
lt_cv_prog_gnu_ld=yes
lt_cv_prog_gnu_ldcxx=yes
lt_cv_sys_global_symbol_pipe='sed -n -e '\''s/^.*[	 ]\([ABCDGIRSTW][ABCDGIRSTW]*\)[	 ][	 ]*\([_A-Za-z][_A-Za-z0-9]*\)$/\1 \2 \2/p'\'''
lt_cv_sys_global_symbol_to_c_name_address='sed -n -e '\''s/^: \([^ ]*\) $/  {\"\1\", (void *) 0},/p'\'' -e '\''s/^[ABCDGIRSTW]* \([^ ]*\) \([^ ]*\)$/  {"\2", (void *) \&\2},/p'\'''
lt_cv_sys_global_symbol_to_c_name_address_lib_prefix='sed -n -e '\''s/^: \([^ ]*\) $/  {\"\1\", (void *) 0},/p'\'' -e '\''s/^[ABCDGIRSTW]* \([^ ]*\) \(lib[^ ]*\)$/  {"\2", (void *) \&\2},/p'\'' -e '\''s/^[ABCDGIRSTW]* \([^ ]*\) \([^ ]*\)$/  {"lib\2", (void *) \&\2},/p'\'''
lt_cv_sys_global_symbol_to_cdecl='sed -n -e '\''s/^T .* \(.*\)$/extern int \1();/p'\'' -e '\''s/^[ABCDGIRSTW]* .* \(.*\)$/extern char \1;/p'\'''
lt_cv_sys_max_cmd_len=1572864

## ----------------- ##
## Output variables. ##
## ----------------- ##

ACLOCAL='${SHELL} /home/chris/lib-src/gettext-0.18/build-aux/missing --run aclocal-1.11'
ALLOCA=''
ALLOCA_H='alloca.h'
AMDEPBACKSLASH='\'
AMDEP_FALSE='#'
AMDEP_TRUE=''
AMTAR='${SHELL} /home/chris/lib-src/gettext-0.18/build-aux/missing --run tar'
AM_BACKSLASH='\'
AM_DEFAULT_VERBOSITY='1'
AR='arm-linux-androideabi-ar'
AS='arm-linux-androideabi-as'
AUTOCONF='${SHELL} /home/chris/lib-src/gettext-0.18/build-aux/missing --run autoconf'
AUTOHEADER='${SHELL} /home/chris/lib-src/gettext-0.18/build-aux/missing --run autoheader'
AUTOMAKE='${SHELL} /home/chris/lib-src/gettext-0.18/build-aux/missing --run automake-1.11'
AWK='gawk'
CC='arm-linux-androideabi-gcc'
CCDEPMODE='depmode=gcc3'
CFLAGS=' 	-D__ARM_ARCH_5__ 	-D__ARM_ARCH_5T__ 	-D__ARM_ARCH_5E__ 	-D__ARM_ARCH_5TE__ 	-DANDROID 	  	-I/home/chris/android-9/include 	-I/home/chris/android-9/sysroot/usr/include 	  	-fno-strict-aliasing 	-Os 	  	-fomit-frame-pointer 	  	-Wall 	-Wno-unused 	-Wno-multichar 	  	  	-mthumb 	  '
CPP='arm-linux-androideabi-gcc -E'
CPPFLAGS=' 	-D__ARM_ARCH_5__ 	-D__ARM_ARCH_5T__ 	-D__ARM_ARCH_5E__ 	-D__ARM_ARCH_5TE__ 	-DANDROID 	  	-I/home/chris/android-9/include 	-I/home/chris/android-9/sysroot/usr/include 	  	-fno-strict-aliasing 	-Os 	  	-fomit-frame-pointer 	  	-Wall 	-Wno-unused 	-Wno-multichar 	  	  	-mthumb 	 '
CXX='arm-linux-androideabi-g++'
CXXCPP='arm-linux-androideabi-g++ -E'
CXXDEPMODE='depmode=gcc3'
CXXFLAGS=' 	-D__ARM_ARCH_5__ 	-D__ARM_ARCH_5T__ 	-D__ARM_ARCH_5E__ 	-D__ARM_ARCH_5TE__ 	-DANDROID 	  	-I/home/chris/android-9/include 	-I/home/chris/android-9/sysroot/usr/include 	  	-fno-strict-aliasing 	-Os 	  	-fomit-frame-pointer 	  	-Wall 	-Wno-unused 	-Wno-multichar 	  	  	-mthumb 	 '
CYGPATH_W='echo'
DEFS='-DHAVE_CONFIG_H'
DEPDIR='.deps'
DLLTOOL='dlltool'
DSYMUTIL=''
DUMPBIN=''
DVIPS='/home/chris/lib-src/gettext-0.18/build-aux/missing dvips'
ECHO_C=''
ECHO_N='-n'
ECHO_T=''
EGREP='/bin/grep -E'
EMULTIHOP_HIDDEN=''
EMULTIHOP_VALUE=''
ENOLINK_HIDDEN=''
ENOLINK_VALUE=''
EOVERFLOW_HIDDEN=''
EOVERFLOW_VALUE=''
ERRNO_H=''
EXEEXT=''
FGREP='/bin/grep -F'
GL_COND_LIBTOOL_FALSE='#'
GL_COND_LIBTOOL_TRUE=''
GREP='/bin/grep'
INCLUDE_NEXT='include_next'
INCLUDE_NEXT_AS_FIRST_DIRECTIVE='include_next'
INSTALL_DATA='${INSTALL} -m 644'
INSTALL_PROGRAM='${INSTALL}'
INSTALL_SCRIPT='${INSTALL}'
INSTALL_STRIP_PROGRAM='$(install_sh) -c -s'
LD='arm-linux-androideabi-ld'
LDFLAGS=' 	-L/home/chris/android-9/lib 	-L/home/chris/android-9/sysroot/usr/lib 	 -lc  	/home/chris/android-9/bin/../lib/gcc/arm-linux-androideabi/4.4.3/thumb/libgcc.a 	/home/chris/android-9/bin/../lib/gcc/arm-linux-androideabi/4.4.3/../../../../arm-linux-androideabi/lib/thumb/libstdc++.a 	/home/chris/android-9/bin/../lib/gcc/arm-linux-androideabi/4.4.3/../../../../arm-linux-androideabi/lib/thumb/libsupc++.a 	  -lc -lm '
LIBOBJS=''
LIBS=' -lc -lm   	 '
LIBTOOL='/bin/bash $(top_builddir)/libtool'
LIPO=''
LN_S='ln -s'
LTALLOCA=''
LTLIBOBJS=''
LTNOUNDEF=''
MAKEINFO='${SHELL} /home/chris/lib-src/gettext-0.18/build-aux/missing --run makeinfo'
MKDIR_P='/bin/mkdir -p'
NEXT_AS_FIRST_DIRECTIVE_ERRNO_H=''
NEXT_ERRNO_H=''
NM='arm-linux-androideabi-nm'
NMEDIT=''
OBJDUMP='arm-linux-androideabi-objdump'
OBJEXT='o'
OTOOL64=''
OTOOL=''
PACKAGE='libasprintf'
PACKAGE_BUGREPORT=''
PACKAGE_NAME='libasprintf'
PACKAGE_STRING='libasprintf 1.0'
PACKAGE_TARNAME='libasprintf'
PACKAGE_URL=''
PACKAGE_VERSION='1.0'
PATH_SEPARATOR=':'
PERL='/usr/bin/perl'
PRAGMA_SYSTEM_HEADER='#pragma GCC system_header'
RANLIB='arm-linux-androideabi-ranlib'
SED='/bin/sed'
SET_MAKE=''
SHELL='/bin/bash'
STRIP='arm-linux-androideabi-strip'
TEXI2PDF='/usr/bin/texi2pdf'
VERSION='1.0'
ac_ct_CC=''
ac_ct_CXX=''
ac_ct_DUMPBIN=''
am__EXEEXT_FALSE=''
am__EXEEXT_TRUE='#'
am__fastdepCC_FALSE='#'
am__fastdepCC_TRUE=''
am__fastdepCXX_FALSE='#'
am__fastdepCXX_TRUE=''
am__include='include'
am__isrc=''
am__leading_dot='.'
am__quote=''
am__tar='${AMTAR} chof - "$$tardir"'
am__untar='${AMTAR} xf -'
bindir='${exec_prefix}/bin'
build='i686-pc-linux-gnu'
build_alias='i686-linux-gnu'
build_cpu='i686'
build_os='linux-gnu'
build_vendor='pc'
datadir='${datarootdir}'
datarootdir='${prefix}/share'
docdir='${datarootdir}/doc/${PACKAGE_TARNAME}'
dvidir='${docdir}'
exec_prefix='${prefix}'
gl_LIBOBJS=''
gl_LTLIBOBJS=''
gltests_LIBOBJS=''
gltests_LTLIBOBJS=''
gltests_WITNESS='IN_LIBASPRINTF_GNULIB_TESTS'
host='arm-unknown-linux-androideabi'
host_alias='arm-linux-androideabi'
host_cpu='arm'
host_os='linux-androideabi'
host_vendor='unknown'
htmldir='${docdir}'
includedir='${prefix}/include'
infodir='${datarootdir}/info'
install_sh='${SHELL} /home/chris/lib-src/gettext-0.18/build-aux/install-sh'
libdir='${exec_prefix}/lib'
libexecdir='${exec_prefix}/libexec'
localedir='${datarootdir}/locale'
localstatedir='${prefix}/var'
lt_ECHO='echo'
mandir='${datarootdir}/man'
mkdir_p='/bin/mkdir -p'
oldincludedir='/usr/include'
pdfdir='${docdir}'
prefix='/home/chris/android-9'
program_transform_name='s,x,x,'
psdir='${docdir}'
sbindir='${exec_prefix}/sbin'
sharedstatedir='${prefix}/com'
sysconfdir='${prefix}/etc'
target_alias=''

## ----------- ##
## confdefs.h. ##
## ----------- ##

/* confdefs.h */
#define PACKAGE_NAME "libasprintf"
#define PACKAGE_TARNAME "libasprintf"
#define PACKAGE_VERSION "1.0"
#define PACKAGE_STRING "libasprintf 1.0"
#define PACKAGE_BUGREPORT ""
#define PACKAGE_URL ""
#define PACKAGE "libasprintf"
#define VERSION "1.0"
#define STDC_HEADERS 1
#define HAVE_SYS_TYPES_H 1
#define HAVE_SYS_STAT_H 1
#define HAVE_STDLIB_H 1
#define HAVE_STRING_H 1
#define HAVE_MEMORY_H 1
#define HAVE_STRINGS_H 1
#define HAVE_INTTYPES_H 1
#define HAVE_STDINT_H 1
#define HAVE_UNISTD_H 1
#define HAVE_DLFCN_H 1
#define LT_OBJDIR ".libs/"
#define HAVE_LONG_LONG_INT 1
#define HAVE_WCHAR_T 1
#define HAVE_WINT_T 1
#define HAVE_INTTYPES_H_WITH_UINTMAX 1
#define HAVE_STDINT_H_WITH_UINTMAX 1
#define HAVE_INTMAX_T 1
#define HAVE_STDINT_H 1
#define HAVE_STDINT_H 1
#define HAVE_ALLOCA_H 1
#define HAVE_ALLOCA 1
#define HAVE_STDLIB_H 1
#define HAVE_STRING_H 1
#define HAVE_ERRNO_H 1
#define HAVE_SNPRINTF 1
#define HAVE_VASPRINTF 1
#define HAVE_STRNLEN 1
#define HAVE_WCSLEN 1
#define HAVE_MBRTOWC 1
#define HAVE_WCRTOMB 1
#define HAVE_DECL__SNPRINTF 0
#define HAVE_POSIX_PRINTF 1

configure: exit 0
