This file contains any messages produced by compilers while
running configure, to aid debugging if configure makes a mistake.

It was created by libpng configure 1.4.4, which was
generated by GNU Autoconf 2.65.  Invocation command line was

  $ ./configure --host=arm-linux-androideabi --build=i686-linux-gnu --prefix=/home/chris/android-9/

## --------- ##
## Platform. ##
## --------- ##

hostname = ubuntu
uname -m = x86_64
uname -r = 2.6.35-25-generic
uname -s = Linux
uname -v = #44-Ubuntu SMP Fri Jan 21 17:40:44 UTC 2011

/usr/bin/uname -p = unknown
/bin/uname -X     = unknown

/bin/arch              = unknown
/usr/bin/arch -k       = unknown
/usr/convex/getsysinfo = unknown
/usr/bin/hostinfo      = unknown
/bin/machine           = unknown
/usr/bin/oslevel       = unknown
/bin/universe          = unknown

PATH: /home/chris/android-9/bin
PATH: /home/chris/android-9/bin
PATH: /usr/local/sbin
PATH: /usr/local/bin
PATH: /usr/sbin
PATH: /usr/bin
PATH: /sbin
PATH: /bin
PATH: /usr/games
PATH: /usr/local/android-sdk-linux_x86/tools/
PATH: /home/chris/android-9/bin/


## ----------- ##
## Core tests. ##
## ----------- ##

configure:2281: checking for a BSD-compatible install
configure:2349: result: /usr/bin/install -c
configure:2360: checking whether build environment is sane
configure:2410: result: yes
configure:2459: checking for arm-linux-androideabi-strip
configure:2486: result: arm-linux-androideabi-strip
configure:2551: checking for a thread-safe mkdir -p
configure:2590: result: /bin/mkdir -p
configure:2603: checking for gawk
configure:2619: found /usr/bin/gawk
configure:2630: result: gawk
configure:2641: checking whether make sets $(MAKE)
configure:2663: result: yes
configure:2744: checking whether to enable maintainer-specific portions of Makefiles
configure:2753: result: no
configure:2786: checking for arm-linux-androideabi-gcc
configure:2813: result: arm-linux-androideabi-gcc
configure:3082: checking for C compiler version
configure:3091: arm-linux-androideabi-gcc --version >&5
arm-linux-androideabi-gcc (GCC) 4.4.3
Copyright (C) 2009 Free Software Foundation, Inc.
This is free software; see the source for copying conditions.  There is NO
warranty; not even for MERCHANTABILITY or FITNESS FOR A PARTICULAR PURPOSE.

configure:3102: $? = 0
configure:3091: arm-linux-androideabi-gcc -v >&5
Using built-in specs.
Target: arm-linux-androideabi
Configured with: /tmp/ndk/src/build/../gcc/gcc-4.4.3/configure --prefix=/tmp/ndk-toolchain/ndk-prebuilt-10973/toolchains/arm-linux-androideabi-4.4.3/prebuilt/linux-x86 --target=arm-linux-androideabi --host=x86_64-linux-gnu --build=x86_64-linux-gnu --with-gnu-as --with-gnu-ld --enable-languages=c,c++ --with-gmp=/tmp/ndk-toolchain/build-JIHF5j/toolchain-arm-linux-androideabi-4.4.3/temp-install --with-mpfr=/tmp/ndk-toolchain/build-JIHF5j/toolchain-arm-linux-androideabi-4.4.3/temp-install --disable-libssp --enable-threads --disable-nls --disable-libmudflap --disable-libgomp --disable-libstdc__-v3 --disable-sjlj-exceptions --disable-shared --disable-tls --with-float=soft --with-fpu=vfp --with-arch=armv5te --enable-target-optspace --disable-nls --prefix=/tmp/ndk-toolchain/ndk-prebuilt-10973/toolchains/arm-linux-androideabi-4.4.3/prebuilt/linux-x86 --with-sysroot=/tmp/ndk-toolchain/ndk-prebuilt-10973/toolchains/arm-linux-androideabi-4.4.3/prebuilt/linux-x86/sysroot --with-binutils-version=2.19 --with-gcc-version=4.4.3 --with-gdb-version=6.6 --with-gmp-version=4.2.4 --with-mpfr-version=2.4.1 --with-arch=armv5te --enable-libstdc__-v3 --program-transform-name='s&^&arm-linux-androideabi-&'
Thread model: posix
gcc version 4.4.3 (GCC) 
configure:3102: $? = 0
configure:3091: arm-linux-androideabi-gcc -V >&5
arm-linux-androideabi-gcc: '-V' option must have argument
configure:3102: $? = 1
configure:3091: arm-linux-androideabi-gcc -qversion >&5
arm-linux-androideabi-gcc: unrecognized option '-qversion'
arm-linux-androideabi-gcc: no input files
configure:3102: $? = 1
configure:3122: checking whether the C compiler works
configure:3144: arm-linux-androideabi-gcc  	-D__ARM_ARCH_5__ 	-D__ARM_ARCH_5T__ 	-D__ARM_ARCH_5E__ 	-D__ARM_ARCH_5TE__ 	-DANDROID 	  	-I/home/chris/android-9/include 	-I/home/chris/android-9/sysroot/usr/include 	  	-fno-strict-aliasing 	-Os 	  	-fomit-frame-pointer 	  	-Wall 	-Wno-unused 	-Wno-multichar 	  	  	-mthumb 	    	-D__ARM_ARCH_5__ 	-D__ARM_ARCH_5T__ 	-D__ARM_ARCH_5E__ 	-D__ARM_ARCH_5TE__ 	-DANDROID 	  	-I/home/chris/android-9/include 	-I/home/chris/android-9/sysroot/usr/include 	  	-fno-strict-aliasing 	-Os 	  	-fomit-frame-pointer 	  	-Wall 	-Wno-unused 	-Wno-multichar 	  	  	-mthumb 	   	-L/home/chris/android-9/lib 	-L/home/chris/android-9/sysroot/usr/lib 	   	/home/chris/android-9/bin/../lib/gcc/arm-linux-androideabi/4.4.3/thumb/libgcc.a 	/home/chris/android-9/bin/../lib/gcc/arm-linux-androideabi/4.4.3/../../../../arm-linux-androideabi/lib/thumb/libstdc++.a 	/home/chris/android-9/bin/../lib/gcc/arm-linux-androideabi/4.4.3/../../../../arm-linux-androideabi/lib/thumb/libsupc++.a 	  -lc -lm  conftest.c  -lc -lm   	  >&5
configure:3148: $? = 0
configure:3197: result: yes
configure:3200: checking for C compiler default output file name
configure:3202: result: a.out
configure:3208: checking for suffix of executables
configure:3215: arm-linux-androideabi-gcc -o conftest  	-D__ARM_ARCH_5__ 	-D__ARM_ARCH_5T__ 	-D__ARM_ARCH_5E__ 	-D__ARM_ARCH_5TE__ 	-DANDROID 	  	-I/home/chris/android-9/include 	-I/home/chris/android-9/sysroot/usr/include 	  	-fno-strict-aliasing 	-Os 	  	-fomit-frame-pointer 	  	-Wall 	-Wno-unused 	-Wno-multichar 	  	  	-mthumb 	    	-D__ARM_ARCH_5__ 	-D__ARM_ARCH_5T__ 	-D__ARM_ARCH_5E__ 	-D__ARM_ARCH_5TE__ 	-DANDROID 	  	-I/home/chris/android-9/include 	-I/home/chris/android-9/sysroot/usr/include 	  	-fno-strict-aliasing 	-Os 	  	-fomit-frame-pointer 	  	-Wall 	-Wno-unused 	-Wno-multichar 	  	  	-mthumb 	   	-L/home/chris/android-9/lib 	-L/home/chris/android-9/sysroot/usr/lib 	   	/home/chris/android-9/bin/../lib/gcc/arm-linux-androideabi/4.4.3/thumb/libgcc.a 	/home/chris/android-9/bin/../lib/gcc/arm-linux-androideabi/4.4.3/../../../../arm-linux-androideabi/lib/thumb/libstdc++.a 	/home/chris/android-9/bin/../lib/gcc/arm-linux-androideabi/4.4.3/../../../../arm-linux-androideabi/lib/thumb/libsupc++.a 	  -lc -lm  conftest.c  -lc -lm   	  >&5
configure:3219: $? = 0
configure:3241: result: 
configure:3263: checking whether we are cross compiling
configure:3301: result: yes
configure:3306: checking for suffix of object files
configure:3328: arm-linux-androideabi-gcc -c  	-D__ARM_ARCH_5__ 	-D__ARM_ARCH_5T__ 	-D__ARM_ARCH_5E__ 	-D__ARM_ARCH_5TE__ 	-DANDROID 	  	-I/home/chris/android-9/include 	-I/home/chris/android-9/sysroot/usr/include 	  	-fno-strict-aliasing 	-Os 	  	-fomit-frame-pointer 	  	-Wall 	-Wno-unused 	-Wno-multichar 	  	  	-mthumb 	    	-D__ARM_ARCH_5__ 	-D__ARM_ARCH_5T__ 	-D__ARM_ARCH_5E__ 	-D__ARM_ARCH_5TE__ 	-DANDROID 	  	-I/home/chris/android-9/include 	-I/home/chris/android-9/sysroot/usr/include 	  	-fno-strict-aliasing 	-Os 	  	-fomit-frame-pointer 	  	-Wall 	-Wno-unused 	-Wno-multichar 	  	  	-mthumb 	  conftest.c >&5
configure:3332: $? = 0
configure:3353: result: o
configure:3357: checking whether we are using the GNU C compiler
configure:3376: arm-linux-androideabi-gcc -c  	-D__ARM_ARCH_5__ 	-D__ARM_ARCH_5T__ 	-D__ARM_ARCH_5E__ 	-D__ARM_ARCH_5TE__ 	-DANDROID 	  	-I/home/chris/android-9/include 	-I/home/chris/android-9/sysroot/usr/include 	  	-fno-strict-aliasing 	-Os 	  	-fomit-frame-pointer 	  	-Wall 	-Wno-unused 	-Wno-multichar 	  	  	-mthumb 	    	-D__ARM_ARCH_5__ 	-D__ARM_ARCH_5T__ 	-D__ARM_ARCH_5E__ 	-D__ARM_ARCH_5TE__ 	-DANDROID 	  	-I/home/chris/android-9/include 	-I/home/chris/android-9/sysroot/usr/include 	  	-fno-strict-aliasing 	-Os 	  	-fomit-frame-pointer 	  	-Wall 	-Wno-unused 	-Wno-multichar 	  	  	-mthumb 	  conftest.c >&5
configure:3376: $? = 0
configure:3385: result: yes
configure:3394: checking whether arm-linux-androideabi-gcc accepts -g
configure:3414: arm-linux-androideabi-gcc -c -g  	-D__ARM_ARCH_5__ 	-D__ARM_ARCH_5T__ 	-D__ARM_ARCH_5E__ 	-D__ARM_ARCH_5TE__ 	-DANDROID 	  	-I/home/chris/android-9/include 	-I/home/chris/android-9/sysroot/usr/include 	  	-fno-strict-aliasing 	-Os 	  	-fomit-frame-pointer 	  	-Wall 	-Wno-unused 	-Wno-multichar 	  	  	-mthumb 	  conftest.c >&5
configure:3414: $? = 0
configure:3455: result: yes
configure:3472: checking for arm-linux-androideabi-gcc option to accept ISO C89
configure:3536: arm-linux-androideabi-gcc  -c  	-D__ARM_ARCH_5__ 	-D__ARM_ARCH_5T__ 	-D__ARM_ARCH_5E__ 	-D__ARM_ARCH_5TE__ 	-DANDROID 	  	-I/home/chris/android-9/include 	-I/home/chris/android-9/sysroot/usr/include 	  	-fno-strict-aliasing 	-Os 	  	-fomit-frame-pointer 	  	-Wall 	-Wno-unused 	-Wno-multichar 	  	  	-mthumb 	    	-D__ARM_ARCH_5__ 	-D__ARM_ARCH_5T__ 	-D__ARM_ARCH_5E__ 	-D__ARM_ARCH_5TE__ 	-DANDROID 	  	-I/home/chris/android-9/include 	-I/home/chris/android-9/sysroot/usr/include 	  	-fno-strict-aliasing 	-Os 	  	-fomit-frame-pointer 	  	-Wall 	-Wno-unused 	-Wno-multichar 	  	  	-mthumb 	  conftest.c >&5
configure:3536: $? = 0
configure:3549: result: none needed
configure:3580: checking for style of include used by make
configure:3608: result: GNU
configure:3633: checking dependency style of arm-linux-androideabi-gcc
configure:3743: result: gcc3
configure:3762: checking build system type
configure:3776: result: i686-pc-linux-gnu
configure:3796: checking host system type
configure:3809: result: arm-unknown-linux-androideabi
configure:3829: checking for a sed that does not truncate output
configure:3893: result: /bin/sed
configure:3911: checking for grep that handles long lines and -e
configure:3969: result: /bin/grep
configure:3974: checking for egrep
configure:4036: result: /bin/grep -E
configure:4041: checking for fgrep
configure:4103: result: /bin/grep -F
configure:4130: checking how to print strings
configure:4157: result: printf
configure:4190: checking for ld used by arm-linux-androideabi-gcc
configure:4257: result: arm-linux-androideabi-ld
configure:4264: checking if the linker (arm-linux-androideabi-ld) is GNU ld
configure:4279: result: yes
configure:4296: checking how to run the C preprocessor
configure:4327: arm-linux-androideabi-gcc -E  	-D__ARM_ARCH_5__ 	-D__ARM_ARCH_5T__ 	-D__ARM_ARCH_5E__ 	-D__ARM_ARCH_5TE__ 	-DANDROID 	  	-I/home/chris/android-9/include 	-I/home/chris/android-9/sysroot/usr/include 	  	-fno-strict-aliasing 	-Os 	  	-fomit-frame-pointer 	  	-Wall 	-Wno-unused 	-Wno-multichar 	  	  	-mthumb 	  conftest.c
configure:4327: $? = 0
configure:4341: arm-linux-androideabi-gcc -E  	-D__ARM_ARCH_5__ 	-D__ARM_ARCH_5T__ 	-D__ARM_ARCH_5E__ 	-D__ARM_ARCH_5TE__ 	-DANDROID 	  	-I/home/chris/android-9/include 	-I/home/chris/android-9/sysroot/usr/include 	  	-fno-strict-aliasing 	-Os 	  	-fomit-frame-pointer 	  	-Wall 	-Wno-unused 	-Wno-multichar 	  	  	-mthumb 	  conftest.c
conftest.c:11:28: error: ac_nonexistent.h: No such file or directory
configure:4341: $? = 1
configure: failed program was:
| /* confdefs.h */
| #define PACKAGE_NAME "libpng"
| #define PACKAGE_TARNAME "libpng"
| #define PACKAGE_VERSION "1.4.4"
| #define PACKAGE_STRING "libpng 1.4.4"
| #define PACKAGE_BUGREPORT "png-mng-implement@lists.sourceforge.net"
| #define PACKAGE_URL ""
| #define PACKAGE "libpng"
| #define VERSION "1.4.4"
| /* end confdefs.h.  */
| #include <ac_nonexistent.h>
configure:4366: result: arm-linux-androideabi-gcc -E
configure:4386: arm-linux-androideabi-gcc -E  	-D__ARM_ARCH_5__ 	-D__ARM_ARCH_5T__ 	-D__ARM_ARCH_5E__ 	-D__ARM_ARCH_5TE__ 	-DANDROID 	  	-I/home/chris/android-9/include 	-I/home/chris/android-9/sysroot/usr/include 	  	-fno-strict-aliasing 	-Os 	  	-fomit-frame-pointer 	  	-Wall 	-Wno-unused 	-Wno-multichar 	  	  	-mthumb 	  conftest.c
configure:4386: $? = 0
configure:4400: arm-linux-androideabi-gcc -E  	-D__ARM_ARCH_5__ 	-D__ARM_ARCH_5T__ 	-D__ARM_ARCH_5E__ 	-D__ARM_ARCH_5TE__ 	-DANDROID 	  	-I/home/chris/android-9/include 	-I/home/chris/android-9/sysroot/usr/include 	  	-fno-strict-aliasing 	-Os 	  	-fomit-frame-pointer 	  	-Wall 	-Wno-unused 	-Wno-multichar 	  	  	-mthumb 	  conftest.c
conftest.c:11:28: error: ac_nonexistent.h: No such file or directory
configure:4400: $? = 1
configure: failed program was:
| /* confdefs.h */
| #define PACKAGE_NAME "libpng"
| #define PACKAGE_TARNAME "libpng"
| #define PACKAGE_VERSION "1.4.4"
| #define PACKAGE_STRING "libpng 1.4.4"
| #define PACKAGE_BUGREPORT "png-mng-implement@lists.sourceforge.net"
| #define PACKAGE_URL ""
| #define PACKAGE "libpng"
| #define VERSION "1.4.4"
| /* end confdefs.h.  */
| #include <ac_nonexistent.h>
configure:4431: checking for arm-linux-androideabi-sed
configure:4458: result: /bin/sed
configure:4521: checking whether ln -s works
configure:4525: result: yes
configure:4532: checking whether make sets $(MAKE)
configure:4554: result: yes
configure:4605: checking for BSD- or MS-compatible name lister (nm)
configure:4654: result: arm-linux-androideabi-nm
configure:4784: checking the name lister (arm-linux-androideabi-nm) interface
configure:4791: arm-linux-androideabi-gcc -c  	-D__ARM_ARCH_5__ 	-D__ARM_ARCH_5T__ 	-D__ARM_ARCH_5E__ 	-D__ARM_ARCH_5TE__ 	-DANDROID 	  	-I/home/chris/android-9/include 	-I/home/chris/android-9/sysroot/usr/include 	  	-fno-strict-aliasing 	-Os 	  	-fomit-frame-pointer 	  	-Wall 	-Wno-unused 	-Wno-multichar 	  	  	-mthumb 	    	-D__ARM_ARCH_5__ 	-D__ARM_ARCH_5T__ 	-D__ARM_ARCH_5E__ 	-D__ARM_ARCH_5TE__ 	-DANDROID 	  	-I/home/chris/android-9/include 	-I/home/chris/android-9/sysroot/usr/include 	  	-fno-strict-aliasing 	-Os 	  	-fomit-frame-pointer 	  	-Wall 	-Wno-unused 	-Wno-multichar 	  	  	-mthumb 	  conftest.c >&5
configure:4794: arm-linux-androideabi-nm "conftest.o"
configure:4797: output
00000000 B some_variable
configure:4804: result: BSD nm
configure:4808: checking the maximum length of command line arguments
configure:4933: result: 1572864
configure:4950: checking whether the shell understands some XSI constructs
configure:4960: result: yes
configure:4964: checking whether the shell understands "+="
configure:4970: result: yes
configure:5005: checking for arm-linux-androideabi-ld option to reload object files
configure:5012: result: -r
configure:5041: checking for arm-linux-androideabi-objdump
configure:5057: found /home/chris/android-9/bin/arm-linux-androideabi-objdump
configure:5068: result: arm-linux-androideabi-objdump
configure:5137: checking how to recognize dependent libraries
configure:5339: result: pass_all
configure:5359: checking for arm-linux-androideabi-ar
configure:5386: result: arm-linux-androideabi-ar
configure:5464: checking for arm-linux-androideabi-strip
configure:5491: result: arm-linux-androideabi-strip
configure:5563: checking for arm-linux-androideabi-ranlib
configure:5590: result: arm-linux-androideabi-ranlib
configure:5732: checking command to parse arm-linux-androideabi-nm output from arm-linux-androideabi-gcc object
configure:5850: arm-linux-androideabi-gcc -c  	-D__ARM_ARCH_5__ 	-D__ARM_ARCH_5T__ 	-D__ARM_ARCH_5E__ 	-D__ARM_ARCH_5TE__ 	-DANDROID 	  	-I/home/chris/android-9/include 	-I/home/chris/android-9/sysroot/usr/include 	  	-fno-strict-aliasing 	-Os 	  	-fomit-frame-pointer 	  	-Wall 	-Wno-unused 	-Wno-multichar 	  	  	-mthumb 	    	-D__ARM_ARCH_5__ 	-D__ARM_ARCH_5T__ 	-D__ARM_ARCH_5E__ 	-D__ARM_ARCH_5TE__ 	-DANDROID 	  	-I/home/chris/android-9/include 	-I/home/chris/android-9/sysroot/usr/include 	  	-fno-strict-aliasing 	-Os 	  	-fomit-frame-pointer 	  	-Wall 	-Wno-unused 	-Wno-multichar 	  	  	-mthumb 	  conftest.c >&5
configure:5853: $? = 0
configure:5857: arm-linux-androideabi-nm conftest.o \| sed -n -e 's/^.*[ ]\([ABCDGIRSTW][ABCDGIRSTW]*\)[ ][ ]*\([_A-Za-z][_A-Za-z0-9]*\)$/\1 \2 \2/p' \> conftest.nm
configure:5860: $? = 0
configure:5914: arm-linux-androideabi-gcc -o conftest  	-D__ARM_ARCH_5__ 	-D__ARM_ARCH_5T__ 	-D__ARM_ARCH_5E__ 	-D__ARM_ARCH_5TE__ 	-DANDROID 	  	-I/home/chris/android-9/include 	-I/home/chris/android-9/sysroot/usr/include 	  	-fno-strict-aliasing 	-Os 	  	-fomit-frame-pointer 	  	-Wall 	-Wno-unused 	-Wno-multichar 	  	  	-mthumb 	    	-D__ARM_ARCH_5__ 	-D__ARM_ARCH_5T__ 	-D__ARM_ARCH_5E__ 	-D__ARM_ARCH_5TE__ 	-DANDROID 	  	-I/home/chris/android-9/include 	-I/home/chris/android-9/sysroot/usr/include 	  	-fno-strict-aliasing 	-Os 	  	-fomit-frame-pointer 	  	-Wall 	-Wno-unused 	-Wno-multichar 	  	  	-mthumb 	   	-L/home/chris/android-9/lib 	-L/home/chris/android-9/sysroot/usr/lib 	   	/home/chris/android-9/bin/../lib/gcc/arm-linux-androideabi/4.4.3/thumb/libgcc.a 	/home/chris/android-9/bin/../lib/gcc/arm-linux-androideabi/4.4.3/../../../../arm-linux-androideabi/lib/thumb/libstdc++.a 	/home/chris/android-9/bin/../lib/gcc/arm-linux-androideabi/4.4.3/../../../../arm-linux-androideabi/lib/thumb/libsupc++.a 	  -lc -lm  conftest.c conftstm.o >&5
configure:5917: $? = 0
configure:5955: result: ok
configure:6792: checking for ANSI C header files
configure:6812: arm-linux-androideabi-gcc -c  	-D__ARM_ARCH_5__ 	-D__ARM_ARCH_5T__ 	-D__ARM_ARCH_5E__ 	-D__ARM_ARCH_5TE__ 	-DANDROID 	  	-I/home/chris/android-9/include 	-I/home/chris/android-9/sysroot/usr/include 	  	-fno-strict-aliasing 	-Os 	  	-fomit-frame-pointer 	  	-Wall 	-Wno-unused 	-Wno-multichar 	  	  	-mthumb 	    	-D__ARM_ARCH_5__ 	-D__ARM_ARCH_5T__ 	-D__ARM_ARCH_5E__ 	-D__ARM_ARCH_5TE__ 	-DANDROID 	  	-I/home/chris/android-9/include 	-I/home/chris/android-9/sysroot/usr/include 	  	-fno-strict-aliasing 	-Os 	  	-fomit-frame-pointer 	  	-Wall 	-Wno-unused 	-Wno-multichar 	  	  	-mthumb 	  conftest.c >&5
configure:6812: $? = 0
configure:6896: result: yes
configure:6909: checking for sys/types.h
configure:6909: arm-linux-androideabi-gcc -c  	-D__ARM_ARCH_5__ 	-D__ARM_ARCH_5T__ 	-D__ARM_ARCH_5E__ 	-D__ARM_ARCH_5TE__ 	-DANDROID 	  	-I/home/chris/android-9/include 	-I/home/chris/android-9/sysroot/usr/include 	  	-fno-strict-aliasing 	-Os 	  	-fomit-frame-pointer 	  	-Wall 	-Wno-unused 	-Wno-multichar 	  	  	-mthumb 	    	-D__ARM_ARCH_5__ 	-D__ARM_ARCH_5T__ 	-D__ARM_ARCH_5E__ 	-D__ARM_ARCH_5TE__ 	-DANDROID 	  	-I/home/chris/android-9/include 	-I/home/chris/android-9/sysroot/usr/include 	  	-fno-strict-aliasing 	-Os 	  	-fomit-frame-pointer 	  	-Wall 	-Wno-unused 	-Wno-multichar 	  	  	-mthumb 	  conftest.c >&5
configure:6909: $? = 0
configure:6909: result: yes
configure:6909: checking for sys/stat.h
configure:6909: arm-linux-androideabi-gcc -c  	-D__ARM_ARCH_5__ 	-D__ARM_ARCH_5T__ 	-D__ARM_ARCH_5E__ 	-D__ARM_ARCH_5TE__ 	-DANDROID 	  	-I/home/chris/android-9/include 	-I/home/chris/android-9/sysroot/usr/include 	  	-fno-strict-aliasing 	-Os 	  	-fomit-frame-pointer 	  	-Wall 	-Wno-unused 	-Wno-multichar 	  	  	-mthumb 	    	-D__ARM_ARCH_5__ 	-D__ARM_ARCH_5T__ 	-D__ARM_ARCH_5E__ 	-D__ARM_ARCH_5TE__ 	-DANDROID 	  	-I/home/chris/android-9/include 	-I/home/chris/android-9/sysroot/usr/include 	  	-fno-strict-aliasing 	-Os 	  	-fomit-frame-pointer 	  	-Wall 	-Wno-unused 	-Wno-multichar 	  	  	-mthumb 	  conftest.c >&5
configure:6909: $? = 0
configure:6909: result: yes
configure:6909: checking for stdlib.h
configure:6909: arm-linux-androideabi-gcc -c  	-D__ARM_ARCH_5__ 	-D__ARM_ARCH_5T__ 	-D__ARM_ARCH_5E__ 	-D__ARM_ARCH_5TE__ 	-DANDROID 	  	-I/home/chris/android-9/include 	-I/home/chris/android-9/sysroot/usr/include 	  	-fno-strict-aliasing 	-Os 	  	-fomit-frame-pointer 	  	-Wall 	-Wno-unused 	-Wno-multichar 	  	  	-mthumb 	    	-D__ARM_ARCH_5__ 	-D__ARM_ARCH_5T__ 	-D__ARM_ARCH_5E__ 	-D__ARM_ARCH_5TE__ 	-DANDROID 	  	-I/home/chris/android-9/include 	-I/home/chris/android-9/sysroot/usr/include 	  	-fno-strict-aliasing 	-Os 	  	-fomit-frame-pointer 	  	-Wall 	-Wno-unused 	-Wno-multichar 	  	  	-mthumb 	  conftest.c >&5
configure:6909: $? = 0
configure:6909: result: yes
configure:6909: checking for string.h
configure:6909: arm-linux-androideabi-gcc -c  	-D__ARM_ARCH_5__ 	-D__ARM_ARCH_5T__ 	-D__ARM_ARCH_5E__ 	-D__ARM_ARCH_5TE__ 	-DANDROID 	  	-I/home/chris/android-9/include 	-I/home/chris/android-9/sysroot/usr/include 	  	-fno-strict-aliasing 	-Os 	  	-fomit-frame-pointer 	  	-Wall 	-Wno-unused 	-Wno-multichar 	  	  	-mthumb 	    	-D__ARM_ARCH_5__ 	-D__ARM_ARCH_5T__ 	-D__ARM_ARCH_5E__ 	-D__ARM_ARCH_5TE__ 	-DANDROID 	  	-I/home/chris/android-9/include 	-I/home/chris/android-9/sysroot/usr/include 	  	-fno-strict-aliasing 	-Os 	  	-fomit-frame-pointer 	  	-Wall 	-Wno-unused 	-Wno-multichar 	  	  	-mthumb 	  conftest.c >&5
configure:6909: $? = 0
configure:6909: result: yes
configure:6909: checking for memory.h
configure:6909: arm-linux-androideabi-gcc -c  	-D__ARM_ARCH_5__ 	-D__ARM_ARCH_5T__ 	-D__ARM_ARCH_5E__ 	-D__ARM_ARCH_5TE__ 	-DANDROID 	  	-I/home/chris/android-9/include 	-I/home/chris/android-9/sysroot/usr/include 	  	-fno-strict-aliasing 	-Os 	  	-fomit-frame-pointer 	  	-Wall 	-Wno-unused 	-Wno-multichar 	  	  	-mthumb 	    	-D__ARM_ARCH_5__ 	-D__ARM_ARCH_5T__ 	-D__ARM_ARCH_5E__ 	-D__ARM_ARCH_5TE__ 	-DANDROID 	  	-I/home/chris/android-9/include 	-I/home/chris/android-9/sysroot/usr/include 	  	-fno-strict-aliasing 	-Os 	  	-fomit-frame-pointer 	  	-Wall 	-Wno-unused 	-Wno-multichar 	  	  	-mthumb 	  conftest.c >&5
configure:6909: $? = 0
configure:6909: result: yes
configure:6909: checking for strings.h
configure:6909: arm-linux-androideabi-gcc -c  	-D__ARM_ARCH_5__ 	-D__ARM_ARCH_5T__ 	-D__ARM_ARCH_5E__ 	-D__ARM_ARCH_5TE__ 	-DANDROID 	  	-I/home/chris/android-9/include 	-I/home/chris/android-9/sysroot/usr/include 	  	-fno-strict-aliasing 	-Os 	  	-fomit-frame-pointer 	  	-Wall 	-Wno-unused 	-Wno-multichar 	  	  	-mthumb 	    	-D__ARM_ARCH_5__ 	-D__ARM_ARCH_5T__ 	-D__ARM_ARCH_5E__ 	-D__ARM_ARCH_5TE__ 	-DANDROID 	  	-I/home/chris/android-9/include 	-I/home/chris/android-9/sysroot/usr/include 	  	-fno-strict-aliasing 	-Os 	  	-fomit-frame-pointer 	  	-Wall 	-Wno-unused 	-Wno-multichar 	  	  	-mthumb 	  conftest.c >&5
configure:6909: $? = 0
configure:6909: result: yes
configure:6909: checking for inttypes.h
configure:6909: arm-linux-androideabi-gcc -c  	-D__ARM_ARCH_5__ 	-D__ARM_ARCH_5T__ 	-D__ARM_ARCH_5E__ 	-D__ARM_ARCH_5TE__ 	-DANDROID 	  	-I/home/chris/android-9/include 	-I/home/chris/android-9/sysroot/usr/include 	  	-fno-strict-aliasing 	-Os 	  	-fomit-frame-pointer 	  	-Wall 	-Wno-unused 	-Wno-multichar 	  	  	-mthumb 	    	-D__ARM_ARCH_5__ 	-D__ARM_ARCH_5T__ 	-D__ARM_ARCH_5E__ 	-D__ARM_ARCH_5TE__ 	-DANDROID 	  	-I/home/chris/android-9/include 	-I/home/chris/android-9/sysroot/usr/include 	  	-fno-strict-aliasing 	-Os 	  	-fomit-frame-pointer 	  	-Wall 	-Wno-unused 	-Wno-multichar 	  	  	-mthumb 	  conftest.c >&5
configure:6909: $? = 0
configure:6909: result: yes
configure:6909: checking for stdint.h
configure:6909: arm-linux-androideabi-gcc -c  	-D__ARM_ARCH_5__ 	-D__ARM_ARCH_5T__ 	-D__ARM_ARCH_5E__ 	-D__ARM_ARCH_5TE__ 	-DANDROID 	  	-I/home/chris/android-9/include 	-I/home/chris/android-9/sysroot/usr/include 	  	-fno-strict-aliasing 	-Os 	  	-fomit-frame-pointer 	  	-Wall 	-Wno-unused 	-Wno-multichar 	  	  	-mthumb 	    	-D__ARM_ARCH_5__ 	-D__ARM_ARCH_5T__ 	-D__ARM_ARCH_5E__ 	-D__ARM_ARCH_5TE__ 	-DANDROID 	  	-I/home/chris/android-9/include 	-I/home/chris/android-9/sysroot/usr/include 	  	-fno-strict-aliasing 	-Os 	  	-fomit-frame-pointer 	  	-Wall 	-Wno-unused 	-Wno-multichar 	  	  	-mthumb 	  conftest.c >&5
configure:6909: $? = 0
configure:6909: result: yes
configure:6909: checking for unistd.h
configure:6909: arm-linux-androideabi-gcc -c  	-D__ARM_ARCH_5__ 	-D__ARM_ARCH_5T__ 	-D__ARM_ARCH_5E__ 	-D__ARM_ARCH_5TE__ 	-DANDROID 	  	-I/home/chris/android-9/include 	-I/home/chris/android-9/sysroot/usr/include 	  	-fno-strict-aliasing 	-Os 	  	-fomit-frame-pointer 	  	-Wall 	-Wno-unused 	-Wno-multichar 	  	  	-mthumb 	    	-D__ARM_ARCH_5__ 	-D__ARM_ARCH_5T__ 	-D__ARM_ARCH_5E__ 	-D__ARM_ARCH_5TE__ 	-DANDROID 	  	-I/home/chris/android-9/include 	-I/home/chris/android-9/sysroot/usr/include 	  	-fno-strict-aliasing 	-Os 	  	-fomit-frame-pointer 	  	-Wall 	-Wno-unused 	-Wno-multichar 	  	  	-mthumb 	  conftest.c >&5
configure:6909: $? = 0
configure:6909: result: yes
configure:6924: checking for dlfcn.h
configure:6924: arm-linux-androideabi-gcc -c  	-D__ARM_ARCH_5__ 	-D__ARM_ARCH_5T__ 	-D__ARM_ARCH_5E__ 	-D__ARM_ARCH_5TE__ 	-DANDROID 	  	-I/home/chris/android-9/include 	-I/home/chris/android-9/sysroot/usr/include 	  	-fno-strict-aliasing 	-Os 	  	-fomit-frame-pointer 	  	-Wall 	-Wno-unused 	-Wno-multichar 	  	  	-mthumb 	    	-D__ARM_ARCH_5__ 	-D__ARM_ARCH_5T__ 	-D__ARM_ARCH_5E__ 	-D__ARM_ARCH_5TE__ 	-DANDROID 	  	-I/home/chris/android-9/include 	-I/home/chris/android-9/sysroot/usr/include 	  	-fno-strict-aliasing 	-Os 	  	-fomit-frame-pointer 	  	-Wall 	-Wno-unused 	-Wno-multichar 	  	  	-mthumb 	  conftest.c >&5
configure:6924: $? = 0
configure:6924: result: yes
configure:7409: checking for objdir
configure:7424: result: .libs
configure:7691: checking if arm-linux-androideabi-gcc supports -fno-rtti -fno-exceptions
configure:7709: arm-linux-androideabi-gcc -c  	-D__ARM_ARCH_5__ 	-D__ARM_ARCH_5T__ 	-D__ARM_ARCH_5E__ 	-D__ARM_ARCH_5TE__ 	-DANDROID 	  	-I/home/chris/android-9/include 	-I/home/chris/android-9/sysroot/usr/include 	  	-fno-strict-aliasing 	-Os 	  	-fomit-frame-pointer 	  	-Wall 	-Wno-unused 	-Wno-multichar 	  	  	-mthumb 	    	-D__ARM_ARCH_5__ 	-D__ARM_ARCH_5T__ 	-D__ARM_ARCH_5E__ 	-D__ARM_ARCH_5TE__ 	-DANDROID 	  	-I/home/chris/android-9/include 	-I/home/chris/android-9/sysroot/usr/include 	  	-fno-strict-aliasing 	-Os 	  	-fomit-frame-pointer 	  	-Wall 	-Wno-unused 	-Wno-multichar 	  	  	-mthumb 	  -fno-rtti -fno-exceptions conftest.c >&5
cc1: warning: command line option "-fno-rtti" is valid for C++/ObjC++ but not for C
configure:7713: $? = 0
configure:7726: result: no
configure:7746: checking for arm-linux-androideabi-gcc option to produce PIC
configure:8031: result: -fPIC -DPIC
configure:8043: checking if arm-linux-androideabi-gcc PIC flag -fPIC -DPIC works
configure:8061: arm-linux-androideabi-gcc -c  	-D__ARM_ARCH_5__ 	-D__ARM_ARCH_5T__ 	-D__ARM_ARCH_5E__ 	-D__ARM_ARCH_5TE__ 	-DANDROID 	  	-I/home/chris/android-9/include 	-I/home/chris/android-9/sysroot/usr/include 	  	-fno-strict-aliasing 	-Os 	  	-fomit-frame-pointer 	  	-Wall 	-Wno-unused 	-Wno-multichar 	  	  	-mthumb 	    	-D__ARM_ARCH_5__ 	-D__ARM_ARCH_5T__ 	-D__ARM_ARCH_5E__ 	-D__ARM_ARCH_5TE__ 	-DANDROID 	  	-I/home/chris/android-9/include 	-I/home/chris/android-9/sysroot/usr/include 	  	-fno-strict-aliasing 	-Os 	  	-fomit-frame-pointer 	  	-Wall 	-Wno-unused 	-Wno-multichar 	  	  	-mthumb 	  -fPIC -DPIC -DPIC conftest.c >&5
configure:8065: $? = 0
configure:8078: result: yes
configure:8102: checking if arm-linux-androideabi-gcc static flag -static works
configure:8130: result: yes
configure:8145: checking if arm-linux-androideabi-gcc supports -c -o file.o
configure:8166: arm-linux-androideabi-gcc -c  	-D__ARM_ARCH_5__ 	-D__ARM_ARCH_5T__ 	-D__ARM_ARCH_5E__ 	-D__ARM_ARCH_5TE__ 	-DANDROID 	  	-I/home/chris/android-9/include 	-I/home/chris/android-9/sysroot/usr/include 	  	-fno-strict-aliasing 	-Os 	  	-fomit-frame-pointer 	  	-Wall 	-Wno-unused 	-Wno-multichar 	  	  	-mthumb 	    	-D__ARM_ARCH_5__ 	-D__ARM_ARCH_5T__ 	-D__ARM_ARCH_5E__ 	-D__ARM_ARCH_5TE__ 	-DANDROID 	  	-I/home/chris/android-9/include 	-I/home/chris/android-9/sysroot/usr/include 	  	-fno-strict-aliasing 	-Os 	  	-fomit-frame-pointer 	  	-Wall 	-Wno-unused 	-Wno-multichar 	  	  	-mthumb 	  -o out/conftest2.o conftest.c >&5
configure:8170: $? = 0
configure:8192: result: yes
configure:8200: checking if arm-linux-androideabi-gcc supports -c -o file.o
configure:8247: result: yes
configure:8280: checking whether the arm-linux-androideabi-gcc linker (arm-linux-androideabi-ld) supports shared libraries
configure:9355: result: yes
configure:9392: checking whether -lc should be explicitly linked in
configure:9400: arm-linux-androideabi-gcc -c  	-D__ARM_ARCH_5__ 	-D__ARM_ARCH_5T__ 	-D__ARM_ARCH_5E__ 	-D__ARM_ARCH_5TE__ 	-DANDROID 	  	-I/home/chris/android-9/include 	-I/home/chris/android-9/sysroot/usr/include 	  	-fno-strict-aliasing 	-Os 	  	-fomit-frame-pointer 	  	-Wall 	-Wno-unused 	-Wno-multichar 	  	  	-mthumb 	    	-D__ARM_ARCH_5__ 	-D__ARM_ARCH_5T__ 	-D__ARM_ARCH_5E__ 	-D__ARM_ARCH_5TE__ 	-DANDROID 	  	-I/home/chris/android-9/include 	-I/home/chris/android-9/sysroot/usr/include 	  	-fno-strict-aliasing 	-Os 	  	-fomit-frame-pointer 	  	-Wall 	-Wno-unused 	-Wno-multichar 	  	  	-mthumb 	  conftest.c >&5
configure:9403: $? = 0
configure:9418: arm-linux-androideabi-gcc -shared conftest.o  -v -Wl,-soname -Wl,conftest -o conftest 2\>\&1 \| /bin/grep  -lc  \>/dev/null 2\>\&1
configure:9421: $? = 0
configure:9435: result: no
configure:9600: checking dynamic linker characteristics
configure:10055: arm-linux-androideabi-gcc -o conftest  	-D__ARM_ARCH_5__ 	-D__ARM_ARCH_5T__ 	-D__ARM_ARCH_5E__ 	-D__ARM_ARCH_5TE__ 	-DANDROID 	  	-I/home/chris/android-9/include 	-I/home/chris/android-9/sysroot/usr/include 	  	-fno-strict-aliasing 	-Os 	  	-fomit-frame-pointer 	  	-Wall 	-Wno-unused 	-Wno-multichar 	  	  	-mthumb 	    	-D__ARM_ARCH_5__ 	-D__ARM_ARCH_5T__ 	-D__ARM_ARCH_5E__ 	-D__ARM_ARCH_5TE__ 	-DANDROID 	  	-I/home/chris/android-9/include 	-I/home/chris/android-9/sysroot/usr/include 	  	-fno-strict-aliasing 	-Os 	  	-fomit-frame-pointer 	  	-Wall 	-Wno-unused 	-Wno-multichar 	  	  	-mthumb 	   	-L/home/chris/android-9/lib 	-L/home/chris/android-9/sysroot/usr/lib 	   	/home/chris/android-9/bin/../lib/gcc/arm-linux-androideabi/4.4.3/thumb/libgcc.a 	/home/chris/android-9/bin/../lib/gcc/arm-linux-androideabi/4.4.3/../../../../arm-linux-androideabi/lib/thumb/libstdc++.a 	/home/chris/android-9/bin/../lib/gcc/arm-linux-androideabi/4.4.3/../../../../arm-linux-androideabi/lib/thumb/libsupc++.a 	  -lc -lm  -Wl,-rpath -Wl,/foo conftest.c  -lc -lm   	  >&5
configure:10055: $? = 0
configure:10278: result: /system/bin/linker
configure:10392: checking how to hardcode library paths into programs
configure:10417: result: immediate
configure:10957: checking whether stripping libraries is possible
configure:10962: result: yes
configure:10997: checking if libtool supports shared libraries
configure:10999: result: yes
configure:11002: checking whether to build shared libraries
configure:11023: result: yes
configure:11026: checking whether to build static libraries
configure:11030: result: yes
configure:11067: checking for ANSI C header files
configure:11171: result: yes
configure:11182: checking malloc.h usability
configure:11182: arm-linux-androideabi-gcc -c  	-D__ARM_ARCH_5__ 	-D__ARM_ARCH_5T__ 	-D__ARM_ARCH_5E__ 	-D__ARM_ARCH_5TE__ 	-DANDROID 	  	-I/home/chris/android-9/include 	-I/home/chris/android-9/sysroot/usr/include 	  	-fno-strict-aliasing 	-Os 	  	-fomit-frame-pointer 	  	-Wall 	-Wno-unused 	-Wno-multichar 	  	  	-mthumb 	    	-D__ARM_ARCH_5__ 	-D__ARM_ARCH_5T__ 	-D__ARM_ARCH_5E__ 	-D__ARM_ARCH_5TE__ 	-DANDROID 	  	-I/home/chris/android-9/include 	-I/home/chris/android-9/sysroot/usr/include 	  	-fno-strict-aliasing 	-Os 	  	-fomit-frame-pointer 	  	-Wall 	-Wno-unused 	-Wno-multichar 	  	  	-mthumb 	  conftest.c >&5
configure:11182: $? = 0
configure:11182: result: yes
configure:11182: checking malloc.h presence
configure:11182: arm-linux-androideabi-gcc -E  	-D__ARM_ARCH_5__ 	-D__ARM_ARCH_5T__ 	-D__ARM_ARCH_5E__ 	-D__ARM_ARCH_5TE__ 	-DANDROID 	  	-I/home/chris/android-9/include 	-I/home/chris/android-9/sysroot/usr/include 	  	-fno-strict-aliasing 	-Os 	  	-fomit-frame-pointer 	  	-Wall 	-Wno-unused 	-Wno-multichar 	  	  	-mthumb 	  conftest.c
configure:11182: $? = 0
configure:11182: result: yes
configure:11182: checking for malloc.h
configure:11182: result: yes
configure:11182: checking for stdlib.h
configure:11182: result: yes
configure:11182: checking for string.h
configure:11182: result: yes
configure:11182: checking for strings.h
configure:11182: result: yes
configure:11195: checking for an ANSI C-conforming const
configure:11260: arm-linux-androideabi-gcc -c  	-D__ARM_ARCH_5__ 	-D__ARM_ARCH_5T__ 	-D__ARM_ARCH_5E__ 	-D__ARM_ARCH_5TE__ 	-DANDROID 	  	-I/home/chris/android-9/include 	-I/home/chris/android-9/sysroot/usr/include 	  	-fno-strict-aliasing 	-Os 	  	-fomit-frame-pointer 	  	-Wall 	-Wno-unused 	-Wno-multichar 	  	  	-mthumb 	    	-D__ARM_ARCH_5__ 	-D__ARM_ARCH_5T__ 	-D__ARM_ARCH_5E__ 	-D__ARM_ARCH_5TE__ 	-DANDROID 	  	-I/home/chris/android-9/include 	-I/home/chris/android-9/sysroot/usr/include 	  	-fno-strict-aliasing 	-Os 	  	-fomit-frame-pointer 	  	-Wall 	-Wno-unused 	-Wno-multichar 	  	  	-mthumb 	  conftest.c >&5
conftest.c: In function 'main':
conftest.c:57: warning: 't' is used uninitialized in this function
conftest.c:73: warning: 'b' is used uninitialized in this function
conftest.c:79: warning: 'cs[0]' is used uninitialized in this function
configure:11260: $? = 0
configure:11267: result: yes
configure:11275: checking for size_t
configure:11275: arm-linux-androideabi-gcc -c  	-D__ARM_ARCH_5__ 	-D__ARM_ARCH_5T__ 	-D__ARM_ARCH_5E__ 	-D__ARM_ARCH_5TE__ 	-DANDROID 	  	-I/home/chris/android-9/include 	-I/home/chris/android-9/sysroot/usr/include 	  	-fno-strict-aliasing 	-Os 	  	-fomit-frame-pointer 	  	-Wall 	-Wno-unused 	-Wno-multichar 	  	  	-mthumb 	    	-D__ARM_ARCH_5__ 	-D__ARM_ARCH_5T__ 	-D__ARM_ARCH_5E__ 	-D__ARM_ARCH_5TE__ 	-DANDROID 	  	-I/home/chris/android-9/include 	-I/home/chris/android-9/sysroot/usr/include 	  	-fno-strict-aliasing 	-Os 	  	-fomit-frame-pointer 	  	-Wall 	-Wno-unused 	-Wno-multichar 	  	  	-mthumb 	  conftest.c >&5
configure:11275: $? = 0
configure:11275: arm-linux-androideabi-gcc -c  	-D__ARM_ARCH_5__ 	-D__ARM_ARCH_5T__ 	-D__ARM_ARCH_5E__ 	-D__ARM_ARCH_5TE__ 	-DANDROID 	  	-I/home/chris/android-9/include 	-I/home/chris/android-9/sysroot/usr/include 	  	-fno-strict-aliasing 	-Os 	  	-fomit-frame-pointer 	  	-Wall 	-Wno-unused 	-Wno-multichar 	  	  	-mthumb 	    	-D__ARM_ARCH_5__ 	-D__ARM_ARCH_5T__ 	-D__ARM_ARCH_5E__ 	-D__ARM_ARCH_5TE__ 	-DANDROID 	  	-I/home/chris/android-9/include 	-I/home/chris/android-9/sysroot/usr/include 	  	-fno-strict-aliasing 	-Os 	  	-fomit-frame-pointer 	  	-Wall 	-Wno-unused 	-Wno-multichar 	  	  	-mthumb 	  conftest.c >&5
conftest.c: In function 'main':
conftest.c:64: error: expected expression before ')' token
configure:11275: $? = 1
configure: failed program was:
| /* confdefs.h */
| #define PACKAGE_NAME "libpng"
| #define PACKAGE_TARNAME "libpng"
| #define PACKAGE_VERSION "1.4.4"
| #define PACKAGE_STRING "libpng 1.4.4"
| #define PACKAGE_BUGREPORT "png-mng-implement@lists.sourceforge.net"
| #define PACKAGE_URL ""
| #define PACKAGE "libpng"
| #define VERSION "1.4.4"
| #define STDC_HEADERS 1
| #define HAVE_SYS_TYPES_H 1
| #define HAVE_SYS_STAT_H 1
| #define HAVE_STDLIB_H 1
| #define HAVE_STRING_H 1
| #define HAVE_MEMORY_H 1
| #define HAVE_STRINGS_H 1
| #define HAVE_INTTYPES_H 1
| #define HAVE_STDINT_H 1
| #define HAVE_UNISTD_H 1
| #define HAVE_DLFCN_H 1
| #define LT_OBJDIR ".libs/"
| #define STDC_HEADERS 1
| #define HAVE_MALLOC_H 1
| #define HAVE_STDLIB_H 1
| #define HAVE_STRING_H 1
| #define HAVE_STRINGS_H 1
| /* end confdefs.h.  */
| #include <stdio.h>
| #ifdef HAVE_SYS_TYPES_H
| # include <sys/types.h>
| #endif
| #ifdef HAVE_SYS_STAT_H
| # include <sys/stat.h>
| #endif
| #ifdef STDC_HEADERS
| # include <stdlib.h>
| # include <stddef.h>
| #else
| # ifdef HAVE_STDLIB_H
| #  include <stdlib.h>
| # endif
| #endif
| #ifdef HAVE_STRING_H
| # if !defined STDC_HEADERS && defined HAVE_MEMORY_H
| #  include <memory.h>
| # endif
| # include <string.h>
| #endif
| #ifdef HAVE_STRINGS_H
| # include <strings.h>
| #endif
| #ifdef HAVE_INTTYPES_H
| # include <inttypes.h>
| #endif
| #ifdef HAVE_STDINT_H
| # include <stdint.h>
| #endif
| #ifdef HAVE_UNISTD_H
| # include <unistd.h>
| #endif
| int
| main ()
| {
| if (sizeof ((size_t)))
| 	    return 0;
|   ;
|   return 0;
| }
configure:11275: result: yes
configure:11286: checking whether struct tm is in sys/time.h or time.h
configure:11306: arm-linux-androideabi-gcc -c  	-D__ARM_ARCH_5__ 	-D__ARM_ARCH_5T__ 	-D__ARM_ARCH_5E__ 	-D__ARM_ARCH_5TE__ 	-DANDROID 	  	-I/home/chris/android-9/include 	-I/home/chris/android-9/sysroot/usr/include 	  	-fno-strict-aliasing 	-Os 	  	-fomit-frame-pointer 	  	-Wall 	-Wno-unused 	-Wno-multichar 	  	  	-mthumb 	    	-D__ARM_ARCH_5__ 	-D__ARM_ARCH_5T__ 	-D__ARM_ARCH_5E__ 	-D__ARM_ARCH_5TE__ 	-DANDROID 	  	-I/home/chris/android-9/include 	-I/home/chris/android-9/sysroot/usr/include 	  	-fno-strict-aliasing 	-Os 	  	-fomit-frame-pointer 	  	-Wall 	-Wno-unused 	-Wno-multichar 	  	  	-mthumb 	  conftest.c >&5
configure:11306: $? = 0
configure:11313: result: time.h
configure:11323: checking for working strtod
configure:11374: result: no
configure:11383: checking for pow
configure:11383: arm-linux-androideabi-gcc -o conftest  	-D__ARM_ARCH_5__ 	-D__ARM_ARCH_5T__ 	-D__ARM_ARCH_5E__ 	-D__ARM_ARCH_5TE__ 	-DANDROID 	  	-I/home/chris/android-9/include 	-I/home/chris/android-9/sysroot/usr/include 	  	-fno-strict-aliasing 	-Os 	  	-fomit-frame-pointer 	  	-Wall 	-Wno-unused 	-Wno-multichar 	  	  	-mthumb 	    	-D__ARM_ARCH_5__ 	-D__ARM_ARCH_5T__ 	-D__ARM_ARCH_5E__ 	-D__ARM_ARCH_5TE__ 	-DANDROID 	  	-I/home/chris/android-9/include 	-I/home/chris/android-9/sysroot/usr/include 	  	-fno-strict-aliasing 	-Os 	  	-fomit-frame-pointer 	  	-Wall 	-Wno-unused 	-Wno-multichar 	  	  	-mthumb 	   	-L/home/chris/android-9/lib 	-L/home/chris/android-9/sysroot/usr/lib 	   	/home/chris/android-9/bin/../lib/gcc/arm-linux-androideabi/4.4.3/thumb/libgcc.a 	/home/chris/android-9/bin/../lib/gcc/arm-linux-androideabi/4.4.3/../../../../arm-linux-androideabi/lib/thumb/libstdc++.a 	/home/chris/android-9/bin/../lib/gcc/arm-linux-androideabi/4.4.3/../../../../arm-linux-androideabi/lib/thumb/libsupc++.a 	  -lc -lm  conftest.c  -lc -lm   	  >&5
conftest.c:51: warning: conflicting types for built-in function 'pow'
configure:11383: $? = 0
configure:11383: result: yes
configure:11438: checking for memset
configure:11438: arm-linux-androideabi-gcc -o conftest  	-D__ARM_ARCH_5__ 	-D__ARM_ARCH_5T__ 	-D__ARM_ARCH_5E__ 	-D__ARM_ARCH_5TE__ 	-DANDROID 	  	-I/home/chris/android-9/include 	-I/home/chris/android-9/sysroot/usr/include 	  	-fno-strict-aliasing 	-Os 	  	-fomit-frame-pointer 	  	-Wall 	-Wno-unused 	-Wno-multichar 	  	  	-mthumb 	    	-D__ARM_ARCH_5__ 	-D__ARM_ARCH_5T__ 	-D__ARM_ARCH_5E__ 	-D__ARM_ARCH_5TE__ 	-DANDROID 	  	-I/home/chris/android-9/include 	-I/home/chris/android-9/sysroot/usr/include 	  	-fno-strict-aliasing 	-Os 	  	-fomit-frame-pointer 	  	-Wall 	-Wno-unused 	-Wno-multichar 	  	  	-mthumb 	   	-L/home/chris/android-9/lib 	-L/home/chris/android-9/sysroot/usr/lib 	   	/home/chris/android-9/bin/../lib/gcc/arm-linux-androideabi/4.4.3/thumb/libgcc.a 	/home/chris/android-9/bin/../lib/gcc/arm-linux-androideabi/4.4.3/../../../../arm-linux-androideabi/lib/thumb/libstdc++.a 	/home/chris/android-9/bin/../lib/gcc/arm-linux-androideabi/4.4.3/../../../../arm-linux-androideabi/lib/thumb/libsupc++.a 	  -lc -lm  conftest.c  -lc -lm   	  >&5
conftest.c:51: warning: conflicting types for built-in function 'memset'
configure:11438: $? = 0
configure:11438: result: yes
configure:11451: checking for pow
configure:11451: result: yes
configure:11508: checking for zlibVersion in -lz
configure:11533: arm-linux-androideabi-gcc -o conftest  	-D__ARM_ARCH_5__ 	-D__ARM_ARCH_5T__ 	-D__ARM_ARCH_5E__ 	-D__ARM_ARCH_5TE__ 	-DANDROID 	  	-I/home/chris/android-9/include 	-I/home/chris/android-9/sysroot/usr/include 	  	-fno-strict-aliasing 	-Os 	  	-fomit-frame-pointer 	  	-Wall 	-Wno-unused 	-Wno-multichar 	  	  	-mthumb 	    	-D__ARM_ARCH_5__ 	-D__ARM_ARCH_5T__ 	-D__ARM_ARCH_5E__ 	-D__ARM_ARCH_5TE__ 	-DANDROID 	  	-I/home/chris/android-9/include 	-I/home/chris/android-9/sysroot/usr/include 	  	-fno-strict-aliasing 	-Os 	  	-fomit-frame-pointer 	  	-Wall 	-Wno-unused 	-Wno-multichar 	  	  	-mthumb 	   	-L/home/chris/android-9/lib 	-L/home/chris/android-9/sysroot/usr/lib 	   	/home/chris/android-9/bin/../lib/gcc/arm-linux-androideabi/4.4.3/thumb/libgcc.a 	/home/chris/android-9/bin/../lib/gcc/arm-linux-androideabi/4.4.3/../../../../arm-linux-androideabi/lib/thumb/libstdc++.a 	/home/chris/android-9/bin/../lib/gcc/arm-linux-androideabi/4.4.3/../../../../arm-linux-androideabi/lib/thumb/libsupc++.a 	  -lc -lm  conftest.c -lz   -lc -lm   	  >&5
configure:11533: $? = 0
configure:11542: result: yes
configure:11565: checking if libraries can be versioned
configure:11580: result: yes
configure:11602: checking for symbol prefix
configure:11609: result: 
configure:11631: pkgconfig directory is ${libdir}/pkgconfig
configure:11783: creating ./config.status

## ---------------------- ##
## Running config.status. ##
## ---------------------- ##

This file was extended by libpng config.status 1.4.4, which was
generated by GNU Autoconf 2.65.  Invocation command line was

  CONFIG_FILES    = 
  CONFIG_HEADERS  = 
  CONFIG_LINKS    = 
  CONFIG_COMMANDS = 
  $ ./config.status 

on ubuntu

config.status:1097: creating Makefile
config.status:1097: creating libpng.pc
config.status:1097: creating libpng-config
config.status:1097: creating config.h
config.status:1317: executing depfiles commands
config.status:1317: executing libtool commands

## ---------------- ##
## Cache variables. ##
## ---------------- ##

ac_cv_build=i686-pc-linux-gnu
ac_cv_c_compiler_gnu=yes
ac_cv_c_const=yes
ac_cv_env_CC_set=set
ac_cv_env_CC_value=arm-linux-androideabi-gcc
ac_cv_env_CFLAGS_set=set
ac_cv_env_CFLAGS_value=' 	-D__ARM_ARCH_5__ 	-D__ARM_ARCH_5T__ 	-D__ARM_ARCH_5E__ 	-D__ARM_ARCH_5TE__ 	-DANDROID 	  	-I/home/chris/android-9/include 	-I/home/chris/android-9/sysroot/usr/include 	  	-fno-strict-aliasing 	-Os 	  	-fomit-frame-pointer 	  	-Wall 	-Wno-unused 	-Wno-multichar 	  	  	-mthumb 	  '
ac_cv_env_CPPFLAGS_set=set
ac_cv_env_CPPFLAGS_value=' 	-D__ARM_ARCH_5__ 	-D__ARM_ARCH_5T__ 	-D__ARM_ARCH_5E__ 	-D__ARM_ARCH_5TE__ 	-DANDROID 	  	-I/home/chris/android-9/include 	-I/home/chris/android-9/sysroot/usr/include 	  	-fno-strict-aliasing 	-Os 	  	-fomit-frame-pointer 	  	-Wall 	-Wno-unused 	-Wno-multichar 	  	  	-mthumb 	 '
ac_cv_env_CPP_set=
ac_cv_env_CPP_value=
ac_cv_env_LDFLAGS_set=set
ac_cv_env_LDFLAGS_value=' 	-L/home/chris/android-9/lib 	-L/home/chris/android-9/sysroot/usr/lib 	   	/home/chris/android-9/bin/../lib/gcc/arm-linux-androideabi/4.4.3/thumb/libgcc.a 	/home/chris/android-9/bin/../lib/gcc/arm-linux-androideabi/4.4.3/../../../../arm-linux-androideabi/lib/thumb/libstdc++.a 	/home/chris/android-9/bin/../lib/gcc/arm-linux-androideabi/4.4.3/../../../../arm-linux-androideabi/lib/thumb/libsupc++.a 	  -lc -lm '
ac_cv_env_LIBS_set=set
ac_cv_env_LIBS_value=' -lc -lm   	 '
ac_cv_env_build_alias_set=set
ac_cv_env_build_alias_value=i686-linux-gnu
ac_cv_env_host_alias_set=set
ac_cv_env_host_alias_value=arm-linux-androideabi
ac_cv_env_target_alias_set=
ac_cv_env_target_alias_value=
ac_cv_func_memset=yes
ac_cv_func_pow=yes
ac_cv_func_strtod=no
ac_cv_header_dlfcn_h=yes
ac_cv_header_inttypes_h=yes
ac_cv_header_malloc_h=yes
ac_cv_header_memory_h=yes
ac_cv_header_stdc=yes
ac_cv_header_stdint_h=yes
ac_cv_header_stdlib_h=yes
ac_cv_header_string_h=yes
ac_cv_header_strings_h=yes
ac_cv_header_sys_stat_h=yes
ac_cv_header_sys_types_h=yes
ac_cv_header_unistd_h=yes
ac_cv_host=arm-unknown-linux-androideabi
ac_cv_lib_z_zlibVersion=yes
ac_cv_objext=o
ac_cv_path_EGREP='/bin/grep -E'
ac_cv_path_FGREP='/bin/grep -F'
ac_cv_path_GREP=/bin/grep
ac_cv_path_SED=/bin/sed
ac_cv_path_install='/usr/bin/install -c'
ac_cv_path_mkdir=/bin/mkdir
ac_cv_prog_AR=arm-linux-androideabi-ar
ac_cv_prog_AWK=gawk
ac_cv_prog_CC=arm-linux-androideabi-gcc
ac_cv_prog_CPP='arm-linux-androideabi-gcc -E'
ac_cv_prog_OBJDUMP=arm-linux-androideabi-objdump
ac_cv_prog_RANLIB=arm-linux-androideabi-ranlib
ac_cv_prog_SED=/bin/sed
ac_cv_prog_STRIP=arm-linux-androideabi-strip
ac_cv_prog_cc_c89=
ac_cv_prog_cc_g=yes
ac_cv_prog_make_make_set=yes
ac_cv_struct_tm=time.h
ac_cv_type_size_t=yes
am_cv_CC_dependencies_compiler_type=gcc3
lt_cv_archive_cmds_need_lc=no
lt_cv_deplibs_check_method=pass_all
lt_cv_file_magic_cmd='$MAGIC_CMD'
lt_cv_file_magic_test_file=
lt_cv_ld_reload_flag=-r
lt_cv_nm_interface='BSD nm'
lt_cv_objdir=.libs
lt_cv_path_LD=arm-linux-androideabi-ld
lt_cv_path_NM=arm-linux-androideabi-nm
lt_cv_prog_compiler_c_o=yes
lt_cv_prog_compiler_pic_works=yes
lt_cv_prog_compiler_rtti_exceptions=no
lt_cv_prog_compiler_static_works=yes
lt_cv_prog_gnu_ld=yes
lt_cv_shlibpath_overrides_runpath=no
lt_cv_sys_global_symbol_pipe='sed -n -e '\''s/^.*[	 ]\([ABCDGIRSTW][ABCDGIRSTW]*\)[	 ][	 ]*\([_A-Za-z][_A-Za-z0-9]*\)$/\1 \2 \2/p'\'''
lt_cv_sys_global_symbol_to_c_name_address='sed -n -e '\''s/^: \([^ ]*\) $/  {\"\1\", (void *) 0},/p'\'' -e '\''s/^[ABCDGIRSTW]* \([^ ]*\) \([^ ]*\)$/  {"\2", (void *) \&\2},/p'\'''
lt_cv_sys_global_symbol_to_c_name_address_lib_prefix='sed -n -e '\''s/^: \([^ ]*\) $/  {\"\1\", (void *) 0},/p'\'' -e '\''s/^[ABCDGIRSTW]* \([^ ]*\) \(lib[^ ]*\)$/  {"\2", (void *) \&\2},/p'\'' -e '\''s/^[ABCDGIRSTW]* \([^ ]*\) \([^ ]*\)$/  {"lib\2", (void *) \&\2},/p'\'''
lt_cv_sys_global_symbol_to_cdecl='sed -n -e '\''s/^T .* \(.*\)$/extern int \1();/p'\'' -e '\''s/^[ABCDGIRSTW]* .* \(.*\)$/extern char \1;/p'\'''
lt_cv_sys_max_cmd_len=1572864

## ----------------- ##
## Output variables. ##
## ----------------- ##

ACLOCAL='${SHELL} /home/chris/lib-src/libpng-1.4.4/missing --run aclocal-1.11'
AMDEPBACKSLASH='\'
AMDEP_FALSE='#'
AMDEP_TRUE=''
AMTAR='${SHELL} /home/chris/lib-src/libpng-1.4.4/missing --run tar'
AR='arm-linux-androideabi-ar'
AS='arm-linux-androideabi-as'
AUTOCONF='${SHELL} /home/chris/lib-src/libpng-1.4.4/missing --run autoconf'
AUTOHEADER='${SHELL} /home/chris/lib-src/libpng-1.4.4/missing --run autoheader'
AUTOMAKE='${SHELL} /home/chris/lib-src/libpng-1.4.4/missing --run automake-1.11'
AWK='gawk'
CC='arm-linux-androideabi-gcc'
CCDEPMODE='depmode=gcc3'
CFLAGS=' 	-D__ARM_ARCH_5__ 	-D__ARM_ARCH_5T__ 	-D__ARM_ARCH_5E__ 	-D__ARM_ARCH_5TE__ 	-DANDROID 	  	-I/home/chris/android-9/include 	-I/home/chris/android-9/sysroot/usr/include 	  	-fno-strict-aliasing 	-Os 	  	-fomit-frame-pointer 	  	-Wall 	-Wno-unused 	-Wno-multichar 	  	  	-mthumb 	  '
CPP='arm-linux-androideabi-gcc -E'
CPPFLAGS=' 	-D__ARM_ARCH_5__ 	-D__ARM_ARCH_5T__ 	-D__ARM_ARCH_5E__ 	-D__ARM_ARCH_5TE__ 	-DANDROID 	  	-I/home/chris/android-9/include 	-I/home/chris/android-9/sysroot/usr/include 	  	-fno-strict-aliasing 	-Os 	  	-fomit-frame-pointer 	  	-Wall 	-Wno-unused 	-Wno-multichar 	  	  	-mthumb 	 '
CYGPATH_W='echo'
DEFS='-DHAVE_CONFIG_H'
DEPDIR='.deps'
DLLTOOL='dlltool'
DSYMUTIL=''
DUMPBIN=''
ECHO_C=''
ECHO_N='-n'
ECHO_T=''
EGREP='/bin/grep -E'
EXEEXT=''
FGREP='/bin/grep -F'
GREP='/bin/grep'
HAVE_LD_VERSION_SCRIPT_FALSE='#'
HAVE_LD_VERSION_SCRIPT_TRUE=''
INSTALL_DATA='${INSTALL} -m 644'
INSTALL_PROGRAM='${INSTALL}'
INSTALL_SCRIPT='${INSTALL}'
INSTALL_STRIP_PROGRAM='$(install_sh) -c -s'
LD='arm-linux-androideabi-ld'
LDFLAGS=' 	-L/home/chris/android-9/lib 	-L/home/chris/android-9/sysroot/usr/lib 	   	/home/chris/android-9/bin/../lib/gcc/arm-linux-androideabi/4.4.3/thumb/libgcc.a 	/home/chris/android-9/bin/../lib/gcc/arm-linux-androideabi/4.4.3/../../../../arm-linux-androideabi/lib/thumb/libstdc++.a 	/home/chris/android-9/bin/../lib/gcc/arm-linux-androideabi/4.4.3/../../../../arm-linux-androideabi/lib/thumb/libsupc++.a 	  -lc -lm '
LIBOBJS=' ${LIBOBJDIR}strtod$U.o'
LIBPNG_DEFINES='-DPNG_CONFIGURE_LIBPNG'
LIBS='-lz  -lc -lm   	 '
LIBTOOL='$(SHELL) $(top_builddir)/libtool'
LIPO=''
LN_S='ln -s'
LTLIBOBJS=' ${LIBOBJDIR}strtod$U.lo'
MAINT='#'
MAINTAINER_MODE_FALSE=''
MAINTAINER_MODE_TRUE='#'
MAKEINFO='${SHELL} /home/chris/lib-src/libpng-1.4.4/missing --run makeinfo'
MKDIR_P='/bin/mkdir -p'
NM='arm-linux-androideabi-nm'
NMEDIT=''
OBJDUMP='arm-linux-androideabi-objdump'
OBJEXT='o'
OTOOL64=''
OTOOL=''
PACKAGE='libpng'
PACKAGE_BUGREPORT='png-mng-implement@lists.sourceforge.net'
PACKAGE_NAME='libpng'
PACKAGE_STRING='libpng 1.4.4'
PACKAGE_TARNAME='libpng'
PACKAGE_URL=''
PACKAGE_VERSION='1.4.4'
PATH_SEPARATOR=':'
PNGLIB_MAJOR='1'
PNGLIB_MINOR='4'
PNGLIB_RELEASE='4'
PNGLIB_VERSION='1.4.4'
POW_LIB=''
RANLIB='arm-linux-androideabi-ranlib'
SED='/bin/sed'
SET_MAKE=''
SHELL='/bin/bash'
STRIP='arm-linux-androideabi-strip'
SYMBOL_PREFIX=''
VERSION='1.4.4'
ac_ct_CC=''
ac_ct_DUMPBIN=''
am__EXEEXT_FALSE=''
am__EXEEXT_TRUE='#'
am__fastdepCC_FALSE='#'
am__fastdepCC_TRUE=''
am__include='include'
am__isrc=''
am__leading_dot='.'
am__quote=''
am__tar='${AMTAR} chof - "$$tardir"'
am__untar='${AMTAR} xf -'
binconfigs='${binconfigs}'
bindir='${exec_prefix}/bin'
build='i686-pc-linux-gnu'
build_alias='i686-linux-gnu'
build_cpu='i686'
build_os='linux-gnu'
build_vendor='pc'
datadir='${datarootdir}'
datarootdir='${prefix}/share'
docdir='${datarootdir}/doc/${PACKAGE_TARNAME}'
dvidir='${docdir}'
exec_prefix='${prefix}'
host='arm-unknown-linux-androideabi'
host_alias='arm-linux-androideabi'
host_cpu='arm'
host_os='linux-androideabi'
host_vendor='unknown'
htmldir='${docdir}'
includedir='${prefix}/include'
infodir='${datarootdir}/info'
install_sh='${SHELL} /home/chris/lib-src/libpng-1.4.4/install-sh'
libdir='${exec_prefix}/lib'
libexecdir='${exec_prefix}/libexec'
localedir='${datarootdir}/locale'
localstatedir='${prefix}/var'
mandir='${datarootdir}/man'
mkdir_p='/bin/mkdir -p'
oldincludedir='/usr/include'
pdfdir='${docdir}'
pkgconfigdir='${libdir}/pkgconfig'
prefix='/home/chris/android-9'
program_transform_name='s,x,x,'
psdir='${docdir}'
sbindir='${exec_prefix}/sbin'
sharedstatedir='${prefix}/com'
sysconfdir='${prefix}/etc'
target_alias=''

## ----------- ##
## confdefs.h. ##
## ----------- ##

/* confdefs.h */
#define PACKAGE_NAME "libpng"
#define PACKAGE_TARNAME "libpng"
#define PACKAGE_VERSION "1.4.4"
#define PACKAGE_STRING "libpng 1.4.4"
#define PACKAGE_BUGREPORT "png-mng-implement@lists.sourceforge.net"
#define PACKAGE_URL ""
#define PACKAGE "libpng"
#define VERSION "1.4.4"
#define STDC_HEADERS 1
#define HAVE_SYS_TYPES_H 1
#define HAVE_SYS_STAT_H 1
#define HAVE_STDLIB_H 1
#define HAVE_STRING_H 1
#define HAVE_MEMORY_H 1
#define HAVE_STRINGS_H 1
#define HAVE_INTTYPES_H 1
#define HAVE_STDINT_H 1
#define HAVE_UNISTD_H 1
#define HAVE_DLFCN_H 1
#define LT_OBJDIR ".libs/"
#define STDC_HEADERS 1
#define HAVE_MALLOC_H 1
#define HAVE_STDLIB_H 1
#define HAVE_STRING_H 1
#define HAVE_STRINGS_H 1
#define HAVE_MEMSET 1
#define HAVE_POW 1
#define HAVE_LIBZ 1

configure: exit 0
